[2024-07-06T00:02:30.345+0000] {processor.py:161} INFO - Started process (PID=55414) to work on /opt/airflow/dags/extend_run_dags_monitor.py
[2024-07-06T00:02:30.347+0000] {processor.py:830} INFO - Processing file /opt/airflow/dags/extend_run_dags_monitor.py for tasks to queue
[2024-07-06T00:02:30.348+0000] {logging_mixin.py:188} INFO - [2024-07-06T00:02:30.348+0000] {dagbag.py:545} INFO - Filling up the DagBag from /opt/airflow/dags/extend_run_dags_monitor.py
[2024-07-06T00:02:30.360+0000] {processor.py:840} INFO - DAG(s) 'Extend_Run_Dags_Monitor' retrieved from /opt/airflow/dags/extend_run_dags_monitor.py
[2024-07-06T00:02:30.390+0000] {logging_mixin.py:188} INFO - [2024-07-06T00:02:30.390+0000] {dag.py:3096} INFO - Sync 1 DAGs
[2024-07-06T00:02:30.413+0000] {logging_mixin.py:188} INFO - [2024-07-06T00:02:30.412+0000] {dag.py:3954} INFO - Setting next_dagrun for Extend_Run_Dags_Monitor to 2024-07-05 23:15:00+00:00, run_after=2024-07-06 00:15:00+00:00
[2024-07-06T00:02:30.438+0000] {processor.py:183} INFO - Processing /opt/airflow/dags/extend_run_dags_monitor.py took 0.097 seconds
[2024-07-06T01:19:36.889+0000] {processor.py:161} INFO - Started process (PID=55465) to work on /opt/airflow/dags/extend_run_dags_monitor.py
[2024-07-06T01:19:36.891+0000] {processor.py:830} INFO - Processing file /opt/airflow/dags/extend_run_dags_monitor.py for tasks to queue
[2024-07-06T01:19:36.893+0000] {logging_mixin.py:188} INFO - [2024-07-06T01:19:36.893+0000] {dagbag.py:545} INFO - Filling up the DagBag from /opt/airflow/dags/extend_run_dags_monitor.py
[2024-07-06T01:19:36.907+0000] {processor.py:840} INFO - DAG(s) 'Extend_Run_Dags_Monitor' retrieved from /opt/airflow/dags/extend_run_dags_monitor.py
[2024-07-06T01:19:36.947+0000] {logging_mixin.py:188} INFO - [2024-07-06T01:19:36.947+0000] {dag.py:3096} INFO - Sync 1 DAGs
[2024-07-06T01:19:36.964+0000] {logging_mixin.py:188} INFO - [2024-07-06T01:19:36.963+0000] {dag.py:3954} INFO - Setting next_dagrun for Extend_Run_Dags_Monitor to 2024-07-06 01:15:00+00:00, run_after=2024-07-06 02:15:00+00:00
[2024-07-06T01:19:36.974+0000] {processor.py:183} INFO - Processing /opt/airflow/dags/extend_run_dags_monitor.py took 0.090 seconds
[2024-07-06T02:34:35.762+0000] {processor.py:161} INFO - Started process (PID=55508) to work on /opt/airflow/dags/extend_run_dags_monitor.py
[2024-07-06T02:34:35.766+0000] {processor.py:830} INFO - Processing file /opt/airflow/dags/extend_run_dags_monitor.py for tasks to queue
[2024-07-06T02:34:35.773+0000] {logging_mixin.py:188} INFO - [2024-07-06T02:34:35.772+0000] {dagbag.py:545} INFO - Filling up the DagBag from /opt/airflow/dags/extend_run_dags_monitor.py
[2024-07-06T02:34:35.834+0000] {processor.py:840} INFO - DAG(s) 'Extend_Run_Dags_Monitor' retrieved from /opt/airflow/dags/extend_run_dags_monitor.py
[2024-07-06T02:34:35.906+0000] {logging_mixin.py:188} INFO - [2024-07-06T02:34:35.905+0000] {dag.py:3096} INFO - Sync 1 DAGs
[2024-07-06T02:34:35.947+0000] {logging_mixin.py:188} INFO - [2024-07-06T02:34:35.947+0000] {dag.py:3954} INFO - Setting next_dagrun for Extend_Run_Dags_Monitor to 2024-07-06 02:15:00+00:00, run_after=2024-07-06 03:15:00+00:00
[2024-07-06T02:34:35.979+0000] {processor.py:183} INFO - Processing /opt/airflow/dags/extend_run_dags_monitor.py took 0.224 seconds
[2024-07-06T03:51:28.620+0000] {processor.py:161} INFO - Started process (PID=55553) to work on /opt/airflow/dags/extend_run_dags_monitor.py
[2024-07-06T03:51:28.622+0000] {processor.py:830} INFO - Processing file /opt/airflow/dags/extend_run_dags_monitor.py for tasks to queue
[2024-07-06T03:51:28.622+0000] {logging_mixin.py:188} INFO - [2024-07-06T03:51:28.622+0000] {dagbag.py:545} INFO - Filling up the DagBag from /opt/airflow/dags/extend_run_dags_monitor.py
[2024-07-06T03:51:28.629+0000] {processor.py:840} INFO - DAG(s) 'Extend_Run_Dags_Monitor' retrieved from /opt/airflow/dags/extend_run_dags_monitor.py
[2024-07-06T03:51:28.656+0000] {logging_mixin.py:188} INFO - [2024-07-06T03:51:28.656+0000] {dag.py:3096} INFO - Sync 1 DAGs
[2024-07-06T03:51:28.674+0000] {logging_mixin.py:188} INFO - [2024-07-06T03:51:28.674+0000] {dag.py:3954} INFO - Setting next_dagrun for Extend_Run_Dags_Monitor to 2024-07-06 02:15:00+00:00, run_after=2024-07-06 03:15:00+00:00
[2024-07-06T03:51:28.685+0000] {processor.py:183} INFO - Processing /opt/airflow/dags/extend_run_dags_monitor.py took 0.069 seconds
[2024-07-06T04:42:18.672+0000] {processor.py:161} INFO - Started process (PID=55595) to work on /opt/airflow/dags/extend_run_dags_monitor.py
[2024-07-06T04:42:18.674+0000] {processor.py:830} INFO - Processing file /opt/airflow/dags/extend_run_dags_monitor.py for tasks to queue
[2024-07-06T04:42:18.675+0000] {logging_mixin.py:188} INFO - [2024-07-06T04:42:18.675+0000] {dagbag.py:545} INFO - Filling up the DagBag from /opt/airflow/dags/extend_run_dags_monitor.py
[2024-07-06T04:42:18.693+0000] {processor.py:840} INFO - DAG(s) 'Extend_Run_Dags_Monitor' retrieved from /opt/airflow/dags/extend_run_dags_monitor.py
[2024-07-06T04:42:18.795+0000] {logging_mixin.py:188} INFO - [2024-07-06T04:42:18.795+0000] {dag.py:3096} INFO - Sync 1 DAGs
[2024-07-06T04:42:18.839+0000] {logging_mixin.py:188} INFO - [2024-07-06T04:42:18.839+0000] {dag.py:3954} INFO - Setting next_dagrun for Extend_Run_Dags_Monitor to 2024-07-06 04:15:00+00:00, run_after=2024-07-06 05:15:00+00:00
[2024-07-06T04:42:18.863+0000] {processor.py:183} INFO - Processing /opt/airflow/dags/extend_run_dags_monitor.py took 0.197 seconds
[2024-07-06T06:07:03.754+0000] {processor.py:161} INFO - Started process (PID=55631) to work on /opt/airflow/dags/extend_run_dags_monitor.py
[2024-07-06T06:07:03.756+0000] {processor.py:830} INFO - Processing file /opt/airflow/dags/extend_run_dags_monitor.py for tasks to queue
[2024-07-06T06:07:03.756+0000] {logging_mixin.py:188} INFO - [2024-07-06T06:07:03.756+0000] {dagbag.py:545} INFO - Filling up the DagBag from /opt/airflow/dags/extend_run_dags_monitor.py
[2024-07-06T06:07:03.781+0000] {processor.py:840} INFO - DAG(s) 'Extend_Run_Dags_Monitor' retrieved from /opt/airflow/dags/extend_run_dags_monitor.py
[2024-07-06T06:07:03.801+0000] {logging_mixin.py:188} INFO - [2024-07-06T06:07:03.800+0000] {dag.py:3096} INFO - Sync 1 DAGs
[2024-07-06T06:07:03.818+0000] {logging_mixin.py:188} INFO - [2024-07-06T06:07:03.818+0000] {dag.py:3954} INFO - Setting next_dagrun for Extend_Run_Dags_Monitor to 2024-07-06 04:15:00+00:00, run_after=2024-07-06 05:15:00+00:00
[2024-07-06T06:07:03.831+0000] {processor.py:183} INFO - Processing /opt/airflow/dags/extend_run_dags_monitor.py took 0.081 seconds
[2024-07-06T07:08:08.231+0000] {processor.py:161} INFO - Started process (PID=55675) to work on /opt/airflow/dags/extend_run_dags_monitor.py
[2024-07-06T07:08:08.233+0000] {processor.py:830} INFO - Processing file /opt/airflow/dags/extend_run_dags_monitor.py for tasks to queue
[2024-07-06T07:08:08.233+0000] {logging_mixin.py:188} INFO - [2024-07-06T07:08:08.233+0000] {dagbag.py:545} INFO - Filling up the DagBag from /opt/airflow/dags/extend_run_dags_monitor.py
[2024-07-06T07:08:08.249+0000] {processor.py:840} INFO - DAG(s) 'Extend_Run_Dags_Monitor' retrieved from /opt/airflow/dags/extend_run_dags_monitor.py
[2024-07-06T07:08:08.292+0000] {logging_mixin.py:188} INFO - [2024-07-06T07:08:08.292+0000] {dag.py:3096} INFO - Sync 1 DAGs
[2024-07-06T07:08:08.319+0000] {logging_mixin.py:188} INFO - [2024-07-06T07:08:08.319+0000] {dag.py:3954} INFO - Setting next_dagrun for Extend_Run_Dags_Monitor to 2024-07-06 06:15:00+00:00, run_after=2024-07-06 07:15:00+00:00
[2024-07-06T07:08:08.359+0000] {processor.py:183} INFO - Processing /opt/airflow/dags/extend_run_dags_monitor.py took 0.131 seconds
[2024-07-06T08:24:58.804+0000] {processor.py:161} INFO - Started process (PID=55716) to work on /opt/airflow/dags/extend_run_dags_monitor.py
[2024-07-06T08:24:58.807+0000] {processor.py:830} INFO - Processing file /opt/airflow/dags/extend_run_dags_monitor.py for tasks to queue
[2024-07-06T08:24:58.809+0000] {logging_mixin.py:188} INFO - [2024-07-06T08:24:58.808+0000] {dagbag.py:545} INFO - Filling up the DagBag from /opt/airflow/dags/extend_run_dags_monitor.py
[2024-07-06T08:24:58.833+0000] {processor.py:840} INFO - DAG(s) 'Extend_Run_Dags_Monitor' retrieved from /opt/airflow/dags/extend_run_dags_monitor.py
[2024-07-06T08:24:58.879+0000] {logging_mixin.py:188} INFO - [2024-07-06T08:24:58.878+0000] {dag.py:3096} INFO - Sync 1 DAGs
[2024-07-06T08:24:58.913+0000] {logging_mixin.py:188} INFO - [2024-07-06T08:24:58.912+0000] {dag.py:3954} INFO - Setting next_dagrun for Extend_Run_Dags_Monitor to 2024-07-06 08:15:00+00:00, run_after=2024-07-06 09:15:00+00:00
[2024-07-06T08:24:58.937+0000] {processor.py:183} INFO - Processing /opt/airflow/dags/extend_run_dags_monitor.py took 0.148 seconds
[2024-07-06T09:10:20.228+0000] {processor.py:161} INFO - Started process (PID=55762) to work on /opt/airflow/dags/extend_run_dags_monitor.py
[2024-07-06T09:10:20.229+0000] {processor.py:830} INFO - Processing file /opt/airflow/dags/extend_run_dags_monitor.py for tasks to queue
[2024-07-06T09:10:20.230+0000] {logging_mixin.py:188} INFO - [2024-07-06T09:10:20.230+0000] {dagbag.py:545} INFO - Filling up the DagBag from /opt/airflow/dags/extend_run_dags_monitor.py
[2024-07-06T09:10:20.239+0000] {processor.py:840} INFO - DAG(s) 'Extend_Run_Dags_Monitor' retrieved from /opt/airflow/dags/extend_run_dags_monitor.py
[2024-07-06T09:10:20.260+0000] {logging_mixin.py:188} INFO - [2024-07-06T09:10:20.260+0000] {dag.py:3096} INFO - Sync 1 DAGs
[2024-07-06T09:10:20.274+0000] {logging_mixin.py:188} INFO - [2024-07-06T09:10:20.274+0000] {dag.py:3954} INFO - Setting next_dagrun for Extend_Run_Dags_Monitor to 2024-07-06 08:15:00+00:00, run_after=2024-07-06 09:15:00+00:00
[2024-07-06T09:10:20.289+0000] {processor.py:183} INFO - Processing /opt/airflow/dags/extend_run_dags_monitor.py took 0.064 seconds
[2024-07-06T10:11:05.548+0000] {processor.py:161} INFO - Started process (PID=55790) to work on /opt/airflow/dags/extend_run_dags_monitor.py
[2024-07-06T10:11:05.549+0000] {processor.py:830} INFO - Processing file /opt/airflow/dags/extend_run_dags_monitor.py for tasks to queue
[2024-07-06T10:11:05.549+0000] {logging_mixin.py:188} INFO - [2024-07-06T10:11:05.549+0000] {dagbag.py:545} INFO - Filling up the DagBag from /opt/airflow/dags/extend_run_dags_monitor.py
[2024-07-06T10:11:05.564+0000] {processor.py:840} INFO - DAG(s) 'Extend_Run_Dags_Monitor' retrieved from /opt/airflow/dags/extend_run_dags_monitor.py
[2024-07-06T10:11:05.586+0000] {logging_mixin.py:188} INFO - [2024-07-06T10:11:05.585+0000] {dag.py:3096} INFO - Sync 1 DAGs
[2024-07-06T10:11:05.602+0000] {logging_mixin.py:188} INFO - [2024-07-06T10:11:05.602+0000] {dag.py:3954} INFO - Setting next_dagrun for Extend_Run_Dags_Monitor to 2024-07-06 08:15:00+00:00, run_after=2024-07-06 09:15:00+00:00
[2024-07-06T10:11:05.614+0000] {processor.py:183} INFO - Processing /opt/airflow/dags/extend_run_dags_monitor.py took 0.075 seconds
[2024-07-06T10:50:23.681+0000] {processor.py:161} INFO - Started process (PID=55832) to work on /opt/airflow/dags/extend_run_dags_monitor.py
[2024-07-06T10:50:23.681+0000] {processor.py:830} INFO - Processing file /opt/airflow/dags/extend_run_dags_monitor.py for tasks to queue
[2024-07-06T10:50:23.682+0000] {logging_mixin.py:188} INFO - [2024-07-06T10:50:23.682+0000] {dagbag.py:545} INFO - Filling up the DagBag from /opt/airflow/dags/extend_run_dags_monitor.py
[2024-07-06T10:50:23.689+0000] {processor.py:840} INFO - DAG(s) 'Extend_Run_Dags_Monitor' retrieved from /opt/airflow/dags/extend_run_dags_monitor.py
[2024-07-06T10:50:23.706+0000] {logging_mixin.py:188} INFO - [2024-07-06T10:50:23.706+0000] {dag.py:3096} INFO - Sync 1 DAGs
[2024-07-06T10:50:23.720+0000] {logging_mixin.py:188} INFO - [2024-07-06T10:50:23.720+0000] {dag.py:3954} INFO - Setting next_dagrun for Extend_Run_Dags_Monitor to 2024-07-06 09:15:00+00:00, run_after=2024-07-06 10:15:00+00:00
[2024-07-06T10:50:23.730+0000] {processor.py:183} INFO - Processing /opt/airflow/dags/extend_run_dags_monitor.py took 0.054 seconds
[2024-07-06T11:36:10.544+0000] {processor.py:161} INFO - Started process (PID=55878) to work on /opt/airflow/dags/extend_run_dags_monitor.py
[2024-07-06T11:36:10.546+0000] {processor.py:830} INFO - Processing file /opt/airflow/dags/extend_run_dags_monitor.py for tasks to queue
[2024-07-06T11:36:10.547+0000] {logging_mixin.py:188} INFO - [2024-07-06T11:36:10.547+0000] {dagbag.py:545} INFO - Filling up the DagBag from /opt/airflow/dags/extend_run_dags_monitor.py
[2024-07-06T11:36:10.554+0000] {processor.py:840} INFO - DAG(s) 'Extend_Run_Dags_Monitor' retrieved from /opt/airflow/dags/extend_run_dags_monitor.py
[2024-07-06T11:36:10.576+0000] {logging_mixin.py:188} INFO - [2024-07-06T11:36:10.576+0000] {dag.py:3096} INFO - Sync 1 DAGs
[2024-07-06T11:36:10.603+0000] {logging_mixin.py:188} INFO - [2024-07-06T11:36:10.603+0000] {dag.py:3954} INFO - Setting next_dagrun for Extend_Run_Dags_Monitor to 2024-07-06 10:15:00+00:00, run_after=2024-07-06 11:15:00+00:00
[2024-07-06T11:36:10.618+0000] {processor.py:183} INFO - Processing /opt/airflow/dags/extend_run_dags_monitor.py took 0.080 seconds
[2024-07-06T11:52:55.332+0000] {processor.py:161} INFO - Started process (PID=55914) to work on /opt/airflow/dags/extend_run_dags_monitor.py
[2024-07-06T11:52:55.333+0000] {processor.py:830} INFO - Processing file /opt/airflow/dags/extend_run_dags_monitor.py for tasks to queue
[2024-07-06T11:52:55.334+0000] {logging_mixin.py:188} INFO - [2024-07-06T11:52:55.334+0000] {dagbag.py:545} INFO - Filling up the DagBag from /opt/airflow/dags/extend_run_dags_monitor.py
[2024-07-06T11:52:55.342+0000] {processor.py:840} INFO - DAG(s) 'Extend_Run_Dags_Monitor' retrieved from /opt/airflow/dags/extend_run_dags_monitor.py
[2024-07-06T11:52:55.374+0000] {logging_mixin.py:188} INFO - [2024-07-06T11:52:55.373+0000] {dag.py:3096} INFO - Sync 1 DAGs
[2024-07-06T11:52:55.393+0000] {logging_mixin.py:188} INFO - [2024-07-06T11:52:55.393+0000] {dag.py:3954} INFO - Setting next_dagrun for Extend_Run_Dags_Monitor to 2024-07-06 11:15:00+00:00, run_after=2024-07-06 12:15:00+00:00
[2024-07-06T11:52:55.411+0000] {processor.py:183} INFO - Processing /opt/airflow/dags/extend_run_dags_monitor.py took 0.083 seconds
[2024-07-06T11:55:04.689+0000] {processor.py:161} INFO - Started process (PID=55945) to work on /opt/airflow/dags/extend_run_dags_monitor.py
[2024-07-06T11:55:04.690+0000] {processor.py:830} INFO - Processing file /opt/airflow/dags/extend_run_dags_monitor.py for tasks to queue
[2024-07-06T11:55:04.691+0000] {logging_mixin.py:188} INFO - [2024-07-06T11:55:04.691+0000] {dagbag.py:545} INFO - Filling up the DagBag from /opt/airflow/dags/extend_run_dags_monitor.py
[2024-07-06T11:55:04.699+0000] {processor.py:840} INFO - DAG(s) 'Extend_Run_Dags_Monitor' retrieved from /opt/airflow/dags/extend_run_dags_monitor.py
[2024-07-06T11:55:04.717+0000] {logging_mixin.py:188} INFO - [2024-07-06T11:55:04.717+0000] {dag.py:3096} INFO - Sync 1 DAGs
[2024-07-06T11:55:04.732+0000] {logging_mixin.py:188} INFO - [2024-07-06T11:55:04.732+0000] {dag.py:3954} INFO - Setting next_dagrun for Extend_Run_Dags_Monitor to 2024-07-06 11:15:00+00:00, run_after=2024-07-06 12:15:00+00:00
[2024-07-06T11:55:04.746+0000] {processor.py:183} INFO - Processing /opt/airflow/dags/extend_run_dags_monitor.py took 0.060 seconds
[2024-07-06T11:57:14.937+0000] {processor.py:161} INFO - Started process (PID=55970) to work on /opt/airflow/dags/extend_run_dags_monitor.py
[2024-07-06T11:57:14.938+0000] {processor.py:830} INFO - Processing file /opt/airflow/dags/extend_run_dags_monitor.py for tasks to queue
[2024-07-06T11:57:14.939+0000] {logging_mixin.py:188} INFO - [2024-07-06T11:57:14.938+0000] {dagbag.py:545} INFO - Filling up the DagBag from /opt/airflow/dags/extend_run_dags_monitor.py
[2024-07-06T11:57:14.949+0000] {processor.py:840} INFO - DAG(s) 'Extend_Run_Dags_Monitor' retrieved from /opt/airflow/dags/extend_run_dags_monitor.py
[2024-07-06T11:57:14.968+0000] {logging_mixin.py:188} INFO - [2024-07-06T11:57:14.967+0000] {dag.py:3096} INFO - Sync 1 DAGs
[2024-07-06T11:57:14.984+0000] {logging_mixin.py:188} INFO - [2024-07-06T11:57:14.984+0000] {dag.py:3954} INFO - Setting next_dagrun for Extend_Run_Dags_Monitor to 2024-07-06 11:15:00+00:00, run_after=2024-07-06 12:15:00+00:00
[2024-07-06T11:57:14.994+0000] {processor.py:183} INFO - Processing /opt/airflow/dags/extend_run_dags_monitor.py took 0.062 seconds
[2024-07-06T11:59:49.516+0000] {processor.py:161} INFO - Started process (PID=55992) to work on /opt/airflow/dags/extend_run_dags_monitor.py
[2024-07-06T11:59:49.517+0000] {processor.py:830} INFO - Processing file /opt/airflow/dags/extend_run_dags_monitor.py for tasks to queue
[2024-07-06T11:59:49.518+0000] {logging_mixin.py:188} INFO - [2024-07-06T11:59:49.518+0000] {dagbag.py:545} INFO - Filling up the DagBag from /opt/airflow/dags/extend_run_dags_monitor.py
[2024-07-06T11:59:49.526+0000] {processor.py:840} INFO - DAG(s) 'Extend_Run_Dags_Monitor' retrieved from /opt/airflow/dags/extend_run_dags_monitor.py
[2024-07-06T11:59:49.559+0000] {logging_mixin.py:188} INFO - [2024-07-06T11:59:49.558+0000] {dag.py:3096} INFO - Sync 1 DAGs
[2024-07-06T11:59:49.585+0000] {logging_mixin.py:188} INFO - [2024-07-06T11:59:49.585+0000] {dag.py:3954} INFO - Setting next_dagrun for Extend_Run_Dags_Monitor to 2024-07-06 11:15:00+00:00, run_after=2024-07-06 12:15:00+00:00
[2024-07-06T11:59:49.599+0000] {processor.py:183} INFO - Processing /opt/airflow/dags/extend_run_dags_monitor.py took 0.087 seconds
[2024-07-06T12:14:44.601+0000] {processor.py:161} INFO - Started process (PID=56014) to work on /opt/airflow/dags/extend_run_dags_monitor.py
[2024-07-06T12:14:44.602+0000] {processor.py:830} INFO - Processing file /opt/airflow/dags/extend_run_dags_monitor.py for tasks to queue
[2024-07-06T12:14:44.603+0000] {logging_mixin.py:188} INFO - [2024-07-06T12:14:44.603+0000] {dagbag.py:545} INFO - Filling up the DagBag from /opt/airflow/dags/extend_run_dags_monitor.py
[2024-07-06T12:14:44.613+0000] {processor.py:840} INFO - DAG(s) 'Extend_Run_Dags_Monitor' retrieved from /opt/airflow/dags/extend_run_dags_monitor.py
[2024-07-06T12:14:44.632+0000] {logging_mixin.py:188} INFO - [2024-07-06T12:14:44.631+0000] {dag.py:3096} INFO - Sync 1 DAGs
[2024-07-06T12:14:44.648+0000] {logging_mixin.py:188} INFO - [2024-07-06T12:14:44.647+0000] {dag.py:3954} INFO - Setting next_dagrun for Extend_Run_Dags_Monitor to 2024-07-06 11:15:00+00:00, run_after=2024-07-06 12:15:00+00:00
[2024-07-06T12:14:44.661+0000] {processor.py:183} INFO - Processing /opt/airflow/dags/extend_run_dags_monitor.py took 0.064 seconds
[2024-07-06T12:16:53.796+0000] {processor.py:161} INFO - Started process (PID=56047) to work on /opt/airflow/dags/extend_run_dags_monitor.py
[2024-07-06T12:16:53.798+0000] {processor.py:830} INFO - Processing file /opt/airflow/dags/extend_run_dags_monitor.py for tasks to queue
[2024-07-06T12:16:53.800+0000] {logging_mixin.py:188} INFO - [2024-07-06T12:16:53.800+0000] {dagbag.py:545} INFO - Filling up the DagBag from /opt/airflow/dags/extend_run_dags_monitor.py
[2024-07-06T12:16:53.821+0000] {processor.py:840} INFO - DAG(s) 'Extend_Run_Dags_Monitor' retrieved from /opt/airflow/dags/extend_run_dags_monitor.py
[2024-07-06T12:16:53.843+0000] {logging_mixin.py:188} INFO - [2024-07-06T12:16:53.843+0000] {dag.py:3096} INFO - Sync 1 DAGs
[2024-07-06T12:16:53.861+0000] {logging_mixin.py:188} INFO - [2024-07-06T12:16:53.860+0000] {dag.py:3954} INFO - Setting next_dagrun for Extend_Run_Dags_Monitor to 2024-07-06 12:15:00+00:00, run_after=2024-07-06 13:15:00+00:00
[2024-07-06T12:16:53.873+0000] {processor.py:183} INFO - Processing /opt/airflow/dags/extend_run_dags_monitor.py took 0.091 seconds
[2024-07-06T12:32:48.586+0000] {processor.py:161} INFO - Started process (PID=56069) to work on /opt/airflow/dags/extend_run_dags_monitor.py
[2024-07-06T12:32:48.587+0000] {processor.py:830} INFO - Processing file /opt/airflow/dags/extend_run_dags_monitor.py for tasks to queue
[2024-07-06T12:32:48.587+0000] {logging_mixin.py:188} INFO - [2024-07-06T12:32:48.587+0000] {dagbag.py:545} INFO - Filling up the DagBag from /opt/airflow/dags/extend_run_dags_monitor.py
[2024-07-06T12:32:48.595+0000] {processor.py:840} INFO - DAG(s) 'Extend_Run_Dags_Monitor' retrieved from /opt/airflow/dags/extend_run_dags_monitor.py
[2024-07-06T12:32:48.613+0000] {logging_mixin.py:188} INFO - [2024-07-06T12:32:48.613+0000] {dag.py:3096} INFO - Sync 1 DAGs
[2024-07-06T12:32:48.637+0000] {logging_mixin.py:188} INFO - [2024-07-06T12:32:48.637+0000] {dag.py:3954} INFO - Setting next_dagrun for Extend_Run_Dags_Monitor to 2024-07-06 12:15:00+00:00, run_after=2024-07-06 13:15:00+00:00
[2024-07-06T12:32:48.651+0000] {processor.py:183} INFO - Processing /opt/airflow/dags/extend_run_dags_monitor.py took 0.068 seconds
[2024-07-06T12:34:58.253+0000] {processor.py:161} INFO - Started process (PID=56103) to work on /opt/airflow/dags/extend_run_dags_monitor.py
[2024-07-06T12:34:58.254+0000] {processor.py:830} INFO - Processing file /opt/airflow/dags/extend_run_dags_monitor.py for tasks to queue
[2024-07-06T12:34:58.255+0000] {logging_mixin.py:188} INFO - [2024-07-06T12:34:58.255+0000] {dagbag.py:545} INFO - Filling up the DagBag from /opt/airflow/dags/extend_run_dags_monitor.py
[2024-07-06T12:34:58.262+0000] {processor.py:840} INFO - DAG(s) 'Extend_Run_Dags_Monitor' retrieved from /opt/airflow/dags/extend_run_dags_monitor.py
[2024-07-06T12:34:58.279+0000] {logging_mixin.py:188} INFO - [2024-07-06T12:34:58.279+0000] {dag.py:3096} INFO - Sync 1 DAGs
[2024-07-06T12:34:58.294+0000] {logging_mixin.py:188} INFO - [2024-07-06T12:34:58.294+0000] {dag.py:3954} INFO - Setting next_dagrun for Extend_Run_Dags_Monitor to 2024-07-06 12:15:00+00:00, run_after=2024-07-06 13:15:00+00:00
[2024-07-06T12:34:58.304+0000] {processor.py:183} INFO - Processing /opt/airflow/dags/extend_run_dags_monitor.py took 0.053 seconds
[2024-07-06T12:37:07.695+0000] {processor.py:161} INFO - Started process (PID=56125) to work on /opt/airflow/dags/extend_run_dags_monitor.py
[2024-07-06T12:37:07.696+0000] {processor.py:830} INFO - Processing file /opt/airflow/dags/extend_run_dags_monitor.py for tasks to queue
[2024-07-06T12:37:07.696+0000] {logging_mixin.py:188} INFO - [2024-07-06T12:37:07.696+0000] {dagbag.py:545} INFO - Filling up the DagBag from /opt/airflow/dags/extend_run_dags_monitor.py
[2024-07-06T12:37:07.705+0000] {processor.py:840} INFO - DAG(s) 'Extend_Run_Dags_Monitor' retrieved from /opt/airflow/dags/extend_run_dags_monitor.py
[2024-07-06T12:37:07.724+0000] {logging_mixin.py:188} INFO - [2024-07-06T12:37:07.724+0000] {dag.py:3096} INFO - Sync 1 DAGs
[2024-07-06T12:37:07.737+0000] {logging_mixin.py:188} INFO - [2024-07-06T12:37:07.737+0000] {dag.py:3954} INFO - Setting next_dagrun for Extend_Run_Dags_Monitor to 2024-07-06 12:15:00+00:00, run_after=2024-07-06 13:15:00+00:00
[2024-07-06T12:37:07.750+0000] {processor.py:183} INFO - Processing /opt/airflow/dags/extend_run_dags_monitor.py took 0.058 seconds
[2024-07-06T12:39:16.905+0000] {processor.py:161} INFO - Started process (PID=56147) to work on /opt/airflow/dags/extend_run_dags_monitor.py
[2024-07-06T12:39:16.906+0000] {processor.py:830} INFO - Processing file /opt/airflow/dags/extend_run_dags_monitor.py for tasks to queue
[2024-07-06T12:39:16.907+0000] {logging_mixin.py:188} INFO - [2024-07-06T12:39:16.907+0000] {dagbag.py:545} INFO - Filling up the DagBag from /opt/airflow/dags/extend_run_dags_monitor.py
[2024-07-06T12:39:16.921+0000] {processor.py:840} INFO - DAG(s) 'Extend_Run_Dags_Monitor' retrieved from /opt/airflow/dags/extend_run_dags_monitor.py
[2024-07-06T12:39:16.945+0000] {logging_mixin.py:188} INFO - [2024-07-06T12:39:16.945+0000] {dag.py:3096} INFO - Sync 1 DAGs
[2024-07-06T12:39:16.961+0000] {logging_mixin.py:188} INFO - [2024-07-06T12:39:16.961+0000] {dag.py:3954} INFO - Setting next_dagrun for Extend_Run_Dags_Monitor to 2024-07-06 12:15:00+00:00, run_after=2024-07-06 13:15:00+00:00
[2024-07-06T12:39:16.973+0000] {processor.py:183} INFO - Processing /opt/airflow/dags/extend_run_dags_monitor.py took 0.072 seconds
[2024-07-06T12:41:26.001+0000] {processor.py:161} INFO - Started process (PID=56169) to work on /opt/airflow/dags/extend_run_dags_monitor.py
[2024-07-06T12:41:26.001+0000] {processor.py:830} INFO - Processing file /opt/airflow/dags/extend_run_dags_monitor.py for tasks to queue
[2024-07-06T12:41:26.002+0000] {logging_mixin.py:188} INFO - [2024-07-06T12:41:26.002+0000] {dagbag.py:545} INFO - Filling up the DagBag from /opt/airflow/dags/extend_run_dags_monitor.py
[2024-07-06T12:41:26.011+0000] {processor.py:840} INFO - DAG(s) 'Extend_Run_Dags_Monitor' retrieved from /opt/airflow/dags/extend_run_dags_monitor.py
[2024-07-06T12:41:26.029+0000] {logging_mixin.py:188} INFO - [2024-07-06T12:41:26.028+0000] {dag.py:3096} INFO - Sync 1 DAGs
[2024-07-06T12:41:26.043+0000] {logging_mixin.py:188} INFO - [2024-07-06T12:41:26.043+0000] {dag.py:3954} INFO - Setting next_dagrun for Extend_Run_Dags_Monitor to 2024-07-06 12:15:00+00:00, run_after=2024-07-06 13:15:00+00:00
[2024-07-06T12:41:26.056+0000] {processor.py:183} INFO - Processing /opt/airflow/dags/extend_run_dags_monitor.py took 0.060 seconds
[2024-07-06T12:43:36.433+0000] {processor.py:161} INFO - Started process (PID=56191) to work on /opt/airflow/dags/extend_run_dags_monitor.py
[2024-07-06T12:43:36.435+0000] {processor.py:830} INFO - Processing file /opt/airflow/dags/extend_run_dags_monitor.py for tasks to queue
[2024-07-06T12:43:36.435+0000] {logging_mixin.py:188} INFO - [2024-07-06T12:43:36.435+0000] {dagbag.py:545} INFO - Filling up the DagBag from /opt/airflow/dags/extend_run_dags_monitor.py
[2024-07-06T12:43:36.444+0000] {processor.py:840} INFO - DAG(s) 'Extend_Run_Dags_Monitor' retrieved from /opt/airflow/dags/extend_run_dags_monitor.py
[2024-07-06T12:43:36.463+0000] {logging_mixin.py:188} INFO - [2024-07-06T12:43:36.463+0000] {dag.py:3096} INFO - Sync 1 DAGs
[2024-07-06T12:43:36.476+0000] {logging_mixin.py:188} INFO - [2024-07-06T12:43:36.476+0000] {dag.py:3954} INFO - Setting next_dagrun for Extend_Run_Dags_Monitor to 2024-07-06 12:15:00+00:00, run_after=2024-07-06 13:15:00+00:00
[2024-07-06T12:43:36.486+0000] {processor.py:183} INFO - Processing /opt/airflow/dags/extend_run_dags_monitor.py took 0.058 seconds
[2024-07-06T12:45:45.019+0000] {processor.py:161} INFO - Started process (PID=56213) to work on /opt/airflow/dags/extend_run_dags_monitor.py
[2024-07-06T12:45:45.020+0000] {processor.py:830} INFO - Processing file /opt/airflow/dags/extend_run_dags_monitor.py for tasks to queue
[2024-07-06T12:45:45.020+0000] {logging_mixin.py:188} INFO - [2024-07-06T12:45:45.020+0000] {dagbag.py:545} INFO - Filling up the DagBag from /opt/airflow/dags/extend_run_dags_monitor.py
[2024-07-06T12:45:45.028+0000] {processor.py:840} INFO - DAG(s) 'Extend_Run_Dags_Monitor' retrieved from /opt/airflow/dags/extend_run_dags_monitor.py
[2024-07-06T12:45:45.049+0000] {logging_mixin.py:188} INFO - [2024-07-06T12:45:45.049+0000] {dag.py:3096} INFO - Sync 1 DAGs
[2024-07-06T12:45:45.063+0000] {logging_mixin.py:188} INFO - [2024-07-06T12:45:45.062+0000] {dag.py:3954} INFO - Setting next_dagrun for Extend_Run_Dags_Monitor to 2024-07-06 12:15:00+00:00, run_after=2024-07-06 13:15:00+00:00
[2024-07-06T12:45:45.073+0000] {processor.py:183} INFO - Processing /opt/airflow/dags/extend_run_dags_monitor.py took 0.058 seconds
[2024-07-06T12:56:22.313+0000] {processor.py:161} INFO - Started process (PID=56234) to work on /opt/airflow/dags/extend_run_dags_monitor.py
[2024-07-06T12:56:22.315+0000] {processor.py:830} INFO - Processing file /opt/airflow/dags/extend_run_dags_monitor.py for tasks to queue
[2024-07-06T12:56:22.315+0000] {logging_mixin.py:188} INFO - [2024-07-06T12:56:22.315+0000] {dagbag.py:545} INFO - Filling up the DagBag from /opt/airflow/dags/extend_run_dags_monitor.py
[2024-07-06T12:56:22.327+0000] {processor.py:840} INFO - DAG(s) 'Extend_Run_Dags_Monitor' retrieved from /opt/airflow/dags/extend_run_dags_monitor.py
[2024-07-06T12:56:22.348+0000] {logging_mixin.py:188} INFO - [2024-07-06T12:56:22.348+0000] {dag.py:3096} INFO - Sync 1 DAGs
[2024-07-06T12:56:22.363+0000] {logging_mixin.py:188} INFO - [2024-07-06T12:56:22.363+0000] {dag.py:3954} INFO - Setting next_dagrun for Extend_Run_Dags_Monitor to 2024-07-06 12:15:00+00:00, run_after=2024-07-06 13:15:00+00:00
[2024-07-06T12:56:22.375+0000] {processor.py:183} INFO - Processing /opt/airflow/dags/extend_run_dags_monitor.py took 0.066 seconds
[2024-07-06T12:58:31.763+0000] {processor.py:161} INFO - Started process (PID=56256) to work on /opt/airflow/dags/extend_run_dags_monitor.py
[2024-07-06T12:58:31.764+0000] {processor.py:830} INFO - Processing file /opt/airflow/dags/extend_run_dags_monitor.py for tasks to queue
[2024-07-06T12:58:31.765+0000] {logging_mixin.py:188} INFO - [2024-07-06T12:58:31.765+0000] {dagbag.py:545} INFO - Filling up the DagBag from /opt/airflow/dags/extend_run_dags_monitor.py
[2024-07-06T12:58:31.772+0000] {processor.py:840} INFO - DAG(s) 'Extend_Run_Dags_Monitor' retrieved from /opt/airflow/dags/extend_run_dags_monitor.py
[2024-07-06T12:58:31.791+0000] {logging_mixin.py:188} INFO - [2024-07-06T12:58:31.791+0000] {dag.py:3096} INFO - Sync 1 DAGs
[2024-07-06T12:58:31.805+0000] {logging_mixin.py:188} INFO - [2024-07-06T12:58:31.805+0000] {dag.py:3954} INFO - Setting next_dagrun for Extend_Run_Dags_Monitor to 2024-07-06 12:15:00+00:00, run_after=2024-07-06 13:15:00+00:00
[2024-07-06T12:58:31.816+0000] {processor.py:183} INFO - Processing /opt/airflow/dags/extend_run_dags_monitor.py took 0.056 seconds
[2024-07-06T13:00:40.972+0000] {processor.py:161} INFO - Started process (PID=56278) to work on /opt/airflow/dags/extend_run_dags_monitor.py
[2024-07-06T13:00:40.973+0000] {processor.py:830} INFO - Processing file /opt/airflow/dags/extend_run_dags_monitor.py for tasks to queue
[2024-07-06T13:00:40.974+0000] {logging_mixin.py:188} INFO - [2024-07-06T13:00:40.974+0000] {dagbag.py:545} INFO - Filling up the DagBag from /opt/airflow/dags/extend_run_dags_monitor.py
[2024-07-06T13:00:40.987+0000] {processor.py:840} INFO - DAG(s) 'Extend_Run_Dags_Monitor' retrieved from /opt/airflow/dags/extend_run_dags_monitor.py
[2024-07-06T13:00:41.003+0000] {logging_mixin.py:188} INFO - [2024-07-06T13:00:41.003+0000] {dag.py:3096} INFO - Sync 1 DAGs
[2024-07-06T13:00:41.017+0000] {logging_mixin.py:188} INFO - [2024-07-06T13:00:41.017+0000] {dag.py:3954} INFO - Setting next_dagrun for Extend_Run_Dags_Monitor to 2024-07-06 12:15:00+00:00, run_after=2024-07-06 13:15:00+00:00
[2024-07-06T13:00:41.028+0000] {processor.py:183} INFO - Processing /opt/airflow/dags/extend_run_dags_monitor.py took 0.059 seconds
[2024-07-06T13:02:50.245+0000] {processor.py:161} INFO - Started process (PID=56300) to work on /opt/airflow/dags/extend_run_dags_monitor.py
[2024-07-06T13:02:50.246+0000] {processor.py:830} INFO - Processing file /opt/airflow/dags/extend_run_dags_monitor.py for tasks to queue
[2024-07-06T13:02:50.246+0000] {logging_mixin.py:188} INFO - [2024-07-06T13:02:50.246+0000] {dagbag.py:545} INFO - Filling up the DagBag from /opt/airflow/dags/extend_run_dags_monitor.py
[2024-07-06T13:02:50.254+0000] {processor.py:840} INFO - DAG(s) 'Extend_Run_Dags_Monitor' retrieved from /opt/airflow/dags/extend_run_dags_monitor.py
[2024-07-06T13:02:50.287+0000] {logging_mixin.py:188} INFO - [2024-07-06T13:02:50.287+0000] {dag.py:3096} INFO - Sync 1 DAGs
[2024-07-06T13:02:50.321+0000] {logging_mixin.py:188} INFO - [2024-07-06T13:02:50.321+0000] {dag.py:3954} INFO - Setting next_dagrun for Extend_Run_Dags_Monitor to 2024-07-06 12:15:00+00:00, run_after=2024-07-06 13:15:00+00:00
[2024-07-06T13:02:50.338+0000] {processor.py:183} INFO - Processing /opt/airflow/dags/extend_run_dags_monitor.py took 0.097 seconds
[2024-07-06T13:04:59.729+0000] {processor.py:161} INFO - Started process (PID=56322) to work on /opt/airflow/dags/extend_run_dags_monitor.py
[2024-07-06T13:04:59.731+0000] {processor.py:830} INFO - Processing file /opt/airflow/dags/extend_run_dags_monitor.py for tasks to queue
[2024-07-06T13:04:59.731+0000] {logging_mixin.py:188} INFO - [2024-07-06T13:04:59.731+0000] {dagbag.py:545} INFO - Filling up the DagBag from /opt/airflow/dags/extend_run_dags_monitor.py
[2024-07-06T13:04:59.744+0000] {processor.py:840} INFO - DAG(s) 'Extend_Run_Dags_Monitor' retrieved from /opt/airflow/dags/extend_run_dags_monitor.py
[2024-07-06T13:04:59.765+0000] {logging_mixin.py:188} INFO - [2024-07-06T13:04:59.765+0000] {dag.py:3096} INFO - Sync 1 DAGs
[2024-07-06T13:04:59.789+0000] {logging_mixin.py:188} INFO - [2024-07-06T13:04:59.789+0000] {dag.py:3954} INFO - Setting next_dagrun for Extend_Run_Dags_Monitor to 2024-07-06 12:15:00+00:00, run_after=2024-07-06 13:15:00+00:00
[2024-07-06T13:04:59.812+0000] {processor.py:183} INFO - Processing /opt/airflow/dags/extend_run_dags_monitor.py took 0.087 seconds
[2024-07-06T13:14:42.938+0000] {processor.py:161} INFO - Started process (PID=56344) to work on /opt/airflow/dags/extend_run_dags_monitor.py
[2024-07-06T13:14:42.939+0000] {processor.py:830} INFO - Processing file /opt/airflow/dags/extend_run_dags_monitor.py for tasks to queue
[2024-07-06T13:14:42.939+0000] {logging_mixin.py:188} INFO - [2024-07-06T13:14:42.939+0000] {dagbag.py:545} INFO - Filling up the DagBag from /opt/airflow/dags/extend_run_dags_monitor.py
[2024-07-06T13:14:42.947+0000] {processor.py:840} INFO - DAG(s) 'Extend_Run_Dags_Monitor' retrieved from /opt/airflow/dags/extend_run_dags_monitor.py
[2024-07-06T13:14:42.971+0000] {logging_mixin.py:188} INFO - [2024-07-06T13:14:42.971+0000] {dag.py:3096} INFO - Sync 1 DAGs
[2024-07-06T13:14:43.006+0000] {logging_mixin.py:188} INFO - [2024-07-06T13:14:43.006+0000] {dag.py:3954} INFO - Setting next_dagrun for Extend_Run_Dags_Monitor to 2024-07-06 12:15:00+00:00, run_after=2024-07-06 13:15:00+00:00
[2024-07-06T13:14:43.032+0000] {processor.py:183} INFO - Processing /opt/airflow/dags/extend_run_dags_monitor.py took 0.098 seconds
[2024-07-06T13:33:44.860+0000] {processor.py:161} INFO - Started process (PID=56377) to work on /opt/airflow/dags/extend_run_dags_monitor.py
[2024-07-06T13:33:44.865+0000] {processor.py:830} INFO - Processing file /opt/airflow/dags/extend_run_dags_monitor.py for tasks to queue
[2024-07-06T13:33:44.870+0000] {logging_mixin.py:188} INFO - [2024-07-06T13:33:44.870+0000] {dagbag.py:545} INFO - Filling up the DagBag from /opt/airflow/dags/extend_run_dags_monitor.py
[2024-07-06T13:33:44.878+0000] {processor.py:840} INFO - DAG(s) 'Extend_Run_Dags_Monitor' retrieved from /opt/airflow/dags/extend_run_dags_monitor.py
[2024-07-06T13:33:44.897+0000] {logging_mixin.py:188} INFO - [2024-07-06T13:33:44.897+0000] {dag.py:3096} INFO - Sync 1 DAGs
[2024-07-06T13:33:44.914+0000] {logging_mixin.py:188} INFO - [2024-07-06T13:33:44.914+0000] {dag.py:3954} INFO - Setting next_dagrun for Extend_Run_Dags_Monitor to 2024-07-06 13:15:00+00:00, run_after=2024-07-06 14:15:00+00:00
[2024-07-06T13:33:44.925+0000] {processor.py:183} INFO - Processing /opt/airflow/dags/extend_run_dags_monitor.py took 0.068 seconds
[2024-07-06T13:35:54.024+0000] {processor.py:161} INFO - Started process (PID=56399) to work on /opt/airflow/dags/extend_run_dags_monitor.py
[2024-07-06T13:35:54.025+0000] {processor.py:830} INFO - Processing file /opt/airflow/dags/extend_run_dags_monitor.py for tasks to queue
[2024-07-06T13:35:54.026+0000] {logging_mixin.py:188} INFO - [2024-07-06T13:35:54.025+0000] {dagbag.py:545} INFO - Filling up the DagBag from /opt/airflow/dags/extend_run_dags_monitor.py
[2024-07-06T13:35:54.035+0000] {processor.py:840} INFO - DAG(s) 'Extend_Run_Dags_Monitor' retrieved from /opt/airflow/dags/extend_run_dags_monitor.py
[2024-07-06T13:35:54.064+0000] {logging_mixin.py:188} INFO - [2024-07-06T13:35:54.064+0000] {dag.py:3096} INFO - Sync 1 DAGs
[2024-07-06T13:35:54.086+0000] {logging_mixin.py:188} INFO - [2024-07-06T13:35:54.086+0000] {dag.py:3954} INFO - Setting next_dagrun for Extend_Run_Dags_Monitor to 2024-07-06 13:15:00+00:00, run_after=2024-07-06 14:15:00+00:00
[2024-07-06T13:35:54.100+0000] {processor.py:183} INFO - Processing /opt/airflow/dags/extend_run_dags_monitor.py took 0.080 seconds
[2024-07-06T13:38:03.350+0000] {processor.py:161} INFO - Started process (PID=56421) to work on /opt/airflow/dags/extend_run_dags_monitor.py
[2024-07-06T13:38:03.351+0000] {processor.py:830} INFO - Processing file /opt/airflow/dags/extend_run_dags_monitor.py for tasks to queue
[2024-07-06T13:38:03.352+0000] {logging_mixin.py:188} INFO - [2024-07-06T13:38:03.352+0000] {dagbag.py:545} INFO - Filling up the DagBag from /opt/airflow/dags/extend_run_dags_monitor.py
[2024-07-06T13:38:03.371+0000] {processor.py:840} INFO - DAG(s) 'Extend_Run_Dags_Monitor' retrieved from /opt/airflow/dags/extend_run_dags_monitor.py
[2024-07-06T13:38:03.389+0000] {logging_mixin.py:188} INFO - [2024-07-06T13:38:03.389+0000] {dag.py:3096} INFO - Sync 1 DAGs
[2024-07-06T13:38:03.406+0000] {logging_mixin.py:188} INFO - [2024-07-06T13:38:03.405+0000] {dag.py:3954} INFO - Setting next_dagrun for Extend_Run_Dags_Monitor to 2024-07-06 13:15:00+00:00, run_after=2024-07-06 14:15:00+00:00
[2024-07-06T13:38:03.418+0000] {processor.py:183} INFO - Processing /opt/airflow/dags/extend_run_dags_monitor.py took 0.078 seconds
[2024-07-06T13:40:12.768+0000] {processor.py:161} INFO - Started process (PID=56446) to work on /opt/airflow/dags/extend_run_dags_monitor.py
[2024-07-06T13:40:12.770+0000] {processor.py:830} INFO - Processing file /opt/airflow/dags/extend_run_dags_monitor.py for tasks to queue
[2024-07-06T13:40:12.771+0000] {logging_mixin.py:188} INFO - [2024-07-06T13:40:12.771+0000] {dagbag.py:545} INFO - Filling up the DagBag from /opt/airflow/dags/extend_run_dags_monitor.py
[2024-07-06T13:40:12.789+0000] {processor.py:840} INFO - DAG(s) 'Extend_Run_Dags_Monitor' retrieved from /opt/airflow/dags/extend_run_dags_monitor.py
[2024-07-06T13:40:12.810+0000] {logging_mixin.py:188} INFO - [2024-07-06T13:40:12.810+0000] {dag.py:3096} INFO - Sync 1 DAGs
[2024-07-06T13:40:12.829+0000] {logging_mixin.py:188} INFO - [2024-07-06T13:40:12.829+0000] {dag.py:3954} INFO - Setting next_dagrun for Extend_Run_Dags_Monitor to 2024-07-06 13:15:00+00:00, run_after=2024-07-06 14:15:00+00:00
[2024-07-06T13:40:12.841+0000] {processor.py:183} INFO - Processing /opt/airflow/dags/extend_run_dags_monitor.py took 0.077 seconds
[2024-07-06T13:42:22.405+0000] {processor.py:161} INFO - Started process (PID=56468) to work on /opt/airflow/dags/extend_run_dags_monitor.py
[2024-07-06T13:42:22.406+0000] {processor.py:830} INFO - Processing file /opt/airflow/dags/extend_run_dags_monitor.py for tasks to queue
[2024-07-06T13:42:22.407+0000] {logging_mixin.py:188} INFO - [2024-07-06T13:42:22.406+0000] {dagbag.py:545} INFO - Filling up the DagBag from /opt/airflow/dags/extend_run_dags_monitor.py
[2024-07-06T13:42:22.415+0000] {processor.py:840} INFO - DAG(s) 'Extend_Run_Dags_Monitor' retrieved from /opt/airflow/dags/extend_run_dags_monitor.py
[2024-07-06T13:42:22.432+0000] {logging_mixin.py:188} INFO - [2024-07-06T13:42:22.432+0000] {dag.py:3096} INFO - Sync 1 DAGs
[2024-07-06T13:42:22.450+0000] {logging_mixin.py:188} INFO - [2024-07-06T13:42:22.450+0000] {dag.py:3954} INFO - Setting next_dagrun for Extend_Run_Dags_Monitor to 2024-07-06 13:15:00+00:00, run_after=2024-07-06 14:15:00+00:00
[2024-07-06T13:42:22.464+0000] {processor.py:183} INFO - Processing /opt/airflow/dags/extend_run_dags_monitor.py took 0.064 seconds
[2024-07-06T14:02:11.021+0000] {processor.py:161} INFO - Started process (PID=56493) to work on /opt/airflow/dags/extend_run_dags_monitor.py
[2024-07-06T14:02:11.022+0000] {processor.py:830} INFO - Processing file /opt/airflow/dags/extend_run_dags_monitor.py for tasks to queue
[2024-07-06T14:02:11.023+0000] {logging_mixin.py:188} INFO - [2024-07-06T14:02:11.022+0000] {dagbag.py:545} INFO - Filling up the DagBag from /opt/airflow/dags/extend_run_dags_monitor.py
[2024-07-06T14:02:11.029+0000] {processor.py:840} INFO - DAG(s) 'Extend_Run_Dags_Monitor' retrieved from /opt/airflow/dags/extend_run_dags_monitor.py
[2024-07-06T14:02:11.048+0000] {logging_mixin.py:188} INFO - [2024-07-06T14:02:11.048+0000] {dag.py:3096} INFO - Sync 1 DAGs
[2024-07-06T14:02:11.065+0000] {logging_mixin.py:188} INFO - [2024-07-06T14:02:11.065+0000] {dag.py:3954} INFO - Setting next_dagrun for Extend_Run_Dags_Monitor to 2024-07-06 13:15:00+00:00, run_after=2024-07-06 14:15:00+00:00
[2024-07-06T14:02:11.076+0000] {processor.py:183} INFO - Processing /opt/airflow/dags/extend_run_dags_monitor.py took 0.058 seconds
[2024-07-06T14:15:10.068+0000] {processor.py:161} INFO - Started process (PID=56515) to work on /opt/airflow/dags/extend_run_dags_monitor.py
[2024-07-06T14:15:10.069+0000] {processor.py:830} INFO - Processing file /opt/airflow/dags/extend_run_dags_monitor.py for tasks to queue
[2024-07-06T14:15:10.070+0000] {logging_mixin.py:188} INFO - [2024-07-06T14:15:10.070+0000] {dagbag.py:545} INFO - Filling up the DagBag from /opt/airflow/dags/extend_run_dags_monitor.py
[2024-07-06T14:15:10.084+0000] {processor.py:840} INFO - DAG(s) 'Extend_Run_Dags_Monitor' retrieved from /opt/airflow/dags/extend_run_dags_monitor.py
[2024-07-06T14:15:10.105+0000] {logging_mixin.py:188} INFO - [2024-07-06T14:15:10.105+0000] {dag.py:3096} INFO - Sync 1 DAGs
[2024-07-06T14:15:10.123+0000] {logging_mixin.py:188} INFO - [2024-07-06T14:15:10.122+0000] {dag.py:3954} INFO - Setting next_dagrun for Extend_Run_Dags_Monitor to 2024-07-06 13:15:00+00:00, run_after=2024-07-06 14:15:00+00:00
[2024-07-06T14:15:10.134+0000] {processor.py:183} INFO - Processing /opt/airflow/dags/extend_run_dags_monitor.py took 0.070 seconds
[2024-07-06T14:17:19.519+0000] {processor.py:161} INFO - Started process (PID=56548) to work on /opt/airflow/dags/extend_run_dags_monitor.py
[2024-07-06T14:17:19.520+0000] {processor.py:830} INFO - Processing file /opt/airflow/dags/extend_run_dags_monitor.py for tasks to queue
[2024-07-06T14:17:19.521+0000] {logging_mixin.py:188} INFO - [2024-07-06T14:17:19.521+0000] {dagbag.py:545} INFO - Filling up the DagBag from /opt/airflow/dags/extend_run_dags_monitor.py
[2024-07-06T14:17:19.530+0000] {processor.py:840} INFO - DAG(s) 'Extend_Run_Dags_Monitor' retrieved from /opt/airflow/dags/extend_run_dags_monitor.py
[2024-07-06T14:17:19.550+0000] {logging_mixin.py:188} INFO - [2024-07-06T14:17:19.550+0000] {dag.py:3096} INFO - Sync 1 DAGs
[2024-07-06T14:17:19.566+0000] {logging_mixin.py:188} INFO - [2024-07-06T14:17:19.566+0000] {dag.py:3954} INFO - Setting next_dagrun for Extend_Run_Dags_Monitor to 2024-07-06 14:15:00+00:00, run_after=2024-07-06 15:15:00+00:00
[2024-07-06T14:17:19.578+0000] {processor.py:183} INFO - Processing /opt/airflow/dags/extend_run_dags_monitor.py took 0.062 seconds
[2024-07-06T14:29:12.110+0000] {processor.py:161} INFO - Started process (PID=56570) to work on /opt/airflow/dags/extend_run_dags_monitor.py
[2024-07-06T14:29:12.111+0000] {processor.py:830} INFO - Processing file /opt/airflow/dags/extend_run_dags_monitor.py for tasks to queue
[2024-07-06T14:29:12.112+0000] {logging_mixin.py:188} INFO - [2024-07-06T14:29:12.112+0000] {dagbag.py:545} INFO - Filling up the DagBag from /opt/airflow/dags/extend_run_dags_monitor.py
[2024-07-06T14:29:12.120+0000] {processor.py:840} INFO - DAG(s) 'Extend_Run_Dags_Monitor' retrieved from /opt/airflow/dags/extend_run_dags_monitor.py
[2024-07-06T14:29:12.139+0000] {logging_mixin.py:188} INFO - [2024-07-06T14:29:12.139+0000] {dag.py:3096} INFO - Sync 1 DAGs
[2024-07-06T14:29:12.156+0000] {logging_mixin.py:188} INFO - [2024-07-06T14:29:12.156+0000] {dag.py:3954} INFO - Setting next_dagrun for Extend_Run_Dags_Monitor to 2024-07-06 14:15:00+00:00, run_after=2024-07-06 15:15:00+00:00
[2024-07-06T14:29:12.171+0000] {processor.py:183} INFO - Processing /opt/airflow/dags/extend_run_dags_monitor.py took 0.064 seconds
[2024-07-06T15:47:29.477+0000] {processor.py:161} INFO - Started process (PID=56600) to work on /opt/airflow/dags/extend_run_dags_monitor.py
[2024-07-06T15:47:29.481+0000] {processor.py:830} INFO - Processing file /opt/airflow/dags/extend_run_dags_monitor.py for tasks to queue
[2024-07-06T15:47:29.487+0000] {logging_mixin.py:188} INFO - [2024-07-06T15:47:29.487+0000] {dagbag.py:545} INFO - Filling up the DagBag from /opt/airflow/dags/extend_run_dags_monitor.py
[2024-07-06T15:47:29.514+0000] {processor.py:840} INFO - DAG(s) 'Extend_Run_Dags_Monitor' retrieved from /opt/airflow/dags/extend_run_dags_monitor.py
[2024-07-06T15:47:29.575+0000] {logging_mixin.py:188} INFO - [2024-07-06T15:47:29.574+0000] {dag.py:3096} INFO - Sync 1 DAGs
[2024-07-06T15:47:29.596+0000] {logging_mixin.py:188} INFO - [2024-07-06T15:47:29.595+0000] {dag.py:3954} INFO - Setting next_dagrun for Extend_Run_Dags_Monitor to 2024-07-06 15:15:00+00:00, run_after=2024-07-06 16:15:00+00:00
[2024-07-06T15:47:29.619+0000] {processor.py:183} INFO - Processing /opt/airflow/dags/extend_run_dags_monitor.py took 0.150 seconds
[2024-07-06T16:50:31.666+0000] {processor.py:161} INFO - Started process (PID=56640) to work on /opt/airflow/dags/extend_run_dags_monitor.py
[2024-07-06T16:50:31.668+0000] {processor.py:830} INFO - Processing file /opt/airflow/dags/extend_run_dags_monitor.py for tasks to queue
[2024-07-06T16:50:31.670+0000] {logging_mixin.py:188} INFO - [2024-07-06T16:50:31.670+0000] {dagbag.py:545} INFO - Filling up the DagBag from /opt/airflow/dags/extend_run_dags_monitor.py
[2024-07-06T16:50:31.703+0000] {processor.py:840} INFO - DAG(s) 'Extend_Run_Dags_Monitor' retrieved from /opt/airflow/dags/extend_run_dags_monitor.py
[2024-07-06T16:50:31.737+0000] {logging_mixin.py:188} INFO - [2024-07-06T16:50:31.736+0000] {dag.py:3096} INFO - Sync 1 DAGs
[2024-07-06T16:50:31.763+0000] {logging_mixin.py:188} INFO - [2024-07-06T16:50:31.762+0000] {dag.py:3954} INFO - Setting next_dagrun for Extend_Run_Dags_Monitor to 2024-07-06 16:15:00+00:00, run_after=2024-07-06 17:15:00+00:00
[2024-07-06T16:50:31.804+0000] {processor.py:183} INFO - Processing /opt/airflow/dags/extend_run_dags_monitor.py took 0.144 seconds
[2024-07-06T18:22:25.169+0000] {processor.py:161} INFO - Started process (PID=56683) to work on /opt/airflow/dags/extend_run_dags_monitor.py
[2024-07-06T18:22:25.172+0000] {processor.py:830} INFO - Processing file /opt/airflow/dags/extend_run_dags_monitor.py for tasks to queue
[2024-07-06T18:22:25.178+0000] {logging_mixin.py:188} INFO - [2024-07-06T18:22:25.177+0000] {dagbag.py:545} INFO - Filling up the DagBag from /opt/airflow/dags/extend_run_dags_monitor.py
[2024-07-06T18:22:25.196+0000] {processor.py:840} INFO - DAG(s) 'Extend_Run_Dags_Monitor' retrieved from /opt/airflow/dags/extend_run_dags_monitor.py
[2024-07-06T18:22:25.253+0000] {logging_mixin.py:188} INFO - [2024-07-06T18:22:25.253+0000] {dag.py:3096} INFO - Sync 1 DAGs
[2024-07-06T18:22:25.280+0000] {logging_mixin.py:188} INFO - [2024-07-06T18:22:25.279+0000] {dag.py:3954} INFO - Setting next_dagrun for Extend_Run_Dags_Monitor to 2024-07-06 18:15:00+00:00, run_after=2024-07-06 19:15:00+00:00
[2024-07-06T18:22:25.303+0000] {processor.py:183} INFO - Processing /opt/airflow/dags/extend_run_dags_monitor.py took 0.140 seconds
[2024-07-06T19:45:42.480+0000] {processor.py:161} INFO - Started process (PID=56733) to work on /opt/airflow/dags/extend_run_dags_monitor.py
[2024-07-06T19:45:42.482+0000] {processor.py:830} INFO - Processing file /opt/airflow/dags/extend_run_dags_monitor.py for tasks to queue
[2024-07-06T19:45:42.484+0000] {logging_mixin.py:188} INFO - [2024-07-06T19:45:42.483+0000] {dagbag.py:545} INFO - Filling up the DagBag from /opt/airflow/dags/extend_run_dags_monitor.py
[2024-07-06T19:45:42.497+0000] {processor.py:840} INFO - DAG(s) 'Extend_Run_Dags_Monitor' retrieved from /opt/airflow/dags/extend_run_dags_monitor.py
[2024-07-06T19:45:42.536+0000] {logging_mixin.py:188} INFO - [2024-07-06T19:45:42.536+0000] {dag.py:3096} INFO - Sync 1 DAGs
[2024-07-06T19:45:42.560+0000] {logging_mixin.py:188} INFO - [2024-07-06T19:45:42.560+0000] {dag.py:3954} INFO - Setting next_dagrun for Extend_Run_Dags_Monitor to 2024-07-06 19:15:00+00:00, run_after=2024-07-06 20:15:00+00:00
[2024-07-06T19:45:42.593+0000] {processor.py:183} INFO - Processing /opt/airflow/dags/extend_run_dags_monitor.py took 0.125 seconds
[2024-07-06T21:08:17.357+0000] {processor.py:161} INFO - Started process (PID=56774) to work on /opt/airflow/dags/extend_run_dags_monitor.py
[2024-07-06T21:08:17.359+0000] {processor.py:830} INFO - Processing file /opt/airflow/dags/extend_run_dags_monitor.py for tasks to queue
[2024-07-06T21:08:17.361+0000] {logging_mixin.py:188} INFO - [2024-07-06T21:08:17.361+0000] {dagbag.py:545} INFO - Filling up the DagBag from /opt/airflow/dags/extend_run_dags_monitor.py
[2024-07-06T21:08:17.379+0000] {processor.py:840} INFO - DAG(s) 'Extend_Run_Dags_Monitor' retrieved from /opt/airflow/dags/extend_run_dags_monitor.py
[2024-07-06T21:08:17.405+0000] {logging_mixin.py:188} INFO - [2024-07-06T21:08:17.405+0000] {dag.py:3096} INFO - Sync 1 DAGs
[2024-07-06T21:08:17.421+0000] {logging_mixin.py:188} INFO - [2024-07-06T21:08:17.421+0000] {dag.py:3954} INFO - Setting next_dagrun for Extend_Run_Dags_Monitor to 2024-07-06 20:15:00+00:00, run_after=2024-07-06 21:15:00+00:00
[2024-07-06T21:08:17.435+0000] {processor.py:183} INFO - Processing /opt/airflow/dags/extend_run_dags_monitor.py took 0.082 seconds
[2024-07-06T22:44:16.402+0000] {processor.py:161} INFO - Started process (PID=56807) to work on /opt/airflow/dags/extend_run_dags_monitor.py
[2024-07-06T22:44:16.403+0000] {processor.py:830} INFO - Processing file /opt/airflow/dags/extend_run_dags_monitor.py for tasks to queue
[2024-07-06T22:44:16.404+0000] {logging_mixin.py:188} INFO - [2024-07-06T22:44:16.404+0000] {dagbag.py:545} INFO - Filling up the DagBag from /opt/airflow/dags/extend_run_dags_monitor.py
[2024-07-06T22:44:16.412+0000] {processor.py:840} INFO - DAG(s) 'Extend_Run_Dags_Monitor' retrieved from /opt/airflow/dags/extend_run_dags_monitor.py
[2024-07-06T22:44:16.440+0000] {logging_mixin.py:188} INFO - [2024-07-06T22:44:16.440+0000] {dag.py:3096} INFO - Sync 1 DAGs
[2024-07-06T22:44:16.459+0000] {logging_mixin.py:188} INFO - [2024-07-06T22:44:16.459+0000] {dag.py:3954} INFO - Setting next_dagrun for Extend_Run_Dags_Monitor to 2024-07-06 21:15:00+00:00, run_after=2024-07-06 22:15:00+00:00
[2024-07-06T22:44:16.474+0000] {processor.py:183} INFO - Processing /opt/airflow/dags/extend_run_dags_monitor.py took 0.076 seconds
