[2024-07-06T00:02:29.891+0000] {processor.py:161} INFO - Started process (PID=55401) to work on /opt/airflow/dags/fail_dags_monitor.py
[2024-07-06T00:02:29.894+0000] {processor.py:830} INFO - Processing file /opt/airflow/dags/fail_dags_monitor.py for tasks to queue
[2024-07-06T00:02:29.896+0000] {logging_mixin.py:188} INFO - [2024-07-06T00:02:29.896+0000] {dagbag.py:545} INFO - Filling up the DagBag from /opt/airflow/dags/fail_dags_monitor.py
[2024-07-06T00:02:30.535+0000] {processor.py:840} INFO - DAG(s) 'Fail_Dags_Monitor' retrieved from /opt/airflow/dags/fail_dags_monitor.py
[2024-07-06T00:02:30.556+0000] {logging_mixin.py:188} INFO - [2024-07-06T00:02:30.555+0000] {dag.py:3096} INFO - Sync 1 DAGs
[2024-07-06T00:02:30.572+0000] {logging_mixin.py:188} INFO - [2024-07-06T00:02:30.572+0000] {dag.py:3954} INFO - Setting next_dagrun for Fail_Dags_Monitor to 2024-07-05 23:15:00+00:00, run_after=2024-07-06 00:15:00+00:00
[2024-07-06T00:02:30.595+0000] {processor.py:183} INFO - Processing /opt/airflow/dags/fail_dags_monitor.py took 0.714 seconds
[2024-07-06T01:19:36.675+0000] {processor.py:161} INFO - Started process (PID=55456) to work on /opt/airflow/dags/fail_dags_monitor.py
[2024-07-06T01:19:36.678+0000] {processor.py:830} INFO - Processing file /opt/airflow/dags/fail_dags_monitor.py for tasks to queue
[2024-07-06T01:19:36.682+0000] {logging_mixin.py:188} INFO - [2024-07-06T01:19:36.682+0000] {dagbag.py:545} INFO - Filling up the DagBag from /opt/airflow/dags/fail_dags_monitor.py
[2024-07-06T01:19:37.037+0000] {processor.py:840} INFO - DAG(s) 'Fail_Dags_Monitor' retrieved from /opt/airflow/dags/fail_dags_monitor.py
[2024-07-06T01:19:37.050+0000] {logging_mixin.py:188} INFO - [2024-07-06T01:19:37.049+0000] {taskinstance.py:2907} ERROR - {'DAG Id': 'Fail_Dags_Monitor', 'Task Id': 'load', 'Run Id': 'scheduled__2024-07-05T21:15:00+00:00', 'Hostname': '0b64c9d791b9'}
[2024-07-06T01:19:37.061+0000] {logging_mixin.py:188} INFO - [2024-07-06T01:19:37.060+0000] {taskinstance.py:1206} INFO - Marking task as FAILED. dag_id=Fail_Dags_Monitor, task_id=load, run_id=scheduled__2024-07-05T21:15:00+00:00, execution_date=20240705T211500, start_date=20240706T000237, end_date=20240706T011937
[2024-07-06T01:19:37.065+0000] {processor.py:791} INFO - Executed failure callback for <TaskInstance: Fail_Dags_Monitor.load scheduled__2024-07-05T21:15:00+00:00 [failed]> in state failed
[2024-07-06T01:19:37.074+0000] {logging_mixin.py:188} INFO - [2024-07-06T01:19:37.074+0000] {dag.py:3096} INFO - Sync 1 DAGs
[2024-07-06T01:19:37.083+0000] {logging_mixin.py:188} INFO - [2024-07-06T01:19:37.083+0000] {dag.py:3954} INFO - Setting next_dagrun for Fail_Dags_Monitor to 2024-07-06 01:15:00+00:00, run_after=2024-07-06 02:15:00+00:00
[2024-07-06T01:19:37.090+0000] {processor.py:183} INFO - Processing /opt/airflow/dags/fail_dags_monitor.py took 0.422 seconds
[2024-07-06T02:34:35.551+0000] {processor.py:161} INFO - Started process (PID=55499) to work on /opt/airflow/dags/fail_dags_monitor.py
[2024-07-06T02:34:35.553+0000] {processor.py:830} INFO - Processing file /opt/airflow/dags/fail_dags_monitor.py for tasks to queue
[2024-07-06T02:34:35.554+0000] {logging_mixin.py:188} INFO - [2024-07-06T02:34:35.554+0000] {dagbag.py:545} INFO - Filling up the DagBag from /opt/airflow/dags/fail_dags_monitor.py
[2024-07-06T02:34:36.065+0000] {processor.py:840} INFO - DAG(s) 'Fail_Dags_Monitor' retrieved from /opt/airflow/dags/fail_dags_monitor.py
[2024-07-06T02:34:36.109+0000] {logging_mixin.py:188} INFO - [2024-07-06T02:34:36.108+0000] {dag.py:3096} INFO - Sync 1 DAGs
[2024-07-06T02:34:36.147+0000] {logging_mixin.py:188} INFO - [2024-07-06T02:34:36.147+0000] {dag.py:3954} INFO - Setting next_dagrun for Fail_Dags_Monitor to 2024-07-06 02:15:00+00:00, run_after=2024-07-06 03:15:00+00:00
[2024-07-06T02:34:36.180+0000] {processor.py:183} INFO - Processing /opt/airflow/dags/fail_dags_monitor.py took 0.667 seconds
[2024-07-06T03:51:28.520+0000] {processor.py:161} INFO - Started process (PID=55544) to work on /opt/airflow/dags/fail_dags_monitor.py
[2024-07-06T03:51:28.522+0000] {processor.py:830} INFO - Processing file /opt/airflow/dags/fail_dags_monitor.py for tasks to queue
[2024-07-06T03:51:28.523+0000] {logging_mixin.py:188} INFO - [2024-07-06T03:51:28.522+0000] {dagbag.py:545} INFO - Filling up the DagBag from /opt/airflow/dags/fail_dags_monitor.py
[2024-07-06T03:51:28.752+0000] {processor.py:840} INFO - DAG(s) 'Fail_Dags_Monitor' retrieved from /opt/airflow/dags/fail_dags_monitor.py
[2024-07-06T03:51:28.768+0000] {logging_mixin.py:188} INFO - [2024-07-06T03:51:28.768+0000] {dag.py:3096} INFO - Sync 1 DAGs
[2024-07-06T03:51:28.780+0000] {logging_mixin.py:188} INFO - [2024-07-06T03:51:28.780+0000] {dag.py:3954} INFO - Setting next_dagrun for Fail_Dags_Monitor to 2024-07-06 02:15:00+00:00, run_after=2024-07-06 03:15:00+00:00
[2024-07-06T03:51:28.792+0000] {processor.py:183} INFO - Processing /opt/airflow/dags/fail_dags_monitor.py took 0.279 seconds
[2024-07-06T04:42:18.164+0000] {processor.py:161} INFO - Started process (PID=55585) to work on /opt/airflow/dags/fail_dags_monitor.py
[2024-07-06T04:42:18.170+0000] {processor.py:830} INFO - Processing file /opt/airflow/dags/fail_dags_monitor.py for tasks to queue
[2024-07-06T04:42:18.176+0000] {logging_mixin.py:188} INFO - [2024-07-06T04:42:18.176+0000] {dagbag.py:545} INFO - Filling up the DagBag from /opt/airflow/dags/fail_dags_monitor.py
[2024-07-06T04:42:18.916+0000] {processor.py:840} INFO - DAG(s) 'Fail_Dags_Monitor' retrieved from /opt/airflow/dags/fail_dags_monitor.py
[2024-07-06T04:42:18.935+0000] {logging_mixin.py:188} INFO - [2024-07-06T04:42:18.935+0000] {dag.py:3096} INFO - Sync 1 DAGs
[2024-07-06T04:42:18.968+0000] {logging_mixin.py:188} INFO - [2024-07-06T04:42:18.968+0000] {dag.py:3954} INFO - Setting next_dagrun for Fail_Dags_Monitor to 2024-07-06 04:15:00+00:00, run_after=2024-07-06 05:15:00+00:00
[2024-07-06T04:42:18.983+0000] {processor.py:183} INFO - Processing /opt/airflow/dags/fail_dags_monitor.py took 0.829 seconds
[2024-07-06T06:07:03.597+0000] {processor.py:161} INFO - Started process (PID=55622) to work on /opt/airflow/dags/fail_dags_monitor.py
[2024-07-06T06:07:03.600+0000] {processor.py:830} INFO - Processing file /opt/airflow/dags/fail_dags_monitor.py for tasks to queue
[2024-07-06T06:07:03.601+0000] {logging_mixin.py:188} INFO - [2024-07-06T06:07:03.601+0000] {dagbag.py:545} INFO - Filling up the DagBag from /opt/airflow/dags/fail_dags_monitor.py
[2024-07-06T06:07:03.968+0000] {processor.py:840} INFO - DAG(s) 'Fail_Dags_Monitor' retrieved from /opt/airflow/dags/fail_dags_monitor.py
[2024-07-06T06:07:03.984+0000] {logging_mixin.py:188} INFO - [2024-07-06T06:07:03.984+0000] {dag.py:3096} INFO - Sync 1 DAGs
[2024-07-06T06:07:04.002+0000] {logging_mixin.py:188} INFO - [2024-07-06T06:07:04.002+0000] {dag.py:3954} INFO - Setting next_dagrun for Fail_Dags_Monitor to 2024-07-06 04:15:00+00:00, run_after=2024-07-06 05:15:00+00:00
[2024-07-06T06:07:04.015+0000] {processor.py:183} INFO - Processing /opt/airflow/dags/fail_dags_monitor.py took 0.448 seconds
[2024-07-06T07:08:07.973+0000] {processor.py:161} INFO - Started process (PID=55661) to work on /opt/airflow/dags/fail_dags_monitor.py
[2024-07-06T07:08:07.976+0000] {processor.py:830} INFO - Processing file /opt/airflow/dags/fail_dags_monitor.py for tasks to queue
[2024-07-06T07:08:07.984+0000] {logging_mixin.py:188} INFO - [2024-07-06T07:08:07.978+0000] {dagbag.py:545} INFO - Filling up the DagBag from /opt/airflow/dags/fail_dags_monitor.py
[2024-07-06T07:08:08.437+0000] {processor.py:840} INFO - DAG(s) 'Fail_Dags_Monitor' retrieved from /opt/airflow/dags/fail_dags_monitor.py
[2024-07-06T07:08:08.472+0000] {logging_mixin.py:188} INFO - [2024-07-06T07:08:08.472+0000] {dag.py:3096} INFO - Sync 1 DAGs
[2024-07-06T07:08:08.490+0000] {logging_mixin.py:188} INFO - [2024-07-06T07:08:08.490+0000] {dag.py:3954} INFO - Setting next_dagrun for Fail_Dags_Monitor to 2024-07-06 06:15:00+00:00, run_after=2024-07-06 07:15:00+00:00
[2024-07-06T07:08:08.509+0000] {processor.py:183} INFO - Processing /opt/airflow/dags/fail_dags_monitor.py took 0.562 seconds
[2024-07-06T08:24:58.501+0000] {processor.py:161} INFO - Started process (PID=55700) to work on /opt/airflow/dags/fail_dags_monitor.py
[2024-07-06T08:24:58.506+0000] {processor.py:830} INFO - Processing file /opt/airflow/dags/fail_dags_monitor.py for tasks to queue
[2024-07-06T08:24:58.512+0000] {logging_mixin.py:188} INFO - [2024-07-06T08:24:58.510+0000] {dagbag.py:545} INFO - Filling up the DagBag from /opt/airflow/dags/fail_dags_monitor.py
[2024-07-06T08:24:59.016+0000] {processor.py:840} INFO - DAG(s) 'Fail_Dags_Monitor' retrieved from /opt/airflow/dags/fail_dags_monitor.py
[2024-07-06T08:24:59.057+0000] {logging_mixin.py:188} INFO - [2024-07-06T08:24:59.057+0000] {dag.py:3096} INFO - Sync 1 DAGs
[2024-07-06T08:24:59.103+0000] {logging_mixin.py:188} INFO - [2024-07-06T08:24:59.103+0000] {dag.py:3954} INFO - Setting next_dagrun for Fail_Dags_Monitor to 2024-07-06 08:15:00+00:00, run_after=2024-07-06 09:15:00+00:00
[2024-07-06T08:24:59.118+0000] {processor.py:183} INFO - Processing /opt/airflow/dags/fail_dags_monitor.py took 0.637 seconds
[2024-07-06T09:10:20.126+0000] {processor.py:161} INFO - Started process (PID=55753) to work on /opt/airflow/dags/fail_dags_monitor.py
[2024-07-06T09:10:20.127+0000] {processor.py:830} INFO - Processing file /opt/airflow/dags/fail_dags_monitor.py for tasks to queue
[2024-07-06T09:10:20.128+0000] {logging_mixin.py:188} INFO - [2024-07-06T09:10:20.128+0000] {dagbag.py:545} INFO - Filling up the DagBag from /opt/airflow/dags/fail_dags_monitor.py
[2024-07-06T09:10:20.400+0000] {processor.py:840} INFO - DAG(s) 'Fail_Dags_Monitor' retrieved from /opt/airflow/dags/fail_dags_monitor.py
[2024-07-06T09:10:20.415+0000] {logging_mixin.py:188} INFO - [2024-07-06T09:10:20.414+0000] {dag.py:3096} INFO - Sync 1 DAGs
[2024-07-06T09:10:20.425+0000] {logging_mixin.py:188} INFO - [2024-07-06T09:10:20.425+0000] {dag.py:3954} INFO - Setting next_dagrun for Fail_Dags_Monitor to 2024-07-06 08:15:00+00:00, run_after=2024-07-06 09:15:00+00:00
[2024-07-06T09:10:20.435+0000] {processor.py:183} INFO - Processing /opt/airflow/dags/fail_dags_monitor.py took 0.316 seconds
[2024-07-06T10:11:05.380+0000] {processor.py:161} INFO - Started process (PID=55781) to work on /opt/airflow/dags/fail_dags_monitor.py
[2024-07-06T10:11:05.382+0000] {processor.py:830} INFO - Processing file /opt/airflow/dags/fail_dags_monitor.py for tasks to queue
[2024-07-06T10:11:05.383+0000] {logging_mixin.py:188} INFO - [2024-07-06T10:11:05.383+0000] {dagbag.py:545} INFO - Filling up the DagBag from /opt/airflow/dags/fail_dags_monitor.py
[2024-07-06T10:11:05.716+0000] {processor.py:840} INFO - DAG(s) 'Fail_Dags_Monitor' retrieved from /opt/airflow/dags/fail_dags_monitor.py
[2024-07-06T10:11:05.733+0000] {logging_mixin.py:188} INFO - [2024-07-06T10:11:05.732+0000] {dag.py:3096} INFO - Sync 1 DAGs
[2024-07-06T10:11:05.754+0000] {logging_mixin.py:188} INFO - [2024-07-06T10:11:05.754+0000] {dag.py:3954} INFO - Setting next_dagrun for Fail_Dags_Monitor to 2024-07-06 08:15:00+00:00, run_after=2024-07-06 09:15:00+00:00
[2024-07-06T10:11:05.772+0000] {processor.py:183} INFO - Processing /opt/airflow/dags/fail_dags_monitor.py took 0.400 seconds
[2024-07-06T10:50:23.581+0000] {processor.py:161} INFO - Started process (PID=55823) to work on /opt/airflow/dags/fail_dags_monitor.py
[2024-07-06T10:50:23.583+0000] {processor.py:830} INFO - Processing file /opt/airflow/dags/fail_dags_monitor.py for tasks to queue
[2024-07-06T10:50:23.584+0000] {logging_mixin.py:188} INFO - [2024-07-06T10:50:23.584+0000] {dagbag.py:545} INFO - Filling up the DagBag from /opt/airflow/dags/fail_dags_monitor.py
[2024-07-06T10:50:23.794+0000] {processor.py:840} INFO - DAG(s) 'Fail_Dags_Monitor' retrieved from /opt/airflow/dags/fail_dags_monitor.py
[2024-07-06T10:50:23.810+0000] {logging_mixin.py:188} INFO - [2024-07-06T10:50:23.810+0000] {dag.py:3096} INFO - Sync 1 DAGs
[2024-07-06T10:50:23.821+0000] {logging_mixin.py:188} INFO - [2024-07-06T10:50:23.821+0000] {dag.py:3954} INFO - Setting next_dagrun for Fail_Dags_Monitor to 2024-07-06 09:15:00+00:00, run_after=2024-07-06 10:15:00+00:00
[2024-07-06T10:50:23.830+0000] {processor.py:183} INFO - Processing /opt/airflow/dags/fail_dags_monitor.py took 0.256 seconds
[2024-07-06T10:50:26.087+0000] {processor.py:161} INFO - Started process (PID=55852) to work on /opt/airflow/dags/fail_dags_monitor.py
[2024-07-06T10:50:26.088+0000] {processor.py:830} INFO - Processing file /opt/airflow/dags/fail_dags_monitor.py for tasks to queue
[2024-07-06T10:50:26.088+0000] {logging_mixin.py:188} INFO - [2024-07-06T10:50:26.088+0000] {dagbag.py:545} INFO - Filling up the DagBag from /opt/airflow/dags/fail_dags_monitor.py
[2024-07-06T10:50:26.283+0000] {processor.py:840} INFO - DAG(s) 'Fail_Dags_Monitor' retrieved from /opt/airflow/dags/fail_dags_monitor.py
[2024-07-06T10:50:26.317+0000] {logging_mixin.py:188} INFO - [2024-07-06T10:50:26.311+0000] {taskinstance.py:2907} ERROR - {'DAG Id': 'Fail_Dags_Monitor', 'Task Id': 'load', 'Run Id': 'scheduled__2024-07-06T06:15:00+00:00', 'Hostname': '0b64c9d791b9'}
[2024-07-06T10:50:26.342+0000] {logging_mixin.py:188} INFO - [2024-07-06T10:50:26.342+0000] {taskinstance.py:1206} INFO - Marking task as FAILED. dag_id=Fail_Dags_Monitor, task_id=load, run_id=scheduled__2024-07-06T06:15:00+00:00, execution_date=20240706T061500, start_date=20240706T101117, end_date=20240706T105026
[2024-07-06T10:50:26.350+0000] {processor.py:791} INFO - Executed failure callback for <TaskInstance: Fail_Dags_Monitor.load scheduled__2024-07-06T06:15:00+00:00 [failed]> in state failed
[2024-07-06T10:50:26.368+0000] {logging_mixin.py:188} INFO - [2024-07-06T10:50:26.368+0000] {dag.py:3096} INFO - Sync 1 DAGs
[2024-07-06T10:50:26.385+0000] {logging_mixin.py:188} INFO - [2024-07-06T10:50:26.385+0000] {dag.py:3954} INFO - Setting next_dagrun for Fail_Dags_Monitor to 2024-07-06 10:15:00+00:00, run_after=2024-07-06 11:15:00+00:00
[2024-07-06T10:50:26.396+0000] {processor.py:183} INFO - Processing /opt/airflow/dags/fail_dags_monitor.py took 0.313 seconds
[2024-07-06T11:36:10.393+0000] {processor.py:161} INFO - Started process (PID=55869) to work on /opt/airflow/dags/fail_dags_monitor.py
[2024-07-06T11:36:10.395+0000] {processor.py:830} INFO - Processing file /opt/airflow/dags/fail_dags_monitor.py for tasks to queue
[2024-07-06T11:36:10.396+0000] {logging_mixin.py:188} INFO - [2024-07-06T11:36:10.396+0000] {dagbag.py:545} INFO - Filling up the DagBag from /opt/airflow/dags/fail_dags_monitor.py
[2024-07-06T11:36:10.706+0000] {processor.py:840} INFO - DAG(s) 'Fail_Dags_Monitor' retrieved from /opt/airflow/dags/fail_dags_monitor.py
[2024-07-06T11:36:10.722+0000] {logging_mixin.py:188} INFO - [2024-07-06T11:36:10.721+0000] {taskinstance.py:2907} ERROR - {'DAG Id': 'Fail_Dags_Monitor', 'Task Id': 'load', 'Run Id': 'scheduled__2024-07-06T07:15:00+00:00', 'Hostname': '0b64c9d791b9'}
[2024-07-06T11:36:10.736+0000] {logging_mixin.py:188} INFO - [2024-07-06T11:36:10.736+0000] {taskinstance.py:1206} INFO - Marking task as FAILED. dag_id=Fail_Dags_Monitor, task_id=load, run_id=scheduled__2024-07-06T07:15:00+00:00, execution_date=20240706T071500, start_date=20240706T101117, end_date=20240706T113610
[2024-07-06T11:36:10.743+0000] {processor.py:791} INFO - Executed failure callback for <TaskInstance: Fail_Dags_Monitor.load scheduled__2024-07-06T07:15:00+00:00 [failed]> in state failed
[2024-07-06T11:36:10.757+0000] {logging_mixin.py:188} INFO - [2024-07-06T11:36:10.756+0000] {dag.py:3096} INFO - Sync 1 DAGs
[2024-07-06T11:36:10.770+0000] {logging_mixin.py:188} INFO - [2024-07-06T11:36:10.769+0000] {dag.py:3954} INFO - Setting next_dagrun for Fail_Dags_Monitor to 2024-07-06 10:15:00+00:00, run_after=2024-07-06 11:15:00+00:00
[2024-07-06T11:36:10.783+0000] {processor.py:183} INFO - Processing /opt/airflow/dags/fail_dags_monitor.py took 0.417 seconds
[2024-07-06T11:52:55.167+0000] {processor.py:161} INFO - Started process (PID=55905) to work on /opt/airflow/dags/fail_dags_monitor.py
[2024-07-06T11:52:55.169+0000] {processor.py:830} INFO - Processing file /opt/airflow/dags/fail_dags_monitor.py for tasks to queue
[2024-07-06T11:52:55.170+0000] {logging_mixin.py:188} INFO - [2024-07-06T11:52:55.169+0000] {dagbag.py:545} INFO - Filling up the DagBag from /opt/airflow/dags/fail_dags_monitor.py
[2024-07-06T11:52:55.500+0000] {processor.py:840} INFO - DAG(s) 'Fail_Dags_Monitor' retrieved from /opt/airflow/dags/fail_dags_monitor.py
[2024-07-06T11:52:55.517+0000] {logging_mixin.py:188} INFO - [2024-07-06T11:52:55.515+0000] {dag.py:3096} INFO - Sync 1 DAGs
[2024-07-06T11:52:55.543+0000] {logging_mixin.py:188} INFO - [2024-07-06T11:52:55.542+0000] {dag.py:3954} INFO - Setting next_dagrun for Fail_Dags_Monitor to 2024-07-06 11:15:00+00:00, run_after=2024-07-06 12:15:00+00:00
[2024-07-06T11:52:55.552+0000] {processor.py:183} INFO - Processing /opt/airflow/dags/fail_dags_monitor.py took 0.422 seconds
[2024-07-06T11:52:57.991+0000] {processor.py:161} INFO - Started process (PID=55921) to work on /opt/airflow/dags/fail_dags_monitor.py
[2024-07-06T11:52:57.992+0000] {processor.py:830} INFO - Processing file /opt/airflow/dags/fail_dags_monitor.py for tasks to queue
[2024-07-06T11:52:57.992+0000] {logging_mixin.py:188} INFO - [2024-07-06T11:52:57.992+0000] {dagbag.py:545} INFO - Filling up the DagBag from /opt/airflow/dags/fail_dags_monitor.py
[2024-07-06T11:52:58.207+0000] {processor.py:840} INFO - DAG(s) 'Fail_Dags_Monitor' retrieved from /opt/airflow/dags/fail_dags_monitor.py
[2024-07-06T11:52:58.232+0000] {logging_mixin.py:188} INFO - [2024-07-06T11:52:58.230+0000] {taskinstance.py:2907} ERROR - {'DAG Id': 'Fail_Dags_Monitor', 'Task Id': 'load', 'Run Id': 'scheduled__2024-07-06T10:15:00+00:00', 'Hostname': '0b64c9d791b9'}
[2024-07-06T11:52:58.248+0000] {logging_mixin.py:188} INFO - [2024-07-06T11:52:58.248+0000] {taskinstance.py:1206} INFO - Marking task as UP_FOR_RETRY. dag_id=Fail_Dags_Monitor, task_id=load, run_id=scheduled__2024-07-06T10:15:00+00:00, execution_date=20240706T101500, start_date=20240706T113613, end_date=20240706T115258
[2024-07-06T11:52:58.255+0000] {processor.py:791} INFO - Executed failure callback for <TaskInstance: Fail_Dags_Monitor.load scheduled__2024-07-06T10:15:00+00:00 [up_for_retry]> in state up_for_retry
[2024-07-06T11:52:58.268+0000] {logging_mixin.py:188} INFO - [2024-07-06T11:52:58.268+0000] {dag.py:3096} INFO - Sync 1 DAGs
[2024-07-06T11:52:58.282+0000] {logging_mixin.py:188} INFO - [2024-07-06T11:52:58.282+0000] {dag.py:3954} INFO - Setting next_dagrun for Fail_Dags_Monitor to 2024-07-06 11:15:00+00:00, run_after=2024-07-06 12:15:00+00:00
[2024-07-06T11:52:58.291+0000] {processor.py:183} INFO - Processing /opt/airflow/dags/fail_dags_monitor.py took 0.306 seconds
[2024-07-06T11:55:04.556+0000] {processor.py:161} INFO - Started process (PID=55936) to work on /opt/airflow/dags/fail_dags_monitor.py
[2024-07-06T11:55:04.557+0000] {processor.py:830} INFO - Processing file /opt/airflow/dags/fail_dags_monitor.py for tasks to queue
[2024-07-06T11:55:04.558+0000] {logging_mixin.py:188} INFO - [2024-07-06T11:55:04.558+0000] {dagbag.py:545} INFO - Filling up the DagBag from /opt/airflow/dags/fail_dags_monitor.py
[2024-07-06T11:55:04.849+0000] {processor.py:840} INFO - DAG(s) 'Fail_Dags_Monitor' retrieved from /opt/airflow/dags/fail_dags_monitor.py
[2024-07-06T11:55:04.862+0000] {logging_mixin.py:188} INFO - [2024-07-06T11:55:04.862+0000] {dag.py:3096} INFO - Sync 1 DAGs
[2024-07-06T11:55:04.875+0000] {logging_mixin.py:188} INFO - [2024-07-06T11:55:04.874+0000] {dag.py:3954} INFO - Setting next_dagrun for Fail_Dags_Monitor to 2024-07-06 11:15:00+00:00, run_after=2024-07-06 12:15:00+00:00
[2024-07-06T11:55:04.883+0000] {processor.py:183} INFO - Processing /opt/airflow/dags/fail_dags_monitor.py took 0.336 seconds
[2024-07-06T11:57:14.803+0000] {processor.py:161} INFO - Started process (PID=55961) to work on /opt/airflow/dags/fail_dags_monitor.py
[2024-07-06T11:57:14.806+0000] {processor.py:830} INFO - Processing file /opt/airflow/dags/fail_dags_monitor.py for tasks to queue
[2024-07-06T11:57:14.807+0000] {logging_mixin.py:188} INFO - [2024-07-06T11:57:14.807+0000] {dagbag.py:545} INFO - Filling up the DagBag from /opt/airflow/dags/fail_dags_monitor.py
[2024-07-06T11:57:15.057+0000] {processor.py:840} INFO - DAG(s) 'Fail_Dags_Monitor' retrieved from /opt/airflow/dags/fail_dags_monitor.py
[2024-07-06T11:57:15.072+0000] {logging_mixin.py:188} INFO - [2024-07-06T11:57:15.072+0000] {dag.py:3096} INFO - Sync 1 DAGs
[2024-07-06T11:57:15.083+0000] {logging_mixin.py:188} INFO - [2024-07-06T11:57:15.082+0000] {dag.py:3954} INFO - Setting next_dagrun for Fail_Dags_Monitor to 2024-07-06 11:15:00+00:00, run_after=2024-07-06 12:15:00+00:00
[2024-07-06T11:57:15.091+0000] {processor.py:183} INFO - Processing /opt/airflow/dags/fail_dags_monitor.py took 0.299 seconds
[2024-07-06T11:59:49.307+0000] {processor.py:161} INFO - Started process (PID=55983) to work on /opt/airflow/dags/fail_dags_monitor.py
[2024-07-06T11:59:49.310+0000] {processor.py:830} INFO - Processing file /opt/airflow/dags/fail_dags_monitor.py for tasks to queue
[2024-07-06T11:59:49.311+0000] {logging_mixin.py:188} INFO - [2024-07-06T11:59:49.310+0000] {dagbag.py:545} INFO - Filling up the DagBag from /opt/airflow/dags/fail_dags_monitor.py
[2024-07-06T11:59:49.696+0000] {processor.py:840} INFO - DAG(s) 'Fail_Dags_Monitor' retrieved from /opt/airflow/dags/fail_dags_monitor.py
[2024-07-06T11:59:49.711+0000] {logging_mixin.py:188} INFO - [2024-07-06T11:59:49.711+0000] {dag.py:3096} INFO - Sync 1 DAGs
[2024-07-06T11:59:49.724+0000] {logging_mixin.py:188} INFO - [2024-07-06T11:59:49.724+0000] {dag.py:3954} INFO - Setting next_dagrun for Fail_Dags_Monitor to 2024-07-06 11:15:00+00:00, run_after=2024-07-06 12:15:00+00:00
[2024-07-06T11:59:49.732+0000] {processor.py:183} INFO - Processing /opt/airflow/dags/fail_dags_monitor.py took 0.456 seconds
[2024-07-06T12:14:44.448+0000] {processor.py:161} INFO - Started process (PID=56005) to work on /opt/airflow/dags/fail_dags_monitor.py
[2024-07-06T12:14:44.452+0000] {processor.py:830} INFO - Processing file /opt/airflow/dags/fail_dags_monitor.py for tasks to queue
[2024-07-06T12:14:44.453+0000] {logging_mixin.py:188} INFO - [2024-07-06T12:14:44.452+0000] {dagbag.py:545} INFO - Filling up the DagBag from /opt/airflow/dags/fail_dags_monitor.py
[2024-07-06T12:14:44.750+0000] {processor.py:840} INFO - DAG(s) 'Fail_Dags_Monitor' retrieved from /opt/airflow/dags/fail_dags_monitor.py
[2024-07-06T12:14:44.766+0000] {logging_mixin.py:188} INFO - [2024-07-06T12:14:44.766+0000] {dag.py:3096} INFO - Sync 1 DAGs
[2024-07-06T12:14:44.777+0000] {logging_mixin.py:188} INFO - [2024-07-06T12:14:44.777+0000] {dag.py:3954} INFO - Setting next_dagrun for Fail_Dags_Monitor to 2024-07-06 11:15:00+00:00, run_after=2024-07-06 12:15:00+00:00
[2024-07-06T12:14:44.787+0000] {processor.py:183} INFO - Processing /opt/airflow/dags/fail_dags_monitor.py took 0.364 seconds
[2024-07-06T12:16:53.659+0000] {processor.py:161} INFO - Started process (PID=56038) to work on /opt/airflow/dags/fail_dags_monitor.py
[2024-07-06T12:16:53.661+0000] {processor.py:830} INFO - Processing file /opt/airflow/dags/fail_dags_monitor.py for tasks to queue
[2024-07-06T12:16:53.662+0000] {logging_mixin.py:188} INFO - [2024-07-06T12:16:53.661+0000] {dagbag.py:545} INFO - Filling up the DagBag from /opt/airflow/dags/fail_dags_monitor.py
[2024-07-06T12:16:53.975+0000] {processor.py:840} INFO - DAG(s) 'Fail_Dags_Monitor' retrieved from /opt/airflow/dags/fail_dags_monitor.py
[2024-07-06T12:16:53.990+0000] {logging_mixin.py:188} INFO - [2024-07-06T12:16:53.990+0000] {dag.py:3096} INFO - Sync 1 DAGs
[2024-07-06T12:16:54.001+0000] {logging_mixin.py:188} INFO - [2024-07-06T12:16:54.001+0000] {dag.py:3954} INFO - Setting next_dagrun for Fail_Dags_Monitor to 2024-07-06 12:15:00+00:00, run_after=2024-07-06 13:15:00+00:00
[2024-07-06T12:16:54.010+0000] {processor.py:183} INFO - Processing /opt/airflow/dags/fail_dags_monitor.py took 0.387 seconds
[2024-07-06T12:32:48.429+0000] {processor.py:161} INFO - Started process (PID=56060) to work on /opt/airflow/dags/fail_dags_monitor.py
[2024-07-06T12:32:48.430+0000] {processor.py:830} INFO - Processing file /opt/airflow/dags/fail_dags_monitor.py for tasks to queue
[2024-07-06T12:32:48.431+0000] {logging_mixin.py:188} INFO - [2024-07-06T12:32:48.431+0000] {dagbag.py:545} INFO - Filling up the DagBag from /opt/airflow/dags/fail_dags_monitor.py
[2024-07-06T12:32:48.732+0000] {processor.py:840} INFO - DAG(s) 'Fail_Dags_Monitor' retrieved from /opt/airflow/dags/fail_dags_monitor.py
[2024-07-06T12:32:48.748+0000] {logging_mixin.py:188} INFO - [2024-07-06T12:32:48.747+0000] {dag.py:3096} INFO - Sync 1 DAGs
[2024-07-06T12:32:48.759+0000] {logging_mixin.py:188} INFO - [2024-07-06T12:32:48.759+0000] {dag.py:3954} INFO - Setting next_dagrun for Fail_Dags_Monitor to 2024-07-06 12:15:00+00:00, run_after=2024-07-06 13:15:00+00:00
[2024-07-06T12:32:48.768+0000] {processor.py:183} INFO - Processing /opt/airflow/dags/fail_dags_monitor.py took 0.348 seconds
[2024-07-06T12:32:51.960+0000] {processor.py:161} INFO - Started process (PID=56076) to work on /opt/airflow/dags/fail_dags_monitor.py
[2024-07-06T12:32:51.961+0000] {processor.py:830} INFO - Processing file /opt/airflow/dags/fail_dags_monitor.py for tasks to queue
[2024-07-06T12:32:51.962+0000] {logging_mixin.py:188} INFO - [2024-07-06T12:32:51.962+0000] {dagbag.py:545} INFO - Filling up the DagBag from /opt/airflow/dags/fail_dags_monitor.py
[2024-07-06T12:32:52.430+0000] {processor.py:840} INFO - DAG(s) 'Fail_Dags_Monitor' retrieved from /opt/airflow/dags/fail_dags_monitor.py
[2024-07-06T12:32:52.446+0000] {logging_mixin.py:188} INFO - [2024-07-06T12:32:52.445+0000] {taskinstance.py:2907} ERROR - {'DAG Id': 'Fail_Dags_Monitor', 'Task Id': 'load', 'Run Id': 'scheduled__2024-07-06T11:15:00+00:00', 'Hostname': '0b64c9d791b9'}
[2024-07-06T12:32:52.456+0000] {logging_mixin.py:188} INFO - [2024-07-06T12:32:52.456+0000] {taskinstance.py:1206} INFO - Marking task as UP_FOR_RETRY. dag_id=Fail_Dags_Monitor, task_id=load, run_id=scheduled__2024-07-06T11:15:00+00:00, execution_date=20240706T111500, start_date=20240706T121502, end_date=20240706T123252
[2024-07-06T12:32:52.462+0000] {processor.py:791} INFO - Executed failure callback for <TaskInstance: Fail_Dags_Monitor.load scheduled__2024-07-06T11:15:00+00:00 [up_for_retry]> in state up_for_retry
[2024-07-06T12:32:52.478+0000] {logging_mixin.py:188} INFO - [2024-07-06T12:32:52.478+0000] {dag.py:3096} INFO - Sync 1 DAGs
[2024-07-06T12:32:52.488+0000] {logging_mixin.py:188} INFO - [2024-07-06T12:32:52.488+0000] {dag.py:3954} INFO - Setting next_dagrun for Fail_Dags_Monitor to 2024-07-06 12:15:00+00:00, run_after=2024-07-06 13:15:00+00:00
[2024-07-06T12:32:52.496+0000] {processor.py:183} INFO - Processing /opt/airflow/dags/fail_dags_monitor.py took 0.543 seconds
[2024-07-06T12:34:58.156+0000] {processor.py:161} INFO - Started process (PID=56094) to work on /opt/airflow/dags/fail_dags_monitor.py
[2024-07-06T12:34:58.158+0000] {processor.py:830} INFO - Processing file /opt/airflow/dags/fail_dags_monitor.py for tasks to queue
[2024-07-06T12:34:58.158+0000] {logging_mixin.py:188} INFO - [2024-07-06T12:34:58.158+0000] {dagbag.py:545} INFO - Filling up the DagBag from /opt/airflow/dags/fail_dags_monitor.py
[2024-07-06T12:34:58.360+0000] {processor.py:840} INFO - DAG(s) 'Fail_Dags_Monitor' retrieved from /opt/airflow/dags/fail_dags_monitor.py
[2024-07-06T12:34:58.376+0000] {logging_mixin.py:188} INFO - [2024-07-06T12:34:58.375+0000] {dag.py:3096} INFO - Sync 1 DAGs
[2024-07-06T12:34:58.386+0000] {logging_mixin.py:188} INFO - [2024-07-06T12:34:58.386+0000] {dag.py:3954} INFO - Setting next_dagrun for Fail_Dags_Monitor to 2024-07-06 12:15:00+00:00, run_after=2024-07-06 13:15:00+00:00
[2024-07-06T12:34:58.395+0000] {processor.py:183} INFO - Processing /opt/airflow/dags/fail_dags_monitor.py took 0.245 seconds
[2024-07-06T12:37:07.580+0000] {processor.py:161} INFO - Started process (PID=56116) to work on /opt/airflow/dags/fail_dags_monitor.py
[2024-07-06T12:37:07.582+0000] {processor.py:830} INFO - Processing file /opt/airflow/dags/fail_dags_monitor.py for tasks to queue
[2024-07-06T12:37:07.583+0000] {logging_mixin.py:188} INFO - [2024-07-06T12:37:07.583+0000] {dagbag.py:545} INFO - Filling up the DagBag from /opt/airflow/dags/fail_dags_monitor.py
[2024-07-06T12:37:07.846+0000] {processor.py:840} INFO - DAG(s) 'Fail_Dags_Monitor' retrieved from /opt/airflow/dags/fail_dags_monitor.py
[2024-07-06T12:37:07.860+0000] {logging_mixin.py:188} INFO - [2024-07-06T12:37:07.860+0000] {dag.py:3096} INFO - Sync 1 DAGs
[2024-07-06T12:37:07.871+0000] {logging_mixin.py:188} INFO - [2024-07-06T12:37:07.871+0000] {dag.py:3954} INFO - Setting next_dagrun for Fail_Dags_Monitor to 2024-07-06 12:15:00+00:00, run_after=2024-07-06 13:15:00+00:00
[2024-07-06T12:37:07.879+0000] {processor.py:183} INFO - Processing /opt/airflow/dags/fail_dags_monitor.py took 0.308 seconds
[2024-07-06T12:39:16.780+0000] {processor.py:161} INFO - Started process (PID=56138) to work on /opt/airflow/dags/fail_dags_monitor.py
[2024-07-06T12:39:16.782+0000] {processor.py:830} INFO - Processing file /opt/airflow/dags/fail_dags_monitor.py for tasks to queue
[2024-07-06T12:39:16.783+0000] {logging_mixin.py:188} INFO - [2024-07-06T12:39:16.783+0000] {dagbag.py:545} INFO - Filling up the DagBag from /opt/airflow/dags/fail_dags_monitor.py
[2024-07-06T12:39:17.059+0000] {processor.py:840} INFO - DAG(s) 'Fail_Dags_Monitor' retrieved from /opt/airflow/dags/fail_dags_monitor.py
[2024-07-06T12:39:17.073+0000] {logging_mixin.py:188} INFO - [2024-07-06T12:39:17.073+0000] {dag.py:3096} INFO - Sync 1 DAGs
[2024-07-06T12:39:17.085+0000] {logging_mixin.py:188} INFO - [2024-07-06T12:39:17.084+0000] {dag.py:3954} INFO - Setting next_dagrun for Fail_Dags_Monitor to 2024-07-06 12:15:00+00:00, run_after=2024-07-06 13:15:00+00:00
[2024-07-06T12:39:17.094+0000] {processor.py:183} INFO - Processing /opt/airflow/dags/fail_dags_monitor.py took 0.323 seconds
[2024-07-06T12:41:25.875+0000] {processor.py:161} INFO - Started process (PID=56160) to work on /opt/airflow/dags/fail_dags_monitor.py
[2024-07-06T12:41:25.879+0000] {processor.py:830} INFO - Processing file /opt/airflow/dags/fail_dags_monitor.py for tasks to queue
[2024-07-06T12:41:25.880+0000] {logging_mixin.py:188} INFO - [2024-07-06T12:41:25.880+0000] {dagbag.py:545} INFO - Filling up the DagBag from /opt/airflow/dags/fail_dags_monitor.py
[2024-07-06T12:41:26.133+0000] {processor.py:840} INFO - DAG(s) 'Fail_Dags_Monitor' retrieved from /opt/airflow/dags/fail_dags_monitor.py
[2024-07-06T12:41:26.148+0000] {logging_mixin.py:188} INFO - [2024-07-06T12:41:26.148+0000] {dag.py:3096} INFO - Sync 1 DAGs
[2024-07-06T12:41:26.159+0000] {logging_mixin.py:188} INFO - [2024-07-06T12:41:26.159+0000] {dag.py:3954} INFO - Setting next_dagrun for Fail_Dags_Monitor to 2024-07-06 12:15:00+00:00, run_after=2024-07-06 13:15:00+00:00
[2024-07-06T12:41:26.168+0000] {processor.py:183} INFO - Processing /opt/airflow/dags/fail_dags_monitor.py took 0.305 seconds
[2024-07-06T12:43:36.293+0000] {processor.py:161} INFO - Started process (PID=56182) to work on /opt/airflow/dags/fail_dags_monitor.py
[2024-07-06T12:43:36.296+0000] {processor.py:830} INFO - Processing file /opt/airflow/dags/fail_dags_monitor.py for tasks to queue
[2024-07-06T12:43:36.297+0000] {logging_mixin.py:188} INFO - [2024-07-06T12:43:36.296+0000] {dagbag.py:545} INFO - Filling up the DagBag from /opt/airflow/dags/fail_dags_monitor.py
[2024-07-06T12:43:36.568+0000] {processor.py:840} INFO - DAG(s) 'Fail_Dags_Monitor' retrieved from /opt/airflow/dags/fail_dags_monitor.py
[2024-07-06T12:43:36.587+0000] {logging_mixin.py:188} INFO - [2024-07-06T12:43:36.587+0000] {dag.py:3096} INFO - Sync 1 DAGs
[2024-07-06T12:43:36.598+0000] {logging_mixin.py:188} INFO - [2024-07-06T12:43:36.598+0000] {dag.py:3954} INFO - Setting next_dagrun for Fail_Dags_Monitor to 2024-07-06 12:15:00+00:00, run_after=2024-07-06 13:15:00+00:00
[2024-07-06T12:43:36.606+0000] {processor.py:183} INFO - Processing /opt/airflow/dags/fail_dags_monitor.py took 0.322 seconds
[2024-07-06T12:45:44.933+0000] {processor.py:161} INFO - Started process (PID=56204) to work on /opt/airflow/dags/fail_dags_monitor.py
[2024-07-06T12:45:44.934+0000] {processor.py:830} INFO - Processing file /opt/airflow/dags/fail_dags_monitor.py for tasks to queue
[2024-07-06T12:45:44.936+0000] {logging_mixin.py:188} INFO - [2024-07-06T12:45:44.936+0000] {dagbag.py:545} INFO - Filling up the DagBag from /opt/airflow/dags/fail_dags_monitor.py
[2024-07-06T12:45:45.159+0000] {processor.py:840} INFO - DAG(s) 'Fail_Dags_Monitor' retrieved from /opt/airflow/dags/fail_dags_monitor.py
[2024-07-06T12:45:45.174+0000] {logging_mixin.py:188} INFO - [2024-07-06T12:45:45.174+0000] {dag.py:3096} INFO - Sync 1 DAGs
[2024-07-06T12:45:45.185+0000] {logging_mixin.py:188} INFO - [2024-07-06T12:45:45.185+0000] {dag.py:3954} INFO - Setting next_dagrun for Fail_Dags_Monitor to 2024-07-06 12:15:00+00:00, run_after=2024-07-06 13:15:00+00:00
[2024-07-06T12:45:45.194+0000] {processor.py:183} INFO - Processing /opt/airflow/dags/fail_dags_monitor.py took 0.268 seconds
[2024-07-06T12:56:22.218+0000] {processor.py:161} INFO - Started process (PID=56225) to work on /opt/airflow/dags/fail_dags_monitor.py
[2024-07-06T12:56:22.220+0000] {processor.py:830} INFO - Processing file /opt/airflow/dags/fail_dags_monitor.py for tasks to queue
[2024-07-06T12:56:22.221+0000] {logging_mixin.py:188} INFO - [2024-07-06T12:56:22.220+0000] {dagbag.py:545} INFO - Filling up the DagBag from /opt/airflow/dags/fail_dags_monitor.py
[2024-07-06T12:56:22.456+0000] {processor.py:840} INFO - DAG(s) 'Fail_Dags_Monitor' retrieved from /opt/airflow/dags/fail_dags_monitor.py
[2024-07-06T12:56:22.471+0000] {logging_mixin.py:188} INFO - [2024-07-06T12:56:22.471+0000] {dag.py:3096} INFO - Sync 1 DAGs
[2024-07-06T12:56:22.482+0000] {logging_mixin.py:188} INFO - [2024-07-06T12:56:22.482+0000] {dag.py:3954} INFO - Setting next_dagrun for Fail_Dags_Monitor to 2024-07-06 12:15:00+00:00, run_after=2024-07-06 13:15:00+00:00
[2024-07-06T12:56:22.492+0000] {processor.py:183} INFO - Processing /opt/airflow/dags/fail_dags_monitor.py took 0.284 seconds
[2024-07-06T12:58:31.651+0000] {processor.py:161} INFO - Started process (PID=56247) to work on /opt/airflow/dags/fail_dags_monitor.py
[2024-07-06T12:58:31.653+0000] {processor.py:830} INFO - Processing file /opt/airflow/dags/fail_dags_monitor.py for tasks to queue
[2024-07-06T12:58:31.654+0000] {logging_mixin.py:188} INFO - [2024-07-06T12:58:31.654+0000] {dagbag.py:545} INFO - Filling up the DagBag from /opt/airflow/dags/fail_dags_monitor.py
[2024-07-06T12:58:31.899+0000] {processor.py:840} INFO - DAG(s) 'Fail_Dags_Monitor' retrieved from /opt/airflow/dags/fail_dags_monitor.py
[2024-07-06T12:58:31.913+0000] {logging_mixin.py:188} INFO - [2024-07-06T12:58:31.913+0000] {dag.py:3096} INFO - Sync 1 DAGs
[2024-07-06T12:58:31.925+0000] {logging_mixin.py:188} INFO - [2024-07-06T12:58:31.924+0000] {dag.py:3954} INFO - Setting next_dagrun for Fail_Dags_Monitor to 2024-07-06 12:15:00+00:00, run_after=2024-07-06 13:15:00+00:00
[2024-07-06T12:58:31.933+0000] {processor.py:183} INFO - Processing /opt/airflow/dags/fail_dags_monitor.py took 0.304 seconds
[2024-07-06T13:00:40.878+0000] {processor.py:161} INFO - Started process (PID=56269) to work on /opt/airflow/dags/fail_dags_monitor.py
[2024-07-06T13:00:40.880+0000] {processor.py:830} INFO - Processing file /opt/airflow/dags/fail_dags_monitor.py for tasks to queue
[2024-07-06T13:00:40.881+0000] {logging_mixin.py:188} INFO - [2024-07-06T13:00:40.881+0000] {dagbag.py:545} INFO - Filling up the DagBag from /opt/airflow/dags/fail_dags_monitor.py
[2024-07-06T13:00:41.146+0000] {processor.py:840} INFO - DAG(s) 'Fail_Dags_Monitor' retrieved from /opt/airflow/dags/fail_dags_monitor.py
[2024-07-06T13:00:41.166+0000] {logging_mixin.py:188} INFO - [2024-07-06T13:00:41.166+0000] {dag.py:3096} INFO - Sync 1 DAGs
[2024-07-06T13:00:41.178+0000] {logging_mixin.py:188} INFO - [2024-07-06T13:00:41.178+0000] {dag.py:3954} INFO - Setting next_dagrun for Fail_Dags_Monitor to 2024-07-06 12:15:00+00:00, run_after=2024-07-06 13:15:00+00:00
[2024-07-06T13:00:41.186+0000] {processor.py:183} INFO - Processing /opt/airflow/dags/fail_dags_monitor.py took 0.316 seconds
[2024-07-06T13:02:50.066+0000] {processor.py:161} INFO - Started process (PID=56291) to work on /opt/airflow/dags/fail_dags_monitor.py
[2024-07-06T13:02:50.070+0000] {processor.py:830} INFO - Processing file /opt/airflow/dags/fail_dags_monitor.py for tasks to queue
[2024-07-06T13:02:50.072+0000] {logging_mixin.py:188} INFO - [2024-07-06T13:02:50.071+0000] {dagbag.py:545} INFO - Filling up the DagBag from /opt/airflow/dags/fail_dags_monitor.py
[2024-07-06T13:02:50.418+0000] {processor.py:840} INFO - DAG(s) 'Fail_Dags_Monitor' retrieved from /opt/airflow/dags/fail_dags_monitor.py
[2024-07-06T13:02:50.435+0000] {logging_mixin.py:188} INFO - [2024-07-06T13:02:50.434+0000] {dag.py:3096} INFO - Sync 1 DAGs
[2024-07-06T13:02:50.447+0000] {logging_mixin.py:188} INFO - [2024-07-06T13:02:50.447+0000] {dag.py:3954} INFO - Setting next_dagrun for Fail_Dags_Monitor to 2024-07-06 12:15:00+00:00, run_after=2024-07-06 13:15:00+00:00
[2024-07-06T13:02:50.456+0000] {processor.py:183} INFO - Processing /opt/airflow/dags/fail_dags_monitor.py took 0.415 seconds
[2024-07-06T13:04:59.556+0000] {processor.py:161} INFO - Started process (PID=56313) to work on /opt/airflow/dags/fail_dags_monitor.py
[2024-07-06T13:04:59.559+0000] {processor.py:830} INFO - Processing file /opt/airflow/dags/fail_dags_monitor.py for tasks to queue
[2024-07-06T13:04:59.561+0000] {logging_mixin.py:188} INFO - [2024-07-06T13:04:59.560+0000] {dagbag.py:545} INFO - Filling up the DagBag from /opt/airflow/dags/fail_dags_monitor.py
[2024-07-06T13:04:59.893+0000] {processor.py:840} INFO - DAG(s) 'Fail_Dags_Monitor' retrieved from /opt/airflow/dags/fail_dags_monitor.py
[2024-07-06T13:04:59.909+0000] {logging_mixin.py:188} INFO - [2024-07-06T13:04:59.909+0000] {dag.py:3096} INFO - Sync 1 DAGs
[2024-07-06T13:04:59.922+0000] {logging_mixin.py:188} INFO - [2024-07-06T13:04:59.922+0000] {dag.py:3954} INFO - Setting next_dagrun for Fail_Dags_Monitor to 2024-07-06 12:15:00+00:00, run_after=2024-07-06 13:15:00+00:00
[2024-07-06T13:04:59.933+0000] {processor.py:183} INFO - Processing /opt/airflow/dags/fail_dags_monitor.py took 0.391 seconds
[2024-07-06T13:14:42.772+0000] {processor.py:161} INFO - Started process (PID=56335) to work on /opt/airflow/dags/fail_dags_monitor.py
[2024-07-06T13:14:42.774+0000] {processor.py:830} INFO - Processing file /opt/airflow/dags/fail_dags_monitor.py for tasks to queue
[2024-07-06T13:14:42.776+0000] {logging_mixin.py:188} INFO - [2024-07-06T13:14:42.775+0000] {dagbag.py:545} INFO - Filling up the DagBag from /opt/airflow/dags/fail_dags_monitor.py
[2024-07-06T13:14:43.109+0000] {processor.py:840} INFO - DAG(s) 'Fail_Dags_Monitor' retrieved from /opt/airflow/dags/fail_dags_monitor.py
[2024-07-06T13:14:43.124+0000] {logging_mixin.py:188} INFO - [2024-07-06T13:14:43.124+0000] {dag.py:3096} INFO - Sync 1 DAGs
[2024-07-06T13:14:43.140+0000] {logging_mixin.py:188} INFO - [2024-07-06T13:14:43.140+0000] {dag.py:3954} INFO - Setting next_dagrun for Fail_Dags_Monitor to 2024-07-06 12:15:00+00:00, run_after=2024-07-06 13:15:00+00:00
[2024-07-06T13:14:43.152+0000] {processor.py:183} INFO - Processing /opt/airflow/dags/fail_dags_monitor.py took 0.393 seconds
[2024-07-06T13:33:44.728+0000] {processor.py:161} INFO - Started process (PID=56368) to work on /opt/airflow/dags/fail_dags_monitor.py
[2024-07-06T13:33:44.732+0000] {processor.py:830} INFO - Processing file /opt/airflow/dags/fail_dags_monitor.py for tasks to queue
[2024-07-06T13:33:44.737+0000] {logging_mixin.py:188} INFO - [2024-07-06T13:33:44.735+0000] {dagbag.py:545} INFO - Filling up the DagBag from /opt/airflow/dags/fail_dags_monitor.py
[2024-07-06T13:33:44.981+0000] {processor.py:840} INFO - DAG(s) 'Fail_Dags_Monitor' retrieved from /opt/airflow/dags/fail_dags_monitor.py
[2024-07-06T13:33:44.996+0000] {logging_mixin.py:188} INFO - [2024-07-06T13:33:44.996+0000] {dag.py:3096} INFO - Sync 1 DAGs
[2024-07-06T13:33:45.007+0000] {logging_mixin.py:188} INFO - [2024-07-06T13:33:45.007+0000] {dag.py:3954} INFO - Setting next_dagrun for Fail_Dags_Monitor to 2024-07-06 13:15:00+00:00, run_after=2024-07-06 14:15:00+00:00
[2024-07-06T13:33:45.016+0000] {processor.py:183} INFO - Processing /opt/airflow/dags/fail_dags_monitor.py took 0.300 seconds
[2024-07-06T13:35:53.888+0000] {processor.py:161} INFO - Started process (PID=56390) to work on /opt/airflow/dags/fail_dags_monitor.py
[2024-07-06T13:35:53.890+0000] {processor.py:830} INFO - Processing file /opt/airflow/dags/fail_dags_monitor.py for tasks to queue
[2024-07-06T13:35:53.892+0000] {logging_mixin.py:188} INFO - [2024-07-06T13:35:53.891+0000] {dagbag.py:545} INFO - Filling up the DagBag from /opt/airflow/dags/fail_dags_monitor.py
[2024-07-06T13:35:54.179+0000] {processor.py:840} INFO - DAG(s) 'Fail_Dags_Monitor' retrieved from /opt/airflow/dags/fail_dags_monitor.py
[2024-07-06T13:35:54.194+0000] {logging_mixin.py:188} INFO - [2024-07-06T13:35:54.194+0000] {dag.py:3096} INFO - Sync 1 DAGs
[2024-07-06T13:35:54.205+0000] {logging_mixin.py:188} INFO - [2024-07-06T13:35:54.205+0000] {dag.py:3954} INFO - Setting next_dagrun for Fail_Dags_Monitor to 2024-07-06 13:15:00+00:00, run_after=2024-07-06 14:15:00+00:00
[2024-07-06T13:35:54.213+0000] {processor.py:183} INFO - Processing /opt/airflow/dags/fail_dags_monitor.py took 0.341 seconds
[2024-07-06T13:38:03.209+0000] {processor.py:161} INFO - Started process (PID=56412) to work on /opt/airflow/dags/fail_dags_monitor.py
[2024-07-06T13:38:03.215+0000] {processor.py:830} INFO - Processing file /opt/airflow/dags/fail_dags_monitor.py for tasks to queue
[2024-07-06T13:38:03.220+0000] {logging_mixin.py:188} INFO - [2024-07-06T13:38:03.216+0000] {dagbag.py:545} INFO - Filling up the DagBag from /opt/airflow/dags/fail_dags_monitor.py
[2024-07-06T13:38:03.500+0000] {processor.py:840} INFO - DAG(s) 'Fail_Dags_Monitor' retrieved from /opt/airflow/dags/fail_dags_monitor.py
[2024-07-06T13:38:03.521+0000] {logging_mixin.py:188} INFO - [2024-07-06T13:38:03.521+0000] {dag.py:3096} INFO - Sync 1 DAGs
[2024-07-06T13:38:03.535+0000] {logging_mixin.py:188} INFO - [2024-07-06T13:38:03.535+0000] {dag.py:3954} INFO - Setting next_dagrun for Fail_Dags_Monitor to 2024-07-06 13:15:00+00:00, run_after=2024-07-06 14:15:00+00:00
[2024-07-06T13:38:03.544+0000] {processor.py:183} INFO - Processing /opt/airflow/dags/fail_dags_monitor.py took 0.348 seconds
[2024-07-06T13:40:12.644+0000] {processor.py:161} INFO - Started process (PID=56437) to work on /opt/airflow/dags/fail_dags_monitor.py
[2024-07-06T13:40:12.646+0000] {processor.py:830} INFO - Processing file /opt/airflow/dags/fail_dags_monitor.py for tasks to queue
[2024-07-06T13:40:12.647+0000] {logging_mixin.py:188} INFO - [2024-07-06T13:40:12.646+0000] {dagbag.py:545} INFO - Filling up the DagBag from /opt/airflow/dags/fail_dags_monitor.py
[2024-07-06T13:40:12.902+0000] {processor.py:840} INFO - DAG(s) 'Fail_Dags_Monitor' retrieved from /opt/airflow/dags/fail_dags_monitor.py
[2024-07-06T13:40:12.915+0000] {logging_mixin.py:188} INFO - [2024-07-06T13:40:12.915+0000] {dag.py:3096} INFO - Sync 1 DAGs
[2024-07-06T13:40:12.926+0000] {logging_mixin.py:188} INFO - [2024-07-06T13:40:12.926+0000] {dag.py:3954} INFO - Setting next_dagrun for Fail_Dags_Monitor to 2024-07-06 13:15:00+00:00, run_after=2024-07-06 14:15:00+00:00
[2024-07-06T13:40:12.935+0000] {processor.py:183} INFO - Processing /opt/airflow/dags/fail_dags_monitor.py took 0.301 seconds
[2024-07-06T13:42:22.264+0000] {processor.py:161} INFO - Started process (PID=56459) to work on /opt/airflow/dags/fail_dags_monitor.py
[2024-07-06T13:42:22.267+0000] {processor.py:830} INFO - Processing file /opt/airflow/dags/fail_dags_monitor.py for tasks to queue
[2024-07-06T13:42:22.268+0000] {logging_mixin.py:188} INFO - [2024-07-06T13:42:22.267+0000] {dagbag.py:545} INFO - Filling up the DagBag from /opt/airflow/dags/fail_dags_monitor.py
[2024-07-06T13:42:22.557+0000] {processor.py:840} INFO - DAG(s) 'Fail_Dags_Monitor' retrieved from /opt/airflow/dags/fail_dags_monitor.py
[2024-07-06T13:42:22.571+0000] {logging_mixin.py:188} INFO - [2024-07-06T13:42:22.571+0000] {dag.py:3096} INFO - Sync 1 DAGs
[2024-07-06T13:42:22.583+0000] {logging_mixin.py:188} INFO - [2024-07-06T13:42:22.583+0000] {dag.py:3954} INFO - Setting next_dagrun for Fail_Dags_Monitor to 2024-07-06 13:15:00+00:00, run_after=2024-07-06 14:15:00+00:00
[2024-07-06T13:42:22.591+0000] {processor.py:183} INFO - Processing /opt/airflow/dags/fail_dags_monitor.py took 0.361 seconds
[2024-07-06T14:02:10.906+0000] {processor.py:161} INFO - Started process (PID=56484) to work on /opt/airflow/dags/fail_dags_monitor.py
[2024-07-06T14:02:10.908+0000] {processor.py:830} INFO - Processing file /opt/airflow/dags/fail_dags_monitor.py for tasks to queue
[2024-07-06T14:02:10.910+0000] {logging_mixin.py:188} INFO - [2024-07-06T14:02:10.909+0000] {dagbag.py:545} INFO - Filling up the DagBag from /opt/airflow/dags/fail_dags_monitor.py
[2024-07-06T14:02:11.134+0000] {processor.py:840} INFO - DAG(s) 'Fail_Dags_Monitor' retrieved from /opt/airflow/dags/fail_dags_monitor.py
[2024-07-06T14:02:11.148+0000] {logging_mixin.py:188} INFO - [2024-07-06T14:02:11.147+0000] {dag.py:3096} INFO - Sync 1 DAGs
[2024-07-06T14:02:11.159+0000] {logging_mixin.py:188} INFO - [2024-07-06T14:02:11.159+0000] {dag.py:3954} INFO - Setting next_dagrun for Fail_Dags_Monitor to 2024-07-06 13:15:00+00:00, run_after=2024-07-06 14:15:00+00:00
[2024-07-06T14:02:11.167+0000] {processor.py:183} INFO - Processing /opt/airflow/dags/fail_dags_monitor.py took 0.273 seconds
[2024-07-06T14:15:09.923+0000] {processor.py:161} INFO - Started process (PID=56506) to work on /opt/airflow/dags/fail_dags_monitor.py
[2024-07-06T14:15:09.924+0000] {processor.py:830} INFO - Processing file /opt/airflow/dags/fail_dags_monitor.py for tasks to queue
[2024-07-06T14:15:09.925+0000] {logging_mixin.py:188} INFO - [2024-07-06T14:15:09.925+0000] {dagbag.py:545} INFO - Filling up the DagBag from /opt/airflow/dags/fail_dags_monitor.py
[2024-07-06T14:15:10.221+0000] {processor.py:840} INFO - DAG(s) 'Fail_Dags_Monitor' retrieved from /opt/airflow/dags/fail_dags_monitor.py
[2024-07-06T14:15:10.237+0000] {logging_mixin.py:188} INFO - [2024-07-06T14:15:10.237+0000] {dag.py:3096} INFO - Sync 1 DAGs
[2024-07-06T14:15:10.254+0000] {logging_mixin.py:188} INFO - [2024-07-06T14:15:10.254+0000] {dag.py:3954} INFO - Setting next_dagrun for Fail_Dags_Monitor to 2024-07-06 14:15:00+00:00, run_after=2024-07-06 15:15:00+00:00
[2024-07-06T14:15:10.277+0000] {processor.py:183} INFO - Processing /opt/airflow/dags/fail_dags_monitor.py took 0.363 seconds
[2024-07-06T14:17:19.386+0000] {processor.py:161} INFO - Started process (PID=56539) to work on /opt/airflow/dags/fail_dags_monitor.py
[2024-07-06T14:17:19.391+0000] {processor.py:830} INFO - Processing file /opt/airflow/dags/fail_dags_monitor.py for tasks to queue
[2024-07-06T14:17:19.392+0000] {logging_mixin.py:188} INFO - [2024-07-06T14:17:19.391+0000] {dagbag.py:545} INFO - Filling up the DagBag from /opt/airflow/dags/fail_dags_monitor.py
[2024-07-06T14:17:19.673+0000] {processor.py:840} INFO - DAG(s) 'Fail_Dags_Monitor' retrieved from /opt/airflow/dags/fail_dags_monitor.py
[2024-07-06T14:17:19.688+0000] {logging_mixin.py:188} INFO - [2024-07-06T14:17:19.688+0000] {dag.py:3096} INFO - Sync 1 DAGs
[2024-07-06T14:17:19.699+0000] {logging_mixin.py:188} INFO - [2024-07-06T14:17:19.698+0000] {dag.py:3954} INFO - Setting next_dagrun for Fail_Dags_Monitor to 2024-07-06 14:15:00+00:00, run_after=2024-07-06 15:15:00+00:00
[2024-07-06T14:17:19.707+0000] {processor.py:183} INFO - Processing /opt/airflow/dags/fail_dags_monitor.py took 0.354 seconds
[2024-07-06T14:29:11.994+0000] {processor.py:161} INFO - Started process (PID=56561) to work on /opt/airflow/dags/fail_dags_monitor.py
[2024-07-06T14:29:11.996+0000] {processor.py:830} INFO - Processing file /opt/airflow/dags/fail_dags_monitor.py for tasks to queue
[2024-07-06T14:29:11.997+0000] {logging_mixin.py:188} INFO - [2024-07-06T14:29:11.996+0000] {dagbag.py:545} INFO - Filling up the DagBag from /opt/airflow/dags/fail_dags_monitor.py
[2024-07-06T14:29:12.259+0000] {processor.py:840} INFO - DAG(s) 'Fail_Dags_Monitor' retrieved from /opt/airflow/dags/fail_dags_monitor.py
[2024-07-06T14:29:12.276+0000] {logging_mixin.py:188} INFO - [2024-07-06T14:29:12.276+0000] {dag.py:3096} INFO - Sync 1 DAGs
[2024-07-06T14:29:12.288+0000] {logging_mixin.py:188} INFO - [2024-07-06T14:29:12.288+0000] {dag.py:3954} INFO - Setting next_dagrun for Fail_Dags_Monitor to 2024-07-06 14:15:00+00:00, run_after=2024-07-06 15:15:00+00:00
[2024-07-06T14:29:12.298+0000] {processor.py:183} INFO - Processing /opt/airflow/dags/fail_dags_monitor.py took 0.312 seconds
[2024-07-06T15:47:29.065+0000] {processor.py:161} INFO - Started process (PID=56587) to work on /opt/airflow/dags/fail_dags_monitor.py
[2024-07-06T15:47:29.067+0000] {processor.py:830} INFO - Processing file /opt/airflow/dags/fail_dags_monitor.py for tasks to queue
[2024-07-06T15:47:29.070+0000] {logging_mixin.py:188} INFO - [2024-07-06T15:47:29.069+0000] {dagbag.py:545} INFO - Filling up the DagBag from /opt/airflow/dags/fail_dags_monitor.py
[2024-07-06T15:47:29.597+0000] {processor.py:840} INFO - DAG(s) 'Fail_Dags_Monitor' retrieved from /opt/airflow/dags/fail_dags_monitor.py
[2024-07-06T15:47:29.634+0000] {logging_mixin.py:188} INFO - [2024-07-06T15:47:29.633+0000] {dag.py:3096} INFO - Sync 1 DAGs
[2024-07-06T15:47:29.653+0000] {logging_mixin.py:188} INFO - [2024-07-06T15:47:29.653+0000] {dag.py:3954} INFO - Setting next_dagrun for Fail_Dags_Monitor to 2024-07-06 15:15:00+00:00, run_after=2024-07-06 16:15:00+00:00
[2024-07-06T15:47:29.667+0000] {processor.py:183} INFO - Processing /opt/airflow/dags/fail_dags_monitor.py took 0.664 seconds
[2024-07-06T16:50:31.426+0000] {processor.py:161} INFO - Started process (PID=56630) to work on /opt/airflow/dags/fail_dags_monitor.py
[2024-07-06T16:50:31.436+0000] {processor.py:830} INFO - Processing file /opt/airflow/dags/fail_dags_monitor.py for tasks to queue
[2024-07-06T16:50:31.441+0000] {logging_mixin.py:188} INFO - [2024-07-06T16:50:31.439+0000] {dagbag.py:545} INFO - Filling up the DagBag from /opt/airflow/dags/fail_dags_monitor.py
[2024-07-06T16:50:31.883+0000] {processor.py:840} INFO - DAG(s) 'Fail_Dags_Monitor' retrieved from /opt/airflow/dags/fail_dags_monitor.py
[2024-07-06T16:50:31.905+0000] {logging_mixin.py:188} INFO - [2024-07-06T16:50:31.905+0000] {dag.py:3096} INFO - Sync 1 DAGs
[2024-07-06T16:50:31.920+0000] {logging_mixin.py:188} INFO - [2024-07-06T16:50:31.920+0000] {dag.py:3954} INFO - Setting next_dagrun for Fail_Dags_Monitor to 2024-07-06 16:15:00+00:00, run_after=2024-07-06 17:15:00+00:00
[2024-07-06T16:50:31.932+0000] {processor.py:183} INFO - Processing /opt/airflow/dags/fail_dags_monitor.py took 0.633 seconds
[2024-07-06T18:22:24.927+0000] {processor.py:161} INFO - Started process (PID=56672) to work on /opt/airflow/dags/fail_dags_monitor.py
[2024-07-06T18:22:24.928+0000] {processor.py:830} INFO - Processing file /opt/airflow/dags/fail_dags_monitor.py for tasks to queue
[2024-07-06T18:22:24.933+0000] {logging_mixin.py:188} INFO - [2024-07-06T18:22:24.931+0000] {dagbag.py:545} INFO - Filling up the DagBag from /opt/airflow/dags/fail_dags_monitor.py
[2024-07-06T18:22:25.316+0000] {processor.py:840} INFO - DAG(s) 'Fail_Dags_Monitor' retrieved from /opt/airflow/dags/fail_dags_monitor.py
[2024-07-06T18:22:25.340+0000] {logging_mixin.py:188} INFO - [2024-07-06T18:22:25.340+0000] {dag.py:3096} INFO - Sync 1 DAGs
[2024-07-06T18:22:25.356+0000] {logging_mixin.py:188} INFO - [2024-07-06T18:22:25.356+0000] {dag.py:3954} INFO - Setting next_dagrun for Fail_Dags_Monitor to 2024-07-06 18:15:00+00:00, run_after=2024-07-06 19:15:00+00:00
[2024-07-06T18:22:25.370+0000] {processor.py:183} INFO - Processing /opt/airflow/dags/fail_dags_monitor.py took 0.455 seconds
[2024-07-06T19:45:42.257+0000] {processor.py:161} INFO - Started process (PID=56721) to work on /opt/airflow/dags/fail_dags_monitor.py
[2024-07-06T19:45:42.259+0000] {processor.py:830} INFO - Processing file /opt/airflow/dags/fail_dags_monitor.py for tasks to queue
[2024-07-06T19:45:42.261+0000] {logging_mixin.py:188} INFO - [2024-07-06T19:45:42.260+0000] {dagbag.py:545} INFO - Filling up the DagBag from /opt/airflow/dags/fail_dags_monitor.py
[2024-07-06T19:45:42.590+0000] {processor.py:840} INFO - DAG(s) 'Fail_Dags_Monitor' retrieved from /opt/airflow/dags/fail_dags_monitor.py
[2024-07-06T19:45:42.614+0000] {logging_mixin.py:188} INFO - [2024-07-06T19:45:42.613+0000] {dag.py:3096} INFO - Sync 1 DAGs
[2024-07-06T19:45:42.631+0000] {logging_mixin.py:188} INFO - [2024-07-06T19:45:42.631+0000] {dag.py:3954} INFO - Setting next_dagrun for Fail_Dags_Monitor to 2024-07-06 19:15:00+00:00, run_after=2024-07-06 20:15:00+00:00
[2024-07-06T19:45:42.653+0000] {processor.py:183} INFO - Processing /opt/airflow/dags/fail_dags_monitor.py took 0.404 seconds
[2024-07-06T21:08:17.211+0000] {processor.py:161} INFO - Started process (PID=56764) to work on /opt/airflow/dags/fail_dags_monitor.py
[2024-07-06T21:08:17.214+0000] {processor.py:830} INFO - Processing file /opt/airflow/dags/fail_dags_monitor.py for tasks to queue
[2024-07-06T21:08:17.216+0000] {logging_mixin.py:188} INFO - [2024-07-06T21:08:17.216+0000] {dagbag.py:545} INFO - Filling up the DagBag from /opt/airflow/dags/fail_dags_monitor.py
[2024-07-06T21:08:17.474+0000] {processor.py:840} INFO - DAG(s) 'Fail_Dags_Monitor' retrieved from /opt/airflow/dags/fail_dags_monitor.py
[2024-07-06T21:08:17.492+0000] {logging_mixin.py:188} INFO - [2024-07-06T21:08:17.491+0000] {dag.py:3096} INFO - Sync 1 DAGs
[2024-07-06T21:08:17.508+0000] {logging_mixin.py:188} INFO - [2024-07-06T21:08:17.508+0000] {dag.py:3954} INFO - Setting next_dagrun for Fail_Dags_Monitor to 2024-07-06 20:15:00+00:00, run_after=2024-07-06 21:15:00+00:00
[2024-07-06T21:08:17.519+0000] {processor.py:183} INFO - Processing /opt/airflow/dags/fail_dags_monitor.py took 0.314 seconds
[2024-07-06T22:44:16.279+0000] {processor.py:161} INFO - Started process (PID=56798) to work on /opt/airflow/dags/fail_dags_monitor.py
[2024-07-06T22:44:16.282+0000] {processor.py:830} INFO - Processing file /opt/airflow/dags/fail_dags_monitor.py for tasks to queue
[2024-07-06T22:44:16.283+0000] {logging_mixin.py:188} INFO - [2024-07-06T22:44:16.283+0000] {dagbag.py:545} INFO - Filling up the DagBag from /opt/airflow/dags/fail_dags_monitor.py
[2024-07-06T22:44:16.561+0000] {processor.py:840} INFO - DAG(s) 'Fail_Dags_Monitor' retrieved from /opt/airflow/dags/fail_dags_monitor.py
[2024-07-06T22:44:16.579+0000] {logging_mixin.py:188} INFO - [2024-07-06T22:44:16.578+0000] {dag.py:3096} INFO - Sync 1 DAGs
[2024-07-06T22:44:16.595+0000] {logging_mixin.py:188} INFO - [2024-07-06T22:44:16.594+0000] {dag.py:3954} INFO - Setting next_dagrun for Fail_Dags_Monitor to 2024-07-06 21:15:00+00:00, run_after=2024-07-06 22:15:00+00:00
[2024-07-06T22:44:16.606+0000] {processor.py:183} INFO - Processing /opt/airflow/dags/fail_dags_monitor.py took 0.339 seconds
