[2024-07-13T01:37:29.765+0000] {processor.py:161} INFO - Started process (PID=229) to work on /opt/airflow/dags/fail_dags_monitor.py
[2024-07-13T01:37:29.766+0000] {processor.py:830} INFO - Processing file /opt/airflow/dags/fail_dags_monitor.py for tasks to queue
[2024-07-13T01:37:29.767+0000] {logging_mixin.py:188} INFO - [2024-07-13T01:37:29.767+0000] {dagbag.py:545} INFO - Filling up the DagBag from /opt/airflow/dags/fail_dags_monitor.py
[2024-07-13T01:37:29.994+0000] {processor.py:840} INFO - DAG(s) 'Fail_Dags_Monitor' retrieved from /opt/airflow/dags/fail_dags_monitor.py
[2024-07-13T01:37:30.009+0000] {logging_mixin.py:188} INFO - [2024-07-13T01:37:30.009+0000] {dag.py:3096} INFO - Sync 1 DAGs
[2024-07-13T01:37:30.018+0000] {logging_mixin.py:188} INFO - [2024-07-13T01:37:30.018+0000] {dag.py:3954} INFO - Setting next_dagrun for Fail_Dags_Monitor to 2024-07-13 00:15:00+00:00, run_after=2024-07-13 01:15:00+00:00
[2024-07-13T01:37:30.025+0000] {processor.py:183} INFO - Processing /opt/airflow/dags/fail_dags_monitor.py took 0.264 seconds
[2024-07-13T02:59:18.427+0000] {processor.py:161} INFO - Started process (PID=294) to work on /opt/airflow/dags/fail_dags_monitor.py
[2024-07-13T02:59:18.429+0000] {processor.py:830} INFO - Processing file /opt/airflow/dags/fail_dags_monitor.py for tasks to queue
[2024-07-13T02:59:18.431+0000] {logging_mixin.py:188} INFO - [2024-07-13T02:59:18.431+0000] {dagbag.py:545} INFO - Filling up the DagBag from /opt/airflow/dags/fail_dags_monitor.py
[2024-07-13T02:59:18.651+0000] {processor.py:840} INFO - DAG(s) 'Fail_Dags_Monitor' retrieved from /opt/airflow/dags/fail_dags_monitor.py
[2024-07-13T02:59:18.670+0000] {logging_mixin.py:188} INFO - [2024-07-13T02:59:18.670+0000] {dag.py:3096} INFO - Sync 1 DAGs
[2024-07-13T02:59:18.682+0000] {logging_mixin.py:188} INFO - [2024-07-13T02:59:18.682+0000] {dag.py:3954} INFO - Setting next_dagrun for Fail_Dags_Monitor to 2024-07-13 02:15:00+00:00, run_after=2024-07-13 03:15:00+00:00
[2024-07-13T02:59:18.690+0000] {processor.py:183} INFO - Processing /opt/airflow/dags/fail_dags_monitor.py took 0.268 seconds
[2024-07-13T03:59:08.333+0000] {processor.py:161} INFO - Started process (PID=328) to work on /opt/airflow/dags/fail_dags_monitor.py
[2024-07-13T03:59:08.334+0000] {processor.py:830} INFO - Processing file /opt/airflow/dags/fail_dags_monitor.py for tasks to queue
[2024-07-13T03:59:08.335+0000] {logging_mixin.py:188} INFO - [2024-07-13T03:59:08.335+0000] {dagbag.py:545} INFO - Filling up the DagBag from /opt/airflow/dags/fail_dags_monitor.py
[2024-07-13T03:59:08.521+0000] {processor.py:840} INFO - DAG(s) 'Fail_Dags_Monitor' retrieved from /opt/airflow/dags/fail_dags_monitor.py
[2024-07-13T03:59:08.545+0000] {logging_mixin.py:188} INFO - [2024-07-13T03:59:08.545+0000] {dag.py:3096} INFO - Sync 1 DAGs
[2024-07-13T03:59:08.559+0000] {logging_mixin.py:188} INFO - [2024-07-13T03:59:08.559+0000] {dag.py:3954} INFO - Setting next_dagrun for Fail_Dags_Monitor to 2024-07-13 03:15:00+00:00, run_after=2024-07-13 04:15:00+00:00
[2024-07-13T03:59:08.733+0000] {processor.py:183} INFO - Processing /opt/airflow/dags/fail_dags_monitor.py took 0.405 seconds
[2024-07-13T05:06:34.041+0000] {processor.py:161} INFO - Started process (PID=384) to work on /opt/airflow/dags/fail_dags_monitor.py
[2024-07-13T05:06:34.044+0000] {processor.py:830} INFO - Processing file /opt/airflow/dags/fail_dags_monitor.py for tasks to queue
[2024-07-13T05:06:34.048+0000] {logging_mixin.py:188} INFO - [2024-07-13T05:06:34.047+0000] {dagbag.py:545} INFO - Filling up the DagBag from /opt/airflow/dags/fail_dags_monitor.py
[2024-07-13T05:06:34.476+0000] {processor.py:840} INFO - DAG(s) 'Fail_Dags_Monitor' retrieved from /opt/airflow/dags/fail_dags_monitor.py
[2024-07-13T05:06:34.493+0000] {logging_mixin.py:188} INFO - [2024-07-13T05:06:34.493+0000] {dag.py:3096} INFO - Sync 1 DAGs
[2024-07-13T05:06:34.505+0000] {logging_mixin.py:188} INFO - [2024-07-13T05:06:34.505+0000] {dag.py:3954} INFO - Setting next_dagrun for Fail_Dags_Monitor to 2024-07-13 04:15:00+00:00, run_after=2024-07-13 05:15:00+00:00
[2024-07-13T05:06:34.514+0000] {processor.py:183} INFO - Processing /opt/airflow/dags/fail_dags_monitor.py took 0.487 seconds
[2024-07-13T06:23:35.055+0000] {processor.py:161} INFO - Started process (PID=452) to work on /opt/airflow/dags/fail_dags_monitor.py
[2024-07-13T06:23:35.056+0000] {processor.py:830} INFO - Processing file /opt/airflow/dags/fail_dags_monitor.py for tasks to queue
[2024-07-13T06:23:35.059+0000] {logging_mixin.py:188} INFO - [2024-07-13T06:23:35.059+0000] {dagbag.py:545} INFO - Filling up the DagBag from /opt/airflow/dags/fail_dags_monitor.py
[2024-07-13T06:23:35.306+0000] {processor.py:840} INFO - DAG(s) 'Fail_Dags_Monitor' retrieved from /opt/airflow/dags/fail_dags_monitor.py
[2024-07-13T06:23:35.320+0000] {logging_mixin.py:188} INFO - [2024-07-13T06:23:35.320+0000] {dag.py:3096} INFO - Sync 1 DAGs
[2024-07-13T06:23:35.330+0000] {logging_mixin.py:188} INFO - [2024-07-13T06:23:35.330+0000] {dag.py:3954} INFO - Setting next_dagrun for Fail_Dags_Monitor to 2024-07-13 06:15:00+00:00, run_after=2024-07-13 07:15:00+00:00
[2024-07-13T06:23:35.338+0000] {processor.py:183} INFO - Processing /opt/airflow/dags/fail_dags_monitor.py took 0.287 seconds
[2024-07-13T07:42:28.817+0000] {processor.py:161} INFO - Started process (PID=515) to work on /opt/airflow/dags/fail_dags_monitor.py
[2024-07-13T07:42:28.823+0000] {processor.py:830} INFO - Processing file /opt/airflow/dags/fail_dags_monitor.py for tasks to queue
[2024-07-13T07:42:28.830+0000] {logging_mixin.py:188} INFO - [2024-07-13T07:42:28.829+0000] {dagbag.py:545} INFO - Filling up the DagBag from /opt/airflow/dags/fail_dags_monitor.py
[2024-07-13T07:42:29.192+0000] {processor.py:840} INFO - DAG(s) 'Fail_Dags_Monitor' retrieved from /opt/airflow/dags/fail_dags_monitor.py
[2024-07-13T07:42:29.216+0000] {logging_mixin.py:188} INFO - [2024-07-13T07:42:29.215+0000] {dag.py:3096} INFO - Sync 1 DAGs
[2024-07-13T07:42:29.243+0000] {logging_mixin.py:188} INFO - [2024-07-13T07:42:29.243+0000] {dag.py:3954} INFO - Setting next_dagrun for Fail_Dags_Monitor to 2024-07-13 07:15:00+00:00, run_after=2024-07-13 08:15:00+00:00
[2024-07-13T07:42:29.256+0000] {processor.py:183} INFO - Processing /opt/airflow/dags/fail_dags_monitor.py took 0.448 seconds
[2024-07-13T09:00:43.007+0000] {processor.py:161} INFO - Started process (PID=567) to work on /opt/airflow/dags/fail_dags_monitor.py
[2024-07-13T09:00:43.008+0000] {processor.py:830} INFO - Processing file /opt/airflow/dags/fail_dags_monitor.py for tasks to queue
[2024-07-13T09:00:43.009+0000] {logging_mixin.py:188} INFO - [2024-07-13T09:00:43.009+0000] {dagbag.py:545} INFO - Filling up the DagBag from /opt/airflow/dags/fail_dags_monitor.py
[2024-07-13T09:00:43.215+0000] {processor.py:840} INFO - DAG(s) 'Fail_Dags_Monitor' retrieved from /opt/airflow/dags/fail_dags_monitor.py
[2024-07-13T09:00:43.243+0000] {logging_mixin.py:188} INFO - [2024-07-13T09:00:43.242+0000] {dag.py:3096} INFO - Sync 1 DAGs
[2024-07-13T09:00:43.267+0000] {logging_mixin.py:188} INFO - [2024-07-13T09:00:43.267+0000] {dag.py:3954} INFO - Setting next_dagrun for Fail_Dags_Monitor to 2024-07-13 08:15:00+00:00, run_after=2024-07-13 09:15:00+00:00
[2024-07-13T09:00:43.416+0000] {processor.py:183} INFO - Processing /opt/airflow/dags/fail_dags_monitor.py took 0.413 seconds
[2024-07-13T10:11:32.786+0000] {processor.py:161} INFO - Started process (PID=615) to work on /opt/airflow/dags/fail_dags_monitor.py
[2024-07-13T10:11:32.788+0000] {processor.py:830} INFO - Processing file /opt/airflow/dags/fail_dags_monitor.py for tasks to queue
[2024-07-13T10:11:32.789+0000] {logging_mixin.py:188} INFO - [2024-07-13T10:11:32.789+0000] {dagbag.py:545} INFO - Filling up the DagBag from /opt/airflow/dags/fail_dags_monitor.py
[2024-07-13T10:11:33.148+0000] {processor.py:840} INFO - DAG(s) 'Fail_Dags_Monitor' retrieved from /opt/airflow/dags/fail_dags_monitor.py
[2024-07-13T10:11:33.166+0000] {logging_mixin.py:188} INFO - [2024-07-13T10:11:33.165+0000] {dag.py:3096} INFO - Sync 1 DAGs
[2024-07-13T10:11:33.289+0000] {logging_mixin.py:188} INFO - [2024-07-13T10:11:33.289+0000] {dag.py:3954} INFO - Setting next_dagrun for Fail_Dags_Monitor to 2024-07-13 08:15:00+00:00, run_after=2024-07-13 09:15:00+00:00
[2024-07-13T10:11:33.297+0000] {processor.py:183} INFO - Processing /opt/airflow/dags/fail_dags_monitor.py took 0.516 seconds
[2024-07-13T11:12:38.276+0000] {processor.py:161} INFO - Started process (PID=669) to work on /opt/airflow/dags/fail_dags_monitor.py
[2024-07-13T11:12:38.278+0000] {processor.py:830} INFO - Processing file /opt/airflow/dags/fail_dags_monitor.py for tasks to queue
[2024-07-13T11:12:38.279+0000] {logging_mixin.py:188} INFO - [2024-07-13T11:12:38.279+0000] {dagbag.py:545} INFO - Filling up the DagBag from /opt/airflow/dags/fail_dags_monitor.py
[2024-07-13T11:12:38.474+0000] {processor.py:840} INFO - DAG(s) 'Fail_Dags_Monitor' retrieved from /opt/airflow/dags/fail_dags_monitor.py
[2024-07-13T11:12:38.494+0000] {logging_mixin.py:188} INFO - [2024-07-13T11:12:38.493+0000] {dag.py:3096} INFO - Sync 1 DAGs
[2024-07-13T11:12:38.508+0000] {logging_mixin.py:188} INFO - [2024-07-13T11:12:38.508+0000] {dag.py:3954} INFO - Setting next_dagrun for Fail_Dags_Monitor to 2024-07-13 10:15:00+00:00, run_after=2024-07-13 11:15:00+00:00
[2024-07-13T11:12:38.522+0000] {processor.py:183} INFO - Processing /opt/airflow/dags/fail_dags_monitor.py took 0.253 seconds
[2024-07-13T12:18:50.037+0000] {processor.py:161} INFO - Started process (PID=736) to work on /opt/airflow/dags/fail_dags_monitor.py
[2024-07-13T12:18:50.040+0000] {processor.py:830} INFO - Processing file /opt/airflow/dags/fail_dags_monitor.py for tasks to queue
[2024-07-13T12:18:50.043+0000] {logging_mixin.py:188} INFO - [2024-07-13T12:18:50.043+0000] {dagbag.py:545} INFO - Filling up the DagBag from /opt/airflow/dags/fail_dags_monitor.py
[2024-07-13T12:18:50.278+0000] {processor.py:840} INFO - DAG(s) 'Fail_Dags_Monitor' retrieved from /opt/airflow/dags/fail_dags_monitor.py
[2024-07-13T12:18:50.293+0000] {logging_mixin.py:188} INFO - [2024-07-13T12:18:50.293+0000] {dag.py:3096} INFO - Sync 1 DAGs
[2024-07-13T12:18:50.307+0000] {logging_mixin.py:188} INFO - [2024-07-13T12:18:50.307+0000] {dag.py:3954} INFO - Setting next_dagrun for Fail_Dags_Monitor to 2024-07-13 12:15:00+00:00, run_after=2024-07-13 13:15:00+00:00
[2024-07-13T12:18:50.317+0000] {processor.py:183} INFO - Processing /opt/airflow/dags/fail_dags_monitor.py took 0.284 seconds
[2024-07-13T13:30:38.856+0000] {processor.py:161} INFO - Started process (PID=799) to work on /opt/airflow/dags/fail_dags_monitor.py
[2024-07-13T13:30:38.857+0000] {processor.py:830} INFO - Processing file /opt/airflow/dags/fail_dags_monitor.py for tasks to queue
[2024-07-13T13:30:38.859+0000] {logging_mixin.py:188} INFO - [2024-07-13T13:30:38.858+0000] {dagbag.py:545} INFO - Filling up the DagBag from /opt/airflow/dags/fail_dags_monitor.py
[2024-07-13T13:30:39.026+0000] {processor.py:840} INFO - DAG(s) 'Fail_Dags_Monitor' retrieved from /opt/airflow/dags/fail_dags_monitor.py
[2024-07-13T13:30:39.048+0000] {logging_mixin.py:188} INFO - [2024-07-13T13:30:39.048+0000] {dag.py:3096} INFO - Sync 1 DAGs
[2024-07-13T13:30:39.062+0000] {logging_mixin.py:188} INFO - [2024-07-13T13:30:39.062+0000] {dag.py:3954} INFO - Setting next_dagrun for Fail_Dags_Monitor to 2024-07-13 13:15:00+00:00, run_after=2024-07-13 14:15:00+00:00
[2024-07-13T13:30:39.178+0000] {processor.py:183} INFO - Processing /opt/airflow/dags/fail_dags_monitor.py took 0.330 seconds
[2024-07-13T14:32:34.405+0000] {processor.py:161} INFO - Started process (PID=861) to work on /opt/airflow/dags/fail_dags_monitor.py
[2024-07-13T14:32:34.407+0000] {processor.py:830} INFO - Processing file /opt/airflow/dags/fail_dags_monitor.py for tasks to queue
[2024-07-13T14:32:34.411+0000] {logging_mixin.py:188} INFO - [2024-07-13T14:32:34.411+0000] {dagbag.py:545} INFO - Filling up the DagBag from /opt/airflow/dags/fail_dags_monitor.py
[2024-07-13T14:32:34.699+0000] {processor.py:840} INFO - DAG(s) 'Fail_Dags_Monitor' retrieved from /opt/airflow/dags/fail_dags_monitor.py
[2024-07-13T14:32:34.719+0000] {logging_mixin.py:188} INFO - [2024-07-13T14:32:34.719+0000] {dag.py:3096} INFO - Sync 1 DAGs
[2024-07-13T14:32:34.862+0000] {logging_mixin.py:188} INFO - [2024-07-13T14:32:34.862+0000] {dag.py:3954} INFO - Setting next_dagrun for Fail_Dags_Monitor to 2024-07-13 14:15:00+00:00, run_after=2024-07-13 15:15:00+00:00
[2024-07-13T14:32:34.871+0000] {processor.py:183} INFO - Processing /opt/airflow/dags/fail_dags_monitor.py took 0.470 seconds
[2024-07-13T15:33:15.212+0000] {processor.py:161} INFO - Started process (PID=913) to work on /opt/airflow/dags/fail_dags_monitor.py
[2024-07-13T15:33:15.213+0000] {processor.py:830} INFO - Processing file /opt/airflow/dags/fail_dags_monitor.py for tasks to queue
[2024-07-13T15:33:15.214+0000] {logging_mixin.py:188} INFO - [2024-07-13T15:33:15.214+0000] {dagbag.py:545} INFO - Filling up the DagBag from /opt/airflow/dags/fail_dags_monitor.py
[2024-07-13T15:33:15.453+0000] {processor.py:840} INFO - DAG(s) 'Fail_Dags_Monitor' retrieved from /opt/airflow/dags/fail_dags_monitor.py
[2024-07-13T15:33:15.471+0000] {logging_mixin.py:188} INFO - [2024-07-13T15:33:15.471+0000] {dag.py:3096} INFO - Sync 1 DAGs
[2024-07-13T15:33:15.488+0000] {logging_mixin.py:188} INFO - [2024-07-13T15:33:15.488+0000] {dag.py:3954} INFO - Setting next_dagrun for Fail_Dags_Monitor to 2024-07-13 15:15:00+00:00, run_after=2024-07-13 16:15:00+00:00
[2024-07-13T15:33:15.506+0000] {processor.py:183} INFO - Processing /opt/airflow/dags/fail_dags_monitor.py took 0.298 seconds
[2024-07-13T16:49:46.417+0000] {processor.py:161} INFO - Started process (PID=974) to work on /opt/airflow/dags/fail_dags_monitor.py
[2024-07-13T16:49:46.418+0000] {processor.py:830} INFO - Processing file /opt/airflow/dags/fail_dags_monitor.py for tasks to queue
[2024-07-13T16:49:46.423+0000] {logging_mixin.py:188} INFO - [2024-07-13T16:49:46.423+0000] {dagbag.py:545} INFO - Filling up the DagBag from /opt/airflow/dags/fail_dags_monitor.py
[2024-07-13T16:49:46.733+0000] {processor.py:840} INFO - DAG(s) 'Fail_Dags_Monitor' retrieved from /opt/airflow/dags/fail_dags_monitor.py
[2024-07-13T16:49:46.763+0000] {logging_mixin.py:188} INFO - [2024-07-13T16:49:46.762+0000] {taskinstance.py:2907} ERROR - {'DAG Id': 'Fail_Dags_Monitor', 'Task Id': 'load', 'Run Id': 'scheduled__2024-07-13T14:15:00+00:00', 'Hostname': 'a9aa3835bb3f'}
[2024-07-13T16:49:46.784+0000] {logging_mixin.py:188} INFO - [2024-07-13T16:49:46.784+0000] {taskinstance.py:1206} INFO - Marking task as UP_FOR_RETRY. dag_id=Fail_Dags_Monitor, task_id=load, run_id=scheduled__2024-07-13T14:15:00+00:00, execution_date=20240713T141500, start_date=20240713T153335, end_date=20240713T164946
[2024-07-13T16:49:46.796+0000] {processor.py:791} INFO - Executed failure callback for <TaskInstance: Fail_Dags_Monitor.load scheduled__2024-07-13T14:15:00+00:00 [up_for_retry]> in state up_for_retry
[2024-07-13T16:49:46.818+0000] {logging_mixin.py:188} INFO - [2024-07-13T16:49:46.816+0000] {dag.py:3096} INFO - Sync 1 DAGs
[2024-07-13T16:49:46.939+0000] {logging_mixin.py:188} INFO - [2024-07-13T16:49:46.938+0000] {dag.py:3954} INFO - Setting next_dagrun for Fail_Dags_Monitor to 2024-07-13 16:15:00+00:00, run_after=2024-07-13 17:15:00+00:00
[2024-07-13T16:49:46.952+0000] {processor.py:183} INFO - Processing /opt/airflow/dags/fail_dags_monitor.py took 0.539 seconds
[2024-07-13T18:07:51.344+0000] {processor.py:161} INFO - Started process (PID=1017) to work on /opt/airflow/dags/fail_dags_monitor.py
[2024-07-13T18:07:51.349+0000] {processor.py:830} INFO - Processing file /opt/airflow/dags/fail_dags_monitor.py for tasks to queue
[2024-07-13T18:07:51.351+0000] {logging_mixin.py:188} INFO - [2024-07-13T18:07:51.351+0000] {dagbag.py:545} INFO - Filling up the DagBag from /opt/airflow/dags/fail_dags_monitor.py
[2024-07-13T18:07:51.612+0000] {processor.py:840} INFO - DAG(s) 'Fail_Dags_Monitor' retrieved from /opt/airflow/dags/fail_dags_monitor.py
[2024-07-13T18:07:51.633+0000] {logging_mixin.py:188} INFO - [2024-07-13T18:07:51.632+0000] {taskinstance.py:2907} ERROR - {'DAG Id': 'Fail_Dags_Monitor', 'Task Id': 'load', 'Run Id': 'scheduled__2024-07-13T15:15:00+00:00', 'Hostname': 'a9aa3835bb3f'}
[2024-07-13T18:07:51.662+0000] {logging_mixin.py:188} INFO - [2024-07-13T18:07:51.661+0000] {taskinstance.py:1206} INFO - Marking task as UP_FOR_RETRY. dag_id=Fail_Dags_Monitor, task_id=load, run_id=scheduled__2024-07-13T15:15:00+00:00, execution_date=20240713T151500, start_date=20240713T165005, end_date=20240713T180751
[2024-07-13T18:07:51.671+0000] {processor.py:791} INFO - Executed failure callback for <TaskInstance: Fail_Dags_Monitor.load scheduled__2024-07-13T15:15:00+00:00 [up_for_retry]> in state up_for_retry
[2024-07-13T18:07:51.821+0000] {logging_mixin.py:188} INFO - [2024-07-13T18:07:51.821+0000] {dag.py:3096} INFO - Sync 1 DAGs
[2024-07-13T18:07:51.833+0000] {logging_mixin.py:188} INFO - [2024-07-13T18:07:51.833+0000] {dag.py:3954} INFO - Setting next_dagrun for Fail_Dags_Monitor to 2024-07-13 17:15:00+00:00, run_after=2024-07-13 18:15:00+00:00
[2024-07-13T18:07:51.842+0000] {processor.py:183} INFO - Processing /opt/airflow/dags/fail_dags_monitor.py took 0.501 seconds
[2024-07-13T19:34:21.975+0000] {processor.py:161} INFO - Started process (PID=1084) to work on /opt/airflow/dags/fail_dags_monitor.py
[2024-07-13T19:34:21.977+0000] {processor.py:830} INFO - Processing file /opt/airflow/dags/fail_dags_monitor.py for tasks to queue
[2024-07-13T19:34:21.978+0000] {logging_mixin.py:188} INFO - [2024-07-13T19:34:21.977+0000] {dagbag.py:545} INFO - Filling up the DagBag from /opt/airflow/dags/fail_dags_monitor.py
[2024-07-13T19:34:22.147+0000] {processor.py:840} INFO - DAG(s) 'Fail_Dags_Monitor' retrieved from /opt/airflow/dags/fail_dags_monitor.py
[2024-07-13T19:34:22.161+0000] {logging_mixin.py:188} INFO - [2024-07-13T19:34:22.161+0000] {dag.py:3096} INFO - Sync 1 DAGs
[2024-07-13T19:34:22.244+0000] {logging_mixin.py:188} INFO - [2024-07-13T19:34:22.244+0000] {dag.py:3954} INFO - Setting next_dagrun for Fail_Dags_Monitor to 2024-07-13 19:15:00+00:00, run_after=2024-07-13 20:15:00+00:00
[2024-07-13T19:34:22.250+0000] {processor.py:183} INFO - Processing /opt/airflow/dags/fail_dags_monitor.py took 0.281 seconds
[2024-07-13T20:56:37.335+0000] {processor.py:161} INFO - Started process (PID=1124) to work on /opt/airflow/dags/fail_dags_monitor.py
[2024-07-13T20:56:37.336+0000] {processor.py:830} INFO - Processing file /opt/airflow/dags/fail_dags_monitor.py for tasks to queue
[2024-07-13T20:56:37.337+0000] {logging_mixin.py:188} INFO - [2024-07-13T20:56:37.337+0000] {dagbag.py:545} INFO - Filling up the DagBag from /opt/airflow/dags/fail_dags_monitor.py
[2024-07-13T20:56:37.532+0000] {processor.py:840} INFO - DAG(s) 'Fail_Dags_Monitor' retrieved from /opt/airflow/dags/fail_dags_monitor.py
[2024-07-13T20:56:37.684+0000] {logging_mixin.py:188} INFO - [2024-07-13T20:56:37.683+0000] {dag.py:3096} INFO - Sync 1 DAGs
[2024-07-13T20:56:37.700+0000] {logging_mixin.py:188} INFO - [2024-07-13T20:56:37.700+0000] {dag.py:3954} INFO - Setting next_dagrun for Fail_Dags_Monitor to 2024-07-13 20:15:00+00:00, run_after=2024-07-13 21:15:00+00:00
[2024-07-13T20:56:37.711+0000] {processor.py:183} INFO - Processing /opt/airflow/dags/fail_dags_monitor.py took 0.381 seconds
[2024-07-13T22:17:24.251+0000] {processor.py:161} INFO - Started process (PID=1164) to work on /opt/airflow/dags/fail_dags_monitor.py
[2024-07-13T22:17:24.252+0000] {processor.py:830} INFO - Processing file /opt/airflow/dags/fail_dags_monitor.py for tasks to queue
[2024-07-13T22:17:24.252+0000] {logging_mixin.py:188} INFO - [2024-07-13T22:17:24.252+0000] {dagbag.py:545} INFO - Filling up the DagBag from /opt/airflow/dags/fail_dags_monitor.py
[2024-07-13T22:17:24.518+0000] {processor.py:840} INFO - DAG(s) 'Fail_Dags_Monitor' retrieved from /opt/airflow/dags/fail_dags_monitor.py
[2024-07-13T22:17:24.529+0000] {logging_mixin.py:188} INFO - [2024-07-13T22:17:24.529+0000] {dag.py:3096} INFO - Sync 1 DAGs
[2024-07-13T22:17:24.538+0000] {logging_mixin.py:188} INFO - [2024-07-13T22:17:24.538+0000] {dag.py:3954} INFO - Setting next_dagrun for Fail_Dags_Monitor to 2024-07-13 21:15:00+00:00, run_after=2024-07-13 22:15:00+00:00
[2024-07-13T22:17:24.544+0000] {processor.py:183} INFO - Processing /opt/airflow/dags/fail_dags_monitor.py took 0.300 seconds
[2024-07-13T23:57:35.883+0000] {processor.py:161} INFO - Started process (PID=1197) to work on /opt/airflow/dags/fail_dags_monitor.py
[2024-07-13T23:57:35.884+0000] {processor.py:830} INFO - Processing file /opt/airflow/dags/fail_dags_monitor.py for tasks to queue
[2024-07-13T23:57:35.886+0000] {logging_mixin.py:188} INFO - [2024-07-13T23:57:35.885+0000] {dagbag.py:545} INFO - Filling up the DagBag from /opt/airflow/dags/fail_dags_monitor.py
[2024-07-13T23:57:36.088+0000] {processor.py:840} INFO - DAG(s) 'Fail_Dags_Monitor' retrieved from /opt/airflow/dags/fail_dags_monitor.py
[2024-07-13T23:57:36.105+0000] {logging_mixin.py:188} INFO - [2024-07-13T23:57:36.105+0000] {dag.py:3096} INFO - Sync 1 DAGs
[2024-07-13T23:57:36.119+0000] {logging_mixin.py:188} INFO - [2024-07-13T23:57:36.118+0000] {dag.py:3954} INFO - Setting next_dagrun for Fail_Dags_Monitor to 2024-07-13 23:15:00+00:00, run_after=2024-07-14 00:15:00+00:00
[2024-07-13T23:57:36.234+0000] {processor.py:183} INFO - Processing /opt/airflow/dags/fail_dags_monitor.py took 0.359 seconds
