[2024-07-13T14:32:34.430+0000] {local_task_job_runner.py:120} INFO - ::group::Pre task execution logs
[2024-07-13T14:32:34.460+0000] {taskinstance.py:2076} INFO - Dependencies all met for dep_context=non-requeueable deps ti=<TaskInstance: Extend_Run_Dags_Monitor.stop_long_running_tasks scheduled__2024-07-13T13:15:00+00:00 [queued]>
[2024-07-13T14:32:34.476+0000] {taskinstance.py:2076} INFO - Dependencies all met for dep_context=requeueable deps ti=<TaskInstance: Extend_Run_Dags_Monitor.stop_long_running_tasks scheduled__2024-07-13T13:15:00+00:00 [queued]>
[2024-07-13T14:32:34.477+0000] {taskinstance.py:2306} INFO - Starting attempt 1 of 3
[2024-07-13T14:32:34.506+0000] {taskinstance.py:2330} INFO - Executing <Task(PythonOperator): stop_long_running_tasks> on 2024-07-13 13:15:00+00:00
[2024-07-13T14:32:34.514+0000] {logging_mixin.py:188} WARNING - /home/***/.local/lib/python3.12/site-packages/***/task/task_runner/standard_task_runner.py:61 DeprecationWarning: This process (pid=853) is multi-threaded, use of fork() may lead to deadlocks in the child.
[2024-07-13T14:32:34.516+0000] {standard_task_runner.py:63} INFO - Started process 865 to run task
[2024-07-13T14:32:34.515+0000] {standard_task_runner.py:90} INFO - Running: ['***', 'tasks', 'run', 'Extend_Run_Dags_Monitor', 'stop_long_running_tasks', 'scheduled__2024-07-13T13:15:00+00:00', '--job-id', '1907', '--raw', '--subdir', 'DAGS_FOLDER/extend_run_dags_monitor.py', '--cfg-path', '/tmp/tmp163vn7yq']
[2024-07-13T14:32:34.519+0000] {standard_task_runner.py:91} INFO - Job 1907: Subtask stop_long_running_tasks
[2024-07-13T14:32:34.589+0000] {task_command.py:426} INFO - Running <TaskInstance: Extend_Run_Dags_Monitor.stop_long_running_tasks scheduled__2024-07-13T13:15:00+00:00 [running]> on host a9aa3835bb3f
[2024-07-13T14:32:34.667+0000] {taskinstance.py:2648} INFO - Exporting env vars: AIRFLOW_CTX_DAG_OWNER='congminh.nguyen@ponpoint.vn' AIRFLOW_CTX_DAG_ID='Extend_Run_Dags_Monitor' AIRFLOW_CTX_TASK_ID='stop_long_running_tasks' AIRFLOW_CTX_EXECUTION_DATE='2024-07-13T13:15:00+00:00' AIRFLOW_CTX_TRY_NUMBER='1' AIRFLOW_CTX_DAG_RUN_ID='scheduled__2024-07-13T13:15:00+00:00'
[2024-07-13T14:32:34.669+0000] {taskinstance.py:430} INFO - ::endgroup::
[2024-07-13T14:32:34.705+0000] {extend_run_dags_monitor.py:32} INFO - max_running_time: 0
[2024-07-13T14:32:34.719+0000] {extend_run_dags_monitor.py:40} INFO - task_id: load, dag_id: Fail_Dags_Monitor, start_date: 2024-07-13 13:30:55.179858+00:00, job_id: 1904, pid: 846, hostname: a9aa3835bb3f, unixname: default
[2024-07-13T14:32:34.719+0000] {extend_run_dags_monitor.py:40} INFO - task_id: fail_task, dag_id: Email_test_dag, start_date: 2024-07-13 13:31:01.374474+00:00, job_id: 1906, pid: 851, hostname: a9aa3835bb3f, unixname: default
[2024-07-13T14:32:34.720+0000] {extend_run_dags_monitor.py:40} INFO - task_id: fail_task, dag_id: Email_test_dag, start_date: 2024-07-13 13:30:46.638959+00:00, job_id: 1902, pid: 833, hostname: a9aa3835bb3f, unixname: default
[2024-07-13T14:32:34.721+0000] {extend_run_dags_monitor.py:40} INFO - task_id: fail_task, dag_id: Email_test_dag, start_date: 2024-07-13 13:31:00.287671+00:00, job_id: 1905, pid: 848, hostname: a9aa3835bb3f, unixname: default
[2024-07-13T14:32:34.721+0000] {extend_run_dags_monitor.py:45} INFO - Sending this tasks to shutdown: ['load', 'fail_task', 'fail_task', 'fail_task']
[2024-07-13T14:32:34.733+0000] {python.py:237} INFO - Done. Returned value was: None
[2024-07-13T14:32:34.734+0000] {taskinstance.py:441} INFO - ::group::Post task execution logs
[2024-07-13T14:32:34.744+0000] {taskinstance.py:1206} INFO - Marking task as SUCCESS. dag_id=Extend_Run_Dags_Monitor, task_id=stop_long_running_tasks, run_id=scheduled__2024-07-13T13:15:00+00:00, execution_date=20240713T131500, start_date=20240713T143234, end_date=20240713T143234
[2024-07-13T14:32:34.786+0000] {local_task_job_runner.py:240} INFO - Task exited with return code 0
[2024-07-13T14:32:34.801+0000] {taskinstance.py:3503} INFO - 0 downstream tasks scheduled from follow-on schedule check
[2024-07-13T14:32:34.803+0000] {local_task_job_runner.py:222} INFO - ::endgroup::
