[2024-07-12T02:49:42.412+0000] {local_task_job_runner.py:120} INFO - ::group::Pre task execution logs
[2024-07-12T02:49:42.426+0000] {taskinstance.py:2076} INFO - Dependencies all met for dep_context=non-requeueable deps ti=<TaskInstance: Fail_Dags_Monitor.load manual__2024-07-12T02:49:39.715795+00:00 [queued]>
[2024-07-12T02:49:42.430+0000] {taskinstance.py:2076} INFO - Dependencies all met for dep_context=requeueable deps ti=<TaskInstance: Fail_Dags_Monitor.load manual__2024-07-12T02:49:39.715795+00:00 [queued]>
[2024-07-12T02:49:42.431+0000] {taskinstance.py:2306} INFO - Starting attempt 1 of 3
[2024-07-12T02:49:42.437+0000] {taskinstance.py:2330} INFO - Executing <Task(PythonOperator): load> on 2024-07-12 02:49:39.715795+00:00
[2024-07-12T02:49:42.440+0000] {logging_mixin.py:188} WARNING - /home/***/.local/lib/python3.12/site-packages/***/task/task_runner/standard_task_runner.py:61 DeprecationWarning: This process (pid=1352) is multi-threaded, use of fork() may lead to deadlocks in the child.
[2024-07-12T02:49:42.441+0000] {standard_task_runner.py:63} INFO - Started process 1354 to run task
[2024-07-12T02:49:42.441+0000] {standard_task_runner.py:90} INFO - Running: ['***', 'tasks', 'run', 'Fail_Dags_Monitor', 'load', 'manual__2024-07-12T02:49:39.715795+00:00', '--job-id', '691', '--raw', '--subdir', 'DAGS_FOLDER/fail_dags_monitor.py', '--cfg-path', '/tmp/tmp0_t8vwkk']
[2024-07-12T02:49:42.442+0000] {standard_task_runner.py:91} INFO - Job 691: Subtask load
[2024-07-12T02:49:42.461+0000] {task_command.py:426} INFO - Running <TaskInstance: Fail_Dags_Monitor.load manual__2024-07-12T02:49:39.715795+00:00 [running]> on host af32cf3fdf88
[2024-07-12T02:49:42.583+0000] {taskinstance.py:2648} INFO - Exporting env vars: AIRFLOW_CTX_DAG_OWNER='congminh.nguyen@onpoint.vn' AIRFLOW_CTX_DAG_ID='Fail_Dags_Monitor' AIRFLOW_CTX_TASK_ID='load' AIRFLOW_CTX_EXECUTION_DATE='2024-07-12T02:49:39.715795+00:00' AIRFLOW_CTX_TRY_NUMBER='1' AIRFLOW_CTX_DAG_RUN_ID='manual__2024-07-12T02:49:39.715795+00:00'
[2024-07-12T02:49:42.584+0000] {taskinstance.py:430} INFO - ::endgroup::
[2024-07-12T02:49:42.589+0000] {dagbag.py:545} INFO - Filling up the DagBag from /opt/***/dags
[2024-07-12T02:49:43.230+0000] {logging_mixin.py:188} INFO - Successfully connect to database!
[2024-07-12T02:49:43.743+0000] {logging_mixin.py:188} INFO - Insert time: 0.5120389461517334 seconds
[2024-07-12T02:49:43.743+0000] {python.py:237} INFO - Done. Returned value was: None
[2024-07-12T02:49:43.744+0000] {taskinstance.py:441} INFO - ::group::Post task execution logs
[2024-07-12T02:49:43.749+0000] {taskinstance.py:1206} INFO - Marking task as SUCCESS. dag_id=Fail_Dags_Monitor, task_id=load, run_id=manual__2024-07-12T02:49:39.715795+00:00, execution_date=20240712T024939, start_date=20240712T024942, end_date=20240712T024943
[2024-07-12T02:49:43.769+0000] {local_task_job_runner.py:240} INFO - Task exited with return code 0
[2024-07-12T02:49:43.776+0000] {taskinstance.py:3503} INFO - 0 downstream tasks scheduled from follow-on schedule check
[2024-07-12T02:49:43.777+0000] {local_task_job_runner.py:222} INFO - ::endgroup::
