[2024-07-04T06:15:12.579+0000] {local_task_job_runner.py:120} INFO - ::group::Pre task execution logs
[2024-07-04T06:15:12.594+0000] {taskinstance.py:2076} INFO - Dependencies all met for dep_context=non-requeueable deps ti=<TaskInstance: Fail_Dags_Monitor.get_failed_dag scheduled__2024-07-04T05:15:00+00:00 [queued]>
[2024-07-04T06:15:12.598+0000] {taskinstance.py:2076} INFO - Dependencies all met for dep_context=requeueable deps ti=<TaskInstance: Fail_Dags_Monitor.get_failed_dag scheduled__2024-07-04T05:15:00+00:00 [queued]>
[2024-07-04T06:15:12.598+0000] {taskinstance.py:2306} INFO - Starting attempt 3 of 3
[2024-07-04T06:15:12.604+0000] {taskinstance.py:2330} INFO - Executing <Task(PythonOperator): get_failed_dag> on 2024-07-04 05:15:00+00:00
[2024-07-04T06:15:12.607+0000] {logging_mixin.py:188} WARNING - /home/***/.local/lib/python3.12/site-packages/***/task/task_runner/standard_task_runner.py:61 DeprecationWarning: This process (pid=21401) is multi-threaded, use of fork() may lead to deadlocks in the child.
[2024-07-04T06:15:12.608+0000] {standard_task_runner.py:63} INFO - Started process 21402 to run task
[2024-07-04T06:15:12.607+0000] {standard_task_runner.py:90} INFO - Running: ['***', 'tasks', 'run', 'Fail_Dags_Monitor', 'get_failed_dag', 'scheduled__2024-07-04T05:15:00+00:00', '--job-id', '398', '--raw', '--subdir', 'DAGS_FOLDER/fail_dags_monitor.py', '--cfg-path', '/tmp/tmpbhpu1vro']
[2024-07-04T06:15:12.609+0000] {standard_task_runner.py:91} INFO - Job 398: Subtask get_failed_dag
[2024-07-04T06:15:12.632+0000] {task_command.py:426} INFO - Running <TaskInstance: Fail_Dags_Monitor.get_failed_dag scheduled__2024-07-04T05:15:00+00:00 [running]> on host 0b64c9d791b9
[2024-07-04T06:15:12.670+0000] {taskinstance.py:2648} INFO - Exporting env vars: AIRFLOW_CTX_DAG_OWNER='congminh.nguyen@onpoint.vn' AIRFLOW_CTX_DAG_ID='Fail_Dags_Monitor' AIRFLOW_CTX_TASK_ID='get_failed_dag' AIRFLOW_CTX_EXECUTION_DATE='2024-07-04T05:15:00+00:00' AIRFLOW_CTX_TRY_NUMBER='3' AIRFLOW_CTX_DAG_RUN_ID='scheduled__2024-07-04T05:15:00+00:00'
[2024-07-04T06:15:12.670+0000] {taskinstance.py:430} INFO - ::endgroup::
[2024-07-04T06:15:12.676+0000] {dagbag.py:545} INFO - Filling up the DagBag from /opt/***/dags
[2024-07-04T06:15:12.692+0000] {taskinstance.py:441} INFO - ::group::Post task execution logs
[2024-07-04T06:15:12.693+0000] {taskinstance.py:2905} ERROR - Task failed with exception
Traceback (most recent call last):
  File "/home/airflow/.local/lib/python3.12/site-packages/airflow/models/taskinstance.py", line 465, in _execute_task
    result = _execute_callable(context=context, **execute_callable_kwargs)
             ^^^^^^^^^^^^^^^^^^^^^^^^^^^^^^^^^^^^^^^^^^^^^^^^^^^^^^^^^^^^^
  File "/home/airflow/.local/lib/python3.12/site-packages/airflow/models/taskinstance.py", line 432, in _execute_callable
    return execute_callable(context=context, **execute_callable_kwargs)
           ^^^^^^^^^^^^^^^^^^^^^^^^^^^^^^^^^^^^^^^^^^^^^^^^^^^^^^^^^^^^
  File "/home/airflow/.local/lib/python3.12/site-packages/airflow/models/baseoperator.py", line 401, in wrapper
    return func(self, *args, **kwargs)
           ^^^^^^^^^^^^^^^^^^^^^^^^^^^
  File "/home/airflow/.local/lib/python3.12/site-packages/airflow/operators/python.py", line 235, in execute
    return_value = self.execute_callable()
                   ^^^^^^^^^^^^^^^^^^^^^^^
  File "/home/airflow/.local/lib/python3.12/site-packages/airflow/operators/python.py", line 252, in execute_callable
    return self.python_callable(*self.op_args, **self.op_kwargs)
           ^^^^^^^^^^^^^^^^^^^^^^^^^^^^^^^^^^^^^^^^^^^^^^^^^^^^^
  File "/opt/airflow/dags/fail_dags_monitor.py", line 34, in get_failed_dag
    dag_owner = run.dag_model.get('owner')
                ^^^^^^^^^^^^^
  File "/home/airflow/.local/lib/python3.12/site-packages/sqlalchemy/orm/attributes.py", line 487, in __get__
    return self.impl.get(state, dict_)
           ^^^^^^^^^^^^^^^^^^^^^^^^^^^
  File "/home/airflow/.local/lib/python3.12/site-packages/sqlalchemy/orm/attributes.py", line 959, in get
    value = self._fire_loader_callables(state, key, passive)
            ^^^^^^^^^^^^^^^^^^^^^^^^^^^^^^^^^^^^^^^^^^^^^^^^
  File "/home/airflow/.local/lib/python3.12/site-packages/sqlalchemy/orm/attributes.py", line 995, in _fire_loader_callables
    return self.callable_(state, passive)
           ^^^^^^^^^^^^^^^^^^^^^^^^^^^^^^
  File "/home/airflow/.local/lib/python3.12/site-packages/sqlalchemy/orm/strategies.py", line 863, in _load_for_state
    raise orm_exc.DetachedInstanceError(
sqlalchemy.orm.exc.DetachedInstanceError: Parent instance <DagRun at 0xffffb2ab5550> is not bound to a Session; lazy load operation of attribute 'dag_model' cannot proceed (Background on this error at: https://sqlalche.me/e/14/bhk3)
[2024-07-04T06:15:12.699+0000] {taskinstance.py:1206} INFO - Marking task as FAILED. dag_id=Fail_Dags_Monitor, task_id=get_failed_dag, run_id=scheduled__2024-07-04T05:15:00+00:00, execution_date=20240704T051500, start_date=20240704T061512, end_date=20240704T061512
[2024-07-04T06:15:12.705+0000] {standard_task_runner.py:110} ERROR - Failed to execute job 398 for task get_failed_dag (Parent instance <DagRun at 0xffffb2ab5550> is not bound to a Session; lazy load operation of attribute 'dag_model' cannot proceed (Background on this error at: https://sqlalche.me/e/14/bhk3); 21402)
[2024-07-04T06:15:12.711+0000] {local_task_job_runner.py:240} INFO - Task exited with return code 1
[2024-07-04T06:15:12.724+0000] {taskinstance.py:3503} INFO - 0 downstream tasks scheduled from follow-on schedule check
[2024-07-04T06:15:12.726+0000] {local_task_job_runner.py:222} INFO - ::endgroup::
