[2024-07-13T02:59:17.996+0000] {local_task_job_runner.py:120} INFO - ::group::Pre task execution logs
[2024-07-13T02:59:18.024+0000] {taskinstance.py:2076} INFO - Dependencies all met for dep_context=non-requeueable deps ti=<TaskInstance: Extend_Run_Dags_Monitor.stop_long_running_tasks scheduled__2024-07-13T01:15:00+00:00 [queued]>
[2024-07-13T02:59:18.031+0000] {taskinstance.py:2076} INFO - Dependencies all met for dep_context=requeueable deps ti=<TaskInstance: Extend_Run_Dags_Monitor.stop_long_running_tasks scheduled__2024-07-13T01:15:00+00:00 [queued]>
[2024-07-13T02:59:18.032+0000] {taskinstance.py:2306} INFO - Starting attempt 1 of 3
[2024-07-13T02:59:18.063+0000] {taskinstance.py:2330} INFO - Executing <Task(PythonOperator): stop_long_running_tasks> on 2024-07-13 01:15:00+00:00
[2024-07-13T02:59:18.074+0000] {logging_mixin.py:188} WARNING - /home/***/.local/lib/python3.12/site-packages/***/task/task_runner/standard_task_runner.py:61 DeprecationWarning: This process (pid=281) is multi-threaded, use of fork() may lead to deadlocks in the child.
[2024-07-13T02:59:18.074+0000] {standard_task_runner.py:90} INFO - Running: ['***', 'tasks', 'run', 'Extend_Run_Dags_Monitor', 'stop_long_running_tasks', 'scheduled__2024-07-13T01:15:00+00:00', '--job-id', '1784', '--raw', '--subdir', 'DAGS_FOLDER/extend_run_dags_monitor.py', '--cfg-path', '/tmp/tmpubxd6wd_']
[2024-07-13T02:59:18.076+0000] {standard_task_runner.py:63} INFO - Started process 285 to run task
[2024-07-13T02:59:18.077+0000] {standard_task_runner.py:91} INFO - Job 1784: Subtask stop_long_running_tasks
[2024-07-13T02:59:18.116+0000] {task_command.py:426} INFO - Running <TaskInstance: Extend_Run_Dags_Monitor.stop_long_running_tasks scheduled__2024-07-13T01:15:00+00:00 [running]> on host a9aa3835bb3f
[2024-07-13T02:59:18.188+0000] {taskinstance.py:2648} INFO - Exporting env vars: AIRFLOW_CTX_DAG_OWNER='congminh.nguyen@ponpoint.vn' AIRFLOW_CTX_DAG_ID='Extend_Run_Dags_Monitor' AIRFLOW_CTX_TASK_ID='stop_long_running_tasks' AIRFLOW_CTX_EXECUTION_DATE='2024-07-13T01:15:00+00:00' AIRFLOW_CTX_TRY_NUMBER='1' AIRFLOW_CTX_DAG_RUN_ID='scheduled__2024-07-13T01:15:00+00:00'
[2024-07-13T02:59:18.189+0000] {taskinstance.py:430} INFO - ::endgroup::
[2024-07-13T02:59:18.203+0000] {extend_run_dags_monitor.py:32} INFO - max_running_time: 0
[2024-07-13T02:59:18.212+0000] {extend_run_dags_monitor.py:40} INFO - task_id: fail_task, dag_id: Email_test_dag, start_date: 2024-07-13 01:37:40.498226+00:00, job_id: 1782, pid: 264, hostname: a9aa3835bb3f, unixname: default
[2024-07-13T02:59:18.213+0000] {extend_run_dags_monitor.py:40} INFO - task_id: fail_task, dag_id: Email_test_dag, start_date: 2024-07-13 01:37:40.498226+00:00, job_id: 1781, pid: 265, hostname: a9aa3835bb3f, unixname: default
[2024-07-13T02:59:18.213+0000] {extend_run_dags_monitor.py:40} INFO - task_id: fail_task, dag_id: Email_test_dag, start_date: 2024-07-13 01:37:30.378864+00:00, job_id: 1774, pid: 246, hostname: a9aa3835bb3f, unixname: default
[2024-07-13T02:59:18.214+0000] {extend_run_dags_monitor.py:45} INFO - Sending this tasks to shutdown: ['fail_task', 'fail_task', 'fail_task']
[2024-07-13T02:59:18.222+0000] {python.py:237} INFO - Done. Returned value was: None
[2024-07-13T02:59:18.223+0000] {taskinstance.py:441} INFO - ::group::Post task execution logs
[2024-07-13T02:59:18.230+0000] {taskinstance.py:1206} INFO - Marking task as SUCCESS. dag_id=Extend_Run_Dags_Monitor, task_id=stop_long_running_tasks, run_id=scheduled__2024-07-13T01:15:00+00:00, execution_date=20240713T011500, start_date=20240713T025918, end_date=20240713T025918
[2024-07-13T02:59:18.257+0000] {local_task_job_runner.py:240} INFO - Task exited with return code 0
[2024-07-13T02:59:18.274+0000] {taskinstance.py:3503} INFO - 0 downstream tasks scheduled from follow-on schedule check
[2024-07-13T02:59:18.275+0000] {local_task_job_runner.py:222} INFO - ::endgroup::
