[2024-07-14T20:14:49.783+0000] {local_task_job_runner.py:120} INFO - ::group::Pre task execution logs
[2024-07-14T20:14:49.799+0000] {taskinstance.py:2076} INFO - Dependencies all met for dep_context=non-requeueable deps ti=<TaskInstance: Extend_Run_Dags_Monitor.stop_long_running_tasks scheduled__2024-07-14T18:15:00+00:00 [queued]>
[2024-07-14T20:14:49.804+0000] {taskinstance.py:2076} INFO - Dependencies all met for dep_context=requeueable deps ti=<TaskInstance: Extend_Run_Dags_Monitor.stop_long_running_tasks scheduled__2024-07-14T18:15:00+00:00 [queued]>
[2024-07-14T20:14:49.804+0000] {taskinstance.py:2306} INFO - Starting attempt 1 of 3
[2024-07-14T20:14:49.813+0000] {taskinstance.py:2330} INFO - Executing <Task(PythonOperator): stop_long_running_tasks> on 2024-07-14 18:15:00+00:00
[2024-07-14T20:14:49.818+0000] {logging_mixin.py:188} WARNING - /home/***/.local/lib/python3.12/site-packages/***/task/task_runner/standard_task_runner.py:61 DeprecationWarning: This process (pid=2054) is multi-threaded, use of fork() may lead to deadlocks in the child.
[2024-07-14T20:14:49.818+0000] {standard_task_runner.py:63} INFO - Started process 2058 to run task
[2024-07-14T20:14:49.818+0000] {standard_task_runner.py:90} INFO - Running: ['***', 'tasks', 'run', 'Extend_Run_Dags_Monitor', 'stop_long_running_tasks', 'scheduled__2024-07-14T18:15:00+00:00', '--job-id', '2147', '--raw', '--subdir', 'DAGS_FOLDER/extend_run_dags_monitor.py', '--cfg-path', '/tmp/tmpa24_q8m9']
[2024-07-14T20:14:49.819+0000] {standard_task_runner.py:91} INFO - Job 2147: Subtask stop_long_running_tasks
[2024-07-14T20:14:49.866+0000] {task_command.py:426} INFO - Running <TaskInstance: Extend_Run_Dags_Monitor.stop_long_running_tasks scheduled__2024-07-14T18:15:00+00:00 [running]> on host a9aa3835bb3f
[2024-07-14T20:14:49.913+0000] {taskinstance.py:2648} INFO - Exporting env vars: AIRFLOW_CTX_DAG_OWNER='congminh.nguyen@ponpoint.vn' AIRFLOW_CTX_DAG_ID='Extend_Run_Dags_Monitor' AIRFLOW_CTX_TASK_ID='stop_long_running_tasks' AIRFLOW_CTX_EXECUTION_DATE='2024-07-14T18:15:00+00:00' AIRFLOW_CTX_TRY_NUMBER='1' AIRFLOW_CTX_DAG_RUN_ID='scheduled__2024-07-14T18:15:00+00:00'
[2024-07-14T20:14:49.915+0000] {taskinstance.py:430} INFO - ::endgroup::
[2024-07-14T20:14:49.926+0000] {extend_run_dags_monitor.py:32} INFO - max_running_time: 0
[2024-07-14T20:14:49.932+0000] {extend_run_dags_monitor.py:40} INFO - task_id: fail_task, dag_id: Email_test_dag, start_date: 2024-07-14 18:47:01.247140+00:00, job_id: 2139, pid: 2014, hostname: a9aa3835bb3f, unixname: default
[2024-07-14T20:14:49.933+0000] {extend_run_dags_monitor.py:40} INFO - task_id: fail_task, dag_id: Email_test_dag, start_date: 2024-07-14 18:47:01.245835+00:00, job_id: 2138, pid: 2015, hostname: a9aa3835bb3f, unixname: default
[2024-07-14T20:14:49.933+0000] {extend_run_dags_monitor.py:40} INFO - task_id: fail_task, dag_id: Email_test_dag, start_date: 2024-07-14 18:46:58.052179+00:00, job_id: 2132, pid: 1996, hostname: a9aa3835bb3f, unixname: default
[2024-07-14T20:14:49.934+0000] {extend_run_dags_monitor.py:40} INFO - task_id: fail_task, dag_id: Email_test_dag, start_date: 2024-07-14 18:47:01.266515+00:00, job_id: 2140, pid: 2016, hostname: a9aa3835bb3f, unixname: default
[2024-07-14T20:14:49.934+0000] {extend_run_dags_monitor.py:40} INFO - task_id: load, dag_id: Fail_Dags_Monitor, start_date: 2024-07-14 18:47:18.539045+00:00, job_id: 2144, pid: 2035, hostname: a9aa3835bb3f, unixname: default
[2024-07-14T20:14:49.934+0000] {extend_run_dags_monitor.py:40} INFO - task_id: load, dag_id: Fail_Dags_Monitor, start_date: 2024-07-14 18:47:18.539847+00:00, job_id: 2145, pid: 2036, hostname: a9aa3835bb3f, unixname: default
[2024-07-14T20:14:49.934+0000] {extend_run_dags_monitor.py:45} INFO - Sending this tasks to shutdown: ['fail_task', 'fail_task', 'fail_task', 'fail_task', 'load', 'load']
[2024-07-14T20:14:49.942+0000] {python.py:237} INFO - Done. Returned value was: None
[2024-07-14T20:14:49.943+0000] {taskinstance.py:441} INFO - ::group::Post task execution logs
[2024-07-14T20:14:49.949+0000] {taskinstance.py:1206} INFO - Marking task as SUCCESS. dag_id=Extend_Run_Dags_Monitor, task_id=stop_long_running_tasks, run_id=scheduled__2024-07-14T18:15:00+00:00, execution_date=20240714T181500, start_date=20240714T201449, end_date=20240714T201449
[2024-07-14T20:14:49.961+0000] {local_task_job_runner.py:240} INFO - Task exited with return code 0
[2024-07-14T20:14:49.969+0000] {taskinstance.py:3503} INFO - 0 downstream tasks scheduled from follow-on schedule check
[2024-07-14T20:14:49.970+0000] {local_task_job_runner.py:222} INFO - ::endgroup::
