[2024-07-10T10:15:01.823+0000] {local_task_job_runner.py:120} INFO - ::group::Pre task execution logs
[2024-07-10T10:15:01.837+0000] {taskinstance.py:2076} INFO - Dependencies all met for dep_context=non-requeueable deps ti=<TaskInstance: Fail_Dags_Monitor.get_log scheduled__2024-07-10T09:15:00+00:00 [queued]>
[2024-07-10T10:15:01.841+0000] {taskinstance.py:2076} INFO - Dependencies all met for dep_context=requeueable deps ti=<TaskInstance: Fail_Dags_Monitor.get_log scheduled__2024-07-10T09:15:00+00:00 [queued]>
[2024-07-10T10:15:01.841+0000] {taskinstance.py:2306} INFO - Starting attempt 1 of 3
[2024-07-10T10:15:01.846+0000] {taskinstance.py:2330} INFO - Executing <Task(PythonOperator): get_log> on 2024-07-10 09:15:00+00:00
[2024-07-10T10:15:01.849+0000] {logging_mixin.py:188} WARNING - /home/***/.local/lib/python3.12/site-packages/***/task/task_runner/standard_task_runner.py:61 DeprecationWarning: This process (pid=773) is multi-threaded, use of fork() may lead to deadlocks in the child.
[2024-07-10T10:15:01.850+0000] {standard_task_runner.py:63} INFO - Started process 775 to run task
[2024-07-10T10:15:01.850+0000] {standard_task_runner.py:90} INFO - Running: ['***', 'tasks', 'run', 'Fail_Dags_Monitor', 'get_log', 'scheduled__2024-07-10T09:15:00+00:00', '--job-id', '32', '--raw', '--subdir', 'DAGS_FOLDER/fail_dags_monitor.py', '--cfg-path', '/tmp/tmpl2898hdd']
[2024-07-10T10:15:01.851+0000] {standard_task_runner.py:91} INFO - Job 32: Subtask get_log
[2024-07-10T10:15:01.869+0000] {task_command.py:426} INFO - Running <TaskInstance: Fail_Dags_Monitor.get_log scheduled__2024-07-10T09:15:00+00:00 [running]> on host 886d6fa7a515
[2024-07-10T10:15:01.908+0000] {taskinstance.py:2648} INFO - Exporting env vars: AIRFLOW_CTX_DAG_OWNER='congminh.nguyen@onpoint.vn' AIRFLOW_CTX_DAG_ID='Fail_Dags_Monitor' AIRFLOW_CTX_TASK_ID='get_log' AIRFLOW_CTX_EXECUTION_DATE='2024-07-10T09:15:00+00:00' AIRFLOW_CTX_TRY_NUMBER='1' AIRFLOW_CTX_DAG_RUN_ID='scheduled__2024-07-10T09:15:00+00:00'
[2024-07-10T10:15:01.909+0000] {taskinstance.py:430} INFO - ::endgroup::
[2024-07-10T10:15:01.990+0000] {dagbag.py:545} INFO - Filling up the DagBag from /opt/***/dags
[2024-07-10T10:15:02.006+0000] {python.py:237} INFO - Done. Returned value was: [{"id": 1, "run_id": "scheduled__2024-07-10T10:03:00+00:00", "state": "failed", "dag_id": "Email_test_dag", "run_type": "scheduled", "execution_date": "2024-07-10T10:03:00+00:00", "start_date": "2024-07-10T10:04:33.026846+00:00", "end_date": "2024-07-10T10:04:57.477205+00:00"}, {"id": 4, "run_id": "scheduled__2024-07-10T10:04:00+00:00", "state": "failed", "dag_id": "Email_test_dag", "run_type": "scheduled", "execution_date": "2024-07-10T10:04:00+00:00", "start_date": "2024-07-10T10:05:00.419701+00:00", "end_date": "2024-07-10T10:05:26.725331+00:00"}, {"id": 5, "run_id": "scheduled__2024-07-10T10:05:00+00:00", "state": "failed", "dag_id": "Email_test_dag", "run_type": "scheduled", "execution_date": "2024-07-10T10:05:00+00:00", "start_date": "2024-07-10T10:06:01.029651+00:00", "end_date": "2024-07-10T10:06:26.348667+00:00"}, {"id": 6, "run_id": "scheduled__2024-07-10T10:06:00+00:00", "state": "failed", "dag_id": "Email_test_dag", "run_type": "scheduled", "execution_date": "2024-07-10T10:06:00+00:00", "start_date": "2024-07-10T10:07:00.584457+00:00", "end_date": "2024-07-10T10:07:24.793093+00:00"}, {"id": 7, "run_id": "scheduled__2024-07-10T10:07:00+00:00", "state": "failed", "dag_id": "Email_test_dag", "run_type": "scheduled", "execution_date": "2024-07-10T10:07:00+00:00", "start_date": "2024-07-10T10:08:00.169364+00:00", "end_date": "2024-07-10T10:08:25.441075+00:00"}, {"id": 8, "run_id": "scheduled__2024-07-10T10:08:00+00:00", "state": "failed", "dag_id": "Email_test_dag", "run_type": "scheduled", "execution_date": "2024-07-10T10:08:00+00:00", "start_date": "2024-07-10T10:09:00.797013+00:00", "end_date": "2024-07-10T10:09:26.052058+00:00"}, {"id": 9, "run_id": "scheduled__2024-07-10T10:09:00+00:00", "state": "failed", "dag_id": "Email_test_dag", "run_type": "scheduled", "execution_date": "2024-07-10T10:09:00+00:00", "start_date": "2024-07-10T10:10:00.456354+00:00", "end_date": "2024-07-10T10:10:25.366680+00:00"}, {"id": 10, "run_id": "scheduled__2024-07-10T10:10:00+00:00", "state": "failed", "dag_id": "Email_test_dag", "run_type": "scheduled", "execution_date": "2024-07-10T10:10:00+00:00", "start_date": "2024-07-10T10:11:01.053598+00:00", "end_date": "2024-07-10T10:11:25.615237+00:00"}, {"id": 11, "run_id": "scheduled__2024-07-10T10:11:00+00:00", "state": "failed", "dag_id": "Email_test_dag", "run_type": "scheduled", "execution_date": "2024-07-10T10:11:00+00:00", "start_date": "2024-07-10T10:12:00.610798+00:00", "end_date": "2024-07-10T10:12:24.861433+00:00"}, {"id": 12, "run_id": "scheduled__2024-07-10T10:12:00+00:00", "state": "failed", "dag_id": "Email_test_dag", "run_type": "scheduled", "execution_date": "2024-07-10T10:12:00+00:00", "start_date": "2024-07-10T10:13:00.216403+00:00", "end_date": "2024-07-10T10:13:26.230768+00:00"}, {"id": 13, "run_id": "scheduled__2024-07-10T10:13:00+00:00", "state": "failed", "dag_id": "Email_test_dag", "run_type": "scheduled", "execution_date": "2024-07-10T10:13:00+00:00", "start_date": "2024-07-10T10:14:00.771191+00:00", "end_date": "2024-07-10T10:14:25.486150+00:00"}]
[2024-07-10T10:15:02.006+0000] {taskinstance.py:441} INFO - ::group::Post task execution logs
[2024-07-10T10:15:02.015+0000] {taskinstance.py:1206} INFO - Marking task as SUCCESS. dag_id=Fail_Dags_Monitor, task_id=get_log, run_id=scheduled__2024-07-10T09:15:00+00:00, execution_date=20240710T091500, start_date=20240710T101501, end_date=20240710T101502
[2024-07-10T10:15:02.043+0000] {local_task_job_runner.py:240} INFO - Task exited with return code 0
[2024-07-10T10:15:02.053+0000] {taskinstance.py:3503} INFO - 1 downstream tasks scheduled from follow-on schedule check
[2024-07-10T10:15:02.054+0000] {local_task_job_runner.py:222} INFO - ::endgroup::
[2024-07-10T10:48:36.396+0000] {local_task_job_runner.py:120} INFO - ::group::Pre task execution logs
[2024-07-10T10:48:36.413+0000] {taskinstance.py:2076} INFO - Dependencies all met for dep_context=non-requeueable deps ti=<TaskInstance: Fail_Dags_Monitor.get_log scheduled__2024-07-10T09:15:00+00:00 [queued]>
[2024-07-10T10:48:36.419+0000] {taskinstance.py:2076} INFO - Dependencies all met for dep_context=requeueable deps ti=<TaskInstance: Fail_Dags_Monitor.get_log scheduled__2024-07-10T09:15:00+00:00 [queued]>
[2024-07-10T10:48:36.423+0000] {taskinstance.py:2306} INFO - Starting attempt 1 of 3
[2024-07-10T10:48:36.434+0000] {taskinstance.py:2330} INFO - Executing <Task(PythonOperator): get_log> on 2024-07-10 09:15:00+00:00
[2024-07-10T10:48:36.437+0000] {logging_mixin.py:188} WARNING - /home/***/.local/lib/python3.12/site-packages/***/task/task_runner/standard_task_runner.py:61 DeprecationWarning: This process (pid=676) is multi-threaded, use of fork() may lead to deadlocks in the child.
[2024-07-10T10:48:36.438+0000] {standard_task_runner.py:90} INFO - Running: ['***', 'tasks', 'run', 'Fail_Dags_Monitor', 'get_log', 'scheduled__2024-07-10T09:15:00+00:00', '--job-id', '6', '--raw', '--subdir', 'DAGS_FOLDER/fail_dags_monitor.py', '--cfg-path', '/tmp/tmpby0o_4kk']
[2024-07-10T10:48:36.439+0000] {standard_task_runner.py:63} INFO - Started process 680 to run task
[2024-07-10T10:48:36.439+0000] {standard_task_runner.py:91} INFO - Job 6: Subtask get_log
[2024-07-10T10:48:36.464+0000] {task_command.py:426} INFO - Running <TaskInstance: Fail_Dags_Monitor.get_log scheduled__2024-07-10T09:15:00+00:00 [running]> on host 469b2f9527f6
[2024-07-10T10:48:36.515+0000] {taskinstance.py:2648} INFO - Exporting env vars: AIRFLOW_CTX_DAG_OWNER='congminh.nguyen@onpoint.vn' AIRFLOW_CTX_DAG_ID='Fail_Dags_Monitor' AIRFLOW_CTX_TASK_ID='get_log' AIRFLOW_CTX_EXECUTION_DATE='2024-07-10T09:15:00+00:00' AIRFLOW_CTX_TRY_NUMBER='1' AIRFLOW_CTX_DAG_RUN_ID='scheduled__2024-07-10T09:15:00+00:00'
[2024-07-10T10:48:36.516+0000] {taskinstance.py:430} INFO - ::endgroup::
[2024-07-10T10:48:36.526+0000] {dagbag.py:545} INFO - Filling up the DagBag from /opt/***/dags
[2024-07-10T10:48:36.691+0000] {python.py:237} INFO - Done. Returned value was: []
[2024-07-10T10:48:36.692+0000] {taskinstance.py:441} INFO - ::group::Post task execution logs
[2024-07-10T10:48:36.704+0000] {taskinstance.py:1206} INFO - Marking task as SUCCESS. dag_id=Fail_Dags_Monitor, task_id=get_log, run_id=scheduled__2024-07-10T09:15:00+00:00, execution_date=20240710T091500, start_date=20240710T104836, end_date=20240710T104836
[2024-07-10T10:48:36.745+0000] {local_task_job_runner.py:240} INFO - Task exited with return code 0
[2024-07-10T10:48:36.756+0000] {taskinstance.py:3503} INFO - 1 downstream tasks scheduled from follow-on schedule check
[2024-07-10T10:48:36.756+0000] {local_task_job_runner.py:222} INFO - ::endgroup::
