[2024-07-07T08:10:33.131+0000] {local_task_job_runner.py:120} INFO - ::group::Pre task execution logs
[2024-07-07T08:10:33.177+0000] {taskinstance.py:2076} INFO - Dependencies all met for dep_context=non-requeueable deps ti=<TaskInstance: Extend_Run_Dags_Monitor.stop_long_running_tasks scheduled__2024-07-07T06:15:00+00:00 [queued]>
[2024-07-07T08:10:33.186+0000] {taskinstance.py:2076} INFO - Dependencies all met for dep_context=requeueable deps ti=<TaskInstance: Extend_Run_Dags_Monitor.stop_long_running_tasks scheduled__2024-07-07T06:15:00+00:00 [queued]>
[2024-07-07T08:10:33.186+0000] {taskinstance.py:2306} INFO - Starting attempt 1 of 3
[2024-07-07T08:10:33.198+0000] {taskinstance.py:2330} INFO - Executing <Task(PythonOperator): stop_long_running_tasks> on 2024-07-07 06:15:00+00:00
[2024-07-07T08:10:33.206+0000] {logging_mixin.py:188} WARNING - /home/***/.local/lib/python3.12/site-packages/***/task/task_runner/standard_task_runner.py:61 DeprecationWarning: This process (pid=57133) is multi-threaded, use of fork() may lead to deadlocks in the child.
[2024-07-07T08:10:33.208+0000] {standard_task_runner.py:63} INFO - Started process 57143 to run task
[2024-07-07T08:10:33.206+0000] {standard_task_runner.py:90} INFO - Running: ['***', 'tasks', 'run', 'Extend_Run_Dags_Monitor', 'stop_long_running_tasks', 'scheduled__2024-07-07T06:15:00+00:00', '--job-id', '912', '--raw', '--subdir', 'DAGS_FOLDER/extend_run_dags_monitor.py', '--cfg-path', '/tmp/tmptfcr107a']
[2024-07-07T08:10:33.210+0000] {standard_task_runner.py:91} INFO - Job 912: Subtask stop_long_running_tasks
[2024-07-07T08:10:33.293+0000] {task_command.py:426} INFO - Running <TaskInstance: Extend_Run_Dags_Monitor.stop_long_running_tasks scheduled__2024-07-07T06:15:00+00:00 [running]> on host 0b64c9d791b9
[2024-07-07T08:10:33.370+0000] {taskinstance.py:2648} INFO - Exporting env vars: AIRFLOW_CTX_DAG_OWNER='congminh.nguyen@ponpoint.vn' AIRFLOW_CTX_DAG_ID='Extend_Run_Dags_Monitor' AIRFLOW_CTX_TASK_ID='stop_long_running_tasks' AIRFLOW_CTX_EXECUTION_DATE='2024-07-07T06:15:00+00:00' AIRFLOW_CTX_TRY_NUMBER='1' AIRFLOW_CTX_DAG_RUN_ID='scheduled__2024-07-07T06:15:00+00:00'
[2024-07-07T08:10:33.371+0000] {taskinstance.py:430} INFO - ::endgroup::
[2024-07-07T08:10:33.386+0000] {extend_run_dags_monitor.py:32} INFO - max_running_time: 0
[2024-07-07T08:10:33.395+0000] {extend_run_dags_monitor.py:40} INFO - task_id: load, dag_id: Fail_Dags_Monitor, start_date: 2024-07-07 06:56:20.727591+00:00, job_id: 911, pid: 57132, hostname: 0b64c9d791b9, unixname: default
[2024-07-07T08:10:33.396+0000] {extend_run_dags_monitor.py:40} INFO - task_id: load, dag_id: Fail_Dags_Monitor, start_date: 2024-07-07 06:56:19.799499+00:00, job_id: 910, pid: 57129, hostname: 0b64c9d791b9, unixname: default
[2024-07-07T08:10:33.396+0000] {extend_run_dags_monitor.py:45} INFO - Sending this tasks to shutdown: ['load', 'load']
[2024-07-07T08:10:33.403+0000] {python.py:237} INFO - Done. Returned value was: None
[2024-07-07T08:10:33.404+0000] {taskinstance.py:441} INFO - ::group::Post task execution logs
[2024-07-07T08:10:33.413+0000] {taskinstance.py:1206} INFO - Marking task as SUCCESS. dag_id=Extend_Run_Dags_Monitor, task_id=stop_long_running_tasks, run_id=scheduled__2024-07-07T06:15:00+00:00, execution_date=20240707T061500, start_date=20240707T081033, end_date=20240707T081033
[2024-07-07T08:10:33.441+0000] {local_task_job_runner.py:240} INFO - Task exited with return code 0
[2024-07-07T08:10:33.455+0000] {taskinstance.py:3503} INFO - 0 downstream tasks scheduled from follow-on schedule check
[2024-07-07T08:10:33.456+0000] {local_task_job_runner.py:222} INFO - ::endgroup::
