[2024-07-11T05:15:02.207+0000] {local_task_job_runner.py:120} INFO - ::group::Pre task execution logs
[2024-07-11T05:15:02.220+0000] {taskinstance.py:2076} INFO - Dependencies all met for dep_context=non-requeueable deps ti=<TaskInstance: Fail_Dags_Monitor.load scheduled__2024-07-11T04:15:00+00:00 [queued]>
[2024-07-11T05:15:02.223+0000] {taskinstance.py:2076} INFO - Dependencies all met for dep_context=requeueable deps ti=<TaskInstance: Fail_Dags_Monitor.load scheduled__2024-07-11T04:15:00+00:00 [queued]>
[2024-07-11T05:15:02.224+0000] {taskinstance.py:2306} INFO - Starting attempt 1 of 3
[2024-07-11T05:15:02.229+0000] {taskinstance.py:2330} INFO - Executing <Task(PythonOperator): load> on 2024-07-11 04:15:00+00:00
[2024-07-11T05:15:02.232+0000] {logging_mixin.py:188} WARNING - /home/***/.local/lib/python3.12/site-packages/***/task/task_runner/standard_task_runner.py:61 DeprecationWarning: This process (pid=448) is multi-threaded, use of fork() may lead to deadlocks in the child.
[2024-07-11T05:15:02.233+0000] {standard_task_runner.py:63} INFO - Started process 450 to run task
[2024-07-11T05:15:02.232+0000] {standard_task_runner.py:90} INFO - Running: ['***', 'tasks', 'run', 'Fail_Dags_Monitor', 'load', 'scheduled__2024-07-11T04:15:00+00:00', '--job-id', '374', '--raw', '--subdir', 'DAGS_FOLDER/fail_dags_monitor.py', '--cfg-path', '/tmp/tmp9tt6q7l3']
[2024-07-11T05:15:02.233+0000] {standard_task_runner.py:91} INFO - Job 374: Subtask load
[2024-07-11T05:15:02.253+0000] {task_command.py:426} INFO - Running <TaskInstance: Fail_Dags_Monitor.load scheduled__2024-07-11T04:15:00+00:00 [running]> on host 3060046d38ae
[2024-07-11T05:15:02.289+0000] {taskinstance.py:2648} INFO - Exporting env vars: AIRFLOW_CTX_DAG_OWNER='congminh.nguyen@onpoint.vn' AIRFLOW_CTX_DAG_ID='Fail_Dags_Monitor' AIRFLOW_CTX_TASK_ID='load' AIRFLOW_CTX_EXECUTION_DATE='2024-07-11T04:15:00+00:00' AIRFLOW_CTX_TRY_NUMBER='1' AIRFLOW_CTX_DAG_RUN_ID='scheduled__2024-07-11T04:15:00+00:00'
[2024-07-11T05:15:02.290+0000] {taskinstance.py:430} INFO - ::endgroup::
[2024-07-11T05:15:02.372+0000] {dagbag.py:545} INFO - Filling up the DagBag from /opt/***/dags
[2024-07-11T05:15:02.960+0000] {logging_mixin.py:188} INFO - Successfully connect to database!
[2024-07-11T05:15:03.391+0000] {logging_mixin.py:188} INFO - Insert time: 0.4285905361175537 seconds
[2024-07-11T05:15:03.392+0000] {python.py:237} INFO - Done. Returned value was: None
[2024-07-11T05:15:03.394+0000] {taskinstance.py:441} INFO - ::group::Post task execution logs
[2024-07-11T05:15:03.408+0000] {taskinstance.py:1206} INFO - Marking task as SUCCESS. dag_id=Fail_Dags_Monitor, task_id=load, run_id=scheduled__2024-07-11T04:15:00+00:00, execution_date=20240711T041500, start_date=20240711T051502, end_date=20240711T051503
[2024-07-11T05:15:03.428+0000] {local_task_job_runner.py:240} INFO - Task exited with return code 0
[2024-07-11T05:15:03.442+0000] {taskinstance.py:3503} INFO - 0 downstream tasks scheduled from follow-on schedule check
[2024-07-11T05:15:03.444+0000] {local_task_job_runner.py:222} INFO - ::endgroup::
