[2024-07-08T15:18:20.919+0000] {local_task_job_runner.py:120} INFO - ::group::Pre task execution logs
[2024-07-08T15:18:20.962+0000] {taskinstance.py:2076} INFO - Dependencies all met for dep_context=non-requeueable deps ti=<TaskInstance: Extend_Run_Dags_Monitor.stop_long_running_tasks scheduled__2024-07-08T14:15:00+00:00 [queued]>
[2024-07-08T15:18:20.977+0000] {taskinstance.py:2076} INFO - Dependencies all met for dep_context=requeueable deps ti=<TaskInstance: Extend_Run_Dags_Monitor.stop_long_running_tasks scheduled__2024-07-08T14:15:00+00:00 [queued]>
[2024-07-08T15:18:20.978+0000] {taskinstance.py:2306} INFO - Starting attempt 1 of 3
[2024-07-08T15:18:21.001+0000] {taskinstance.py:2330} INFO - Executing <Task(PythonOperator): stop_long_running_tasks> on 2024-07-08 14:15:00+00:00
[2024-07-08T15:18:21.012+0000] {logging_mixin.py:188} WARNING - /home/***/.local/lib/python3.12/site-packages/***/task/task_runner/standard_task_runner.py:61 DeprecationWarning: This process (pid=9450) is multi-threaded, use of fork() may lead to deadlocks in the child.
[2024-07-08T15:18:21.014+0000] {standard_task_runner.py:63} INFO - Started process 9464 to run task
[2024-07-08T15:18:21.013+0000] {standard_task_runner.py:90} INFO - Running: ['***', 'tasks', 'run', 'Extend_Run_Dags_Monitor', 'stop_long_running_tasks', 'scheduled__2024-07-08T14:15:00+00:00', '--job-id', '2066', '--raw', '--subdir', 'DAGS_FOLDER/extend_run_dags_monitor.py', '--cfg-path', '/tmp/tmpv5dm3nsm']
[2024-07-08T15:18:21.017+0000] {standard_task_runner.py:91} INFO - Job 2066: Subtask stop_long_running_tasks
[2024-07-08T15:18:21.126+0000] {task_command.py:426} INFO - Running <TaskInstance: Extend_Run_Dags_Monitor.stop_long_running_tasks scheduled__2024-07-08T14:15:00+00:00 [running]> on host ec4fc0d2456a
[2024-07-08T15:18:21.237+0000] {taskinstance.py:2648} INFO - Exporting env vars: AIRFLOW_CTX_DAG_OWNER='congminh.nguyen@ponpoint.vn' AIRFLOW_CTX_DAG_ID='Extend_Run_Dags_Monitor' AIRFLOW_CTX_TASK_ID='stop_long_running_tasks' AIRFLOW_CTX_EXECUTION_DATE='2024-07-08T14:15:00+00:00' AIRFLOW_CTX_TRY_NUMBER='1' AIRFLOW_CTX_DAG_RUN_ID='scheduled__2024-07-08T14:15:00+00:00'
[2024-07-08T15:18:21.239+0000] {taskinstance.py:430} INFO - ::endgroup::
[2024-07-08T15:18:21.261+0000] {extend_run_dags_monitor.py:32} INFO - max_running_time: 0
[2024-07-08T15:18:21.273+0000] {extend_run_dags_monitor.py:40} INFO - task_id: fail_task, dag_id: Email_test_dag, start_date: 2024-07-08 14:17:14.342413+00:00, job_id: 2052, pid: 9396, hostname: ec4fc0d2456a, unixname: default
[2024-07-08T15:18:21.275+0000] {extend_run_dags_monitor.py:40} INFO - task_id: fail_task, dag_id: Email_test_dag, start_date: 2024-07-08 14:17:14.517264+00:00, job_id: 2054, pid: 9398, hostname: ec4fc0d2456a, unixname: default
[2024-07-08T15:18:21.276+0000] {extend_run_dags_monitor.py:45} INFO - Sending this tasks to shutdown: ['fail_task', 'fail_task']
[2024-07-08T15:18:21.288+0000] {python.py:237} INFO - Done. Returned value was: None
[2024-07-08T15:18:21.290+0000] {taskinstance.py:441} INFO - ::group::Post task execution logs
[2024-07-08T15:18:21.305+0000] {taskinstance.py:1206} INFO - Marking task as SUCCESS. dag_id=Extend_Run_Dags_Monitor, task_id=stop_long_running_tasks, run_id=scheduled__2024-07-08T14:15:00+00:00, execution_date=20240708T141500, start_date=20240708T151820, end_date=20240708T151821
[2024-07-08T15:18:21.325+0000] {local_task_job_runner.py:240} INFO - Task exited with return code 0
[2024-07-08T15:18:21.344+0000] {taskinstance.py:3503} INFO - 0 downstream tasks scheduled from follow-on schedule check
[2024-07-08T15:18:21.346+0000] {local_task_job_runner.py:222} INFO - ::endgroup::
