[2024-07-05T09:22:25.416+0000] {local_task_job_runner.py:120} INFO - ::group::Pre task execution logs
[2024-07-05T09:22:25.433+0000] {taskinstance.py:2076} INFO - Dependencies all met for dep_context=non-requeueable deps ti=<TaskInstance: Fail_Dags_Monitor.load scheduled__2024-07-05T03:15:00+00:00 [queued]>
[2024-07-05T09:22:25.441+0000] {taskinstance.py:2076} INFO - Dependencies all met for dep_context=requeueable deps ti=<TaskInstance: Fail_Dags_Monitor.load scheduled__2024-07-05T03:15:00+00:00 [queued]>
[2024-07-05T09:22:25.442+0000] {taskinstance.py:2306} INFO - Starting attempt 1 of 3
[2024-07-05T09:22:25.450+0000] {taskinstance.py:2330} INFO - Executing <Task(PythonOperator): load> on 2024-07-05 03:15:00+00:00
[2024-07-05T09:22:25.456+0000] {logging_mixin.py:188} WARNING - /home/***/.local/lib/python3.12/site-packages/***/task/task_runner/standard_task_runner.py:61 DeprecationWarning: This process (pid=50498) is multi-threaded, use of fork() may lead to deadlocks in the child.
[2024-07-05T09:22:25.457+0000] {standard_task_runner.py:63} INFO - Started process 50500 to run task
[2024-07-05T09:22:25.456+0000] {standard_task_runner.py:90} INFO - Running: ['***', 'tasks', 'run', 'Fail_Dags_Monitor', 'load', 'scheduled__2024-07-05T03:15:00+00:00', '--job-id', '639', '--raw', '--subdir', 'DAGS_FOLDER/fail_dags_monitor.py', '--cfg-path', '/tmp/tmp6isbperq']
[2024-07-05T09:22:25.458+0000] {standard_task_runner.py:91} INFO - Job 639: Subtask load
[2024-07-05T09:22:25.487+0000] {task_command.py:426} INFO - Running <TaskInstance: Fail_Dags_Monitor.load scheduled__2024-07-05T03:15:00+00:00 [running]> on host 0b64c9d791b9
[2024-07-05T09:22:25.532+0000] {taskinstance.py:2648} INFO - Exporting env vars: AIRFLOW_CTX_DAG_OWNER='congminh.nguyen@onpoint.vn' AIRFLOW_CTX_DAG_ID='Fail_Dags_Monitor' AIRFLOW_CTX_TASK_ID='load' AIRFLOW_CTX_EXECUTION_DATE='2024-07-05T03:15:00+00:00' AIRFLOW_CTX_TRY_NUMBER='1' AIRFLOW_CTX_DAG_RUN_ID='scheduled__2024-07-05T03:15:00+00:00'
[2024-07-05T09:22:25.533+0000] {taskinstance.py:430} INFO - ::endgroup::
[2024-07-05T09:22:25.680+0000] {dagbag.py:545} INFO - Filling up the DagBag from /opt/***/dags
[2024-07-05T09:22:26.268+0000] {logging_mixin.py:188} INFO - Successfully connect to database!
[2024-07-05T09:22:26.650+0000] {logging_mixin.py:188} INFO - Insert time: 0.37989020347595215 seconds
[2024-07-05T09:22:26.650+0000] {python.py:237} INFO - Done. Returned value was: None
[2024-07-05T09:22:26.651+0000] {taskinstance.py:441} INFO - ::group::Post task execution logs
[2024-07-05T09:22:26.657+0000] {taskinstance.py:1206} INFO - Marking task as SUCCESS. dag_id=Fail_Dags_Monitor, task_id=load, run_id=scheduled__2024-07-05T03:15:00+00:00, execution_date=20240705T031500, start_date=20240705T092225, end_date=20240705T092226
[2024-07-05T09:22:26.687+0000] {local_task_job_runner.py:240} INFO - Task exited with return code 0
[2024-07-05T09:22:26.701+0000] {taskinstance.py:3503} INFO - 0 downstream tasks scheduled from follow-on schedule check
[2024-07-05T09:22:26.702+0000] {local_task_job_runner.py:222} INFO - ::endgroup::
