[2024-07-12T03:15:02.544+0000] {local_task_job_runner.py:120} INFO - ::group::Pre task execution logs
[2024-07-12T03:15:02.557+0000] {taskinstance.py:2076} INFO - Dependencies all met for dep_context=non-requeueable deps ti=<TaskInstance: Fail_Dags_Monitor.load scheduled__2024-07-12T02:15:00+00:00 [queued]>
[2024-07-12T03:15:02.560+0000] {taskinstance.py:2076} INFO - Dependencies all met for dep_context=requeueable deps ti=<TaskInstance: Fail_Dags_Monitor.load scheduled__2024-07-12T02:15:00+00:00 [queued]>
[2024-07-12T03:15:02.561+0000] {taskinstance.py:2306} INFO - Starting attempt 1 of 3
[2024-07-12T03:15:02.566+0000] {taskinstance.py:2330} INFO - Executing <Task(PythonOperator): load> on 2024-07-12 02:15:00+00:00
[2024-07-12T03:15:02.569+0000] {logging_mixin.py:188} WARNING - /home/***/.local/lib/python3.12/site-packages/***/task/task_runner/standard_task_runner.py:61 DeprecationWarning: This process (pid=2619) is multi-threaded, use of fork() may lead to deadlocks in the child.
[2024-07-12T03:15:02.570+0000] {standard_task_runner.py:63} INFO - Started process 2621 to run task
[2024-07-12T03:15:02.569+0000] {standard_task_runner.py:90} INFO - Running: ['***', 'tasks', 'run', 'Fail_Dags_Monitor', 'load', 'scheduled__2024-07-12T02:15:00+00:00', '--job-id', '746', '--raw', '--subdir', 'DAGS_FOLDER/fail_dags_monitor.py', '--cfg-path', '/tmp/tmp1hzxorq2']
[2024-07-12T03:15:02.570+0000] {standard_task_runner.py:91} INFO - Job 746: Subtask load
[2024-07-12T03:15:02.589+0000] {task_command.py:426} INFO - Running <TaskInstance: Fail_Dags_Monitor.load scheduled__2024-07-12T02:15:00+00:00 [running]> on host af32cf3fdf88
[2024-07-12T03:15:02.699+0000] {taskinstance.py:2648} INFO - Exporting env vars: AIRFLOW_CTX_DAG_OWNER='congminh.nguyen@onpoint.vn' AIRFLOW_CTX_DAG_ID='Fail_Dags_Monitor' AIRFLOW_CTX_TASK_ID='load' AIRFLOW_CTX_EXECUTION_DATE='2024-07-12T02:15:00+00:00' AIRFLOW_CTX_TRY_NUMBER='1' AIRFLOW_CTX_DAG_RUN_ID='scheduled__2024-07-12T02:15:00+00:00'
[2024-07-12T03:15:02.699+0000] {taskinstance.py:430} INFO - ::endgroup::
[2024-07-12T03:15:02.704+0000] {dagbag.py:545} INFO - Filling up the DagBag from /opt/***/dags
[2024-07-12T03:15:03.354+0000] {logging_mixin.py:188} INFO - Successfully connect to database!
[2024-07-12T03:15:03.930+0000] {logging_mixin.py:188} INFO - Insert time: 0.5752785205841064 seconds
[2024-07-12T03:15:03.932+0000] {python.py:237} INFO - Done. Returned value was: None
[2024-07-12T03:15:03.934+0000] {taskinstance.py:441} INFO - ::group::Post task execution logs
[2024-07-12T03:15:03.947+0000] {taskinstance.py:1206} INFO - Marking task as SUCCESS. dag_id=Fail_Dags_Monitor, task_id=load, run_id=scheduled__2024-07-12T02:15:00+00:00, execution_date=20240712T021500, start_date=20240712T031502, end_date=20240712T031503
[2024-07-12T03:15:04.006+0000] {local_task_job_runner.py:240} INFO - Task exited with return code 0
[2024-07-12T03:15:04.022+0000] {taskinstance.py:3503} INFO - 0 downstream tasks scheduled from follow-on schedule check
[2024-07-12T03:15:04.023+0000] {local_task_job_runner.py:222} INFO - ::endgroup::
