[2024-07-22T05:17:58.451+0000] {local_task_job_runner.py:120} INFO - ::group::Pre task execution logs
[2024-07-22T05:17:58.465+0000] {taskinstance.py:2076} INFO - Dependencies all met for dep_context=non-requeueable deps ti=<TaskInstance: Fail_Dags_Monitor.load scheduled__2024-07-22T04:15:00+00:00 [queued]>
[2024-07-22T05:17:58.468+0000] {taskinstance.py:2076} INFO - Dependencies all met for dep_context=requeueable deps ti=<TaskInstance: Fail_Dags_Monitor.load scheduled__2024-07-22T04:15:00+00:00 [queued]>
[2024-07-22T05:17:58.468+0000] {taskinstance.py:2306} INFO - Starting attempt 1 of 3
[2024-07-22T05:17:58.473+0000] {taskinstance.py:2330} INFO - Executing <Task(PythonOperator): load> on 2024-07-22 04:15:00+00:00
[2024-07-22T05:17:58.476+0000] {logging_mixin.py:188} WARNING - /home/***/.local/lib/python3.12/site-packages/***/task/task_runner/standard_task_runner.py:61 DeprecationWarning: This process (pid=9146) is multi-threaded, use of fork() may lead to deadlocks in the child.
[2024-07-22T05:17:58.477+0000] {standard_task_runner.py:63} INFO - Started process 9148 to run task
[2024-07-22T05:17:58.476+0000] {standard_task_runner.py:90} INFO - Running: ['***', 'tasks', 'run', 'Fail_Dags_Monitor', 'load', 'scheduled__2024-07-22T04:15:00+00:00', '--job-id', '3288', '--raw', '--subdir', 'DAGS_FOLDER/fail_dags_monitor.py', '--cfg-path', '/tmp/tmpsvt9o2cn']
[2024-07-22T05:17:58.478+0000] {standard_task_runner.py:91} INFO - Job 3288: Subtask load
[2024-07-22T05:17:58.496+0000] {task_command.py:426} INFO - Running <TaskInstance: Fail_Dags_Monitor.load scheduled__2024-07-22T04:15:00+00:00 [running]> on host 159800ebe1e5
[2024-07-22T05:17:58.533+0000] {taskinstance.py:2648} INFO - Exporting env vars: AIRFLOW_CTX_DAG_OWNER='congminh.nguyen@onpoint.vn' AIRFLOW_CTX_DAG_ID='Fail_Dags_Monitor' AIRFLOW_CTX_TASK_ID='load' AIRFLOW_CTX_EXECUTION_DATE='2024-07-22T04:15:00+00:00' AIRFLOW_CTX_TRY_NUMBER='1' AIRFLOW_CTX_DAG_RUN_ID='scheduled__2024-07-22T04:15:00+00:00'
[2024-07-22T05:17:58.533+0000] {taskinstance.py:430} INFO - ::endgroup::
[2024-07-22T05:17:58.615+0000] {dagbag.py:545} INFO - Filling up the DagBag from /opt/***/dags
[2024-07-22T05:17:58.972+0000] {logging_mixin.py:188} INFO - Successfully connect to database!
[2024-07-22T05:17:59.372+0000] {logging_mixin.py:188} INFO - Insert time: 0.3988680839538574 seconds
[2024-07-22T05:17:59.373+0000] {python.py:237} INFO - Done. Returned value was: None
[2024-07-22T05:17:59.374+0000] {taskinstance.py:441} INFO - ::group::Post task execution logs
[2024-07-22T05:17:59.382+0000] {taskinstance.py:1206} INFO - Marking task as SUCCESS. dag_id=Fail_Dags_Monitor, task_id=load, run_id=scheduled__2024-07-22T04:15:00+00:00, execution_date=20240722T041500, start_date=20240722T051758, end_date=20240722T051759
[2024-07-22T05:17:59.438+0000] {local_task_job_runner.py:240} INFO - Task exited with return code 0
[2024-07-22T05:17:59.451+0000] {taskinstance.py:3503} INFO - 0 downstream tasks scheduled from follow-on schedule check
[2024-07-22T05:17:59.453+0000] {local_task_job_runner.py:222} INFO - ::endgroup::
