[2024-07-15T07:15:03.606+0000] {local_task_job_runner.py:120} INFO - ::group::Pre task execution logs
[2024-07-15T07:15:03.635+0000] {taskinstance.py:2076} INFO - Dependencies all met for dep_context=non-requeueable deps ti=<TaskInstance: Fail_Dags_Monitor.load scheduled__2024-07-15T06:15:00+00:00 [queued]>
[2024-07-15T07:15:03.639+0000] {taskinstance.py:2076} INFO - Dependencies all met for dep_context=requeueable deps ti=<TaskInstance: Fail_Dags_Monitor.load scheduled__2024-07-15T06:15:00+00:00 [queued]>
[2024-07-15T07:15:03.639+0000] {taskinstance.py:2306} INFO - Starting attempt 1 of 3
[2024-07-15T07:15:03.646+0000] {taskinstance.py:2330} INFO - Executing <Task(PythonOperator): load> on 2024-07-15 06:15:00+00:00
[2024-07-15T07:15:03.651+0000] {logging_mixin.py:188} WARNING - /home/***/.local/lib/python3.12/site-packages/***/task/task_runner/standard_task_runner.py:61 DeprecationWarning: This process (pid=14215) is multi-threaded, use of fork() may lead to deadlocks in the child.
[2024-07-15T07:15:03.652+0000] {standard_task_runner.py:63} INFO - Started process 14217 to run task
[2024-07-15T07:15:03.651+0000] {standard_task_runner.py:90} INFO - Running: ['***', 'tasks', 'run', 'Fail_Dags_Monitor', 'load', 'scheduled__2024-07-15T06:15:00+00:00', '--job-id', '2733', '--raw', '--subdir', 'DAGS_FOLDER/fail_dags_monitor.py', '--cfg-path', '/tmp/tmpnto025wq']
[2024-07-15T07:15:03.653+0000] {standard_task_runner.py:91} INFO - Job 2733: Subtask load
[2024-07-15T07:15:03.677+0000] {task_command.py:426} INFO - Running <TaskInstance: Fail_Dags_Monitor.load scheduled__2024-07-15T06:15:00+00:00 [running]> on host a9aa3835bb3f
[2024-07-15T07:15:03.837+0000] {taskinstance.py:2648} INFO - Exporting env vars: AIRFLOW_CTX_DAG_OWNER='congminh.nguyen@onpoint.vn' AIRFLOW_CTX_DAG_ID='Fail_Dags_Monitor' AIRFLOW_CTX_TASK_ID='load' AIRFLOW_CTX_EXECUTION_DATE='2024-07-15T06:15:00+00:00' AIRFLOW_CTX_TRY_NUMBER='1' AIRFLOW_CTX_DAG_RUN_ID='scheduled__2024-07-15T06:15:00+00:00'
[2024-07-15T07:15:03.837+0000] {taskinstance.py:430} INFO - ::endgroup::
[2024-07-15T07:15:03.843+0000] {dagbag.py:545} INFO - Filling up the DagBag from /opt/***/dags
[2024-07-15T07:15:04.894+0000] {logging_mixin.py:188} INFO - Successfully connect to database!
[2024-07-15T07:15:06.130+0000] {logging_mixin.py:188} INFO - Insert time: 1.23476243019104 seconds
[2024-07-15T07:15:06.136+0000] {python.py:237} INFO - Done. Returned value was: None
[2024-07-15T07:15:06.140+0000] {taskinstance.py:441} INFO - ::group::Post task execution logs
[2024-07-15T07:15:06.166+0000] {taskinstance.py:1206} INFO - Marking task as SUCCESS. dag_id=Fail_Dags_Monitor, task_id=load, run_id=scheduled__2024-07-15T06:15:00+00:00, execution_date=20240715T061500, start_date=20240715T071503, end_date=20240715T071506
[2024-07-15T07:15:06.198+0000] {local_task_job_runner.py:240} INFO - Task exited with return code 0
[2024-07-15T07:15:06.218+0000] {taskinstance.py:3503} INFO - 0 downstream tasks scheduled from follow-on schedule check
[2024-07-15T07:15:06.219+0000] {local_task_job_runner.py:222} INFO - ::endgroup::
