[2024-07-14T13:36:34.951+0000] {local_task_job_runner.py:120} INFO - ::group::Pre task execution logs
[2024-07-14T13:36:34.986+0000] {taskinstance.py:2076} INFO - Dependencies all met for dep_context=non-requeueable deps ti=<TaskInstance: Extend_Run_Dags_Monitor.stop_long_running_tasks scheduled__2024-07-14T12:15:00+00:00 [queued]>
[2024-07-14T13:36:34.994+0000] {taskinstance.py:2076} INFO - Dependencies all met for dep_context=requeueable deps ti=<TaskInstance: Extend_Run_Dags_Monitor.stop_long_running_tasks scheduled__2024-07-14T12:15:00+00:00 [queued]>
[2024-07-14T13:36:34.995+0000] {taskinstance.py:2306} INFO - Starting attempt 1 of 3
[2024-07-14T13:36:35.010+0000] {taskinstance.py:2330} INFO - Executing <Task(PythonOperator): stop_long_running_tasks> on 2024-07-14 12:15:00+00:00
[2024-07-14T13:36:35.014+0000] {logging_mixin.py:188} WARNING - /home/***/.local/lib/python3.12/site-packages/***/task/task_runner/standard_task_runner.py:61 DeprecationWarning: This process (pid=1761) is multi-threaded, use of fork() may lead to deadlocks in the child.
[2024-07-14T13:36:35.015+0000] {standard_task_runner.py:63} INFO - Started process 1775 to run task
[2024-07-14T13:36:35.015+0000] {standard_task_runner.py:90} INFO - Running: ['***', 'tasks', 'run', 'Extend_Run_Dags_Monitor', 'stop_long_running_tasks', 'scheduled__2024-07-14T12:15:00+00:00', '--job-id', '2086', '--raw', '--subdir', 'DAGS_FOLDER/extend_run_dags_monitor.py', '--cfg-path', '/tmp/tmpye35ks6x']
[2024-07-14T13:36:35.017+0000] {standard_task_runner.py:91} INFO - Job 2086: Subtask stop_long_running_tasks
[2024-07-14T13:36:35.071+0000] {task_command.py:426} INFO - Running <TaskInstance: Extend_Run_Dags_Monitor.stop_long_running_tasks scheduled__2024-07-14T12:15:00+00:00 [running]> on host a9aa3835bb3f
[2024-07-14T13:36:35.165+0000] {taskinstance.py:2648} INFO - Exporting env vars: AIRFLOW_CTX_DAG_OWNER='congminh.nguyen@ponpoint.vn' AIRFLOW_CTX_DAG_ID='Extend_Run_Dags_Monitor' AIRFLOW_CTX_TASK_ID='stop_long_running_tasks' AIRFLOW_CTX_EXECUTION_DATE='2024-07-14T12:15:00+00:00' AIRFLOW_CTX_TRY_NUMBER='1' AIRFLOW_CTX_DAG_RUN_ID='scheduled__2024-07-14T12:15:00+00:00'
[2024-07-14T13:36:35.167+0000] {taskinstance.py:430} INFO - ::endgroup::
[2024-07-14T13:36:35.203+0000] {extend_run_dags_monitor.py:32} INFO - max_running_time: 0
[2024-07-14T13:36:35.218+0000] {extend_run_dags_monitor.py:40} INFO - task_id: fail_task, dag_id: Email_test_dag, start_date: 2024-07-14 12:19:00.282072+00:00, job_id: 2083, pid: 1741, hostname: a9aa3835bb3f, unixname: default
[2024-07-14T13:36:35.219+0000] {extend_run_dags_monitor.py:40} INFO - task_id: fail_task, dag_id: Email_test_dag, start_date: 2024-07-14 12:18:52.011982+00:00, job_id: 2077, pid: 1720, hostname: a9aa3835bb3f, unixname: default
[2024-07-14T13:36:35.221+0000] {extend_run_dags_monitor.py:40} INFO - task_id: load, dag_id: Fail_Dags_Monitor, start_date: 2024-07-14 12:19:11.341626+00:00, job_id: 2085, pid: 1752, hostname: a9aa3835bb3f, unixname: default
[2024-07-14T13:36:35.221+0000] {extend_run_dags_monitor.py:40} INFO - task_id: fail_task, dag_id: Email_test_dag, start_date: 2024-07-14 12:18:53.857219+00:00, job_id: 2081, pid: 1733, hostname: a9aa3835bb3f, unixname: default
[2024-07-14T13:36:35.222+0000] {extend_run_dags_monitor.py:45} INFO - Sending this tasks to shutdown: ['fail_task', 'fail_task', 'load', 'fail_task']
[2024-07-14T13:36:35.232+0000] {python.py:237} INFO - Done. Returned value was: None
[2024-07-14T13:36:35.234+0000] {taskinstance.py:441} INFO - ::group::Post task execution logs
[2024-07-14T13:36:35.246+0000] {taskinstance.py:1206} INFO - Marking task as SUCCESS. dag_id=Extend_Run_Dags_Monitor, task_id=stop_long_running_tasks, run_id=scheduled__2024-07-14T12:15:00+00:00, execution_date=20240714T121500, start_date=20240714T133634, end_date=20240714T133635
[2024-07-14T13:36:35.283+0000] {local_task_job_runner.py:240} INFO - Task exited with return code 0
[2024-07-14T13:36:35.296+0000] {taskinstance.py:3503} INFO - 0 downstream tasks scheduled from follow-on schedule check
[2024-07-14T13:36:35.297+0000] {local_task_job_runner.py:222} INFO - ::endgroup::
