[2024-07-13T15:33:15.424+0000] {local_task_job_runner.py:120} INFO - ::group::Pre task execution logs
[2024-07-13T15:33:15.449+0000] {taskinstance.py:2076} INFO - Dependencies all met for dep_context=non-requeueable deps ti=<TaskInstance: Extend_Run_Dags_Monitor.stop_long_running_tasks scheduled__2024-07-13T14:15:00+00:00 [queued]>
[2024-07-13T15:33:15.456+0000] {taskinstance.py:2076} INFO - Dependencies all met for dep_context=requeueable deps ti=<TaskInstance: Extend_Run_Dags_Monitor.stop_long_running_tasks scheduled__2024-07-13T14:15:00+00:00 [queued]>
[2024-07-13T15:33:15.457+0000] {taskinstance.py:2306} INFO - Starting attempt 1 of 3
[2024-07-13T15:33:15.472+0000] {taskinstance.py:2330} INFO - Executing <Task(PythonOperator): stop_long_running_tasks> on 2024-07-13 14:15:00+00:00
[2024-07-13T15:33:15.476+0000] {logging_mixin.py:188} WARNING - /home/***/.local/lib/python3.12/site-packages/***/task/task_runner/standard_task_runner.py:61 DeprecationWarning: This process (pid=920) is multi-threaded, use of fork() may lead to deadlocks in the child.
[2024-07-13T15:33:15.478+0000] {standard_task_runner.py:63} INFO - Started process 931 to run task
[2024-07-13T15:33:15.478+0000] {standard_task_runner.py:90} INFO - Running: ['***', 'tasks', 'run', 'Extend_Run_Dags_Monitor', 'stop_long_running_tasks', 'scheduled__2024-07-13T14:15:00+00:00', '--job-id', '1920', '--raw', '--subdir', 'DAGS_FOLDER/extend_run_dags_monitor.py', '--cfg-path', '/tmp/tmpumtee385']
[2024-07-13T15:33:15.480+0000] {standard_task_runner.py:91} INFO - Job 1920: Subtask stop_long_running_tasks
[2024-07-13T15:33:15.515+0000] {task_command.py:426} INFO - Running <TaskInstance: Extend_Run_Dags_Monitor.stop_long_running_tasks scheduled__2024-07-13T14:15:00+00:00 [running]> on host a9aa3835bb3f
[2024-07-13T15:33:15.563+0000] {taskinstance.py:2648} INFO - Exporting env vars: AIRFLOW_CTX_DAG_OWNER='congminh.nguyen@ponpoint.vn' AIRFLOW_CTX_DAG_ID='Extend_Run_Dags_Monitor' AIRFLOW_CTX_TASK_ID='stop_long_running_tasks' AIRFLOW_CTX_EXECUTION_DATE='2024-07-13T14:15:00+00:00' AIRFLOW_CTX_TRY_NUMBER='1' AIRFLOW_CTX_DAG_RUN_ID='scheduled__2024-07-13T14:15:00+00:00'
[2024-07-13T15:33:15.564+0000] {taskinstance.py:430} INFO - ::endgroup::
[2024-07-13T15:33:15.574+0000] {extend_run_dags_monitor.py:32} INFO - max_running_time: 0
[2024-07-13T15:33:15.581+0000] {extend_run_dags_monitor.py:40} INFO - task_id: load, dag_id: Fail_Dags_Monitor, start_date: 2024-07-13 14:32:45.613296+00:00, job_id: 1914, pid: 897, hostname: a9aa3835bb3f, unixname: default
[2024-07-13T15:33:15.582+0000] {extend_run_dags_monitor.py:40} INFO - task_id: fail_task, dag_id: Email_test_dag, start_date: 2024-07-13 14:33:00.611369+00:00, job_id: 1918, pid: 908, hostname: a9aa3835bb3f, unixname: default
[2024-07-13T15:33:15.582+0000] {extend_run_dags_monitor.py:40} INFO - task_id: fail_task, dag_id: Email_test_dag, start_date: 2024-07-13 14:32:41.105547+00:00, job_id: 1913, pid: 887, hostname: a9aa3835bb3f, unixname: default
[2024-07-13T15:33:15.582+0000] {extend_run_dags_monitor.py:40} INFO - task_id: fail_task, dag_id: Email_test_dag, start_date: 2024-07-13 14:32:56.625351+00:00, job_id: 1916, pid: 903, hostname: a9aa3835bb3f, unixname: default
[2024-07-13T15:33:15.583+0000] {extend_run_dags_monitor.py:40} INFO - task_id: fail_task, dag_id: Email_test_dag, start_date: 2024-07-13 14:32:56.625352+00:00, job_id: 1917, pid: 904, hostname: a9aa3835bb3f, unixname: default
[2024-07-13T15:33:15.583+0000] {extend_run_dags_monitor.py:45} INFO - Sending this tasks to shutdown: ['load', 'fail_task', 'fail_task', 'fail_task', 'fail_task']
[2024-07-13T15:33:15.590+0000] {python.py:237} INFO - Done. Returned value was: None
[2024-07-13T15:33:15.591+0000] {taskinstance.py:441} INFO - ::group::Post task execution logs
[2024-07-13T15:33:15.596+0000] {taskinstance.py:1206} INFO - Marking task as SUCCESS. dag_id=Extend_Run_Dags_Monitor, task_id=stop_long_running_tasks, run_id=scheduled__2024-07-13T14:15:00+00:00, execution_date=20240713T141500, start_date=20240713T153315, end_date=20240713T153315
[2024-07-13T15:33:15.619+0000] {local_task_job_runner.py:240} INFO - Task exited with return code 0
[2024-07-13T15:33:15.627+0000] {taskinstance.py:3503} INFO - 0 downstream tasks scheduled from follow-on schedule check
[2024-07-13T15:33:15.628+0000] {local_task_job_runner.py:222} INFO - ::endgroup::
