[2024-07-13T05:06:34.019+0000] {local_task_job_runner.py:120} INFO - ::group::Pre task execution logs
[2024-07-13T05:06:34.094+0000] {taskinstance.py:2076} INFO - Dependencies all met for dep_context=non-requeueable deps ti=<TaskInstance: Extend_Run_Dags_Monitor.stop_long_running_tasks scheduled__2024-07-13T03:15:00+00:00 [queued]>
[2024-07-13T05:06:34.138+0000] {taskinstance.py:2076} INFO - Dependencies all met for dep_context=requeueable deps ti=<TaskInstance: Extend_Run_Dags_Monitor.stop_long_running_tasks scheduled__2024-07-13T03:15:00+00:00 [queued]>
[2024-07-13T05:06:34.140+0000] {taskinstance.py:2306} INFO - Starting attempt 1 of 3
[2024-07-13T05:06:34.176+0000] {taskinstance.py:2330} INFO - Executing <Task(PythonOperator): stop_long_running_tasks> on 2024-07-13 03:15:00+00:00
[2024-07-13T05:06:34.255+0000] {logging_mixin.py:188} WARNING - /home/***/.local/lib/python3.12/site-packages/***/task/task_runner/standard_task_runner.py:61 DeprecationWarning: This process (pid=377) is multi-threaded, use of fork() may lead to deadlocks in the child.
[2024-07-13T05:06:34.254+0000] {standard_task_runner.py:90} INFO - Running: ['***', 'tasks', 'run', 'Extend_Run_Dags_Monitor', 'stop_long_running_tasks', 'scheduled__2024-07-13T03:15:00+00:00', '--job-id', '1804', '--raw', '--subdir', 'DAGS_FOLDER/extend_run_dags_monitor.py', '--cfg-path', '/tmp/tmpd5lztw2s']
[2024-07-13T05:06:34.257+0000] {standard_task_runner.py:63} INFO - Started process 389 to run task
[2024-07-13T05:06:34.257+0000] {standard_task_runner.py:91} INFO - Job 1804: Subtask stop_long_running_tasks
[2024-07-13T05:06:34.319+0000] {task_command.py:426} INFO - Running <TaskInstance: Extend_Run_Dags_Monitor.stop_long_running_tasks scheduled__2024-07-13T03:15:00+00:00 [running]> on host a9aa3835bb3f
[2024-07-13T05:06:34.405+0000] {taskinstance.py:2648} INFO - Exporting env vars: AIRFLOW_CTX_DAG_OWNER='congminh.nguyen@ponpoint.vn' AIRFLOW_CTX_DAG_ID='Extend_Run_Dags_Monitor' AIRFLOW_CTX_TASK_ID='stop_long_running_tasks' AIRFLOW_CTX_EXECUTION_DATE='2024-07-13T03:15:00+00:00' AIRFLOW_CTX_TRY_NUMBER='1' AIRFLOW_CTX_DAG_RUN_ID='scheduled__2024-07-13T03:15:00+00:00'
[2024-07-13T05:06:34.407+0000] {taskinstance.py:430} INFO - ::endgroup::
[2024-07-13T05:06:34.421+0000] {extend_run_dags_monitor.py:32} INFO - max_running_time: 0
[2024-07-13T05:06:34.430+0000] {extend_run_dags_monitor.py:40} INFO - task_id: load, dag_id: Fail_Dags_Monitor, start_date: 2024-07-13 03:59:31.108383+00:00, job_id: 1801, pid: 372, hostname: a9aa3835bb3f, unixname: default
[2024-07-13T05:06:34.431+0000] {extend_run_dags_monitor.py:40} INFO - task_id: fail_task, dag_id: Email_test_dag, start_date: 2024-07-13 03:59:08.588976+00:00, job_id: 1793, pid: 343, hostname: a9aa3835bb3f, unixname: default
[2024-07-13T05:06:34.432+0000] {extend_run_dags_monitor.py:40} INFO - task_id: load, dag_id: Fail_Dags_Monitor, start_date: 2024-07-13 03:59:35.280843+00:00, job_id: 1802, pid: 375, hostname: a9aa3835bb3f, unixname: default
[2024-07-13T05:06:34.433+0000] {extend_run_dags_monitor.py:45} INFO - Sending this tasks to shutdown: ['load', 'fail_task', 'load']
[2024-07-13T05:06:34.442+0000] {python.py:237} INFO - Done. Returned value was: None
[2024-07-13T05:06:34.443+0000] {taskinstance.py:441} INFO - ::group::Post task execution logs
[2024-07-13T05:06:34.451+0000] {taskinstance.py:1206} INFO - Marking task as SUCCESS. dag_id=Extend_Run_Dags_Monitor, task_id=stop_long_running_tasks, run_id=scheduled__2024-07-13T03:15:00+00:00, execution_date=20240713T031500, start_date=20240713T050634, end_date=20240713T050634
[2024-07-13T05:06:34.486+0000] {local_task_job_runner.py:240} INFO - Task exited with return code 0
[2024-07-13T05:06:34.496+0000] {taskinstance.py:3503} INFO - 0 downstream tasks scheduled from follow-on schedule check
[2024-07-13T05:06:34.498+0000] {local_task_job_runner.py:222} INFO - ::endgroup::
