[2024-07-12T02:49:38.579+0000] {local_task_job_runner.py:120} INFO - ::group::Pre task execution logs
[2024-07-12T02:49:38.596+0000] {taskinstance.py:2076} INFO - Dependencies all met for dep_context=non-requeueable deps ti=<TaskInstance: Extend_Run_Dags_Monitor.stop_long_running_tasks manual__2024-07-12T02:49:38.168566+00:00 [queued]>
[2024-07-12T02:49:38.599+0000] {taskinstance.py:2076} INFO - Dependencies all met for dep_context=requeueable deps ti=<TaskInstance: Extend_Run_Dags_Monitor.stop_long_running_tasks manual__2024-07-12T02:49:38.168566+00:00 [queued]>
[2024-07-12T02:49:38.599+0000] {taskinstance.py:2306} INFO - Starting attempt 1 of 3
[2024-07-12T02:49:38.605+0000] {taskinstance.py:2330} INFO - Executing <Task(PythonOperator): stop_long_running_tasks> on 2024-07-12 02:49:38.168566+00:00
[2024-07-12T02:49:38.609+0000] {logging_mixin.py:188} WARNING - /home/***/.local/lib/python3.12/site-packages/***/task/task_runner/standard_task_runner.py:61 DeprecationWarning: This process (pid=1344) is multi-threaded, use of fork() may lead to deadlocks in the child.
[2024-07-12T02:49:38.610+0000] {standard_task_runner.py:63} INFO - Started process 1345 to run task
[2024-07-12T02:49:38.609+0000] {standard_task_runner.py:90} INFO - Running: ['***', 'tasks', 'run', 'Extend_Run_Dags_Monitor', 'stop_long_running_tasks', 'manual__2024-07-12T02:49:38.168566+00:00', '--job-id', '688', '--raw', '--subdir', 'DAGS_FOLDER/extend_run_dags_monitor.py', '--cfg-path', '/tmp/tmpfz8a0c59']
[2024-07-12T02:49:38.610+0000] {standard_task_runner.py:91} INFO - Job 688: Subtask stop_long_running_tasks
[2024-07-12T02:49:38.631+0000] {task_command.py:426} INFO - Running <TaskInstance: Extend_Run_Dags_Monitor.stop_long_running_tasks manual__2024-07-12T02:49:38.168566+00:00 [running]> on host af32cf3fdf88
[2024-07-12T02:49:38.671+0000] {taskinstance.py:2648} INFO - Exporting env vars: AIRFLOW_CTX_DAG_OWNER='congminh.nguyen@ponpoint.vn' AIRFLOW_CTX_DAG_ID='Extend_Run_Dags_Monitor' AIRFLOW_CTX_TASK_ID='stop_long_running_tasks' AIRFLOW_CTX_EXECUTION_DATE='2024-07-12T02:49:38.168566+00:00' AIRFLOW_CTX_TRY_NUMBER='1' AIRFLOW_CTX_DAG_RUN_ID='manual__2024-07-12T02:49:38.168566+00:00'
[2024-07-12T02:49:38.672+0000] {taskinstance.py:430} INFO - ::endgroup::
[2024-07-12T02:49:38.682+0000] {extend_run_dags_monitor.py:32} INFO - max_running_time: 0
[2024-07-12T02:49:38.687+0000] {extend_run_dags_monitor.py:48} INFO - Nothing to clean
[2024-07-12T02:49:38.687+0000] {python.py:237} INFO - Done. Returned value was: None
[2024-07-12T02:49:38.687+0000] {taskinstance.py:441} INFO - ::group::Post task execution logs
[2024-07-12T02:49:38.692+0000] {taskinstance.py:1206} INFO - Marking task as SUCCESS. dag_id=Extend_Run_Dags_Monitor, task_id=stop_long_running_tasks, run_id=manual__2024-07-12T02:49:38.168566+00:00, execution_date=20240712T024938, start_date=20240712T024938, end_date=20240712T024938
[2024-07-12T02:49:38.707+0000] {local_task_job_runner.py:240} INFO - Task exited with return code 0
[2024-07-12T02:49:38.715+0000] {taskinstance.py:3503} INFO - 0 downstream tasks scheduled from follow-on schedule check
[2024-07-12T02:49:38.716+0000] {local_task_job_runner.py:222} INFO - ::endgroup::
