[2024-07-08T07:21:03.638+0000] {local_task_job_runner.py:120} INFO - ::group::Pre task execution logs
[2024-07-08T07:21:03.659+0000] {taskinstance.py:2076} INFO - Dependencies all met for dep_context=non-requeueable deps ti=<TaskInstance: Fail_Dags_Monitor.load scheduled__2024-07-07T21:15:00+00:00 [queued]>
[2024-07-08T07:21:03.664+0000] {taskinstance.py:2076} INFO - Dependencies all met for dep_context=requeueable deps ti=<TaskInstance: Fail_Dags_Monitor.load scheduled__2024-07-07T21:15:00+00:00 [queued]>
[2024-07-08T07:21:03.664+0000] {taskinstance.py:2306} INFO - Starting attempt 5 of 7
[2024-07-08T07:21:03.673+0000] {taskinstance.py:2330} INFO - Executing <Task(PythonOperator): load> on 2024-07-07 21:15:00+00:00
[2024-07-08T07:21:03.680+0000] {standard_task_runner.py:90} INFO - Running: ['***', 'tasks', 'run', 'Fail_Dags_Monitor', 'load', 'scheduled__2024-07-07T21:15:00+00:00', '--job-id', '1545', '--raw', '--subdir', 'DAGS_FOLDER/fail_dags_monitor.py', '--cfg-path', '/tmp/tmpc4f1zb0y']
[2024-07-08T07:21:03.681+0000] {logging_mixin.py:188} WARNING - /home/***/.local/lib/python3.12/site-packages/***/task/task_runner/standard_task_runner.py:61 DeprecationWarning: This process (pid=7199) is multi-threaded, use of fork() may lead to deadlocks in the child.
[2024-07-08T07:21:03.682+0000] {standard_task_runner.py:91} INFO - Job 1545: Subtask load
[2024-07-08T07:21:03.683+0000] {standard_task_runner.py:63} INFO - Started process 7201 to run task
[2024-07-08T07:21:03.715+0000] {task_command.py:426} INFO - Running <TaskInstance: Fail_Dags_Monitor.load scheduled__2024-07-07T21:15:00+00:00 [running]> on host b50f11f07b36
[2024-07-08T07:21:03.794+0000] {taskinstance.py:2648} INFO - Exporting env vars: AIRFLOW_CTX_DAG_OWNER='congminh.nguyen@onpoint.vn' AIRFLOW_CTX_DAG_ID='Fail_Dags_Monitor' AIRFLOW_CTX_TASK_ID='load' AIRFLOW_CTX_EXECUTION_DATE='2024-07-07T21:15:00+00:00' AIRFLOW_CTX_TRY_NUMBER='5' AIRFLOW_CTX_DAG_RUN_ID='scheduled__2024-07-07T21:15:00+00:00'
[2024-07-08T07:21:03.795+0000] {taskinstance.py:430} INFO - ::endgroup::
[2024-07-08T07:21:04.016+0000] {dagbag.py:545} INFO - Filling up the DagBag from /opt/***/dags
[2024-07-08T07:21:04.467+0000] {logging_mixin.py:188} INFO - Successfully connect to database!
[2024-07-08T07:21:04.733+0000] {logging_mixin.py:188} INFO - Insert time: 0.26551294326782227 seconds
[2024-07-08T07:21:04.734+0000] {python.py:237} INFO - Done. Returned value was: None
[2024-07-08T07:21:04.734+0000] {taskinstance.py:441} INFO - ::group::Post task execution logs
[2024-07-08T07:21:04.740+0000] {taskinstance.py:1206} INFO - Marking task as SUCCESS. dag_id=Fail_Dags_Monitor, task_id=load, run_id=scheduled__2024-07-07T21:15:00+00:00, execution_date=20240707T211500, start_date=20240708T072103, end_date=20240708T072104
[2024-07-08T07:21:04.757+0000] {local_task_job_runner.py:240} INFO - Task exited with return code 0
[2024-07-08T07:21:04.771+0000] {taskinstance.py:3503} INFO - 0 downstream tasks scheduled from follow-on schedule check
[2024-07-08T07:21:04.772+0000] {local_task_job_runner.py:222} INFO - ::endgroup::
