[2024-07-24T03:06:18.329+0000] {processor.py:161} INFO - Started process (PID=174) to work on /opt/airflow/dags/fail_dags_monitor.py
[2024-07-24T03:06:18.333+0000] {processor.py:830} INFO - Processing file /opt/airflow/dags/fail_dags_monitor.py for tasks to queue
[2024-07-24T03:06:18.334+0000] {logging_mixin.py:188} INFO - [2024-07-24T03:06:18.334+0000] {dagbag.py:545} INFO - Filling up the DagBag from /opt/airflow/dags/fail_dags_monitor.py
[2024-07-24T03:06:19.535+0000] {processor.py:840} INFO - DAG(s) 'Fail_Dags_Monitor' retrieved from /opt/airflow/dags/fail_dags_monitor.py
[2024-07-24T03:06:19.797+0000] {logging_mixin.py:188} INFO - [2024-07-24T03:06:19.797+0000] {dag.py:3096} INFO - Sync 1 DAGs
[2024-07-24T03:06:19.810+0000] {logging_mixin.py:188} INFO - [2024-07-24T03:06:19.810+0000] {dag.py:3954} INFO - Setting next_dagrun for Fail_Dags_Monitor to 2024-07-24 01:15:00+00:00, run_after=2024-07-24 02:15:00+00:00
[2024-07-24T03:06:19.820+0000] {processor.py:183} INFO - Processing /opt/airflow/dags/fail_dags_monitor.py took 1.489 seconds
[2024-07-24T03:06:50.088+0000] {processor.py:161} INFO - Started process (PID=219) to work on /opt/airflow/dags/fail_dags_monitor.py
[2024-07-24T03:06:50.089+0000] {processor.py:830} INFO - Processing file /opt/airflow/dags/fail_dags_monitor.py for tasks to queue
[2024-07-24T03:06:50.091+0000] {logging_mixin.py:188} INFO - [2024-07-24T03:06:50.090+0000] {dagbag.py:545} INFO - Filling up the DagBag from /opt/airflow/dags/fail_dags_monitor.py
[2024-07-24T03:06:50.298+0000] {processor.py:840} INFO - DAG(s) 'Fail_Dags_Monitor' retrieved from /opt/airflow/dags/fail_dags_monitor.py
[2024-07-24T03:06:50.310+0000] {logging_mixin.py:188} INFO - [2024-07-24T03:06:50.310+0000] {dag.py:3096} INFO - Sync 1 DAGs
[2024-07-24T03:06:50.320+0000] {logging_mixin.py:188} INFO - [2024-07-24T03:06:50.320+0000] {dag.py:3954} INFO - Setting next_dagrun for Fail_Dags_Monitor to 2024-07-24 02:15:00+00:00, run_after=2024-07-24 03:15:00+00:00
[2024-07-24T03:06:50.327+0000] {processor.py:183} INFO - Processing /opt/airflow/dags/fail_dags_monitor.py took 0.244 seconds
[2024-07-24T03:07:20.435+0000] {processor.py:161} INFO - Started process (PID=253) to work on /opt/airflow/dags/fail_dags_monitor.py
[2024-07-24T03:07:20.436+0000] {processor.py:830} INFO - Processing file /opt/airflow/dags/fail_dags_monitor.py for tasks to queue
[2024-07-24T03:07:20.437+0000] {logging_mixin.py:188} INFO - [2024-07-24T03:07:20.437+0000] {dagbag.py:545} INFO - Filling up the DagBag from /opt/airflow/dags/fail_dags_monitor.py
[2024-07-24T03:07:20.618+0000] {processor.py:840} INFO - DAG(s) 'Fail_Dags_Monitor' retrieved from /opt/airflow/dags/fail_dags_monitor.py
[2024-07-24T03:07:20.630+0000] {logging_mixin.py:188} INFO - [2024-07-24T03:07:20.630+0000] {dag.py:3096} INFO - Sync 1 DAGs
[2024-07-24T03:07:20.640+0000] {logging_mixin.py:188} INFO - [2024-07-24T03:07:20.640+0000] {dag.py:3954} INFO - Setting next_dagrun for Fail_Dags_Monitor to 2024-07-24 02:15:00+00:00, run_after=2024-07-24 03:15:00+00:00
[2024-07-24T03:07:20.647+0000] {processor.py:183} INFO - Processing /opt/airflow/dags/fail_dags_monitor.py took 0.218 seconds
[2024-07-24T03:07:50.713+0000] {processor.py:161} INFO - Started process (PID=275) to work on /opt/airflow/dags/fail_dags_monitor.py
[2024-07-24T03:07:50.714+0000] {processor.py:830} INFO - Processing file /opt/airflow/dags/fail_dags_monitor.py for tasks to queue
[2024-07-24T03:07:50.715+0000] {logging_mixin.py:188} INFO - [2024-07-24T03:07:50.715+0000] {dagbag.py:545} INFO - Filling up the DagBag from /opt/airflow/dags/fail_dags_monitor.py
[2024-07-24T03:07:50.896+0000] {processor.py:840} INFO - DAG(s) 'Fail_Dags_Monitor' retrieved from /opt/airflow/dags/fail_dags_monitor.py
[2024-07-24T03:07:50.910+0000] {logging_mixin.py:188} INFO - [2024-07-24T03:07:50.910+0000] {dag.py:3096} INFO - Sync 1 DAGs
[2024-07-24T03:07:50.922+0000] {logging_mixin.py:188} INFO - [2024-07-24T03:07:50.922+0000] {dag.py:3954} INFO - Setting next_dagrun for Fail_Dags_Monitor to 2024-07-24 02:15:00+00:00, run_after=2024-07-24 03:15:00+00:00
[2024-07-24T03:07:50.932+0000] {processor.py:183} INFO - Processing /opt/airflow/dags/fail_dags_monitor.py took 0.222 seconds
[2024-07-24T03:08:21.215+0000] {processor.py:161} INFO - Started process (PID=303) to work on /opt/airflow/dags/fail_dags_monitor.py
[2024-07-24T03:08:21.216+0000] {processor.py:830} INFO - Processing file /opt/airflow/dags/fail_dags_monitor.py for tasks to queue
[2024-07-24T03:08:21.218+0000] {logging_mixin.py:188} INFO - [2024-07-24T03:08:21.218+0000] {dagbag.py:545} INFO - Filling up the DagBag from /opt/airflow/dags/fail_dags_monitor.py
[2024-07-24T03:08:21.411+0000] {processor.py:840} INFO - DAG(s) 'Fail_Dags_Monitor' retrieved from /opt/airflow/dags/fail_dags_monitor.py
[2024-07-24T03:08:21.425+0000] {logging_mixin.py:188} INFO - [2024-07-24T03:08:21.425+0000] {dag.py:3096} INFO - Sync 1 DAGs
[2024-07-24T03:08:21.434+0000] {logging_mixin.py:188} INFO - [2024-07-24T03:08:21.434+0000] {dag.py:3954} INFO - Setting next_dagrun for Fail_Dags_Monitor to 2024-07-24 02:15:00+00:00, run_after=2024-07-24 03:15:00+00:00
[2024-07-24T03:08:21.561+0000] {processor.py:183} INFO - Processing /opt/airflow/dags/fail_dags_monitor.py took 0.352 seconds
[2024-07-24T03:08:51.606+0000] {processor.py:161} INFO - Started process (PID=325) to work on /opt/airflow/dags/fail_dags_monitor.py
[2024-07-24T03:08:51.607+0000] {processor.py:830} INFO - Processing file /opt/airflow/dags/fail_dags_monitor.py for tasks to queue
[2024-07-24T03:08:51.608+0000] {logging_mixin.py:188} INFO - [2024-07-24T03:08:51.608+0000] {dagbag.py:545} INFO - Filling up the DagBag from /opt/airflow/dags/fail_dags_monitor.py
[2024-07-24T03:08:51.790+0000] {processor.py:840} INFO - DAG(s) 'Fail_Dags_Monitor' retrieved from /opt/airflow/dags/fail_dags_monitor.py
[2024-07-24T03:08:51.804+0000] {logging_mixin.py:188} INFO - [2024-07-24T03:08:51.803+0000] {dag.py:3096} INFO - Sync 1 DAGs
[2024-07-24T03:08:51.908+0000] {logging_mixin.py:188} INFO - [2024-07-24T03:08:51.908+0000] {dag.py:3954} INFO - Setting next_dagrun for Fail_Dags_Monitor to 2024-07-24 02:15:00+00:00, run_after=2024-07-24 03:15:00+00:00
[2024-07-24T03:08:51.915+0000] {processor.py:183} INFO - Processing /opt/airflow/dags/fail_dags_monitor.py took 0.313 seconds
[2024-07-24T03:11:48.966+0000] {processor.py:161} INFO - Started process (PID=174) to work on /opt/airflow/dags/fail_dags_monitor.py
[2024-07-24T03:11:48.969+0000] {processor.py:830} INFO - Processing file /opt/airflow/dags/fail_dags_monitor.py for tasks to queue
[2024-07-24T03:11:48.975+0000] {logging_mixin.py:188} INFO - [2024-07-24T03:11:48.974+0000] {dagbag.py:545} INFO - Filling up the DagBag from /opt/airflow/dags/fail_dags_monitor.py
[2024-07-24T03:11:50.137+0000] {processor.py:840} INFO - DAG(s) 'Fail_Dags_Monitor' retrieved from /opt/airflow/dags/fail_dags_monitor.py
[2024-07-24T03:11:50.389+0000] {logging_mixin.py:188} INFO - [2024-07-24T03:11:50.389+0000] {dag.py:3096} INFO - Sync 1 DAGs
[2024-07-24T03:11:50.401+0000] {logging_mixin.py:188} INFO - [2024-07-24T03:11:50.401+0000] {dag.py:3954} INFO - Setting next_dagrun for Fail_Dags_Monitor to 2024-07-24 02:15:00+00:00, run_after=2024-07-24 03:15:00+00:00
[2024-07-24T03:11:50.417+0000] {processor.py:183} INFO - Processing /opt/airflow/dags/fail_dags_monitor.py took 1.455 seconds
[2024-07-24T03:12:20.678+0000] {processor.py:161} INFO - Started process (PID=220) to work on /opt/airflow/dags/fail_dags_monitor.py
[2024-07-24T03:12:20.680+0000] {processor.py:830} INFO - Processing file /opt/airflow/dags/fail_dags_monitor.py for tasks to queue
[2024-07-24T03:12:20.682+0000] {logging_mixin.py:188} INFO - [2024-07-24T03:12:20.682+0000] {dagbag.py:545} INFO - Filling up the DagBag from /opt/airflow/dags/fail_dags_monitor.py
[2024-07-24T03:12:20.915+0000] {processor.py:840} INFO - DAG(s) 'Fail_Dags_Monitor' retrieved from /opt/airflow/dags/fail_dags_monitor.py
[2024-07-24T03:12:20.932+0000] {logging_mixin.py:188} INFO - [2024-07-24T03:12:20.932+0000] {dag.py:3096} INFO - Sync 1 DAGs
[2024-07-24T03:12:20.947+0000] {logging_mixin.py:188} INFO - [2024-07-24T03:12:20.947+0000] {dag.py:3954} INFO - Setting next_dagrun for Fail_Dags_Monitor to 2024-07-24 02:15:00+00:00, run_after=2024-07-24 03:15:00+00:00
[2024-07-24T03:12:20.957+0000] {processor.py:183} INFO - Processing /opt/airflow/dags/fail_dags_monitor.py took 0.285 seconds
[2024-07-24T03:12:51.047+0000] {processor.py:161} INFO - Started process (PID=241) to work on /opt/airflow/dags/fail_dags_monitor.py
[2024-07-24T03:12:51.048+0000] {processor.py:830} INFO - Processing file /opt/airflow/dags/fail_dags_monitor.py for tasks to queue
[2024-07-24T03:12:51.050+0000] {logging_mixin.py:188} INFO - [2024-07-24T03:12:51.050+0000] {dagbag.py:545} INFO - Filling up the DagBag from /opt/airflow/dags/fail_dags_monitor.py
[2024-07-24T03:12:51.266+0000] {processor.py:840} INFO - DAG(s) 'Fail_Dags_Monitor' retrieved from /opt/airflow/dags/fail_dags_monitor.py
[2024-07-24T03:12:51.299+0000] {logging_mixin.py:188} INFO - [2024-07-24T03:12:51.299+0000] {dag.py:3096} INFO - Sync 1 DAGs
[2024-07-24T03:12:51.313+0000] {logging_mixin.py:188} INFO - [2024-07-24T03:12:51.313+0000] {dag.py:3954} INFO - Setting next_dagrun for Fail_Dags_Monitor to 2024-07-24 02:15:00+00:00, run_after=2024-07-24 03:15:00+00:00
[2024-07-24T03:12:51.321+0000] {processor.py:183} INFO - Processing /opt/airflow/dags/fail_dags_monitor.py took 0.281 seconds
[2024-07-24T03:13:21.534+0000] {processor.py:161} INFO - Started process (PID=269) to work on /opt/airflow/dags/fail_dags_monitor.py
[2024-07-24T03:13:21.535+0000] {processor.py:830} INFO - Processing file /opt/airflow/dags/fail_dags_monitor.py for tasks to queue
[2024-07-24T03:13:21.537+0000] {logging_mixin.py:188} INFO - [2024-07-24T03:13:21.536+0000] {dagbag.py:545} INFO - Filling up the DagBag from /opt/airflow/dags/fail_dags_monitor.py
[2024-07-24T03:13:21.715+0000] {processor.py:840} INFO - DAG(s) 'Fail_Dags_Monitor' retrieved from /opt/airflow/dags/fail_dags_monitor.py
[2024-07-24T03:13:21.728+0000] {logging_mixin.py:188} INFO - [2024-07-24T03:13:21.727+0000] {dag.py:3096} INFO - Sync 1 DAGs
[2024-07-24T03:13:21.739+0000] {logging_mixin.py:188} INFO - [2024-07-24T03:13:21.739+0000] {dag.py:3954} INFO - Setting next_dagrun for Fail_Dags_Monitor to 2024-07-24 02:15:00+00:00, run_after=2024-07-24 03:15:00+00:00
[2024-07-24T03:13:21.751+0000] {processor.py:183} INFO - Processing /opt/airflow/dags/fail_dags_monitor.py took 0.223 seconds
[2024-07-24T03:13:52.012+0000] {processor.py:161} INFO - Started process (PID=291) to work on /opt/airflow/dags/fail_dags_monitor.py
[2024-07-24T03:13:52.013+0000] {processor.py:830} INFO - Processing file /opt/airflow/dags/fail_dags_monitor.py for tasks to queue
[2024-07-24T03:13:52.015+0000] {logging_mixin.py:188} INFO - [2024-07-24T03:13:52.015+0000] {dagbag.py:545} INFO - Filling up the DagBag from /opt/airflow/dags/fail_dags_monitor.py
[2024-07-24T03:13:52.208+0000] {processor.py:840} INFO - DAG(s) 'Fail_Dags_Monitor' retrieved from /opt/airflow/dags/fail_dags_monitor.py
[2024-07-24T03:13:52.222+0000] {logging_mixin.py:188} INFO - [2024-07-24T03:13:52.222+0000] {dag.py:3096} INFO - Sync 1 DAGs
[2024-07-24T03:13:52.233+0000] {logging_mixin.py:188} INFO - [2024-07-24T03:13:52.233+0000] {dag.py:3954} INFO - Setting next_dagrun for Fail_Dags_Monitor to 2024-07-24 02:15:00+00:00, run_after=2024-07-24 03:15:00+00:00
[2024-07-24T03:13:52.241+0000] {processor.py:183} INFO - Processing /opt/airflow/dags/fail_dags_monitor.py took 0.234 seconds
[2024-07-24T03:14:22.306+0000] {processor.py:161} INFO - Started process (PID=319) to work on /opt/airflow/dags/fail_dags_monitor.py
[2024-07-24T03:14:22.308+0000] {processor.py:830} INFO - Processing file /opt/airflow/dags/fail_dags_monitor.py for tasks to queue
[2024-07-24T03:14:22.310+0000] {logging_mixin.py:188} INFO - [2024-07-24T03:14:22.310+0000] {dagbag.py:545} INFO - Filling up the DagBag from /opt/airflow/dags/fail_dags_monitor.py
[2024-07-24T03:14:22.536+0000] {processor.py:840} INFO - DAG(s) 'Fail_Dags_Monitor' retrieved from /opt/airflow/dags/fail_dags_monitor.py
[2024-07-24T03:14:22.555+0000] {logging_mixin.py:188} INFO - [2024-07-24T03:14:22.555+0000] {dag.py:3096} INFO - Sync 1 DAGs
[2024-07-24T03:14:22.671+0000] {logging_mixin.py:188} INFO - [2024-07-24T03:14:22.671+0000] {dag.py:3954} INFO - Setting next_dagrun for Fail_Dags_Monitor to 2024-07-24 02:15:00+00:00, run_after=2024-07-24 03:15:00+00:00
[2024-07-24T03:14:22.678+0000] {processor.py:183} INFO - Processing /opt/airflow/dags/fail_dags_monitor.py took 0.379 seconds
[2024-07-24T03:14:52.710+0000] {processor.py:161} INFO - Started process (PID=341) to work on /opt/airflow/dags/fail_dags_monitor.py
[2024-07-24T03:14:52.711+0000] {processor.py:830} INFO - Processing file /opt/airflow/dags/fail_dags_monitor.py for tasks to queue
[2024-07-24T03:14:52.713+0000] {logging_mixin.py:188} INFO - [2024-07-24T03:14:52.712+0000] {dagbag.py:545} INFO - Filling up the DagBag from /opt/airflow/dags/fail_dags_monitor.py
[2024-07-24T03:14:52.888+0000] {processor.py:840} INFO - DAG(s) 'Fail_Dags_Monitor' retrieved from /opt/airflow/dags/fail_dags_monitor.py
[2024-07-24T03:14:52.902+0000] {logging_mixin.py:188} INFO - [2024-07-24T03:14:52.902+0000] {dag.py:3096} INFO - Sync 1 DAGs
[2024-07-24T03:14:52.914+0000] {logging_mixin.py:188} INFO - [2024-07-24T03:14:52.913+0000] {dag.py:3954} INFO - Setting next_dagrun for Fail_Dags_Monitor to 2024-07-24 02:15:00+00:00, run_after=2024-07-24 03:15:00+00:00
[2024-07-24T03:14:52.921+0000] {processor.py:183} INFO - Processing /opt/airflow/dags/fail_dags_monitor.py took 0.215 seconds
[2024-07-24T03:15:23.167+0000] {processor.py:161} INFO - Started process (PID=380) to work on /opt/airflow/dags/fail_dags_monitor.py
[2024-07-24T03:15:23.169+0000] {processor.py:830} INFO - Processing file /opt/airflow/dags/fail_dags_monitor.py for tasks to queue
[2024-07-24T03:15:23.171+0000] {logging_mixin.py:188} INFO - [2024-07-24T03:15:23.170+0000] {dagbag.py:545} INFO - Filling up the DagBag from /opt/airflow/dags/fail_dags_monitor.py
[2024-07-24T03:15:23.368+0000] {processor.py:840} INFO - DAG(s) 'Fail_Dags_Monitor' retrieved from /opt/airflow/dags/fail_dags_monitor.py
[2024-07-24T03:15:23.385+0000] {logging_mixin.py:188} INFO - [2024-07-24T03:15:23.385+0000] {dag.py:3096} INFO - Sync 1 DAGs
[2024-07-24T03:15:23.396+0000] {logging_mixin.py:188} INFO - [2024-07-24T03:15:23.396+0000] {dag.py:3954} INFO - Setting next_dagrun for Fail_Dags_Monitor to 2024-07-24 03:15:00+00:00, run_after=2024-07-24 04:15:00+00:00
[2024-07-24T03:15:23.405+0000] {processor.py:183} INFO - Processing /opt/airflow/dags/fail_dags_monitor.py took 0.244 seconds
[2024-07-24T03:15:53.501+0000] {processor.py:161} INFO - Started process (PID=402) to work on /opt/airflow/dags/fail_dags_monitor.py
[2024-07-24T03:15:53.503+0000] {processor.py:830} INFO - Processing file /opt/airflow/dags/fail_dags_monitor.py for tasks to queue
[2024-07-24T03:15:53.505+0000] {logging_mixin.py:188} INFO - [2024-07-24T03:15:53.505+0000] {dagbag.py:545} INFO - Filling up the DagBag from /opt/airflow/dags/fail_dags_monitor.py
[2024-07-24T03:15:53.725+0000] {processor.py:840} INFO - DAG(s) 'Fail_Dags_Monitor' retrieved from /opt/airflow/dags/fail_dags_monitor.py
[2024-07-24T03:15:53.739+0000] {logging_mixin.py:188} INFO - [2024-07-24T03:15:53.738+0000] {dag.py:3096} INFO - Sync 1 DAGs
[2024-07-24T03:15:53.748+0000] {logging_mixin.py:188} INFO - [2024-07-24T03:15:53.748+0000] {dag.py:3954} INFO - Setting next_dagrun for Fail_Dags_Monitor to 2024-07-24 03:15:00+00:00, run_after=2024-07-24 04:15:00+00:00
[2024-07-24T03:15:53.757+0000] {processor.py:183} INFO - Processing /opt/airflow/dags/fail_dags_monitor.py took 0.263 seconds
[2024-07-24T03:16:24.063+0000] {processor.py:161} INFO - Started process (PID=430) to work on /opt/airflow/dags/fail_dags_monitor.py
[2024-07-24T03:16:24.064+0000] {processor.py:830} INFO - Processing file /opt/airflow/dags/fail_dags_monitor.py for tasks to queue
[2024-07-24T03:16:24.065+0000] {logging_mixin.py:188} INFO - [2024-07-24T03:16:24.065+0000] {dagbag.py:545} INFO - Filling up the DagBag from /opt/airflow/dags/fail_dags_monitor.py
[2024-07-24T03:16:24.237+0000] {processor.py:840} INFO - DAG(s) 'Fail_Dags_Monitor' retrieved from /opt/airflow/dags/fail_dags_monitor.py
[2024-07-24T03:16:24.249+0000] {logging_mixin.py:188} INFO - [2024-07-24T03:16:24.249+0000] {dag.py:3096} INFO - Sync 1 DAGs
[2024-07-24T03:16:24.345+0000] {logging_mixin.py:188} INFO - [2024-07-24T03:16:24.345+0000] {dag.py:3954} INFO - Setting next_dagrun for Fail_Dags_Monitor to 2024-07-24 03:15:00+00:00, run_after=2024-07-24 04:15:00+00:00
[2024-07-24T03:16:24.352+0000] {processor.py:183} INFO - Processing /opt/airflow/dags/fail_dags_monitor.py took 0.295 seconds
[2024-07-24T03:16:54.462+0000] {processor.py:161} INFO - Started process (PID=452) to work on /opt/airflow/dags/fail_dags_monitor.py
[2024-07-24T03:16:54.463+0000] {processor.py:830} INFO - Processing file /opt/airflow/dags/fail_dags_monitor.py for tasks to queue
[2024-07-24T03:16:54.465+0000] {logging_mixin.py:188} INFO - [2024-07-24T03:16:54.465+0000] {dagbag.py:545} INFO - Filling up the DagBag from /opt/airflow/dags/fail_dags_monitor.py
[2024-07-24T03:16:54.660+0000] {processor.py:840} INFO - DAG(s) 'Fail_Dags_Monitor' retrieved from /opt/airflow/dags/fail_dags_monitor.py
[2024-07-24T03:16:54.683+0000] {logging_mixin.py:188} INFO - [2024-07-24T03:16:54.683+0000] {dag.py:3096} INFO - Sync 1 DAGs
[2024-07-24T03:16:54.699+0000] {logging_mixin.py:188} INFO - [2024-07-24T03:16:54.699+0000] {dag.py:3954} INFO - Setting next_dagrun for Fail_Dags_Monitor to 2024-07-24 03:15:00+00:00, run_after=2024-07-24 04:15:00+00:00
[2024-07-24T03:16:54.709+0000] {processor.py:183} INFO - Processing /opt/airflow/dags/fail_dags_monitor.py took 0.253 seconds
[2024-07-24T03:17:24.866+0000] {processor.py:161} INFO - Started process (PID=480) to work on /opt/airflow/dags/fail_dags_monitor.py
[2024-07-24T03:17:24.867+0000] {processor.py:830} INFO - Processing file /opt/airflow/dags/fail_dags_monitor.py for tasks to queue
[2024-07-24T03:17:24.869+0000] {logging_mixin.py:188} INFO - [2024-07-24T03:17:24.869+0000] {dagbag.py:545} INFO - Filling up the DagBag from /opt/airflow/dags/fail_dags_monitor.py
[2024-07-24T03:17:25.029+0000] {processor.py:840} INFO - DAG(s) 'Fail_Dags_Monitor' retrieved from /opt/airflow/dags/fail_dags_monitor.py
[2024-07-24T03:17:25.042+0000] {logging_mixin.py:188} INFO - [2024-07-24T03:17:25.041+0000] {dag.py:3096} INFO - Sync 1 DAGs
[2024-07-24T03:17:25.051+0000] {logging_mixin.py:188} INFO - [2024-07-24T03:17:25.051+0000] {dag.py:3954} INFO - Setting next_dagrun for Fail_Dags_Monitor to 2024-07-24 03:15:00+00:00, run_after=2024-07-24 04:15:00+00:00
[2024-07-24T03:17:25.059+0000] {processor.py:183} INFO - Processing /opt/airflow/dags/fail_dags_monitor.py took 0.199 seconds
[2024-07-24T03:17:55.182+0000] {processor.py:161} INFO - Started process (PID=502) to work on /opt/airflow/dags/fail_dags_monitor.py
[2024-07-24T03:17:55.183+0000] {processor.py:830} INFO - Processing file /opt/airflow/dags/fail_dags_monitor.py for tasks to queue
[2024-07-24T03:17:55.185+0000] {logging_mixin.py:188} INFO - [2024-07-24T03:17:55.185+0000] {dagbag.py:545} INFO - Filling up the DagBag from /opt/airflow/dags/fail_dags_monitor.py
[2024-07-24T03:17:55.395+0000] {processor.py:840} INFO - DAG(s) 'Fail_Dags_Monitor' retrieved from /opt/airflow/dags/fail_dags_monitor.py
[2024-07-24T03:17:55.408+0000] {logging_mixin.py:188} INFO - [2024-07-24T03:17:55.408+0000] {dag.py:3096} INFO - Sync 1 DAGs
[2024-07-24T03:17:55.418+0000] {logging_mixin.py:188} INFO - [2024-07-24T03:17:55.418+0000] {dag.py:3954} INFO - Setting next_dagrun for Fail_Dags_Monitor to 2024-07-24 03:15:00+00:00, run_after=2024-07-24 04:15:00+00:00
[2024-07-24T03:17:55.426+0000] {processor.py:183} INFO - Processing /opt/airflow/dags/fail_dags_monitor.py took 0.252 seconds
[2024-07-24T03:18:25.518+0000] {processor.py:161} INFO - Started process (PID=530) to work on /opt/airflow/dags/fail_dags_monitor.py
[2024-07-24T03:18:25.519+0000] {processor.py:830} INFO - Processing file /opt/airflow/dags/fail_dags_monitor.py for tasks to queue
[2024-07-24T03:18:25.521+0000] {logging_mixin.py:188} INFO - [2024-07-24T03:18:25.521+0000] {dagbag.py:545} INFO - Filling up the DagBag from /opt/airflow/dags/fail_dags_monitor.py
[2024-07-24T03:18:25.678+0000] {processor.py:840} INFO - DAG(s) 'Fail_Dags_Monitor' retrieved from /opt/airflow/dags/fail_dags_monitor.py
[2024-07-24T03:18:25.691+0000] {logging_mixin.py:188} INFO - [2024-07-24T03:18:25.691+0000] {dag.py:3096} INFO - Sync 1 DAGs
[2024-07-24T03:18:25.793+0000] {logging_mixin.py:188} INFO - [2024-07-24T03:18:25.792+0000] {dag.py:3954} INFO - Setting next_dagrun for Fail_Dags_Monitor to 2024-07-24 03:15:00+00:00, run_after=2024-07-24 04:15:00+00:00
[2024-07-24T03:18:25.800+0000] {processor.py:183} INFO - Processing /opt/airflow/dags/fail_dags_monitor.py took 0.288 seconds
[2024-07-24T03:18:55.840+0000] {processor.py:161} INFO - Started process (PID=552) to work on /opt/airflow/dags/fail_dags_monitor.py
[2024-07-24T03:18:55.842+0000] {processor.py:830} INFO - Processing file /opt/airflow/dags/fail_dags_monitor.py for tasks to queue
[2024-07-24T03:18:55.843+0000] {logging_mixin.py:188} INFO - [2024-07-24T03:18:55.843+0000] {dagbag.py:545} INFO - Filling up the DagBag from /opt/airflow/dags/fail_dags_monitor.py
[2024-07-24T03:18:56.037+0000] {processor.py:840} INFO - DAG(s) 'Fail_Dags_Monitor' retrieved from /opt/airflow/dags/fail_dags_monitor.py
[2024-07-24T03:18:56.050+0000] {logging_mixin.py:188} INFO - [2024-07-24T03:18:56.050+0000] {dag.py:3096} INFO - Sync 1 DAGs
[2024-07-24T03:18:56.060+0000] {logging_mixin.py:188} INFO - [2024-07-24T03:18:56.060+0000] {dag.py:3954} INFO - Setting next_dagrun for Fail_Dags_Monitor to 2024-07-24 03:15:00+00:00, run_after=2024-07-24 04:15:00+00:00
[2024-07-24T03:18:56.067+0000] {processor.py:183} INFO - Processing /opt/airflow/dags/fail_dags_monitor.py took 0.234 seconds
[2024-07-24T03:19:26.327+0000] {processor.py:161} INFO - Started process (PID=580) to work on /opt/airflow/dags/fail_dags_monitor.py
[2024-07-24T03:19:26.329+0000] {processor.py:830} INFO - Processing file /opt/airflow/dags/fail_dags_monitor.py for tasks to queue
[2024-07-24T03:19:26.331+0000] {logging_mixin.py:188} INFO - [2024-07-24T03:19:26.330+0000] {dagbag.py:545} INFO - Filling up the DagBag from /opt/airflow/dags/fail_dags_monitor.py
[2024-07-24T03:19:26.518+0000] {processor.py:840} INFO - DAG(s) 'Fail_Dags_Monitor' retrieved from /opt/airflow/dags/fail_dags_monitor.py
[2024-07-24T03:19:26.534+0000] {logging_mixin.py:188} INFO - [2024-07-24T03:19:26.533+0000] {dag.py:3096} INFO - Sync 1 DAGs
[2024-07-24T03:19:26.546+0000] {logging_mixin.py:188} INFO - [2024-07-24T03:19:26.546+0000] {dag.py:3954} INFO - Setting next_dagrun for Fail_Dags_Monitor to 2024-07-24 03:15:00+00:00, run_after=2024-07-24 04:15:00+00:00
[2024-07-24T03:19:26.556+0000] {processor.py:183} INFO - Processing /opt/airflow/dags/fail_dags_monitor.py took 0.236 seconds
[2024-07-24T03:19:56.648+0000] {processor.py:161} INFO - Started process (PID=602) to work on /opt/airflow/dags/fail_dags_monitor.py
[2024-07-24T03:19:56.650+0000] {processor.py:830} INFO - Processing file /opt/airflow/dags/fail_dags_monitor.py for tasks to queue
[2024-07-24T03:19:56.652+0000] {logging_mixin.py:188} INFO - [2024-07-24T03:19:56.651+0000] {dagbag.py:545} INFO - Filling up the DagBag from /opt/airflow/dags/fail_dags_monitor.py
[2024-07-24T03:19:56.846+0000] {processor.py:840} INFO - DAG(s) 'Fail_Dags_Monitor' retrieved from /opt/airflow/dags/fail_dags_monitor.py
[2024-07-24T03:19:56.859+0000] {logging_mixin.py:188} INFO - [2024-07-24T03:19:56.859+0000] {dag.py:3096} INFO - Sync 1 DAGs
[2024-07-24T03:19:56.868+0000] {logging_mixin.py:188} INFO - [2024-07-24T03:19:56.868+0000] {dag.py:3954} INFO - Setting next_dagrun for Fail_Dags_Monitor to 2024-07-24 03:15:00+00:00, run_after=2024-07-24 04:15:00+00:00
[2024-07-24T03:19:56.877+0000] {processor.py:183} INFO - Processing /opt/airflow/dags/fail_dags_monitor.py took 0.235 seconds
[2024-07-24T03:20:27.125+0000] {processor.py:161} INFO - Started process (PID=630) to work on /opt/airflow/dags/fail_dags_monitor.py
[2024-07-24T03:20:27.126+0000] {processor.py:830} INFO - Processing file /opt/airflow/dags/fail_dags_monitor.py for tasks to queue
[2024-07-24T03:20:27.128+0000] {logging_mixin.py:188} INFO - [2024-07-24T03:20:27.128+0000] {dagbag.py:545} INFO - Filling up the DagBag from /opt/airflow/dags/fail_dags_monitor.py
[2024-07-24T03:20:27.296+0000] {processor.py:840} INFO - DAG(s) 'Fail_Dags_Monitor' retrieved from /opt/airflow/dags/fail_dags_monitor.py
[2024-07-24T03:20:27.311+0000] {logging_mixin.py:188} INFO - [2024-07-24T03:20:27.311+0000] {dag.py:3096} INFO - Sync 1 DAGs
[2024-07-24T03:20:27.412+0000] {logging_mixin.py:188} INFO - [2024-07-24T03:20:27.412+0000] {dag.py:3954} INFO - Setting next_dagrun for Fail_Dags_Monitor to 2024-07-24 03:15:00+00:00, run_after=2024-07-24 04:15:00+00:00
[2024-07-24T03:20:27.420+0000] {processor.py:183} INFO - Processing /opt/airflow/dags/fail_dags_monitor.py took 0.300 seconds
[2024-07-24T03:20:57.457+0000] {processor.py:161} INFO - Started process (PID=652) to work on /opt/airflow/dags/fail_dags_monitor.py
[2024-07-24T03:20:57.458+0000] {processor.py:830} INFO - Processing file /opt/airflow/dags/fail_dags_monitor.py for tasks to queue
[2024-07-24T03:20:57.460+0000] {logging_mixin.py:188} INFO - [2024-07-24T03:20:57.460+0000] {dagbag.py:545} INFO - Filling up the DagBag from /opt/airflow/dags/fail_dags_monitor.py
[2024-07-24T03:20:57.748+0000] {processor.py:840} INFO - DAG(s) 'Fail_Dags_Monitor' retrieved from /opt/airflow/dags/fail_dags_monitor.py
[2024-07-24T03:20:57.767+0000] {logging_mixin.py:188} INFO - [2024-07-24T03:20:57.767+0000] {dag.py:3096} INFO - Sync 1 DAGs
[2024-07-24T03:20:57.780+0000] {logging_mixin.py:188} INFO - [2024-07-24T03:20:57.779+0000] {dag.py:3954} INFO - Setting next_dagrun for Fail_Dags_Monitor to 2024-07-24 03:15:00+00:00, run_after=2024-07-24 04:15:00+00:00
[2024-07-24T03:20:57.793+0000] {processor.py:183} INFO - Processing /opt/airflow/dags/fail_dags_monitor.py took 0.341 seconds
[2024-07-24T03:21:28.037+0000] {processor.py:161} INFO - Started process (PID=679) to work on /opt/airflow/dags/fail_dags_monitor.py
[2024-07-24T03:21:28.039+0000] {processor.py:830} INFO - Processing file /opt/airflow/dags/fail_dags_monitor.py for tasks to queue
[2024-07-24T03:21:28.041+0000] {logging_mixin.py:188} INFO - [2024-07-24T03:21:28.040+0000] {dagbag.py:545} INFO - Filling up the DagBag from /opt/airflow/dags/fail_dags_monitor.py
[2024-07-24T03:21:28.242+0000] {processor.py:840} INFO - DAG(s) 'Fail_Dags_Monitor' retrieved from /opt/airflow/dags/fail_dags_monitor.py
[2024-07-24T03:21:28.254+0000] {logging_mixin.py:188} INFO - [2024-07-24T03:21:28.254+0000] {dag.py:3096} INFO - Sync 1 DAGs
[2024-07-24T03:21:28.264+0000] {logging_mixin.py:188} INFO - [2024-07-24T03:21:28.264+0000] {dag.py:3954} INFO - Setting next_dagrun for Fail_Dags_Monitor to 2024-07-24 03:15:00+00:00, run_after=2024-07-24 04:15:00+00:00
[2024-07-24T03:21:28.271+0000] {processor.py:183} INFO - Processing /opt/airflow/dags/fail_dags_monitor.py took 0.239 seconds
[2024-07-24T03:21:58.355+0000] {processor.py:161} INFO - Started process (PID=701) to work on /opt/airflow/dags/fail_dags_monitor.py
[2024-07-24T03:21:58.357+0000] {processor.py:830} INFO - Processing file /opt/airflow/dags/fail_dags_monitor.py for tasks to queue
[2024-07-24T03:21:58.359+0000] {logging_mixin.py:188} INFO - [2024-07-24T03:21:58.359+0000] {dagbag.py:545} INFO - Filling up the DagBag from /opt/airflow/dags/fail_dags_monitor.py
[2024-07-24T03:21:58.566+0000] {processor.py:840} INFO - DAG(s) 'Fail_Dags_Monitor' retrieved from /opt/airflow/dags/fail_dags_monitor.py
[2024-07-24T03:21:58.580+0000] {logging_mixin.py:188} INFO - [2024-07-24T03:21:58.580+0000] {dag.py:3096} INFO - Sync 1 DAGs
[2024-07-24T03:21:58.590+0000] {logging_mixin.py:188} INFO - [2024-07-24T03:21:58.590+0000] {dag.py:3954} INFO - Setting next_dagrun for Fail_Dags_Monitor to 2024-07-24 03:15:00+00:00, run_after=2024-07-24 04:15:00+00:00
[2024-07-24T03:21:58.598+0000] {processor.py:183} INFO - Processing /opt/airflow/dags/fail_dags_monitor.py took 0.250 seconds
[2024-07-24T03:22:28.817+0000] {processor.py:161} INFO - Started process (PID=729) to work on /opt/airflow/dags/fail_dags_monitor.py
[2024-07-24T03:22:28.818+0000] {processor.py:830} INFO - Processing file /opt/airflow/dags/fail_dags_monitor.py for tasks to queue
[2024-07-24T03:22:28.820+0000] {logging_mixin.py:188} INFO - [2024-07-24T03:22:28.820+0000] {dagbag.py:545} INFO - Filling up the DagBag from /opt/airflow/dags/fail_dags_monitor.py
[2024-07-24T03:22:29.019+0000] {processor.py:840} INFO - DAG(s) 'Fail_Dags_Monitor' retrieved from /opt/airflow/dags/fail_dags_monitor.py
[2024-07-24T03:22:29.033+0000] {logging_mixin.py:188} INFO - [2024-07-24T03:22:29.032+0000] {dag.py:3096} INFO - Sync 1 DAGs
[2024-07-24T03:22:29.137+0000] {logging_mixin.py:188} INFO - [2024-07-24T03:22:29.137+0000] {dag.py:3954} INFO - Setting next_dagrun for Fail_Dags_Monitor to 2024-07-24 03:15:00+00:00, run_after=2024-07-24 04:15:00+00:00
[2024-07-24T03:22:29.145+0000] {processor.py:183} INFO - Processing /opt/airflow/dags/fail_dags_monitor.py took 0.335 seconds
[2024-07-24T03:22:59.291+0000] {processor.py:161} INFO - Started process (PID=751) to work on /opt/airflow/dags/fail_dags_monitor.py
[2024-07-24T03:22:59.293+0000] {processor.py:830} INFO - Processing file /opt/airflow/dags/fail_dags_monitor.py for tasks to queue
[2024-07-24T03:22:59.294+0000] {logging_mixin.py:188} INFO - [2024-07-24T03:22:59.294+0000] {dagbag.py:545} INFO - Filling up the DagBag from /opt/airflow/dags/fail_dags_monitor.py
[2024-07-24T03:22:59.493+0000] {processor.py:840} INFO - DAG(s) 'Fail_Dags_Monitor' retrieved from /opt/airflow/dags/fail_dags_monitor.py
[2024-07-24T03:22:59.506+0000] {logging_mixin.py:188} INFO - [2024-07-24T03:22:59.506+0000] {dag.py:3096} INFO - Sync 1 DAGs
[2024-07-24T03:22:59.516+0000] {logging_mixin.py:188} INFO - [2024-07-24T03:22:59.516+0000] {dag.py:3954} INFO - Setting next_dagrun for Fail_Dags_Monitor to 2024-07-24 03:15:00+00:00, run_after=2024-07-24 04:15:00+00:00
[2024-07-24T03:22:59.523+0000] {processor.py:183} INFO - Processing /opt/airflow/dags/fail_dags_monitor.py took 0.239 seconds
