[2024-07-10T09:19:37.018+0000] {local_task_job_runner.py:120} INFO - ::group::Pre task execution logs
[2024-07-10T09:19:37.031+0000] {taskinstance.py:2076} INFO - Dependencies all met for dep_context=non-requeueable deps ti=<TaskInstance: Fail_Dags_Monitor.get_log scheduled__2024-07-10T08:15:00+00:00 [queued]>
[2024-07-10T09:19:37.034+0000] {taskinstance.py:2076} INFO - Dependencies all met for dep_context=requeueable deps ti=<TaskInstance: Fail_Dags_Monitor.get_log scheduled__2024-07-10T08:15:00+00:00 [queued]>
[2024-07-10T09:19:37.034+0000] {taskinstance.py:2306} INFO - Starting attempt 1 of 3
[2024-07-10T09:19:37.040+0000] {taskinstance.py:2330} INFO - Executing <Task(PythonOperator): get_log> on 2024-07-10 08:15:00+00:00
[2024-07-10T09:19:37.043+0000] {standard_task_runner.py:90} INFO - Running: ['***', 'tasks', 'run', 'Fail_Dags_Monitor', 'get_log', 'scheduled__2024-07-10T08:15:00+00:00', '--job-id', '6', '--raw', '--subdir', 'DAGS_FOLDER/fail_dags_monitor.py', '--cfg-path', '/tmp/tmpd2uc92n9']
[2024-07-10T09:19:37.044+0000] {logging_mixin.py:188} WARNING - /home/***/.local/lib/python3.12/site-packages/***/task/task_runner/standard_task_runner.py:61 DeprecationWarning: This process (pid=387) is multi-threaded, use of fork() may lead to deadlocks in the child.
[2024-07-10T09:19:37.044+0000] {standard_task_runner.py:91} INFO - Job 6: Subtask get_log
[2024-07-10T09:19:37.045+0000] {standard_task_runner.py:63} INFO - Started process 389 to run task
[2024-07-10T09:19:37.063+0000] {task_command.py:426} INFO - Running <TaskInstance: Fail_Dags_Monitor.get_log scheduled__2024-07-10T08:15:00+00:00 [running]> on host 7a07930ea90d
[2024-07-10T09:19:37.095+0000] {taskinstance.py:2648} INFO - Exporting env vars: AIRFLOW_CTX_DAG_OWNER='congminh.nguyen@onpoint.vn' AIRFLOW_CTX_DAG_ID='Fail_Dags_Monitor' AIRFLOW_CTX_TASK_ID='get_log' AIRFLOW_CTX_EXECUTION_DATE='2024-07-10T08:15:00+00:00' AIRFLOW_CTX_TRY_NUMBER='1' AIRFLOW_CTX_DAG_RUN_ID='scheduled__2024-07-10T08:15:00+00:00'
[2024-07-10T09:19:37.096+0000] {taskinstance.py:430} INFO - ::endgroup::
[2024-07-10T09:19:37.102+0000] {dagbag.py:545} INFO - Filling up the DagBag from /opt/***/dags
[2024-07-10T09:19:37.194+0000] {python.py:237} INFO - Done. Returned value was: []
[2024-07-10T09:19:37.195+0000] {taskinstance.py:441} INFO - ::group::Post task execution logs
[2024-07-10T09:19:37.202+0000] {taskinstance.py:1206} INFO - Marking task as SUCCESS. dag_id=Fail_Dags_Monitor, task_id=get_log, run_id=scheduled__2024-07-10T08:15:00+00:00, execution_date=20240710T081500, start_date=20240710T091937, end_date=20240710T091937
[2024-07-10T09:19:37.230+0000] {local_task_job_runner.py:240} INFO - Task exited with return code 0
[2024-07-10T09:19:37.240+0000] {taskinstance.py:3503} INFO - 1 downstream tasks scheduled from follow-on schedule check
[2024-07-10T09:19:37.241+0000] {local_task_job_runner.py:222} INFO - ::endgroup::
[2024-07-10T09:40:49.483+0000] {local_task_job_runner.py:120} INFO - ::group::Pre task execution logs
[2024-07-10T09:40:49.498+0000] {taskinstance.py:2076} INFO - Dependencies all met for dep_context=non-requeueable deps ti=<TaskInstance: Fail_Dags_Monitor.get_log scheduled__2024-07-10T08:15:00+00:00 [queued]>
[2024-07-10T09:40:49.502+0000] {taskinstance.py:2076} INFO - Dependencies all met for dep_context=requeueable deps ti=<TaskInstance: Fail_Dags_Monitor.get_log scheduled__2024-07-10T08:15:00+00:00 [queued]>
[2024-07-10T09:40:49.502+0000] {taskinstance.py:2306} INFO - Starting attempt 1 of 3
[2024-07-10T09:40:49.509+0000] {taskinstance.py:2330} INFO - Executing <Task(PythonOperator): get_log> on 2024-07-10 08:15:00+00:00
[2024-07-10T09:40:49.513+0000] {standard_task_runner.py:90} INFO - Running: ['***', 'tasks', 'run', 'Fail_Dags_Monitor', 'get_log', 'scheduled__2024-07-10T08:15:00+00:00', '--job-id', '6', '--raw', '--subdir', 'DAGS_FOLDER/fail_dags_monitor.py', '--cfg-path', '/tmp/tmpkreygr0y']
[2024-07-10T09:40:49.515+0000] {logging_mixin.py:188} WARNING - /home/***/.local/lib/python3.12/site-packages/***/task/task_runner/standard_task_runner.py:61 DeprecationWarning: This process (pid=195) is multi-threaded, use of fork() may lead to deadlocks in the child.
[2024-07-10T09:40:49.515+0000] {standard_task_runner.py:91} INFO - Job 6: Subtask get_log
[2024-07-10T09:40:49.515+0000] {standard_task_runner.py:63} INFO - Started process 197 to run task
[2024-07-10T09:40:49.536+0000] {task_command.py:426} INFO - Running <TaskInstance: Fail_Dags_Monitor.get_log scheduled__2024-07-10T08:15:00+00:00 [running]> on host 01d6e865dc01
[2024-07-10T09:40:49.571+0000] {taskinstance.py:2648} INFO - Exporting env vars: AIRFLOW_CTX_DAG_OWNER='congminh.nguyen@onpoint.vn' AIRFLOW_CTX_DAG_ID='Fail_Dags_Monitor' AIRFLOW_CTX_TASK_ID='get_log' AIRFLOW_CTX_EXECUTION_DATE='2024-07-10T08:15:00+00:00' AIRFLOW_CTX_TRY_NUMBER='1' AIRFLOW_CTX_DAG_RUN_ID='scheduled__2024-07-10T08:15:00+00:00'
[2024-07-10T09:40:49.571+0000] {taskinstance.py:430} INFO - ::endgroup::
[2024-07-10T09:40:49.578+0000] {dagbag.py:545} INFO - Filling up the DagBag from /opt/***/dags
[2024-07-10T09:40:49.679+0000] {python.py:237} INFO - Done. Returned value was: []
[2024-07-10T09:40:49.679+0000] {taskinstance.py:441} INFO - ::group::Post task execution logs
[2024-07-10T09:40:49.687+0000] {taskinstance.py:1206} INFO - Marking task as SUCCESS. dag_id=Fail_Dags_Monitor, task_id=get_log, run_id=scheduled__2024-07-10T08:15:00+00:00, execution_date=20240710T081500, start_date=20240710T094049, end_date=20240710T094049
[2024-07-10T09:40:49.698+0000] {local_task_job_runner.py:240} INFO - Task exited with return code 0
[2024-07-10T09:40:49.707+0000] {taskinstance.py:3503} INFO - 1 downstream tasks scheduled from follow-on schedule check
[2024-07-10T09:40:49.708+0000] {local_task_job_runner.py:222} INFO - ::endgroup::
[2024-07-10T10:04:35.511+0000] {local_task_job_runner.py:120} INFO - ::group::Pre task execution logs
[2024-07-10T10:04:35.537+0000] {taskinstance.py:2076} INFO - Dependencies all met for dep_context=non-requeueable deps ti=<TaskInstance: Fail_Dags_Monitor.get_log scheduled__2024-07-10T08:15:00+00:00 [queued]>
[2024-07-10T10:04:35.541+0000] {taskinstance.py:2076} INFO - Dependencies all met for dep_context=requeueable deps ti=<TaskInstance: Fail_Dags_Monitor.get_log scheduled__2024-07-10T08:15:00+00:00 [queued]>
[2024-07-10T10:04:35.542+0000] {taskinstance.py:2306} INFO - Starting attempt 1 of 3
[2024-07-10T10:04:35.548+0000] {taskinstance.py:2330} INFO - Executing <Task(PythonOperator): get_log> on 2024-07-10 08:15:00+00:00
[2024-07-10T10:04:35.555+0000] {logging_mixin.py:188} WARNING - /home/***/.local/lib/python3.12/site-packages/***/task/task_runner/standard_task_runner.py:61 DeprecationWarning: This process (pid=256) is multi-threaded, use of fork() may lead to deadlocks in the child.
[2024-07-10T10:04:35.557+0000] {standard_task_runner.py:63} INFO - Started process 258 to run task
[2024-07-10T10:04:35.556+0000] {standard_task_runner.py:90} INFO - Running: ['***', 'tasks', 'run', 'Fail_Dags_Monitor', 'get_log', 'scheduled__2024-07-10T08:15:00+00:00', '--job-id', '6', '--raw', '--subdir', 'DAGS_FOLDER/fail_dags_monitor.py', '--cfg-path', '/tmp/tmpjxagr2xu']
[2024-07-10T10:04:35.558+0000] {standard_task_runner.py:91} INFO - Job 6: Subtask get_log
[2024-07-10T10:04:35.579+0000] {task_command.py:426} INFO - Running <TaskInstance: Fail_Dags_Monitor.get_log scheduled__2024-07-10T08:15:00+00:00 [running]> on host 886d6fa7a515
[2024-07-10T10:04:35.615+0000] {taskinstance.py:2648} INFO - Exporting env vars: AIRFLOW_CTX_DAG_OWNER='congminh.nguyen@onpoint.vn' AIRFLOW_CTX_DAG_ID='Fail_Dags_Monitor' AIRFLOW_CTX_TASK_ID='get_log' AIRFLOW_CTX_EXECUTION_DATE='2024-07-10T08:15:00+00:00' AIRFLOW_CTX_TRY_NUMBER='1' AIRFLOW_CTX_DAG_RUN_ID='scheduled__2024-07-10T08:15:00+00:00'
[2024-07-10T10:04:35.616+0000] {taskinstance.py:430} INFO - ::endgroup::
[2024-07-10T10:04:35.623+0000] {dagbag.py:545} INFO - Filling up the DagBag from /opt/***/dags
[2024-07-10T10:04:35.714+0000] {python.py:237} INFO - Done. Returned value was: []
[2024-07-10T10:04:35.714+0000] {taskinstance.py:441} INFO - ::group::Post task execution logs
[2024-07-10T10:04:35.723+0000] {taskinstance.py:1206} INFO - Marking task as SUCCESS. dag_id=Fail_Dags_Monitor, task_id=get_log, run_id=scheduled__2024-07-10T08:15:00+00:00, execution_date=20240710T081500, start_date=20240710T100435, end_date=20240710T100435
[2024-07-10T10:04:35.742+0000] {local_task_job_runner.py:240} INFO - Task exited with return code 0
[2024-07-10T10:04:35.751+0000] {taskinstance.py:3503} INFO - 1 downstream tasks scheduled from follow-on schedule check
[2024-07-10T10:04:35.752+0000] {local_task_job_runner.py:222} INFO - ::endgroup::
