[2024-07-14T16:07:22.272+0000] {local_task_job_runner.py:120} INFO - ::group::Pre task execution logs
[2024-07-14T16:07:22.290+0000] {taskinstance.py:2076} INFO - Dependencies all met for dep_context=non-requeueable deps ti=<TaskInstance: Extend_Run_Dags_Monitor.stop_long_running_tasks scheduled__2024-07-14T14:15:00+00:00 [queued]>
[2024-07-14T16:07:22.295+0000] {taskinstance.py:2076} INFO - Dependencies all met for dep_context=requeueable deps ti=<TaskInstance: Extend_Run_Dags_Monitor.stop_long_running_tasks scheduled__2024-07-14T14:15:00+00:00 [queued]>
[2024-07-14T16:07:22.295+0000] {taskinstance.py:2306} INFO - Starting attempt 1 of 3
[2024-07-14T16:07:22.302+0000] {taskinstance.py:2330} INFO - Executing <Task(PythonOperator): stop_long_running_tasks> on 2024-07-14 14:15:00+00:00
[2024-07-14T16:07:22.306+0000] {logging_mixin.py:188} WARNING - /home/***/.local/lib/python3.12/site-packages/***/task/task_runner/standard_task_runner.py:61 DeprecationWarning: This process (pid=1888) is multi-threaded, use of fork() may lead to deadlocks in the child.
[2024-07-14T16:07:22.307+0000] {standard_task_runner.py:63} INFO - Started process 1893 to run task
[2024-07-14T16:07:22.306+0000] {standard_task_runner.py:90} INFO - Running: ['***', 'tasks', 'run', 'Extend_Run_Dags_Monitor', 'stop_long_running_tasks', 'scheduled__2024-07-14T14:15:00+00:00', '--job-id', '2113', '--raw', '--subdir', 'DAGS_FOLDER/extend_run_dags_monitor.py', '--cfg-path', '/tmp/tmp1l7hbvze']
[2024-07-14T16:07:22.308+0000] {standard_task_runner.py:91} INFO - Job 2113: Subtask stop_long_running_tasks
[2024-07-14T16:07:22.332+0000] {task_command.py:426} INFO - Running <TaskInstance: Extend_Run_Dags_Monitor.stop_long_running_tasks scheduled__2024-07-14T14:15:00+00:00 [running]> on host a9aa3835bb3f
[2024-07-14T16:07:22.384+0000] {taskinstance.py:2648} INFO - Exporting env vars: AIRFLOW_CTX_DAG_OWNER='congminh.nguyen@ponpoint.vn' AIRFLOW_CTX_DAG_ID='Extend_Run_Dags_Monitor' AIRFLOW_CTX_TASK_ID='stop_long_running_tasks' AIRFLOW_CTX_EXECUTION_DATE='2024-07-14T14:15:00+00:00' AIRFLOW_CTX_TRY_NUMBER='1' AIRFLOW_CTX_DAG_RUN_ID='scheduled__2024-07-14T14:15:00+00:00'
[2024-07-14T16:07:22.385+0000] {taskinstance.py:430} INFO - ::endgroup::
[2024-07-14T16:07:22.397+0000] {extend_run_dags_monitor.py:32} INFO - max_running_time: 0
[2024-07-14T16:07:22.403+0000] {extend_run_dags_monitor.py:40} INFO - task_id: fail_task, dag_id: Email_test_dag, start_date: 2024-07-14 14:55:49.713962+00:00, job_id: 2099, pid: 1818, hostname: a9aa3835bb3f, unixname: default
[2024-07-14T16:07:22.403+0000] {extend_run_dags_monitor.py:40} INFO - task_id: fail_task, dag_id: Email_test_dag, start_date: 2024-07-14 14:55:49.819377+00:00, job_id: 2101, pid: 1820, hostname: a9aa3835bb3f, unixname: default
[2024-07-14T16:07:22.403+0000] {extend_run_dags_monitor.py:40} INFO - task_id: load, dag_id: Fail_Dags_Monitor, start_date: 2024-07-14 14:56:17.189827+00:00, job_id: 2111, pid: 1872, hostname: a9aa3835bb3f, unixname: default
[2024-07-14T16:07:22.404+0000] {extend_run_dags_monitor.py:40} INFO - task_id: fail_task, dag_id: Email_test_dag, start_date: 2024-07-14 14:55:56.278620+00:00, job_id: 2105, pid: 1848, hostname: a9aa3835bb3f, unixname: default
[2024-07-14T16:07:22.404+0000] {extend_run_dags_monitor.py:40} INFO - task_id: fail_task, dag_id: Email_test_dag, start_date: 2024-07-14 14:55:56.278606+00:00, job_id: 2106, pid: 1849, hostname: a9aa3835bb3f, unixname: default
[2024-07-14T16:07:22.404+0000] {extend_run_dags_monitor.py:40} INFO - task_id: fail_task, dag_id: Email_test_dag, start_date: 2024-07-14 14:56:00.264219+00:00, job_id: 2108, pid: 1856, hostname: a9aa3835bb3f, unixname: default
[2024-07-14T16:07:22.404+0000] {extend_run_dags_monitor.py:40} INFO - task_id: fail_task, dag_id: Email_test_dag, start_date: 2024-07-14 14:56:11.644922+00:00, job_id: 2110, pid: 1868, hostname: a9aa3835bb3f, unixname: default
[2024-07-14T16:07:22.404+0000] {extend_run_dags_monitor.py:45} INFO - Sending this tasks to shutdown: ['fail_task', 'fail_task', 'load', 'fail_task', 'fail_task', 'fail_task', 'fail_task']
[2024-07-14T16:07:22.411+0000] {python.py:237} INFO - Done. Returned value was: None
[2024-07-14T16:07:22.412+0000] {taskinstance.py:441} INFO - ::group::Post task execution logs
[2024-07-14T16:07:22.418+0000] {taskinstance.py:1206} INFO - Marking task as SUCCESS. dag_id=Extend_Run_Dags_Monitor, task_id=stop_long_running_tasks, run_id=scheduled__2024-07-14T14:15:00+00:00, execution_date=20240714T141500, start_date=20240714T160722, end_date=20240714T160722
[2024-07-14T16:07:22.446+0000] {local_task_job_runner.py:240} INFO - Task exited with return code 0
[2024-07-14T16:07:22.454+0000] {taskinstance.py:3503} INFO - 0 downstream tasks scheduled from follow-on schedule check
[2024-07-14T16:07:22.455+0000] {local_task_job_runner.py:222} INFO - ::endgroup::
