[2024-07-07T23:42:03.365+0000] {local_task_job_runner.py:120} INFO - ::group::Pre task execution logs
[2024-07-07T23:42:03.384+0000] {taskinstance.py:2076} INFO - Dependencies all met for dep_context=non-requeueable deps ti=<TaskInstance: Extend_Run_Dags_Monitor.stop_long_running_tasks scheduled__2024-07-07T22:15:00+00:00 [queued]>
[2024-07-07T23:42:03.388+0000] {taskinstance.py:2076} INFO - Dependencies all met for dep_context=requeueable deps ti=<TaskInstance: Extend_Run_Dags_Monitor.stop_long_running_tasks scheduled__2024-07-07T22:15:00+00:00 [queued]>
[2024-07-07T23:42:03.389+0000] {taskinstance.py:2306} INFO - Starting attempt 1 of 3
[2024-07-07T23:42:03.396+0000] {taskinstance.py:2330} INFO - Executing <Task(PythonOperator): stop_long_running_tasks> on 2024-07-07 22:15:00+00:00
[2024-07-07T23:42:03.400+0000] {logging_mixin.py:188} WARNING - /home/***/.local/lib/python3.12/site-packages/***/task/task_runner/standard_task_runner.py:61 DeprecationWarning: This process (pid=62763) is multi-threaded, use of fork() may lead to deadlocks in the child.
[2024-07-07T23:42:03.401+0000] {standard_task_runner.py:63} INFO - Started process 62766 to run task
[2024-07-07T23:42:03.400+0000] {standard_task_runner.py:90} INFO - Running: ['***', 'tasks', 'run', 'Extend_Run_Dags_Monitor', 'stop_long_running_tasks', 'scheduled__2024-07-07T22:15:00+00:00', '--job-id', '1008', '--raw', '--subdir', 'DAGS_FOLDER/extend_run_dags_monitor.py', '--cfg-path', '/tmp/tmpzz_07vqt']
[2024-07-07T23:42:03.401+0000] {standard_task_runner.py:91} INFO - Job 1008: Subtask stop_long_running_tasks
[2024-07-07T23:42:03.428+0000] {task_command.py:426} INFO - Running <TaskInstance: Extend_Run_Dags_Monitor.stop_long_running_tasks scheduled__2024-07-07T22:15:00+00:00 [running]> on host 0b64c9d791b9
[2024-07-07T23:42:03.474+0000] {taskinstance.py:2648} INFO - Exporting env vars: AIRFLOW_CTX_DAG_OWNER='congminh.nguyen@ponpoint.vn' AIRFLOW_CTX_DAG_ID='Extend_Run_Dags_Monitor' AIRFLOW_CTX_TASK_ID='stop_long_running_tasks' AIRFLOW_CTX_EXECUTION_DATE='2024-07-07T22:15:00+00:00' AIRFLOW_CTX_TRY_NUMBER='1' AIRFLOW_CTX_DAG_RUN_ID='scheduled__2024-07-07T22:15:00+00:00'
[2024-07-07T23:42:03.475+0000] {taskinstance.py:430} INFO - ::endgroup::
[2024-07-07T23:42:03.487+0000] {extend_run_dags_monitor.py:32} INFO - max_running_time: 0
[2024-07-07T23:42:03.494+0000] {extend_run_dags_monitor.py:40} INFO - task_id: load, dag_id: Fail_Dags_Monitor, start_date: 2024-07-07 22:18:49.753716+00:00, job_id: 1006, pid: 62745, hostname: 0b64c9d791b9, unixname: default
[2024-07-07T23:42:03.494+0000] {extend_run_dags_monitor.py:40} INFO - task_id: load, dag_id: Fail_Dags_Monitor, start_date: 2024-07-07 22:18:49.753695+00:00, job_id: 1007, pid: 62746, hostname: 0b64c9d791b9, unixname: default
[2024-07-07T23:42:03.495+0000] {extend_run_dags_monitor.py:45} INFO - Sending this tasks to shutdown: ['load', 'load']
[2024-07-07T23:42:03.501+0000] {python.py:237} INFO - Done. Returned value was: None
[2024-07-07T23:42:03.501+0000] {taskinstance.py:441} INFO - ::group::Post task execution logs
[2024-07-07T23:42:03.507+0000] {taskinstance.py:1206} INFO - Marking task as SUCCESS. dag_id=Extend_Run_Dags_Monitor, task_id=stop_long_running_tasks, run_id=scheduled__2024-07-07T22:15:00+00:00, execution_date=20240707T221500, start_date=20240707T234203, end_date=20240707T234203
[2024-07-07T23:42:03.542+0000] {local_task_job_runner.py:240} INFO - Task exited with return code 0
[2024-07-07T23:42:03.552+0000] {taskinstance.py:3503} INFO - 0 downstream tasks scheduled from follow-on schedule check
[2024-07-07T23:42:03.553+0000] {local_task_job_runner.py:222} INFO - ::endgroup::
