[2024-07-11T01:41:56.994+0000] {local_task_job_runner.py:120} INFO - ::group::Pre task execution logs
[2024-07-11T01:41:57.013+0000] {taskinstance.py:2076} INFO - Dependencies all met for dep_context=non-requeueable deps ti=<TaskInstance: Extend_Run_Dags_Monitor.stop_long_running_tasks scheduled__2024-07-11T00:15:00+00:00 [queued]>
[2024-07-11T01:41:57.018+0000] {taskinstance.py:2076} INFO - Dependencies all met for dep_context=requeueable deps ti=<TaskInstance: Extend_Run_Dags_Monitor.stop_long_running_tasks scheduled__2024-07-11T00:15:00+00:00 [queued]>
[2024-07-11T01:41:57.019+0000] {taskinstance.py:2306} INFO - Starting attempt 1 of 3
[2024-07-11T01:41:57.029+0000] {taskinstance.py:2330} INFO - Executing <Task(PythonOperator): stop_long_running_tasks> on 2024-07-11 00:15:00+00:00
[2024-07-11T01:41:57.034+0000] {logging_mixin.py:188} WARNING - /home/***/.local/lib/python3.12/site-packages/***/task/task_runner/standard_task_runner.py:61 DeprecationWarning: This process (pid=2231) is multi-threaded, use of fork() may lead to deadlocks in the child.
[2024-07-11T01:41:57.035+0000] {standard_task_runner.py:63} INFO - Started process 2235 to run task
[2024-07-11T01:41:57.034+0000] {standard_task_runner.py:90} INFO - Running: ['***', 'tasks', 'run', 'Extend_Run_Dags_Monitor', 'stop_long_running_tasks', 'scheduled__2024-07-11T00:15:00+00:00', '--job-id', '185', '--raw', '--subdir', 'DAGS_FOLDER/extend_run_dags_monitor.py', '--cfg-path', '/tmp/tmpbec2awv0']
[2024-07-11T01:41:57.036+0000] {standard_task_runner.py:91} INFO - Job 185: Subtask stop_long_running_tasks
[2024-07-11T01:41:57.080+0000] {task_command.py:426} INFO - Running <TaskInstance: Extend_Run_Dags_Monitor.stop_long_running_tasks scheduled__2024-07-11T00:15:00+00:00 [running]> on host 469b2f9527f6
[2024-07-11T01:41:57.139+0000] {taskinstance.py:2648} INFO - Exporting env vars: AIRFLOW_CTX_DAG_OWNER='congminh.nguyen@ponpoint.vn' AIRFLOW_CTX_DAG_ID='Extend_Run_Dags_Monitor' AIRFLOW_CTX_TASK_ID='stop_long_running_tasks' AIRFLOW_CTX_EXECUTION_DATE='2024-07-11T00:15:00+00:00' AIRFLOW_CTX_TRY_NUMBER='1' AIRFLOW_CTX_DAG_RUN_ID='scheduled__2024-07-11T00:15:00+00:00'
[2024-07-11T01:41:57.140+0000] {taskinstance.py:430} INFO - ::endgroup::
[2024-07-11T01:41:57.156+0000] {extend_run_dags_monitor.py:32} INFO - max_running_time: 0
[2024-07-11T01:41:57.167+0000] {extend_run_dags_monitor.py:40} INFO - task_id: load, dag_id: Fail_Dags_Monitor, start_date: 2024-07-11 00:32:53.442285+00:00, job_id: 183, pid: 2228, hostname: 469b2f9527f6, unixname: default
[2024-07-11T01:41:57.168+0000] {extend_run_dags_monitor.py:40} INFO - task_id: fail_task, dag_id: Email_test_dag, start_date: 2024-07-11 00:32:46.768681+00:00, job_id: 182, pid: 2222, hostname: 469b2f9527f6, unixname: default
[2024-07-11T01:41:57.169+0000] {extend_run_dags_monitor.py:40} INFO - task_id: fail_task, dag_id: Email_test_dag, start_date: 2024-07-11 00:32:46.767623+00:00, job_id: 181, pid: 2223, hostname: 469b2f9527f6, unixname: default
[2024-07-11T01:41:57.169+0000] {extend_run_dags_monitor.py:45} INFO - Sending this tasks to shutdown: ['load', 'fail_task', 'fail_task']
[2024-07-11T01:41:57.176+0000] {python.py:237} INFO - Done. Returned value was: None
[2024-07-11T01:41:57.177+0000] {taskinstance.py:441} INFO - ::group::Post task execution logs
[2024-07-11T01:41:57.184+0000] {taskinstance.py:1206} INFO - Marking task as SUCCESS. dag_id=Extend_Run_Dags_Monitor, task_id=stop_long_running_tasks, run_id=scheduled__2024-07-11T00:15:00+00:00, execution_date=20240711T001500, start_date=20240711T014157, end_date=20240711T014157
[2024-07-11T01:41:57.218+0000] {local_task_job_runner.py:240} INFO - Task exited with return code 0
[2024-07-11T01:41:57.226+0000] {taskinstance.py:3503} INFO - 0 downstream tasks scheduled from follow-on schedule check
[2024-07-11T01:41:57.227+0000] {local_task_job_runner.py:222} INFO - ::endgroup::
