[2024-07-08T20:40:01.949+0000] {local_task_job_runner.py:120} INFO - ::group::Pre task execution logs
[2024-07-08T20:40:01.967+0000] {taskinstance.py:2076} INFO - Dependencies all met for dep_context=non-requeueable deps ti=<TaskInstance: Extend_Run_Dags_Monitor.stop_long_running_tasks scheduled__2024-07-08T19:15:00+00:00 [queued]>
[2024-07-08T20:40:01.972+0000] {taskinstance.py:2076} INFO - Dependencies all met for dep_context=requeueable deps ti=<TaskInstance: Extend_Run_Dags_Monitor.stop_long_running_tasks scheduled__2024-07-08T19:15:00+00:00 [queued]>
[2024-07-08T20:40:01.973+0000] {taskinstance.py:2306} INFO - Starting attempt 1 of 3
[2024-07-08T20:40:01.980+0000] {taskinstance.py:2330} INFO - Executing <Task(PythonOperator): stop_long_running_tasks> on 2024-07-08 19:15:00+00:00
[2024-07-08T20:40:01.987+0000] {logging_mixin.py:188} WARNING - /home/***/.local/lib/python3.12/site-packages/***/task/task_runner/standard_task_runner.py:61 DeprecationWarning: This process (pid=9682) is multi-threaded, use of fork() may lead to deadlocks in the child.
[2024-07-08T20:40:01.987+0000] {standard_task_runner.py:90} INFO - Running: ['***', 'tasks', 'run', 'Extend_Run_Dags_Monitor', 'stop_long_running_tasks', 'scheduled__2024-07-08T19:15:00+00:00', '--job-id', '2110', '--raw', '--subdir', 'DAGS_FOLDER/extend_run_dags_monitor.py', '--cfg-path', '/tmp/tmpm3djvtxm']
[2024-07-08T20:40:01.988+0000] {standard_task_runner.py:63} INFO - Started process 9686 to run task
[2024-07-08T20:40:01.988+0000] {standard_task_runner.py:91} INFO - Job 2110: Subtask stop_long_running_tasks
[2024-07-08T20:40:02.040+0000] {task_command.py:426} INFO - Running <TaskInstance: Extend_Run_Dags_Monitor.stop_long_running_tasks scheduled__2024-07-08T19:15:00+00:00 [running]> on host ec4fc0d2456a
[2024-07-08T20:40:02.096+0000] {taskinstance.py:2648} INFO - Exporting env vars: AIRFLOW_CTX_DAG_OWNER='congminh.nguyen@ponpoint.vn' AIRFLOW_CTX_DAG_ID='Extend_Run_Dags_Monitor' AIRFLOW_CTX_TASK_ID='stop_long_running_tasks' AIRFLOW_CTX_EXECUTION_DATE='2024-07-08T19:15:00+00:00' AIRFLOW_CTX_TRY_NUMBER='1' AIRFLOW_CTX_DAG_RUN_ID='scheduled__2024-07-08T19:15:00+00:00'
[2024-07-08T20:40:02.096+0000] {taskinstance.py:430} INFO - ::endgroup::
[2024-07-08T20:40:02.109+0000] {extend_run_dags_monitor.py:32} INFO - max_running_time: 0
[2024-07-08T20:40:02.117+0000] {extend_run_dags_monitor.py:40} INFO - task_id: fail_task, dag_id: Email_test_dag, start_date: 2024-07-08 19:16:31.429251+00:00, job_id: 2104, pid: 9644, hostname: ec4fc0d2456a, unixname: default
[2024-07-08T20:40:02.119+0000] {extend_run_dags_monitor.py:40} INFO - task_id: fail_task, dag_id: Email_test_dag, start_date: 2024-07-08 19:16:31.429266+00:00, job_id: 2103, pid: 9643, hostname: ec4fc0d2456a, unixname: default
[2024-07-08T20:40:02.120+0000] {extend_run_dags_monitor.py:40} INFO - task_id: fail_task, dag_id: Email_test_dag, start_date: 2024-07-08 19:16:23.516612+00:00, job_id: 2096, pid: 9625, hostname: ec4fc0d2456a, unixname: default
[2024-07-08T20:40:02.120+0000] {extend_run_dags_monitor.py:45} INFO - Sending this tasks to shutdown: ['fail_task', 'fail_task', 'fail_task']
[2024-07-08T20:40:02.130+0000] {python.py:237} INFO - Done. Returned value was: None
[2024-07-08T20:40:02.131+0000] {taskinstance.py:441} INFO - ::group::Post task execution logs
[2024-07-08T20:40:02.143+0000] {taskinstance.py:1206} INFO - Marking task as SUCCESS. dag_id=Extend_Run_Dags_Monitor, task_id=stop_long_running_tasks, run_id=scheduled__2024-07-08T19:15:00+00:00, execution_date=20240708T191500, start_date=20240708T204001, end_date=20240708T204002
[2024-07-08T20:40:02.173+0000] {local_task_job_runner.py:240} INFO - Task exited with return code 0
[2024-07-08T20:40:02.189+0000] {taskinstance.py:3503} INFO - 0 downstream tasks scheduled from follow-on schedule check
[2024-07-08T20:40:02.190+0000] {local_task_job_runner.py:222} INFO - ::endgroup::
