[2024-07-13T12:18:49.760+0000] {local_task_job_runner.py:120} INFO - ::group::Pre task execution logs
[2024-07-13T12:18:49.802+0000] {taskinstance.py:2076} INFO - Dependencies all met for dep_context=non-requeueable deps ti=<TaskInstance: Extend_Run_Dags_Monitor.stop_long_running_tasks scheduled__2024-07-13T10:15:00+00:00 [queued]>
[2024-07-13T12:18:49.815+0000] {taskinstance.py:2076} INFO - Dependencies all met for dep_context=requeueable deps ti=<TaskInstance: Extend_Run_Dags_Monitor.stop_long_running_tasks scheduled__2024-07-13T10:15:00+00:00 [queued]>
[2024-07-13T12:18:49.816+0000] {taskinstance.py:2306} INFO - Starting attempt 1 of 3
[2024-07-13T12:18:49.838+0000] {taskinstance.py:2330} INFO - Executing <Task(PythonOperator): stop_long_running_tasks> on 2024-07-13 10:15:00+00:00
[2024-07-13T12:18:49.847+0000] {standard_task_runner.py:90} INFO - Running: ['***', 'tasks', 'run', 'Extend_Run_Dags_Monitor', 'stop_long_running_tasks', 'scheduled__2024-07-13T10:15:00+00:00', '--job-id', '1877', '--raw', '--subdir', 'DAGS_FOLDER/extend_run_dags_monitor.py', '--cfg-path', '/tmp/tmpnaw7yljw']
[2024-07-13T12:18:49.848+0000] {logging_mixin.py:188} WARNING - /home/***/.local/lib/python3.12/site-packages/***/task/task_runner/standard_task_runner.py:61 DeprecationWarning: This process (pid=720) is multi-threaded, use of fork() may lead to deadlocks in the child.
[2024-07-13T12:18:49.850+0000] {standard_task_runner.py:91} INFO - Job 1877: Subtask stop_long_running_tasks
[2024-07-13T12:18:49.851+0000] {standard_task_runner.py:63} INFO - Started process 729 to run task
[2024-07-13T12:18:49.906+0000] {task_command.py:426} INFO - Running <TaskInstance: Extend_Run_Dags_Monitor.stop_long_running_tasks scheduled__2024-07-13T10:15:00+00:00 [running]> on host a9aa3835bb3f
[2024-07-13T12:18:49.985+0000] {taskinstance.py:2648} INFO - Exporting env vars: AIRFLOW_CTX_DAG_OWNER='congminh.nguyen@ponpoint.vn' AIRFLOW_CTX_DAG_ID='Extend_Run_Dags_Monitor' AIRFLOW_CTX_TASK_ID='stop_long_running_tasks' AIRFLOW_CTX_EXECUTION_DATE='2024-07-13T10:15:00+00:00' AIRFLOW_CTX_TRY_NUMBER='1' AIRFLOW_CTX_DAG_RUN_ID='scheduled__2024-07-13T10:15:00+00:00'
[2024-07-13T12:18:49.989+0000] {taskinstance.py:430} INFO - ::endgroup::
[2024-07-13T12:18:50.017+0000] {extend_run_dags_monitor.py:32} INFO - max_running_time: 0
[2024-07-13T12:18:50.031+0000] {extend_run_dags_monitor.py:40} INFO - task_id: fail_task, dag_id: Email_test_dag, start_date: 2024-07-13 11:13:02.730258+00:00, job_id: 1875, pid: 718, hostname: a9aa3835bb3f, unixname: default
[2024-07-13T12:18:50.032+0000] {extend_run_dags_monitor.py:40} INFO - task_id: fail_task, dag_id: Email_test_dag, start_date: 2024-07-13 11:12:38.422756+00:00, job_id: 1865, pid: 684, hostname: a9aa3835bb3f, unixname: default
[2024-07-13T12:18:50.034+0000] {extend_run_dags_monitor.py:40} INFO - task_id: fail_task, dag_id: Email_test_dag, start_date: 2024-07-13 11:12:38.504883+00:00, job_id: 1867, pid: 687, hostname: a9aa3835bb3f, unixname: default
[2024-07-13T12:18:50.034+0000] {extend_run_dags_monitor.py:40} INFO - task_id: fail_task, dag_id: Email_test_dag, start_date: 2024-07-13 11:13:00.583517+00:00, job_id: 1874, pid: 715, hostname: a9aa3835bb3f, unixname: default
[2024-07-13T12:18:50.035+0000] {extend_run_dags_monitor.py:40} INFO - task_id: load, dag_id: Fail_Dags_Monitor, start_date: 2024-07-13 11:12:58.586874+00:00, job_id: 1873, pid: 713, hostname: a9aa3835bb3f, unixname: default
[2024-07-13T12:18:50.036+0000] {extend_run_dags_monitor.py:45} INFO - Sending this tasks to shutdown: ['fail_task', 'fail_task', 'fail_task', 'fail_task', 'load']
[2024-07-13T12:18:50.058+0000] {python.py:237} INFO - Done. Returned value was: None
[2024-07-13T12:18:50.059+0000] {taskinstance.py:441} INFO - ::group::Post task execution logs
[2024-07-13T12:18:50.074+0000] {taskinstance.py:1206} INFO - Marking task as SUCCESS. dag_id=Extend_Run_Dags_Monitor, task_id=stop_long_running_tasks, run_id=scheduled__2024-07-13T10:15:00+00:00, execution_date=20240713T101500, start_date=20240713T121849, end_date=20240713T121850
[2024-07-13T12:18:50.118+0000] {local_task_job_runner.py:240} INFO - Task exited with return code 0
[2024-07-13T12:18:50.142+0000] {taskinstance.py:3503} INFO - 0 downstream tasks scheduled from follow-on schedule check
[2024-07-13T12:18:50.144+0000] {local_task_job_runner.py:222} INFO - ::endgroup::
