[2024-07-10T14:42:54.780+0000] {local_task_job_runner.py:120} INFO - ::group::Pre task execution logs
[2024-07-10T14:42:54.793+0000] {taskinstance.py:2076} INFO - Dependencies all met for dep_context=non-requeueable deps ti=<TaskInstance: Fail_Dags_Monitor.load scheduled__2024-07-10T13:15:00+00:00 [queued]>
[2024-07-10T14:42:54.797+0000] {taskinstance.py:2076} INFO - Dependencies all met for dep_context=requeueable deps ti=<TaskInstance: Fail_Dags_Monitor.load scheduled__2024-07-10T13:15:00+00:00 [queued]>
[2024-07-10T14:42:54.797+0000] {taskinstance.py:2306} INFO - Starting attempt 3 of 3
[2024-07-10T14:42:54.802+0000] {taskinstance.py:2330} INFO - Executing <Task(PythonOperator): load> on 2024-07-10 13:15:00+00:00
[2024-07-10T14:42:54.806+0000] {logging_mixin.py:188} WARNING - /home/***/.local/lib/python3.12/site-packages/***/task/task_runner/standard_task_runner.py:61 DeprecationWarning: This process (pid=1727) is multi-threaded, use of fork() may lead to deadlocks in the child.
[2024-07-10T14:42:54.806+0000] {standard_task_runner.py:63} INFO - Started process 1729 to run task
[2024-07-10T14:42:54.806+0000] {standard_task_runner.py:90} INFO - Running: ['***', 'tasks', 'run', 'Fail_Dags_Monitor', 'load', 'scheduled__2024-07-10T13:15:00+00:00', '--job-id', '87', '--raw', '--subdir', 'DAGS_FOLDER/fail_dags_monitor.py', '--cfg-path', '/tmp/tmp15snjlgo']
[2024-07-10T14:42:54.807+0000] {standard_task_runner.py:91} INFO - Job 87: Subtask load
[2024-07-10T14:42:54.827+0000] {task_command.py:426} INFO - Running <TaskInstance: Fail_Dags_Monitor.load scheduled__2024-07-10T13:15:00+00:00 [running]> on host 469b2f9527f6
[2024-07-10T14:42:54.864+0000] {taskinstance.py:2648} INFO - Exporting env vars: AIRFLOW_CTX_DAG_OWNER='congminh.nguyen@onpoint.vn' AIRFLOW_CTX_DAG_ID='Fail_Dags_Monitor' AIRFLOW_CTX_TASK_ID='load' AIRFLOW_CTX_EXECUTION_DATE='2024-07-10T13:15:00+00:00' AIRFLOW_CTX_TRY_NUMBER='3' AIRFLOW_CTX_DAG_RUN_ID='scheduled__2024-07-10T13:15:00+00:00'
[2024-07-10T14:42:54.865+0000] {taskinstance.py:430} INFO - ::endgroup::
[2024-07-10T14:42:54.946+0000] {dagbag.py:545} INFO - Filling up the DagBag from /opt/***/dags
[2024-07-10T14:42:56.097+0000] {logging_mixin.py:188} INFO - Successfully connect to database!
[2024-07-10T15:46:45.849+0000] {local_task_job_runner.py:310} WARNING - State of this instance has been externally set to restarting. Terminating instance.
[2024-07-10T15:46:45.852+0000] {local_task_job_runner.py:222} INFO - ::endgroup::
[2024-07-10T15:46:45.854+0000] {process_utils.py:132} INFO - Sending 15 to group 1729. PIDs of all processes in the group: [1729]
[2024-07-10T15:46:45.854+0000] {process_utils.py:87} INFO - Sending the signal 15 to group 1729
[2024-07-10T16:44:47.807+0000] {taskinstance.py:2611} ERROR - Received SIGTERM. Terminating subprocesses.
[2024-07-10T16:44:47.812+0000] {logging_mixin.py:188} WARNING - Traceback (most recent call last):
[2024-07-10T16:44:47.813+0000] {logging_mixin.py:188} WARNING -   File "/usr/local/lib/python3.12/encodings/utf_8.py", line 15, in decode
[2024-07-10T16:44:47.814+0000] {logging_mixin.py:188} WARNING -     def decode(input, errors='strict'):
[2024-07-10T16:44:47.815+0000] {logging_mixin.py:188} WARNING -     
[2024-07-10T16:44:47.816+0000] {logging_mixin.py:188} WARNING -   File "/home/***/.local/lib/python3.12/site-packages/***/models/taskinstance.py", line 2613, in signal_handler
[2024-07-10T16:44:47.817+0000] {logging_mixin.py:188} WARNING -     raise AirflowTaskTerminated("Task received SIGTERM signal")
[2024-07-10T16:44:47.818+0000] {logging_mixin.py:188} WARNING - ***.exceptions.AirflowTaskTerminated: Task received SIGTERM signal
[2024-07-10T16:44:47.819+0000] {taskinstance.py:441} INFO - ::group::Post task execution logs
[2024-07-10T16:44:47.822+0000] {taskinstance.py:2905} ERROR - Task failed with exception
Traceback (most recent call last):
  File "/home/airflow/.local/lib/python3.12/site-packages/airflow/models/taskinstance.py", line 465, in _execute_task
    result = _execute_callable(context=context, **execute_callable_kwargs)
             ^^^^^^^^^^^^^^^^^^^^^^^^^^^^^^^^^^^^^^^^^^^^^^^^^^^^^^^^^^^^^
  File "/home/airflow/.local/lib/python3.12/site-packages/airflow/models/taskinstance.py", line 432, in _execute_callable
    return execute_callable(context=context, **execute_callable_kwargs)
           ^^^^^^^^^^^^^^^^^^^^^^^^^^^^^^^^^^^^^^^^^^^^^^^^^^^^^^^^^^^^
  File "/home/airflow/.local/lib/python3.12/site-packages/airflow/models/baseoperator.py", line 401, in wrapper
    return func(self, *args, **kwargs)
           ^^^^^^^^^^^^^^^^^^^^^^^^^^^
  File "/home/airflow/.local/lib/python3.12/site-packages/airflow/operators/python.py", line 235, in execute
    return_value = self.execute_callable()
                   ^^^^^^^^^^^^^^^^^^^^^^^
  File "/home/airflow/.local/lib/python3.12/site-packages/airflow/operators/python.py", line 252, in execute_callable
    return self.python_callable(*self.op_args, **self.op_kwargs)
           ^^^^^^^^^^^^^^^^^^^^^^^^^^^^^^^^^^^^^^^^^^^^^^^^^^^^^
  File "/opt/airflow/dags/fail_dags_monitor.py", line 80, in load
    c.copy_expert(
psycopg2.OperationalError: SSL SYSCALL error: EOF detected

[2024-07-10T16:44:47.842+0000] {taskinstance.py:1206} INFO - Marking task as UP_FOR_RETRY. dag_id=Fail_Dags_Monitor, task_id=load, run_id=scheduled__2024-07-10T13:15:00+00:00, execution_date=20240710T131500, start_date=20240710T144254, end_date=20240710T164447
[2024-07-10T16:44:47.875+0000] {standard_task_runner.py:110} ERROR - Failed to execute job 87 for task load (SSL SYSCALL error: EOF detected
; 1729)
[2024-07-10T16:44:47.916+0000] {process_utils.py:80} INFO - Process psutil.Process(pid=1729, status='terminated', exitcode=1, started='14:42:54') (1729) terminated with exit code 1
