[2024-07-10T09:19:36.209+0000] {local_task_job_runner.py:120} INFO - ::group::Pre task execution logs
[2024-07-10T09:19:36.222+0000] {taskinstance.py:2076} INFO - Dependencies all met for dep_context=non-requeueable deps ti=<TaskInstance: Fail_Dags_Monitor.get_failed_dag scheduled__2024-07-10T08:15:00+00:00 [queued]>
[2024-07-10T09:19:36.225+0000] {taskinstance.py:2076} INFO - Dependencies all met for dep_context=requeueable deps ti=<TaskInstance: Fail_Dags_Monitor.get_failed_dag scheduled__2024-07-10T08:15:00+00:00 [queued]>
[2024-07-10T09:19:36.225+0000] {taskinstance.py:2306} INFO - Starting attempt 1 of 3
[2024-07-10T09:19:36.230+0000] {taskinstance.py:2330} INFO - Executing <Task(PythonOperator): get_failed_dag> on 2024-07-10 08:15:00+00:00
[2024-07-10T09:19:36.233+0000] {standard_task_runner.py:90} INFO - Running: ['***', 'tasks', 'run', 'Fail_Dags_Monitor', 'get_failed_dag', 'scheduled__2024-07-10T08:15:00+00:00', '--job-id', '5', '--raw', '--subdir', 'DAGS_FOLDER/fail_dags_monitor.py', '--cfg-path', '/tmp/tmp1e1mqkln']
[2024-07-10T09:19:36.235+0000] {standard_task_runner.py:91} INFO - Job 5: Subtask get_failed_dag
[2024-07-10T09:19:36.235+0000] {logging_mixin.py:188} WARNING - /home/***/.local/lib/python3.12/site-packages/***/task/task_runner/standard_task_runner.py:61 DeprecationWarning: This process (pid=384) is multi-threaded, use of fork() may lead to deadlocks in the child.
[2024-07-10T09:19:36.235+0000] {standard_task_runner.py:63} INFO - Started process 386 to run task
[2024-07-10T09:19:36.253+0000] {task_command.py:426} INFO - Running <TaskInstance: Fail_Dags_Monitor.get_failed_dag scheduled__2024-07-10T08:15:00+00:00 [running]> on host 7a07930ea90d
[2024-07-10T09:19:36.284+0000] {taskinstance.py:2648} INFO - Exporting env vars: AIRFLOW_CTX_DAG_OWNER='congminh.nguyen@onpoint.vn' AIRFLOW_CTX_DAG_ID='Fail_Dags_Monitor' AIRFLOW_CTX_TASK_ID='get_failed_dag' AIRFLOW_CTX_EXECUTION_DATE='2024-07-10T08:15:00+00:00' AIRFLOW_CTX_TRY_NUMBER='1' AIRFLOW_CTX_DAG_RUN_ID='scheduled__2024-07-10T08:15:00+00:00'
[2024-07-10T09:19:36.284+0000] {taskinstance.py:430} INFO - ::endgroup::
[2024-07-10T09:19:36.393+0000] {dagbag.py:545} INFO - Filling up the DagBag from /opt/***/dags
[2024-07-10T09:19:36.410+0000] {python.py:237} INFO - Done. Returned value was: []
[2024-07-10T09:19:36.410+0000] {taskinstance.py:441} INFO - ::group::Post task execution logs
[2024-07-10T09:19:36.418+0000] {taskinstance.py:1206} INFO - Marking task as SUCCESS. dag_id=Fail_Dags_Monitor, task_id=get_failed_dag, run_id=scheduled__2024-07-10T08:15:00+00:00, execution_date=20240710T081500, start_date=20240710T091936, end_date=20240710T091936
[2024-07-10T09:19:36.431+0000] {local_task_job_runner.py:240} INFO - Task exited with return code 0
[2024-07-10T09:19:36.443+0000] {taskinstance.py:3503} INFO - 1 downstream tasks scheduled from follow-on schedule check
[2024-07-10T09:19:36.444+0000] {local_task_job_runner.py:222} INFO - ::endgroup::
[2024-07-10T09:40:48.752+0000] {local_task_job_runner.py:120} INFO - ::group::Pre task execution logs
[2024-07-10T09:40:48.766+0000] {taskinstance.py:2076} INFO - Dependencies all met for dep_context=non-requeueable deps ti=<TaskInstance: Fail_Dags_Monitor.get_failed_dag scheduled__2024-07-10T08:15:00+00:00 [queued]>
[2024-07-10T09:40:48.770+0000] {taskinstance.py:2076} INFO - Dependencies all met for dep_context=requeueable deps ti=<TaskInstance: Fail_Dags_Monitor.get_failed_dag scheduled__2024-07-10T08:15:00+00:00 [queued]>
[2024-07-10T09:40:48.770+0000] {taskinstance.py:2306} INFO - Starting attempt 1 of 3
[2024-07-10T09:40:48.777+0000] {taskinstance.py:2330} INFO - Executing <Task(PythonOperator): get_failed_dag> on 2024-07-10 08:15:00+00:00
[2024-07-10T09:40:48.780+0000] {standard_task_runner.py:90} INFO - Running: ['***', 'tasks', 'run', 'Fail_Dags_Monitor', 'get_failed_dag', 'scheduled__2024-07-10T08:15:00+00:00', '--job-id', '5', '--raw', '--subdir', 'DAGS_FOLDER/fail_dags_monitor.py', '--cfg-path', '/tmp/tmpfgdgifhe']
[2024-07-10T09:40:48.781+0000] {standard_task_runner.py:91} INFO - Job 5: Subtask get_failed_dag
[2024-07-10T09:40:48.781+0000] {logging_mixin.py:188} WARNING - /home/***/.local/lib/python3.12/site-packages/***/task/task_runner/standard_task_runner.py:61 DeprecationWarning: This process (pid=191) is multi-threaded, use of fork() may lead to deadlocks in the child.
[2024-07-10T09:40:48.782+0000] {standard_task_runner.py:63} INFO - Started process 194 to run task
[2024-07-10T09:40:48.803+0000] {task_command.py:426} INFO - Running <TaskInstance: Fail_Dags_Monitor.get_failed_dag scheduled__2024-07-10T08:15:00+00:00 [running]> on host 01d6e865dc01
[2024-07-10T09:40:48.853+0000] {taskinstance.py:2648} INFO - Exporting env vars: AIRFLOW_CTX_DAG_OWNER='congminh.nguyen@onpoint.vn' AIRFLOW_CTX_DAG_ID='Fail_Dags_Monitor' AIRFLOW_CTX_TASK_ID='get_failed_dag' AIRFLOW_CTX_EXECUTION_DATE='2024-07-10T08:15:00+00:00' AIRFLOW_CTX_TRY_NUMBER='1' AIRFLOW_CTX_DAG_RUN_ID='scheduled__2024-07-10T08:15:00+00:00'
[2024-07-10T09:40:48.854+0000] {taskinstance.py:430} INFO - ::endgroup::
[2024-07-10T09:40:48.957+0000] {dagbag.py:545} INFO - Filling up the DagBag from /opt/***/dags
[2024-07-10T09:40:48.974+0000] {python.py:237} INFO - Done. Returned value was: []
[2024-07-10T09:40:48.975+0000] {taskinstance.py:441} INFO - ::group::Post task execution logs
[2024-07-10T09:40:48.983+0000] {taskinstance.py:1206} INFO - Marking task as SUCCESS. dag_id=Fail_Dags_Monitor, task_id=get_failed_dag, run_id=scheduled__2024-07-10T08:15:00+00:00, execution_date=20240710T081500, start_date=20240710T094048, end_date=20240710T094048
[2024-07-10T09:40:49.004+0000] {local_task_job_runner.py:240} INFO - Task exited with return code 0
[2024-07-10T09:40:49.016+0000] {taskinstance.py:3503} INFO - 1 downstream tasks scheduled from follow-on schedule check
[2024-07-10T09:40:49.017+0000] {local_task_job_runner.py:222} INFO - ::endgroup::
[2024-07-10T10:04:34.461+0000] {local_task_job_runner.py:120} INFO - ::group::Pre task execution logs
[2024-07-10T10:04:34.477+0000] {taskinstance.py:2076} INFO - Dependencies all met for dep_context=non-requeueable deps ti=<TaskInstance: Fail_Dags_Monitor.get_failed_dag scheduled__2024-07-10T08:15:00+00:00 [queued]>
[2024-07-10T10:04:34.481+0000] {taskinstance.py:2076} INFO - Dependencies all met for dep_context=requeueable deps ti=<TaskInstance: Fail_Dags_Monitor.get_failed_dag scheduled__2024-07-10T08:15:00+00:00 [queued]>
[2024-07-10T10:04:34.481+0000] {taskinstance.py:2306} INFO - Starting attempt 1 of 3
[2024-07-10T10:04:34.488+0000] {taskinstance.py:2330} INFO - Executing <Task(PythonOperator): get_failed_dag> on 2024-07-10 08:15:00+00:00
[2024-07-10T10:04:34.491+0000] {logging_mixin.py:188} WARNING - /home/***/.local/lib/python3.12/site-packages/***/task/task_runner/standard_task_runner.py:61 DeprecationWarning: This process (pid=251) is multi-threaded, use of fork() may lead to deadlocks in the child.
[2024-07-10T10:04:34.492+0000] {standard_task_runner.py:63} INFO - Started process 255 to run task
[2024-07-10T10:04:34.491+0000] {standard_task_runner.py:90} INFO - Running: ['***', 'tasks', 'run', 'Fail_Dags_Monitor', 'get_failed_dag', 'scheduled__2024-07-10T08:15:00+00:00', '--job-id', '5', '--raw', '--subdir', 'DAGS_FOLDER/fail_dags_monitor.py', '--cfg-path', '/tmp/tmpbtnvmob_']
[2024-07-10T10:04:34.492+0000] {standard_task_runner.py:91} INFO - Job 5: Subtask get_failed_dag
[2024-07-10T10:04:34.513+0000] {task_command.py:426} INFO - Running <TaskInstance: Fail_Dags_Monitor.get_failed_dag scheduled__2024-07-10T08:15:00+00:00 [running]> on host 886d6fa7a515
[2024-07-10T10:04:34.549+0000] {taskinstance.py:2648} INFO - Exporting env vars: AIRFLOW_CTX_DAG_OWNER='congminh.nguyen@onpoint.vn' AIRFLOW_CTX_DAG_ID='Fail_Dags_Monitor' AIRFLOW_CTX_TASK_ID='get_failed_dag' AIRFLOW_CTX_EXECUTION_DATE='2024-07-10T08:15:00+00:00' AIRFLOW_CTX_TRY_NUMBER='1' AIRFLOW_CTX_DAG_RUN_ID='scheduled__2024-07-10T08:15:00+00:00'
[2024-07-10T10:04:34.549+0000] {taskinstance.py:430} INFO - ::endgroup::
[2024-07-10T10:04:34.670+0000] {dagbag.py:545} INFO - Filling up the DagBag from /opt/***/dags
[2024-07-10T10:04:34.686+0000] {python.py:237} INFO - Done. Returned value was: []
[2024-07-10T10:04:34.687+0000] {taskinstance.py:441} INFO - ::group::Post task execution logs
[2024-07-10T10:04:34.695+0000] {taskinstance.py:1206} INFO - Marking task as SUCCESS. dag_id=Fail_Dags_Monitor, task_id=get_failed_dag, run_id=scheduled__2024-07-10T08:15:00+00:00, execution_date=20240710T081500, start_date=20240710T100434, end_date=20240710T100434
[2024-07-10T10:04:34.720+0000] {local_task_job_runner.py:240} INFO - Task exited with return code 0
[2024-07-10T10:04:34.732+0000] {taskinstance.py:3503} INFO - 1 downstream tasks scheduled from follow-on schedule check
[2024-07-10T10:04:34.733+0000] {local_task_job_runner.py:222} INFO - ::endgroup::
