[2024-07-10T10:15:02.940+0000] {local_task_job_runner.py:120} INFO - ::group::Pre task execution logs
[2024-07-10T10:15:02.957+0000] {taskinstance.py:2076} INFO - Dependencies all met for dep_context=non-requeueable deps ti=<TaskInstance: Fail_Dags_Monitor.load scheduled__2024-07-10T09:15:00+00:00 [queued]>
[2024-07-10T10:15:02.961+0000] {taskinstance.py:2076} INFO - Dependencies all met for dep_context=requeueable deps ti=<TaskInstance: Fail_Dags_Monitor.load scheduled__2024-07-10T09:15:00+00:00 [queued]>
[2024-07-10T10:15:02.961+0000] {taskinstance.py:2306} INFO - Starting attempt 1 of 3
[2024-07-10T10:15:02.970+0000] {taskinstance.py:2330} INFO - Executing <Task(PythonOperator): load> on 2024-07-10 09:15:00+00:00
[2024-07-10T10:15:02.975+0000] {logging_mixin.py:188} WARNING - /home/***/.local/lib/python3.12/site-packages/***/task/task_runner/standard_task_runner.py:61 DeprecationWarning: This process (pid=776) is multi-threaded, use of fork() may lead to deadlocks in the child.
[2024-07-10T10:15:02.976+0000] {standard_task_runner.py:63} INFO - Started process 788 to run task
[2024-07-10T10:15:02.975+0000] {standard_task_runner.py:90} INFO - Running: ['***', 'tasks', 'run', 'Fail_Dags_Monitor', 'load', 'scheduled__2024-07-10T09:15:00+00:00', '--job-id', '33', '--raw', '--subdir', 'DAGS_FOLDER/fail_dags_monitor.py', '--cfg-path', '/tmp/tmpcgn91ro4']
[2024-07-10T10:15:02.977+0000] {standard_task_runner.py:91} INFO - Job 33: Subtask load
[2024-07-10T10:15:02.998+0000] {task_command.py:426} INFO - Running <TaskInstance: Fail_Dags_Monitor.load scheduled__2024-07-10T09:15:00+00:00 [running]> on host 886d6fa7a515
[2024-07-10T10:15:03.037+0000] {taskinstance.py:2648} INFO - Exporting env vars: AIRFLOW_CTX_DAG_OWNER='congminh.nguyen@onpoint.vn' AIRFLOW_CTX_DAG_ID='Fail_Dags_Monitor' AIRFLOW_CTX_TASK_ID='load' AIRFLOW_CTX_EXECUTION_DATE='2024-07-10T09:15:00+00:00' AIRFLOW_CTX_TRY_NUMBER='1' AIRFLOW_CTX_DAG_RUN_ID='scheduled__2024-07-10T09:15:00+00:00'
[2024-07-10T10:15:03.037+0000] {taskinstance.py:430} INFO - ::endgroup::
[2024-07-10T10:15:03.119+0000] {dagbag.py:545} INFO - Filling up the DagBag from /opt/***/dags
[2024-07-10T10:15:03.511+0000] {logging_mixin.py:188} INFO - Successfully connect to database!
[2024-07-10T10:15:03.711+0000] {logging_mixin.py:188} INFO - Insert time: 0.199141263961792 seconds
[2024-07-10T10:15:03.714+0000] {python.py:237} INFO - Done. Returned value was: None
[2024-07-10T10:15:03.716+0000] {taskinstance.py:441} INFO - ::group::Post task execution logs
[2024-07-10T10:15:03.732+0000] {taskinstance.py:1206} INFO - Marking task as SUCCESS. dag_id=Fail_Dags_Monitor, task_id=load, run_id=scheduled__2024-07-10T09:15:00+00:00, execution_date=20240710T091500, start_date=20240710T101502, end_date=20240710T101503
[2024-07-10T10:15:03.773+0000] {local_task_job_runner.py:240} INFO - Task exited with return code 0
[2024-07-10T10:15:03.784+0000] {taskinstance.py:3503} INFO - 0 downstream tasks scheduled from follow-on schedule check
[2024-07-10T10:15:03.785+0000] {local_task_job_runner.py:222} INFO - ::endgroup::
[2024-07-10T10:48:37.458+0000] {local_task_job_runner.py:120} INFO - ::group::Pre task execution logs
[2024-07-10T10:48:37.472+0000] {taskinstance.py:2076} INFO - Dependencies all met for dep_context=non-requeueable deps ti=<TaskInstance: Fail_Dags_Monitor.load scheduled__2024-07-10T09:15:00+00:00 [queued]>
[2024-07-10T10:48:37.475+0000] {taskinstance.py:2076} INFO - Dependencies all met for dep_context=requeueable deps ti=<TaskInstance: Fail_Dags_Monitor.load scheduled__2024-07-10T09:15:00+00:00 [queued]>
[2024-07-10T10:48:37.475+0000] {taskinstance.py:2306} INFO - Starting attempt 1 of 3
[2024-07-10T10:48:37.482+0000] {taskinstance.py:2330} INFO - Executing <Task(PythonOperator): load> on 2024-07-10 09:15:00+00:00
[2024-07-10T10:48:37.485+0000] {logging_mixin.py:188} WARNING - /home/***/.local/lib/python3.12/site-packages/***/task/task_runner/standard_task_runner.py:61 DeprecationWarning: This process (pid=683) is multi-threaded, use of fork() may lead to deadlocks in the child.
[2024-07-10T10:48:37.485+0000] {standard_task_runner.py:90} INFO - Running: ['***', 'tasks', 'run', 'Fail_Dags_Monitor', 'load', 'scheduled__2024-07-10T09:15:00+00:00', '--job-id', '9', '--raw', '--subdir', 'DAGS_FOLDER/fail_dags_monitor.py', '--cfg-path', '/tmp/tmp60zz1oza']
[2024-07-10T10:48:37.488+0000] {standard_task_runner.py:63} INFO - Started process 686 to run task
[2024-07-10T10:48:37.488+0000] {standard_task_runner.py:91} INFO - Job 9: Subtask load
[2024-07-10T10:48:37.508+0000] {task_command.py:426} INFO - Running <TaskInstance: Fail_Dags_Monitor.load scheduled__2024-07-10T09:15:00+00:00 [running]> on host 469b2f9527f6
[2024-07-10T10:48:37.543+0000] {taskinstance.py:2648} INFO - Exporting env vars: AIRFLOW_CTX_DAG_OWNER='congminh.nguyen@onpoint.vn' AIRFLOW_CTX_DAG_ID='Fail_Dags_Monitor' AIRFLOW_CTX_TASK_ID='load' AIRFLOW_CTX_EXECUTION_DATE='2024-07-10T09:15:00+00:00' AIRFLOW_CTX_TRY_NUMBER='1' AIRFLOW_CTX_DAG_RUN_ID='scheduled__2024-07-10T09:15:00+00:00'
[2024-07-10T10:48:37.543+0000] {taskinstance.py:430} INFO - ::endgroup::
[2024-07-10T10:48:37.550+0000] {dagbag.py:545} INFO - Filling up the DagBag from /opt/***/dags
[2024-07-10T10:48:37.997+0000] {logging_mixin.py:188} INFO - Successfully connect to database!
[2024-07-10T10:48:38.188+0000] {logging_mixin.py:188} INFO - Insert time: 0.1896660327911377 seconds
[2024-07-10T10:48:38.189+0000] {python.py:237} INFO - Done. Returned value was: None
[2024-07-10T10:48:38.189+0000] {taskinstance.py:441} INFO - ::group::Post task execution logs
[2024-07-10T10:48:38.195+0000] {taskinstance.py:1206} INFO - Marking task as SUCCESS. dag_id=Fail_Dags_Monitor, task_id=load, run_id=scheduled__2024-07-10T09:15:00+00:00, execution_date=20240710T091500, start_date=20240710T104837, end_date=20240710T104838
[2024-07-10T10:48:38.223+0000] {local_task_job_runner.py:240} INFO - Task exited with return code 0
[2024-07-10T10:48:38.232+0000] {taskinstance.py:3503} INFO - 0 downstream tasks scheduled from follow-on schedule check
[2024-07-10T10:48:38.234+0000] {local_task_job_runner.py:222} INFO - ::endgroup::
