[2024-07-08T17:36:06.094+0000] {local_task_job_runner.py:120} INFO - ::group::Pre task execution logs
[2024-07-08T17:36:06.138+0000] {taskinstance.py:2076} INFO - Dependencies all met for dep_context=non-requeueable deps ti=<TaskInstance: Extend_Run_Dags_Monitor.stop_long_running_tasks scheduled__2024-07-08T16:15:00+00:00 [queued]>
[2024-07-08T17:36:06.154+0000] {taskinstance.py:2076} INFO - Dependencies all met for dep_context=requeueable deps ti=<TaskInstance: Extend_Run_Dags_Monitor.stop_long_running_tasks scheduled__2024-07-08T16:15:00+00:00 [queued]>
[2024-07-08T17:36:06.155+0000] {taskinstance.py:2306} INFO - Starting attempt 1 of 3
[2024-07-08T17:36:06.186+0000] {taskinstance.py:2330} INFO - Executing <Task(PythonOperator): stop_long_running_tasks> on 2024-07-08 16:15:00+00:00
[2024-07-08T17:36:06.197+0000] {logging_mixin.py:188} WARNING - /home/***/.local/lib/python3.12/site-packages/***/task/task_runner/standard_task_runner.py:61 DeprecationWarning: This process (pid=9555) is multi-threaded, use of fork() may lead to deadlocks in the child.
[2024-07-08T17:36:06.209+0000] {standard_task_runner.py:63} INFO - Started process 9571 to run task
[2024-07-08T17:36:06.206+0000] {standard_task_runner.py:90} INFO - Running: ['***', 'tasks', 'run', 'Extend_Run_Dags_Monitor', 'stop_long_running_tasks', 'scheduled__2024-07-08T16:15:00+00:00', '--job-id', '2086', '--raw', '--subdir', 'DAGS_FOLDER/extend_run_dags_monitor.py', '--cfg-path', '/tmp/tmphh20d55k']
[2024-07-08T17:36:06.224+0000] {standard_task_runner.py:91} INFO - Job 2086: Subtask stop_long_running_tasks
[2024-07-08T17:36:06.321+0000] {task_command.py:426} INFO - Running <TaskInstance: Extend_Run_Dags_Monitor.stop_long_running_tasks scheduled__2024-07-08T16:15:00+00:00 [running]> on host ec4fc0d2456a
[2024-07-08T17:36:06.415+0000] {taskinstance.py:2648} INFO - Exporting env vars: AIRFLOW_CTX_DAG_OWNER='congminh.nguyen@ponpoint.vn' AIRFLOW_CTX_DAG_ID='Extend_Run_Dags_Monitor' AIRFLOW_CTX_TASK_ID='stop_long_running_tasks' AIRFLOW_CTX_EXECUTION_DATE='2024-07-08T16:15:00+00:00' AIRFLOW_CTX_TRY_NUMBER='1' AIRFLOW_CTX_DAG_RUN_ID='scheduled__2024-07-08T16:15:00+00:00'
[2024-07-08T17:36:06.416+0000] {taskinstance.py:430} INFO - ::endgroup::
[2024-07-08T17:36:06.435+0000] {extend_run_dags_monitor.py:32} INFO - max_running_time: 0
[2024-07-08T17:36:06.447+0000] {extend_run_dags_monitor.py:40} INFO - task_id: fail_task, dag_id: Email_test_dag, start_date: 2024-07-08 16:19:22.279306+00:00, job_id: 2079, pid: 9520, hostname: ec4fc0d2456a, unixname: default
[2024-07-08T17:36:06.448+0000] {extend_run_dags_monitor.py:40} INFO - task_id: fail_task, dag_id: Email_test_dag, start_date: 2024-07-08 16:19:46.354834+00:00, job_id: 2085, pid: 9552, hostname: ec4fc0d2456a, unixname: default
[2024-07-08T17:36:06.450+0000] {extend_run_dags_monitor.py:45} INFO - Sending this tasks to shutdown: ['fail_task', 'fail_task']
[2024-07-08T17:36:06.469+0000] {python.py:237} INFO - Done. Returned value was: None
[2024-07-08T17:36:06.469+0000] {taskinstance.py:441} INFO - ::group::Post task execution logs
[2024-07-08T17:36:06.485+0000] {taskinstance.py:1206} INFO - Marking task as SUCCESS. dag_id=Extend_Run_Dags_Monitor, task_id=stop_long_running_tasks, run_id=scheduled__2024-07-08T16:15:00+00:00, execution_date=20240708T161500, start_date=20240708T173606, end_date=20240708T173606
[2024-07-08T17:36:06.533+0000] {local_task_job_runner.py:240} INFO - Task exited with return code 0
[2024-07-08T17:36:06.547+0000] {taskinstance.py:3503} INFO - 0 downstream tasks scheduled from follow-on schedule check
[2024-07-08T17:36:06.548+0000] {local_task_job_runner.py:222} INFO - ::endgroup::
