[2024-07-02T06:29:33.255+0000] {local_task_job_runner.py:120} INFO - ::group::Pre task execution logs
[2024-07-02T06:29:33.269+0000] {taskinstance.py:2076} INFO - Dependencies all met for dep_context=non-requeueable deps ti=<TaskInstance: Fail_Dags_Monitor_Airflow.failed_dag scheduled__2024-07-02T05:15:00+00:00 [queued]>
[2024-07-02T06:29:33.273+0000] {taskinstance.py:2076} INFO - Dependencies all met for dep_context=requeueable deps ti=<TaskInstance: Fail_Dags_Monitor_Airflow.failed_dag scheduled__2024-07-02T05:15:00+00:00 [queued]>
[2024-07-02T06:29:33.274+0000] {taskinstance.py:2306} INFO - Starting attempt 1 of 3
[2024-07-02T06:29:33.280+0000] {taskinstance.py:2330} INFO - Executing <Task(PythonOperator): failed_dag> on 2024-07-02 05:15:00+00:00
[2024-07-02T06:29:33.285+0000] {warnings.py:112} WARNING - /home/***/.local/lib/python3.12/site-packages/***/task/task_runner/standard_task_runner.py:61: DeprecationWarning: This process (pid=99) is multi-threaded, use of fork() may lead to deadlocks in the child.
  pid = os.fork()

[2024-07-02T06:29:33.286+0000] {standard_task_runner.py:63} INFO - Started process 101 to run task
[2024-07-02T06:29:33.286+0000] {standard_task_runner.py:90} INFO - Running: ['***', 'tasks', 'run', 'Fail_Dags_Monitor_Airflow', 'failed_dag', 'scheduled__2024-07-02T05:15:00+00:00', '--job-id', '3', '--raw', '--subdir', 'DAGS_FOLDER/fail_dags_monitor.py', '--cfg-path', '/tmp/tmp3h82n5do']
[2024-07-02T06:29:33.287+0000] {standard_task_runner.py:91} INFO - Job 3: Subtask failed_dag
[2024-07-02T06:29:33.318+0000] {task_command.py:426} INFO - Running <TaskInstance: Fail_Dags_Monitor_Airflow.failed_dag scheduled__2024-07-02T05:15:00+00:00 [running]> on host 2da02a4e0054
[2024-07-02T06:29:33.368+0000] {taskinstance.py:2648} INFO - Exporting env vars: AIRFLOW_CTX_DAG_OWNER='congminh.nguyen@ponpoint.vn' AIRFLOW_CTX_DAG_ID='Fail_Dags_Monitor_Airflow' AIRFLOW_CTX_TASK_ID='failed_dag' AIRFLOW_CTX_EXECUTION_DATE='2024-07-02T05:15:00+00:00' AIRFLOW_CTX_TRY_NUMBER='1' AIRFLOW_CTX_DAG_RUN_ID='scheduled__2024-07-02T05:15:00+00:00'
[2024-07-02T06:29:33.369+0000] {taskinstance.py:430} INFO - ::endgroup::
[2024-07-02T06:29:33.369+0000] {dagbag.py:545} INFO - Filling up the DagBag from /opt/***/dags
[2024-07-02T06:29:33.383+0000] {python.py:237} INFO - Done. Returned value was: []
[2024-07-02T06:29:33.384+0000] {taskinstance.py:441} INFO - ::group::Post task execution logs
[2024-07-02T06:29:33.396+0000] {taskinstance.py:1206} INFO - Marking task as SUCCESS. dag_id=Fail_Dags_Monitor_Airflow, task_id=failed_dag, run_id=scheduled__2024-07-02T05:15:00+00:00, execution_date=20240702T051500, start_date=20240702T062933, end_date=20240702T062933
[2024-07-02T06:29:33.426+0000] {local_task_job_runner.py:240} INFO - Task exited with return code 0
[2024-07-02T06:29:33.436+0000] {taskinstance.py:3503} INFO - 0 downstream tasks scheduled from follow-on schedule check
[2024-07-02T06:29:33.437+0000] {local_task_job_runner.py:222} INFO - ::endgroup::
