[2024-07-08T19:16:23.466+0000] {local_task_job_runner.py:120} INFO - ::group::Pre task execution logs
[2024-07-08T19:16:23.512+0000] {taskinstance.py:2076} INFO - Dependencies all met for dep_context=non-requeueable deps ti=<TaskInstance: Extend_Run_Dags_Monitor.stop_long_running_tasks scheduled__2024-07-08T18:15:00+00:00 [queued]>
[2024-07-08T19:16:23.521+0000] {taskinstance.py:2076} INFO - Dependencies all met for dep_context=requeueable deps ti=<TaskInstance: Extend_Run_Dags_Monitor.stop_long_running_tasks scheduled__2024-07-08T18:15:00+00:00 [queued]>
[2024-07-08T19:16:23.522+0000] {taskinstance.py:2306} INFO - Starting attempt 1 of 3
[2024-07-08T19:16:23.534+0000] {taskinstance.py:2330} INFO - Executing <Task(PythonOperator): stop_long_running_tasks> on 2024-07-08 18:15:00+00:00
[2024-07-08T19:16:23.541+0000] {logging_mixin.py:188} WARNING - /home/***/.local/lib/python3.12/site-packages/***/task/task_runner/standard_task_runner.py:61 DeprecationWarning: This process (pid=9616) is multi-threaded, use of fork() may lead to deadlocks in the child.
[2024-07-08T19:16:23.542+0000] {standard_task_runner.py:63} INFO - Started process 9624 to run task
[2024-07-08T19:16:23.541+0000] {standard_task_runner.py:90} INFO - Running: ['***', 'tasks', 'run', 'Extend_Run_Dags_Monitor', 'stop_long_running_tasks', 'scheduled__2024-07-08T18:15:00+00:00', '--job-id', '2095', '--raw', '--subdir', 'DAGS_FOLDER/extend_run_dags_monitor.py', '--cfg-path', '/tmp/tmp5byjep3l']
[2024-07-08T19:16:23.544+0000] {standard_task_runner.py:91} INFO - Job 2095: Subtask stop_long_running_tasks
[2024-07-08T19:16:23.595+0000] {task_command.py:426} INFO - Running <TaskInstance: Extend_Run_Dags_Monitor.stop_long_running_tasks scheduled__2024-07-08T18:15:00+00:00 [running]> on host ec4fc0d2456a
[2024-07-08T19:16:23.676+0000] {taskinstance.py:2648} INFO - Exporting env vars: AIRFLOW_CTX_DAG_OWNER='congminh.nguyen@ponpoint.vn' AIRFLOW_CTX_DAG_ID='Extend_Run_Dags_Monitor' AIRFLOW_CTX_TASK_ID='stop_long_running_tasks' AIRFLOW_CTX_EXECUTION_DATE='2024-07-08T18:15:00+00:00' AIRFLOW_CTX_TRY_NUMBER='1' AIRFLOW_CTX_DAG_RUN_ID='scheduled__2024-07-08T18:15:00+00:00'
[2024-07-08T19:16:23.677+0000] {taskinstance.py:430} INFO - ::endgroup::
[2024-07-08T19:16:23.693+0000] {extend_run_dags_monitor.py:32} INFO - max_running_time: 0
[2024-07-08T19:16:23.705+0000] {extend_run_dags_monitor.py:40} INFO - task_id: fail_task, dag_id: Email_test_dag, start_date: 2024-07-08 17:36:06.188865+00:00, job_id: 2087, pid: 9572, hostname: ec4fc0d2456a, unixname: default
[2024-07-08T19:16:23.706+0000] {extend_run_dags_monitor.py:40} INFO - task_id: fail_task, dag_id: Email_test_dag, start_date: 2024-07-08 17:36:06.209800+00:00, job_id: 2088, pid: 9573, hostname: ec4fc0d2456a, unixname: default
[2024-07-08T19:16:23.706+0000] {extend_run_dags_monitor.py:40} INFO - task_id: fail_task, dag_id: Email_test_dag, start_date: 2024-07-08 17:36:11.090557+00:00, job_id: 2092, pid: 9588, hostname: ec4fc0d2456a, unixname: default
[2024-07-08T19:16:23.706+0000] {extend_run_dags_monitor.py:45} INFO - Sending this tasks to shutdown: ['fail_task', 'fail_task', 'fail_task']
[2024-07-08T19:16:23.715+0000] {python.py:237} INFO - Done. Returned value was: None
[2024-07-08T19:16:23.715+0000] {taskinstance.py:441} INFO - ::group::Post task execution logs
[2024-07-08T19:16:23.722+0000] {taskinstance.py:1206} INFO - Marking task as SUCCESS. dag_id=Extend_Run_Dags_Monitor, task_id=stop_long_running_tasks, run_id=scheduled__2024-07-08T18:15:00+00:00, execution_date=20240708T181500, start_date=20240708T191623, end_date=20240708T191623
[2024-07-08T19:16:23.772+0000] {local_task_job_runner.py:240} INFO - Task exited with return code 0
[2024-07-08T19:16:23.808+0000] {taskinstance.py:3503} INFO - 0 downstream tasks scheduled from follow-on schedule check
[2024-07-08T19:16:23.809+0000] {local_task_job_runner.py:222} INFO - ::endgroup::
