[2024-07-10T09:19:38.103+0000] {local_task_job_runner.py:120} INFO - ::group::Pre task execution logs
[2024-07-10T09:19:38.116+0000] {taskinstance.py:2076} INFO - Dependencies all met for dep_context=non-requeueable deps ti=<TaskInstance: Fail_Dags_Monitor.load scheduled__2024-07-10T08:15:00+00:00 [queued]>
[2024-07-10T09:19:38.119+0000] {taskinstance.py:2076} INFO - Dependencies all met for dep_context=requeueable deps ti=<TaskInstance: Fail_Dags_Monitor.load scheduled__2024-07-10T08:15:00+00:00 [queued]>
[2024-07-10T09:19:38.119+0000] {taskinstance.py:2306} INFO - Starting attempt 1 of 3
[2024-07-10T09:19:38.125+0000] {taskinstance.py:2330} INFO - Executing <Task(PythonOperator): load> on 2024-07-10 08:15:00+00:00
[2024-07-10T09:19:38.128+0000] {standard_task_runner.py:90} INFO - Running: ['***', 'tasks', 'run', 'Fail_Dags_Monitor', 'load', 'scheduled__2024-07-10T08:15:00+00:00', '--job-id', '7', '--raw', '--subdir', 'DAGS_FOLDER/fail_dags_monitor.py', '--cfg-path', '/tmp/tmpoxc_j4so']
[2024-07-10T09:19:38.129+0000] {logging_mixin.py:188} WARNING - /home/***/.local/lib/python3.12/site-packages/***/task/task_runner/standard_task_runner.py:61 DeprecationWarning: This process (pid=390) is multi-threaded, use of fork() may lead to deadlocks in the child.
[2024-07-10T09:19:38.129+0000] {standard_task_runner.py:91} INFO - Job 7: Subtask load
[2024-07-10T09:19:38.129+0000] {standard_task_runner.py:63} INFO - Started process 392 to run task
[2024-07-10T09:19:38.147+0000] {task_command.py:426} INFO - Running <TaskInstance: Fail_Dags_Monitor.load scheduled__2024-07-10T08:15:00+00:00 [running]> on host 7a07930ea90d
[2024-07-10T09:19:38.179+0000] {taskinstance.py:2648} INFO - Exporting env vars: AIRFLOW_CTX_DAG_OWNER='congminh.nguyen@onpoint.vn' AIRFLOW_CTX_DAG_ID='Fail_Dags_Monitor' AIRFLOW_CTX_TASK_ID='load' AIRFLOW_CTX_EXECUTION_DATE='2024-07-10T08:15:00+00:00' AIRFLOW_CTX_TRY_NUMBER='1' AIRFLOW_CTX_DAG_RUN_ID='scheduled__2024-07-10T08:15:00+00:00'
[2024-07-10T09:19:38.179+0000] {taskinstance.py:430} INFO - ::endgroup::
[2024-07-10T09:19:38.185+0000] {dagbag.py:545} INFO - Filling up the DagBag from /opt/***/dags
[2024-07-10T09:19:38.629+0000] {logging_mixin.py:188} INFO - Successfully connect to database!
[2024-07-10T09:19:38.842+0000] {logging_mixin.py:188} INFO - Insert time: 0.2113056182861328 seconds
[2024-07-10T09:19:38.845+0000] {python.py:237} INFO - Done. Returned value was: None
[2024-07-10T09:19:38.847+0000] {taskinstance.py:441} INFO - ::group::Post task execution logs
[2024-07-10T09:19:38.858+0000] {taskinstance.py:1206} INFO - Marking task as SUCCESS. dag_id=Fail_Dags_Monitor, task_id=load, run_id=scheduled__2024-07-10T08:15:00+00:00, execution_date=20240710T081500, start_date=20240710T091938, end_date=20240710T091938
[2024-07-10T09:19:38.892+0000] {local_task_job_runner.py:240} INFO - Task exited with return code 0
[2024-07-10T09:19:38.906+0000] {taskinstance.py:3503} INFO - 0 downstream tasks scheduled from follow-on schedule check
[2024-07-10T09:19:38.907+0000] {local_task_job_runner.py:222} INFO - ::endgroup::
[2024-07-10T09:40:50.537+0000] {local_task_job_runner.py:120} INFO - ::group::Pre task execution logs
[2024-07-10T09:40:50.551+0000] {taskinstance.py:2076} INFO - Dependencies all met for dep_context=non-requeueable deps ti=<TaskInstance: Fail_Dags_Monitor.load scheduled__2024-07-10T08:15:00+00:00 [queued]>
[2024-07-10T09:40:50.554+0000] {taskinstance.py:2076} INFO - Dependencies all met for dep_context=requeueable deps ti=<TaskInstance: Fail_Dags_Monitor.load scheduled__2024-07-10T08:15:00+00:00 [queued]>
[2024-07-10T09:40:50.554+0000] {taskinstance.py:2306} INFO - Starting attempt 1 of 3
[2024-07-10T09:40:50.561+0000] {taskinstance.py:2330} INFO - Executing <Task(PythonOperator): load> on 2024-07-10 08:15:00+00:00
[2024-07-10T09:40:50.564+0000] {standard_task_runner.py:90} INFO - Running: ['***', 'tasks', 'run', 'Fail_Dags_Monitor', 'load', 'scheduled__2024-07-10T08:15:00+00:00', '--job-id', '7', '--raw', '--subdir', 'DAGS_FOLDER/fail_dags_monitor.py', '--cfg-path', '/tmp/tmpzu43otyz']
[2024-07-10T09:40:50.566+0000] {standard_task_runner.py:91} INFO - Job 7: Subtask load
[2024-07-10T09:40:50.566+0000] {logging_mixin.py:188} WARNING - /home/***/.local/lib/python3.12/site-packages/***/task/task_runner/standard_task_runner.py:61 DeprecationWarning: This process (pid=208) is multi-threaded, use of fork() may lead to deadlocks in the child.
[2024-07-10T09:40:50.566+0000] {standard_task_runner.py:63} INFO - Started process 210 to run task
[2024-07-10T09:40:50.585+0000] {task_command.py:426} INFO - Running <TaskInstance: Fail_Dags_Monitor.load scheduled__2024-07-10T08:15:00+00:00 [running]> on host 01d6e865dc01
[2024-07-10T09:40:50.618+0000] {taskinstance.py:2648} INFO - Exporting env vars: AIRFLOW_CTX_DAG_OWNER='congminh.nguyen@onpoint.vn' AIRFLOW_CTX_DAG_ID='Fail_Dags_Monitor' AIRFLOW_CTX_TASK_ID='load' AIRFLOW_CTX_EXECUTION_DATE='2024-07-10T08:15:00+00:00' AIRFLOW_CTX_TRY_NUMBER='1' AIRFLOW_CTX_DAG_RUN_ID='scheduled__2024-07-10T08:15:00+00:00'
[2024-07-10T09:40:50.619+0000] {taskinstance.py:430} INFO - ::endgroup::
[2024-07-10T09:40:50.625+0000] {dagbag.py:545} INFO - Filling up the DagBag from /opt/***/dags
[2024-07-10T09:40:51.067+0000] {logging_mixin.py:188} INFO - Successfully connect to database!
[2024-07-10T09:40:51.254+0000] {logging_mixin.py:188} INFO - Insert time: 0.18677306175231934 seconds
[2024-07-10T09:40:51.255+0000] {python.py:237} INFO - Done. Returned value was: None
[2024-07-10T09:40:51.256+0000] {taskinstance.py:441} INFO - ::group::Post task execution logs
[2024-07-10T09:40:51.266+0000] {taskinstance.py:1206} INFO - Marking task as SUCCESS. dag_id=Fail_Dags_Monitor, task_id=load, run_id=scheduled__2024-07-10T08:15:00+00:00, execution_date=20240710T081500, start_date=20240710T094050, end_date=20240710T094051
[2024-07-10T09:40:51.293+0000] {local_task_job_runner.py:240} INFO - Task exited with return code 0
[2024-07-10T09:40:51.307+0000] {taskinstance.py:3503} INFO - 0 downstream tasks scheduled from follow-on schedule check
[2024-07-10T09:40:51.308+0000] {local_task_job_runner.py:222} INFO - ::endgroup::
[2024-07-10T10:04:36.589+0000] {local_task_job_runner.py:120} INFO - ::group::Pre task execution logs
[2024-07-10T10:04:36.601+0000] {taskinstance.py:2076} INFO - Dependencies all met for dep_context=non-requeueable deps ti=<TaskInstance: Fail_Dags_Monitor.load scheduled__2024-07-10T08:15:00+00:00 [queued]>
[2024-07-10T10:04:36.605+0000] {taskinstance.py:2076} INFO - Dependencies all met for dep_context=requeueable deps ti=<TaskInstance: Fail_Dags_Monitor.load scheduled__2024-07-10T08:15:00+00:00 [queued]>
[2024-07-10T10:04:36.605+0000] {taskinstance.py:2306} INFO - Starting attempt 1 of 3
[2024-07-10T10:04:36.611+0000] {taskinstance.py:2330} INFO - Executing <Task(PythonOperator): load> on 2024-07-10 08:15:00+00:00
[2024-07-10T10:04:36.614+0000] {logging_mixin.py:188} WARNING - /home/***/.local/lib/python3.12/site-packages/***/task/task_runner/standard_task_runner.py:61 DeprecationWarning: This process (pid=259) is multi-threaded, use of fork() may lead to deadlocks in the child.
[2024-07-10T10:04:36.615+0000] {standard_task_runner.py:63} INFO - Started process 261 to run task
[2024-07-10T10:04:36.614+0000] {standard_task_runner.py:90} INFO - Running: ['***', 'tasks', 'run', 'Fail_Dags_Monitor', 'load', 'scheduled__2024-07-10T08:15:00+00:00', '--job-id', '7', '--raw', '--subdir', 'DAGS_FOLDER/fail_dags_monitor.py', '--cfg-path', '/tmp/tmpgitjcdaq']
[2024-07-10T10:04:36.615+0000] {standard_task_runner.py:91} INFO - Job 7: Subtask load
[2024-07-10T10:04:36.635+0000] {task_command.py:426} INFO - Running <TaskInstance: Fail_Dags_Monitor.load scheduled__2024-07-10T08:15:00+00:00 [running]> on host 886d6fa7a515
[2024-07-10T10:04:36.669+0000] {taskinstance.py:2648} INFO - Exporting env vars: AIRFLOW_CTX_DAG_OWNER='congminh.nguyen@onpoint.vn' AIRFLOW_CTX_DAG_ID='Fail_Dags_Monitor' AIRFLOW_CTX_TASK_ID='load' AIRFLOW_CTX_EXECUTION_DATE='2024-07-10T08:15:00+00:00' AIRFLOW_CTX_TRY_NUMBER='1' AIRFLOW_CTX_DAG_RUN_ID='scheduled__2024-07-10T08:15:00+00:00'
[2024-07-10T10:04:36.670+0000] {taskinstance.py:430} INFO - ::endgroup::
[2024-07-10T10:04:36.676+0000] {dagbag.py:545} INFO - Filling up the DagBag from /opt/***/dags
[2024-07-10T10:04:37.134+0000] {logging_mixin.py:188} INFO - Successfully connect to database!
[2024-07-10T10:04:37.329+0000] {logging_mixin.py:188} INFO - Insert time: 0.19325900077819824 seconds
[2024-07-10T10:04:37.330+0000] {python.py:237} INFO - Done. Returned value was: None
[2024-07-10T10:04:37.332+0000] {taskinstance.py:441} INFO - ::group::Post task execution logs
[2024-07-10T10:04:37.345+0000] {taskinstance.py:1206} INFO - Marking task as SUCCESS. dag_id=Fail_Dags_Monitor, task_id=load, run_id=scheduled__2024-07-10T08:15:00+00:00, execution_date=20240710T081500, start_date=20240710T100436, end_date=20240710T100437
[2024-07-10T10:04:37.396+0000] {local_task_job_runner.py:240} INFO - Task exited with return code 0
[2024-07-10T10:04:37.411+0000] {taskinstance.py:3503} INFO - 0 downstream tasks scheduled from follow-on schedule check
[2024-07-10T10:04:37.412+0000] {local_task_job_runner.py:222} INFO - ::endgroup::
