[2024-07-05T09:16:10.920+0000] {local_task_job_runner.py:120} INFO - ::group::Pre task execution logs
[2024-07-05T09:16:10.942+0000] {taskinstance.py:2076} INFO - Dependencies all met for dep_context=non-requeueable deps ti=<TaskInstance: Fail_Dags_Monitor.load manual__2024-07-05T09:16:07.365598+00:00 [queued]>
[2024-07-05T09:16:10.947+0000] {taskinstance.py:2076} INFO - Dependencies all met for dep_context=requeueable deps ti=<TaskInstance: Fail_Dags_Monitor.load manual__2024-07-05T09:16:07.365598+00:00 [queued]>
[2024-07-05T09:16:10.947+0000] {taskinstance.py:2306} INFO - Starting attempt 1 of 3
[2024-07-05T09:16:10.954+0000] {taskinstance.py:2330} INFO - Executing <Task(PythonOperator): load> on 2024-07-05 09:16:07.365598+00:00
[2024-07-05T09:16:10.962+0000] {logging_mixin.py:188} WARNING - /home/***/.local/lib/python3.12/site-packages/***/task/task_runner/standard_task_runner.py:61 DeprecationWarning: This process (pid=50030) is multi-threaded, use of fork() may lead to deadlocks in the child.
[2024-07-05T09:16:10.961+0000] {standard_task_runner.py:90} INFO - Running: ['***', 'tasks', 'run', 'Fail_Dags_Monitor', 'load', 'manual__2024-07-05T09:16:07.365598+00:00', '--job-id', '574', '--raw', '--subdir', 'DAGS_FOLDER/fail_dags_monitor.py', '--cfg-path', '/tmp/tmpjc9oh2dz']
[2024-07-05T09:16:10.964+0000] {standard_task_runner.py:63} INFO - Started process 50032 to run task
[2024-07-05T09:16:10.964+0000] {standard_task_runner.py:91} INFO - Job 574: Subtask load
[2024-07-05T09:16:11.004+0000] {task_command.py:426} INFO - Running <TaskInstance: Fail_Dags_Monitor.load manual__2024-07-05T09:16:07.365598+00:00 [running]> on host 0b64c9d791b9
[2024-07-05T09:16:11.059+0000] {taskinstance.py:2648} INFO - Exporting env vars: AIRFLOW_CTX_DAG_OWNER='congminh.nguyen@onpoint.vn' AIRFLOW_CTX_DAG_ID='Fail_Dags_Monitor' AIRFLOW_CTX_TASK_ID='load' AIRFLOW_CTX_EXECUTION_DATE='2024-07-05T09:16:07.365598+00:00' AIRFLOW_CTX_TRY_NUMBER='1' AIRFLOW_CTX_DAG_RUN_ID='manual__2024-07-05T09:16:07.365598+00:00'
[2024-07-05T09:16:11.060+0000] {taskinstance.py:430} INFO - ::endgroup::
[2024-07-05T09:16:11.204+0000] {dagbag.py:545} INFO - Filling up the DagBag from /opt/***/dags
[2024-07-05T09:16:12.033+0000] {logging_mixin.py:188} INFO - Successfully connect to database!
[2024-07-05T09:16:12.421+0000] {logging_mixin.py:188} INFO - Insert time: 0.3852119445800781 seconds
[2024-07-05T09:16:12.426+0000] {python.py:237} INFO - Done. Returned value was: None
[2024-07-05T09:16:12.428+0000] {taskinstance.py:441} INFO - ::group::Post task execution logs
[2024-07-05T09:16:12.441+0000] {taskinstance.py:1206} INFO - Marking task as SUCCESS. dag_id=Fail_Dags_Monitor, task_id=load, run_id=manual__2024-07-05T09:16:07.365598+00:00, execution_date=20240705T091607, start_date=20240705T091610, end_date=20240705T091612
[2024-07-05T09:16:12.493+0000] {local_task_job_runner.py:240} INFO - Task exited with return code 0
[2024-07-05T09:16:12.526+0000] {taskinstance.py:3503} INFO - 0 downstream tasks scheduled from follow-on schedule check
[2024-07-05T09:16:12.527+0000] {local_task_job_runner.py:222} INFO - ::endgroup::
