[2024-07-05T10:15:00.630+0000] {local_task_job_runner.py:120} INFO - ::group::Pre task execution logs
[2024-07-05T10:15:00.673+0000] {taskinstance.py:2076} INFO - Dependencies all met for dep_context=non-requeueable deps ti=<TaskInstance: Extend_Run_Dags_Monitor.stop_long_running_tasks scheduled__2024-07-05T09:15:00+00:00 [queued]>
[2024-07-05T10:15:00.694+0000] {taskinstance.py:2076} INFO - Dependencies all met for dep_context=requeueable deps ti=<TaskInstance: Extend_Run_Dags_Monitor.stop_long_running_tasks scheduled__2024-07-05T09:15:00+00:00 [queued]>
[2024-07-05T10:15:00.695+0000] {taskinstance.py:2306} INFO - Starting attempt 1 of 3
[2024-07-05T10:15:00.708+0000] {taskinstance.py:2330} INFO - Executing <Task(PythonOperator): stop_long_running_tasks> on 2024-07-05 09:15:00+00:00
[2024-07-05T10:15:00.716+0000] {standard_task_runner.py:90} INFO - Running: ['***', 'tasks', 'run', 'Extend_Run_Dags_Monitor', 'stop_long_running_tasks', 'scheduled__2024-07-05T09:15:00+00:00', '--job-id', '652', '--raw', '--subdir', 'DAGS_FOLDER/extend_run_dags_monitor.py', '--cfg-path', '/tmp/tmpcc9gydlw']
[2024-07-05T10:15:00.722+0000] {standard_task_runner.py:91} INFO - Job 652: Subtask stop_long_running_tasks
[2024-07-05T10:15:00.725+0000] {logging_mixin.py:188} WARNING - /home/***/.local/lib/python3.12/site-packages/***/task/task_runner/standard_task_runner.py:61 DeprecationWarning: This process (pid=52805) is multi-threaded, use of fork() may lead to deadlocks in the child.
[2024-07-05T10:15:00.726+0000] {standard_task_runner.py:63} INFO - Started process 52807 to run task
[2024-07-05T10:15:00.764+0000] {task_command.py:426} INFO - Running <TaskInstance: Extend_Run_Dags_Monitor.stop_long_running_tasks scheduled__2024-07-05T09:15:00+00:00 [running]> on host 0b64c9d791b9
[2024-07-05T10:15:00.824+0000] {taskinstance.py:2648} INFO - Exporting env vars: AIRFLOW_CTX_DAG_OWNER='congminh.nguyen@ponpoint.vn' AIRFLOW_CTX_DAG_ID='Extend_Run_Dags_Monitor' AIRFLOW_CTX_TASK_ID='stop_long_running_tasks' AIRFLOW_CTX_EXECUTION_DATE='2024-07-05T09:15:00+00:00' AIRFLOW_CTX_TRY_NUMBER='1' AIRFLOW_CTX_DAG_RUN_ID='scheduled__2024-07-05T09:15:00+00:00'
[2024-07-05T10:15:00.825+0000] {taskinstance.py:430} INFO - ::endgroup::
[2024-07-05T10:15:00.844+0000] {extend_run_dags_monitor.py:32} INFO - max_running_time: 0
[2024-07-05T10:15:00.852+0000] {extend_run_dags_monitor.py:48} INFO - Nothing to clean
[2024-07-05T10:15:00.853+0000] {python.py:237} INFO - Done. Returned value was: None
[2024-07-05T10:15:00.853+0000] {taskinstance.py:441} INFO - ::group::Post task execution logs
[2024-07-05T10:15:00.861+0000] {taskinstance.py:1206} INFO - Marking task as SUCCESS. dag_id=Extend_Run_Dags_Monitor, task_id=stop_long_running_tasks, run_id=scheduled__2024-07-05T09:15:00+00:00, execution_date=20240705T091500, start_date=20240705T101500, end_date=20240705T101500
[2024-07-05T10:15:00.914+0000] {local_task_job_runner.py:240} INFO - Task exited with return code 0
[2024-07-05T10:15:00.927+0000] {taskinstance.py:3503} INFO - 0 downstream tasks scheduled from follow-on schedule check
[2024-07-05T10:15:00.928+0000] {local_task_job_runner.py:222} INFO - ::endgroup::
