[2024-07-02T06:36:52.444+0000] {local_task_job_runner.py:120} INFO - ::group::Pre task execution logs
[2024-07-02T06:36:52.457+0000] {taskinstance.py:2076} INFO - Dependencies all met for dep_context=non-requeueable deps ti=<TaskInstance: Extend_Run_Dags_Monitor.stop_long_running_tasks scheduled__2024-07-02T05:15:00+00:00 [queued]>
[2024-07-02T06:36:52.461+0000] {taskinstance.py:2076} INFO - Dependencies all met for dep_context=requeueable deps ti=<TaskInstance: Extend_Run_Dags_Monitor.stop_long_running_tasks scheduled__2024-07-02T05:15:00+00:00 [queued]>
[2024-07-02T06:36:52.462+0000] {taskinstance.py:2306} INFO - Starting attempt 1 of 3
[2024-07-02T06:36:52.469+0000] {taskinstance.py:2330} INFO - Executing <Task(PythonOperator): stop_long_running_tasks> on 2024-07-02 05:15:00+00:00
[2024-07-02T06:36:52.474+0000] {warnings.py:112} WARNING - /home/***/.local/lib/python3.12/site-packages/***/task/task_runner/standard_task_runner.py:61: DeprecationWarning: This process (pid=206) is multi-threaded, use of fork() may lead to deadlocks in the child.
  pid = os.fork()

[2024-07-02T06:36:52.475+0000] {standard_task_runner.py:63} INFO - Started process 208 to run task
[2024-07-02T06:36:52.475+0000] {standard_task_runner.py:90} INFO - Running: ['***', 'tasks', 'run', 'Extend_Run_Dags_Monitor', 'stop_long_running_tasks', 'scheduled__2024-07-02T05:15:00+00:00', '--job-id', '6', '--raw', '--subdir', 'DAGS_FOLDER/monitor_dag.py', '--cfg-path', '/tmp/tmppjjef8r8']
[2024-07-02T06:36:52.477+0000] {standard_task_runner.py:91} INFO - Job 6: Subtask stop_long_running_tasks
[2024-07-02T06:36:52.509+0000] {task_command.py:426} INFO - Running <TaskInstance: Extend_Run_Dags_Monitor.stop_long_running_tasks scheduled__2024-07-02T05:15:00+00:00 [running]> on host 2da02a4e0054
[2024-07-02T06:36:52.557+0000] {taskinstance.py:2648} INFO - Exporting env vars: AIRFLOW_CTX_DAG_OWNER='congminh.nguyen@ponpoint.vn' AIRFLOW_CTX_DAG_ID='Extend_Run_Dags_Monitor' AIRFLOW_CTX_TASK_ID='stop_long_running_tasks' AIRFLOW_CTX_EXECUTION_DATE='2024-07-02T05:15:00+00:00' AIRFLOW_CTX_TRY_NUMBER='1' AIRFLOW_CTX_DAG_RUN_ID='scheduled__2024-07-02T05:15:00+00:00'
[2024-07-02T06:36:52.558+0000] {taskinstance.py:430} INFO - ::endgroup::
[2024-07-02T06:36:52.563+0000] {monitor_dag.py:32} INFO - max_running_hours: 24
[2024-07-02T06:36:52.569+0000] {monitor_dag.py:48} INFO - Nothing to clean
[2024-07-02T06:36:52.570+0000] {python.py:237} INFO - Done. Returned value was: None
[2024-07-02T06:36:52.571+0000] {taskinstance.py:441} INFO - ::group::Post task execution logs
[2024-07-02T06:36:52.576+0000] {taskinstance.py:1206} INFO - Marking task as SUCCESS. dag_id=Extend_Run_Dags_Monitor, task_id=stop_long_running_tasks, run_id=scheduled__2024-07-02T05:15:00+00:00, execution_date=20240702T051500, start_date=20240702T063652, end_date=20240702T063652
[2024-07-02T06:36:52.618+0000] {local_task_job_runner.py:240} INFO - Task exited with return code 0
[2024-07-02T06:36:52.628+0000] {taskinstance.py:3503} INFO - 0 downstream tasks scheduled from follow-on schedule check
[2024-07-02T06:36:52.628+0000] {local_task_job_runner.py:222} INFO - ::endgroup::
[2024-07-02T06:56:55.375+0000] {local_task_job_runner.py:120} INFO - ::group::Pre task execution logs
[2024-07-02T06:56:55.396+0000] {taskinstance.py:2076} INFO - Dependencies all met for dep_context=non-requeueable deps ti=<TaskInstance: Extend_Run_Dags_Monitor.stop_long_running_tasks scheduled__2024-07-02T05:15:00+00:00 [queued]>
[2024-07-02T06:56:55.400+0000] {taskinstance.py:2076} INFO - Dependencies all met for dep_context=requeueable deps ti=<TaskInstance: Extend_Run_Dags_Monitor.stop_long_running_tasks scheduled__2024-07-02T05:15:00+00:00 [queued]>
[2024-07-02T06:56:55.400+0000] {taskinstance.py:2306} INFO - Starting attempt 1 of 3
[2024-07-02T06:56:55.406+0000] {taskinstance.py:2330} INFO - Executing <Task(PythonOperator): stop_long_running_tasks> on 2024-07-02 05:15:00+00:00
[2024-07-02T06:56:55.411+0000] {standard_task_runner.py:90} INFO - Running: ['***', 'tasks', 'run', 'Extend_Run_Dags_Monitor', 'stop_long_running_tasks', 'scheduled__2024-07-02T05:15:00+00:00', '--job-id', '4', '--raw', '--subdir', 'DAGS_FOLDER/extend_run_dags_monitor.py', '--cfg-path', '/tmp/tmpo7cz5suv']
[2024-07-02T06:56:55.413+0000] {logging_mixin.py:188} WARNING - /home/***/.local/lib/python3.12/site-packages/***/task/task_runner/standard_task_runner.py:61 DeprecationWarning: This process (pid=288) is multi-threaded, use of fork() may lead to deadlocks in the child.
[2024-07-02T06:56:55.413+0000] {standard_task_runner.py:91} INFO - Job 4: Subtask stop_long_running_tasks
[2024-07-02T06:56:55.413+0000] {standard_task_runner.py:63} INFO - Started process 290 to run task
[2024-07-02T06:56:55.443+0000] {task_command.py:426} INFO - Running <TaskInstance: Extend_Run_Dags_Monitor.stop_long_running_tasks scheduled__2024-07-02T05:15:00+00:00 [running]> on host d6a3c87dc8e7
[2024-07-02T06:56:55.497+0000] {taskinstance.py:2648} INFO - Exporting env vars: AIRFLOW_CTX_DAG_OWNER='congminh.nguyen@ponpoint.vn' AIRFLOW_CTX_DAG_ID='Extend_Run_Dags_Monitor' AIRFLOW_CTX_TASK_ID='stop_long_running_tasks' AIRFLOW_CTX_EXECUTION_DATE='2024-07-02T05:15:00+00:00' AIRFLOW_CTX_TRY_NUMBER='1' AIRFLOW_CTX_DAG_RUN_ID='scheduled__2024-07-02T05:15:00+00:00'
[2024-07-02T06:56:55.498+0000] {taskinstance.py:430} INFO - ::endgroup::
[2024-07-02T06:56:55.520+0000] {extend_run_dags_monitor.py:32} INFO - max_running_time: 0
[2024-07-02T06:56:55.526+0000] {extend_run_dags_monitor.py:48} INFO - Nothing to clean
[2024-07-02T06:56:55.526+0000] {python.py:237} INFO - Done. Returned value was: None
[2024-07-02T06:56:55.527+0000] {taskinstance.py:441} INFO - ::group::Post task execution logs
[2024-07-02T06:56:55.532+0000] {taskinstance.py:1206} INFO - Marking task as SUCCESS. dag_id=Extend_Run_Dags_Monitor, task_id=stop_long_running_tasks, run_id=scheduled__2024-07-02T05:15:00+00:00, execution_date=20240702T051500, start_date=20240702T065655, end_date=20240702T065655
[2024-07-02T06:56:55.554+0000] {local_task_job_runner.py:240} INFO - Task exited with return code 0
[2024-07-02T06:56:55.565+0000] {taskinstance.py:3503} INFO - 0 downstream tasks scheduled from follow-on schedule check
[2024-07-02T06:56:55.566+0000] {local_task_job_runner.py:222} INFO - ::endgroup::
