[2024-07-10T02:26:06.032+0000] {local_task_job_runner.py:120} INFO - ::group::Pre task execution logs
[2024-07-10T02:26:06.054+0000] {taskinstance.py:2076} INFO - Dependencies all met for dep_context=non-requeueable deps ti=<TaskInstance: Fail_Dags_Monitor.load scheduled__2024-07-09T16:15:00+00:00 [queued]>
[2024-07-10T02:26:06.062+0000] {taskinstance.py:2076} INFO - Dependencies all met for dep_context=requeueable deps ti=<TaskInstance: Fail_Dags_Monitor.load scheduled__2024-07-09T16:15:00+00:00 [queued]>
[2024-07-10T02:26:06.063+0000] {taskinstance.py:2306} INFO - Starting attempt 4 of 6
[2024-07-10T02:26:06.082+0000] {taskinstance.py:2330} INFO - Executing <Task(PythonOperator): load> on 2024-07-09 16:15:00+00:00
[2024-07-10T02:26:06.092+0000] {logging_mixin.py:188} WARNING - /home/***/.local/lib/python3.12/site-packages/***/task/task_runner/standard_task_runner.py:61 DeprecationWarning: This process (pid=35550) is multi-threaded, use of fork() may lead to deadlocks in the child.
[2024-07-10T02:26:06.091+0000] {standard_task_runner.py:90} INFO - Running: ['***', 'tasks', 'run', 'Fail_Dags_Monitor', 'load', 'scheduled__2024-07-09T16:15:00+00:00', '--job-id', '3388', '--raw', '--subdir', 'DAGS_FOLDER/fail_dags_monitor.py', '--cfg-path', '/tmp/tmp63ckcjkj']
[2024-07-10T02:26:06.093+0000] {standard_task_runner.py:63} INFO - Started process 35552 to run task
[2024-07-10T02:26:06.093+0000] {standard_task_runner.py:91} INFO - Job 3388: Subtask load
[2024-07-10T02:26:06.144+0000] {task_command.py:426} INFO - Running <TaskInstance: Fail_Dags_Monitor.load scheduled__2024-07-09T16:15:00+00:00 [running]> on host ec4fc0d2456a
[2024-07-10T02:26:06.200+0000] {taskinstance.py:2648} INFO - Exporting env vars: AIRFLOW_CTX_DAG_OWNER='congminh.nguyen@onpoint.vn' AIRFLOW_CTX_DAG_ID='Fail_Dags_Monitor' AIRFLOW_CTX_TASK_ID='load' AIRFLOW_CTX_EXECUTION_DATE='2024-07-09T16:15:00+00:00' AIRFLOW_CTX_TRY_NUMBER='4' AIRFLOW_CTX_DAG_RUN_ID='scheduled__2024-07-09T16:15:00+00:00'
[2024-07-10T02:26:06.202+0000] {taskinstance.py:430} INFO - ::endgroup::
[2024-07-10T02:26:06.429+0000] {dagbag.py:545} INFO - Filling up the DagBag from /opt/***/dags
[2024-07-10T02:26:07.196+0000] {logging_mixin.py:188} INFO - Successfully connect to database!
[2024-07-10T02:26:08.001+0000] {logging_mixin.py:188} INFO - Insert time: 0.8031589984893799 seconds
[2024-07-10T02:26:08.003+0000] {python.py:237} INFO - Done. Returned value was: None
[2024-07-10T02:26:08.006+0000] {taskinstance.py:441} INFO - ::group::Post task execution logs
[2024-07-10T02:26:08.017+0000] {taskinstance.py:1206} INFO - Marking task as SUCCESS. dag_id=Fail_Dags_Monitor, task_id=load, run_id=scheduled__2024-07-09T16:15:00+00:00, execution_date=20240709T161500, start_date=20240710T022606, end_date=20240710T022608
[2024-07-10T02:26:08.065+0000] {local_task_job_runner.py:240} INFO - Task exited with return code 0
[2024-07-10T02:26:08.073+0000] {local_task_job_runner.py:222} INFO - ::endgroup::
