[2024-07-10T17:44:17.032+0000] {local_task_job_runner.py:120} INFO - ::group::Pre task execution logs
[2024-07-10T17:44:17.045+0000] {taskinstance.py:2076} INFO - Dependencies all met for dep_context=non-requeueable deps ti=<TaskInstance: Fail_Dags_Monitor.load scheduled__2024-07-10T16:15:00+00:00 [queued]>
[2024-07-10T17:44:17.049+0000] {taskinstance.py:2076} INFO - Dependencies all met for dep_context=requeueable deps ti=<TaskInstance: Fail_Dags_Monitor.load scheduled__2024-07-10T16:15:00+00:00 [queued]>
[2024-07-10T17:44:17.049+0000] {taskinstance.py:2306} INFO - Starting attempt 1 of 3
[2024-07-10T17:44:17.375+0000] {taskinstance.py:2330} INFO - Executing <Task(PythonOperator): load> on 2024-07-10 16:15:00+00:00
[2024-07-10T17:44:17.382+0000] {logging_mixin.py:188} WARNING - /home/***/.local/lib/python3.12/site-packages/***/task/task_runner/standard_task_runner.py:61 DeprecationWarning: This process (pid=1868) is multi-threaded, use of fork() may lead to deadlocks in the child.
[2024-07-10T17:44:17.383+0000] {standard_task_runner.py:63} INFO - Started process 1870 to run task
[2024-07-10T17:44:17.382+0000] {standard_task_runner.py:90} INFO - Running: ['***', 'tasks', 'run', 'Fail_Dags_Monitor', 'load', 'scheduled__2024-07-10T16:15:00+00:00', '--job-id', '115', '--raw', '--subdir', 'DAGS_FOLDER/fail_dags_monitor.py', '--cfg-path', '/tmp/tmppv8d1hgp']
[2024-07-10T17:44:17.384+0000] {standard_task_runner.py:91} INFO - Job 115: Subtask load
[2024-07-10T17:44:17.403+0000] {task_command.py:426} INFO - Running <TaskInstance: Fail_Dags_Monitor.load scheduled__2024-07-10T16:15:00+00:00 [running]> on host 469b2f9527f6
[2024-07-10T17:44:17.442+0000] {taskinstance.py:2648} INFO - Exporting env vars: AIRFLOW_CTX_DAG_OWNER='congminh.nguyen@onpoint.vn' AIRFLOW_CTX_DAG_ID='Fail_Dags_Monitor' AIRFLOW_CTX_TASK_ID='load' AIRFLOW_CTX_EXECUTION_DATE='2024-07-10T16:15:00+00:00' AIRFLOW_CTX_TRY_NUMBER='1' AIRFLOW_CTX_DAG_RUN_ID='scheduled__2024-07-10T16:15:00+00:00'
[2024-07-10T17:44:17.442+0000] {taskinstance.py:430} INFO - ::endgroup::
[2024-07-10T17:44:17.539+0000] {dagbag.py:545} INFO - Filling up the DagBag from /opt/***/dags
[2024-07-10T17:44:20.733+0000] {taskinstance.py:441} INFO - ::group::Post task execution logs
[2024-07-10T17:44:20.736+0000] {taskinstance.py:2905} ERROR - Task failed with exception
Traceback (most recent call last):
  File "/home/airflow/.local/lib/python3.12/site-packages/airflow/models/taskinstance.py", line 465, in _execute_task
    result = _execute_callable(context=context, **execute_callable_kwargs)
             ^^^^^^^^^^^^^^^^^^^^^^^^^^^^^^^^^^^^^^^^^^^^^^^^^^^^^^^^^^^^^
  File "/home/airflow/.local/lib/python3.12/site-packages/airflow/models/taskinstance.py", line 432, in _execute_callable
    return execute_callable(context=context, **execute_callable_kwargs)
           ^^^^^^^^^^^^^^^^^^^^^^^^^^^^^^^^^^^^^^^^^^^^^^^^^^^^^^^^^^^^
  File "/home/airflow/.local/lib/python3.12/site-packages/airflow/models/baseoperator.py", line 401, in wrapper
    return func(self, *args, **kwargs)
           ^^^^^^^^^^^^^^^^^^^^^^^^^^^
  File "/home/airflow/.local/lib/python3.12/site-packages/airflow/operators/python.py", line 235, in execute
    return_value = self.execute_callable()
                   ^^^^^^^^^^^^^^^^^^^^^^^
  File "/home/airflow/.local/lib/python3.12/site-packages/airflow/operators/python.py", line 252, in execute_callable
    return self.python_callable(*self.op_args, **self.op_kwargs)
           ^^^^^^^^^^^^^^^^^^^^^^^^^^^^^^^^^^^^^^^^^^^^^^^^^^^^^
  File "/opt/airflow/dags/fail_dags_monitor.py", line 67, in load
    conn = psycopg2.connect(database=DB_NAME,
           ^^^^^^^^^^^^^^^^^^^^^^^^^^^^^^^^^^
  File "/home/airflow/.local/lib/python3.12/site-packages/psycopg2/__init__.py", line 122, in connect
    conn = _connect(dsn, connection_factory=connection_factory, **kwasync)
           ^^^^^^^^^^^^^^^^^^^^^^^^^^^^^^^^^^^^^^^^^^^^^^^^^^^^^^^^^^^^^^^
psycopg2.OperationalError: could not translate host name "athena-uat.cybjleasxg2d.ap-southeast-1.rds.amazonaws.com" to address: Name or service not known

[2024-07-10T17:44:20.750+0000] {taskinstance.py:1206} INFO - Marking task as UP_FOR_RETRY. dag_id=Fail_Dags_Monitor, task_id=load, run_id=scheduled__2024-07-10T16:15:00+00:00, execution_date=20240710T161500, start_date=20240710T174417, end_date=20240710T174420
[2024-07-10T17:44:20.762+0000] {standard_task_runner.py:110} ERROR - Failed to execute job 115 for task load (could not translate host name "athena-uat.cybjleasxg2d.ap-southeast-1.rds.amazonaws.com" to address: Name or service not known
; 1870)
[2024-07-10T17:44:20.776+0000] {local_task_job_runner.py:240} INFO - Task exited with return code 1
[2024-07-10T17:44:20.790+0000] {taskinstance.py:3503} INFO - 0 downstream tasks scheduled from follow-on schedule check
[2024-07-10T17:44:20.792+0000] {local_task_job_runner.py:222} INFO - ::endgroup::
