[2024-07-10T10:15:00.779+0000] {local_task_job_runner.py:120} INFO - ::group::Pre task execution logs
[2024-07-10T10:15:00.794+0000] {taskinstance.py:2076} INFO - Dependencies all met for dep_context=non-requeueable deps ti=<TaskInstance: Fail_Dags_Monitor.get_failed_dag scheduled__2024-07-10T09:15:00+00:00 [queued]>
[2024-07-10T10:15:00.798+0000] {taskinstance.py:2076} INFO - Dependencies all met for dep_context=requeueable deps ti=<TaskInstance: Fail_Dags_Monitor.get_failed_dag scheduled__2024-07-10T09:15:00+00:00 [queued]>
[2024-07-10T10:15:00.798+0000] {taskinstance.py:2306} INFO - Starting attempt 1 of 3
[2024-07-10T10:15:00.805+0000] {taskinstance.py:2330} INFO - Executing <Task(PythonOperator): get_failed_dag> on 2024-07-10 09:15:00+00:00
[2024-07-10T10:15:00.808+0000] {logging_mixin.py:188} WARNING - /home/***/.local/lib/python3.12/site-packages/***/task/task_runner/standard_task_runner.py:61 DeprecationWarning: This process (pid=766) is multi-threaded, use of fork() may lead to deadlocks in the child.
[2024-07-10T10:15:00.808+0000] {standard_task_runner.py:63} INFO - Started process 772 to run task
[2024-07-10T10:15:00.808+0000] {standard_task_runner.py:90} INFO - Running: ['***', 'tasks', 'run', 'Fail_Dags_Monitor', 'get_failed_dag', 'scheduled__2024-07-10T09:15:00+00:00', '--job-id', '31', '--raw', '--subdir', 'DAGS_FOLDER/fail_dags_monitor.py', '--cfg-path', '/tmp/tmpwjlu5lbw']
[2024-07-10T10:15:00.809+0000] {standard_task_runner.py:91} INFO - Job 31: Subtask get_failed_dag
[2024-07-10T10:15:00.829+0000] {task_command.py:426} INFO - Running <TaskInstance: Fail_Dags_Monitor.get_failed_dag scheduled__2024-07-10T09:15:00+00:00 [running]> on host 886d6fa7a515
[2024-07-10T10:15:00.868+0000] {taskinstance.py:2648} INFO - Exporting env vars: AIRFLOW_CTX_DAG_OWNER='congminh.nguyen@onpoint.vn' AIRFLOW_CTX_DAG_ID='Fail_Dags_Monitor' AIRFLOW_CTX_TASK_ID='get_failed_dag' AIRFLOW_CTX_EXECUTION_DATE='2024-07-10T09:15:00+00:00' AIRFLOW_CTX_TRY_NUMBER='1' AIRFLOW_CTX_DAG_RUN_ID='scheduled__2024-07-10T09:15:00+00:00'
[2024-07-10T10:15:00.869+0000] {taskinstance.py:430} INFO - ::endgroup::
[2024-07-10T10:15:00.955+0000] {dagbag.py:545} INFO - Filling up the DagBag from /opt/***/dags
[2024-07-10T10:15:00.971+0000] {python.py:237} INFO - Done. Returned value was: [{'id': 1, 'run_id': 'scheduled__2024-07-10T10:03:00+00:00', 'state': 'failed', 'dag_id': 'Email_test_dag', 'run_type': 'scheduled', 'execution_date': '2024-07-10T10:03:00+00:00', 'start_date': '2024-07-10T10:04:33.026846+00:00', 'end_date': '2024-07-10T10:04:57.477205+00:00'}, {'id': 4, 'run_id': 'scheduled__2024-07-10T10:04:00+00:00', 'state': 'failed', 'dag_id': 'Email_test_dag', 'run_type': 'scheduled', 'execution_date': '2024-07-10T10:04:00+00:00', 'start_date': '2024-07-10T10:05:00.419701+00:00', 'end_date': '2024-07-10T10:05:26.725331+00:00'}, {'id': 5, 'run_id': 'scheduled__2024-07-10T10:05:00+00:00', 'state': 'failed', 'dag_id': 'Email_test_dag', 'run_type': 'scheduled', 'execution_date': '2024-07-10T10:05:00+00:00', 'start_date': '2024-07-10T10:06:01.029651+00:00', 'end_date': '2024-07-10T10:06:26.348667+00:00'}, {'id': 6, 'run_id': 'scheduled__2024-07-10T10:06:00+00:00', 'state': 'failed', 'dag_id': 'Email_test_dag', 'run_type': 'scheduled', 'execution_date': '2024-07-10T10:06:00+00:00', 'start_date': '2024-07-10T10:07:00.584457+00:00', 'end_date': '2024-07-10T10:07:24.793093+00:00'}, {'id': 7, 'run_id': 'scheduled__2024-07-10T10:07:00+00:00', 'state': 'failed', 'dag_id': 'Email_test_dag', 'run_type': 'scheduled', 'execution_date': '2024-07-10T10:07:00+00:00', 'start_date': '2024-07-10T10:08:00.169364+00:00', 'end_date': '2024-07-10T10:08:25.441075+00:00'}, {'id': 8, 'run_id': 'scheduled__2024-07-10T10:08:00+00:00', 'state': 'failed', 'dag_id': 'Email_test_dag', 'run_type': 'scheduled', 'execution_date': '2024-07-10T10:08:00+00:00', 'start_date': '2024-07-10T10:09:00.797013+00:00', 'end_date': '2024-07-10T10:09:26.052058+00:00'}, {'id': 9, 'run_id': 'scheduled__2024-07-10T10:09:00+00:00', 'state': 'failed', 'dag_id': 'Email_test_dag', 'run_type': 'scheduled', 'execution_date': '2024-07-10T10:09:00+00:00', 'start_date': '2024-07-10T10:10:00.456354+00:00', 'end_date': '2024-07-10T10:10:25.366680+00:00'}, {'id': 10, 'run_id': 'scheduled__2024-07-10T10:10:00+00:00', 'state': 'failed', 'dag_id': 'Email_test_dag', 'run_type': 'scheduled', 'execution_date': '2024-07-10T10:10:00+00:00', 'start_date': '2024-07-10T10:11:01.053598+00:00', 'end_date': '2024-07-10T10:11:25.615237+00:00'}, {'id': 11, 'run_id': 'scheduled__2024-07-10T10:11:00+00:00', 'state': 'failed', 'dag_id': 'Email_test_dag', 'run_type': 'scheduled', 'execution_date': '2024-07-10T10:11:00+00:00', 'start_date': '2024-07-10T10:12:00.610798+00:00', 'end_date': '2024-07-10T10:12:24.861433+00:00'}, {'id': 12, 'run_id': 'scheduled__2024-07-10T10:12:00+00:00', 'state': 'failed', 'dag_id': 'Email_test_dag', 'run_type': 'scheduled', 'execution_date': '2024-07-10T10:12:00+00:00', 'start_date': '2024-07-10T10:13:00.216403+00:00', 'end_date': '2024-07-10T10:13:26.230768+00:00'}, {'id': 13, 'run_id': 'scheduled__2024-07-10T10:13:00+00:00', 'state': 'failed', 'dag_id': 'Email_test_dag', 'run_type': 'scheduled', 'execution_date': '2024-07-10T10:13:00+00:00', 'start_date': '2024-07-10T10:14:00.771191+00:00', 'end_date': '2024-07-10T10:14:25.486150+00:00'}]
[2024-07-10T10:15:00.972+0000] {taskinstance.py:441} INFO - ::group::Post task execution logs
[2024-07-10T10:15:00.981+0000] {taskinstance.py:1206} INFO - Marking task as SUCCESS. dag_id=Fail_Dags_Monitor, task_id=get_failed_dag, run_id=scheduled__2024-07-10T09:15:00+00:00, execution_date=20240710T091500, start_date=20240710T101500, end_date=20240710T101500
[2024-07-10T10:15:00.991+0000] {local_task_job_runner.py:240} INFO - Task exited with return code 0
[2024-07-10T10:15:01.003+0000] {taskinstance.py:3503} INFO - 1 downstream tasks scheduled from follow-on schedule check
[2024-07-10T10:15:01.004+0000] {local_task_job_runner.py:222} INFO - ::endgroup::
[2024-07-10T10:48:35.257+0000] {local_task_job_runner.py:120} INFO - ::group::Pre task execution logs
[2024-07-10T10:48:35.271+0000] {taskinstance.py:2076} INFO - Dependencies all met for dep_context=non-requeueable deps ti=<TaskInstance: Fail_Dags_Monitor.get_failed_dag scheduled__2024-07-10T09:15:00+00:00 [queued]>
[2024-07-10T10:48:35.274+0000] {taskinstance.py:2076} INFO - Dependencies all met for dep_context=requeueable deps ti=<TaskInstance: Fail_Dags_Monitor.get_failed_dag scheduled__2024-07-10T09:15:00+00:00 [queued]>
[2024-07-10T10:48:35.274+0000] {taskinstance.py:2306} INFO - Starting attempt 1 of 3
[2024-07-10T10:48:35.280+0000] {taskinstance.py:2330} INFO - Executing <Task(PythonOperator): get_failed_dag> on 2024-07-10 09:15:00+00:00
[2024-07-10T10:48:35.284+0000] {logging_mixin.py:188} WARNING - /home/***/.local/lib/python3.12/site-packages/***/task/task_runner/standard_task_runner.py:61 DeprecationWarning: This process (pid=673) is multi-threaded, use of fork() may lead to deadlocks in the child.
[2024-07-10T10:48:35.285+0000] {standard_task_runner.py:63} INFO - Started process 675 to run task
[2024-07-10T10:48:35.284+0000] {standard_task_runner.py:90} INFO - Running: ['***', 'tasks', 'run', 'Fail_Dags_Monitor', 'get_failed_dag', 'scheduled__2024-07-10T09:15:00+00:00', '--job-id', '5', '--raw', '--subdir', 'DAGS_FOLDER/fail_dags_monitor.py', '--cfg-path', '/tmp/tmp1g0x_6t0']
[2024-07-10T10:48:35.285+0000] {standard_task_runner.py:91} INFO - Job 5: Subtask get_failed_dag
[2024-07-10T10:48:35.306+0000] {task_command.py:426} INFO - Running <TaskInstance: Fail_Dags_Monitor.get_failed_dag scheduled__2024-07-10T09:15:00+00:00 [running]> on host 469b2f9527f6
[2024-07-10T10:48:35.342+0000] {taskinstance.py:2648} INFO - Exporting env vars: AIRFLOW_CTX_DAG_OWNER='congminh.nguyen@onpoint.vn' AIRFLOW_CTX_DAG_ID='Fail_Dags_Monitor' AIRFLOW_CTX_TASK_ID='get_failed_dag' AIRFLOW_CTX_EXECUTION_DATE='2024-07-10T09:15:00+00:00' AIRFLOW_CTX_TRY_NUMBER='1' AIRFLOW_CTX_DAG_RUN_ID='scheduled__2024-07-10T09:15:00+00:00'
[2024-07-10T10:48:35.343+0000] {taskinstance.py:430} INFO - ::endgroup::
[2024-07-10T10:48:35.462+0000] {dagbag.py:545} INFO - Filling up the DagBag from /opt/***/dags
[2024-07-10T10:48:35.480+0000] {python.py:237} INFO - Done. Returned value was: []
[2024-07-10T10:48:35.481+0000] {taskinstance.py:441} INFO - ::group::Post task execution logs
[2024-07-10T10:48:35.491+0000] {taskinstance.py:1206} INFO - Marking task as SUCCESS. dag_id=Fail_Dags_Monitor, task_id=get_failed_dag, run_id=scheduled__2024-07-10T09:15:00+00:00, execution_date=20240710T091500, start_date=20240710T104835, end_date=20240710T104835
[2024-07-10T10:48:35.508+0000] {local_task_job_runner.py:240} INFO - Task exited with return code 0
[2024-07-10T10:48:35.519+0000] {taskinstance.py:3503} INFO - 1 downstream tasks scheduled from follow-on schedule check
[2024-07-10T10:48:35.520+0000] {local_task_job_runner.py:222} INFO - ::endgroup::
