[2024-07-10T15:46:37.714+0000] {local_task_job_runner.py:120} INFO - ::group::Pre task execution logs
[2024-07-10T15:46:37.730+0000] {taskinstance.py:2076} INFO - Dependencies all met for dep_context=non-requeueable deps ti=<TaskInstance: Extend_Run_Dags_Monitor.stop_long_running_tasks scheduled__2024-07-10T14:15:00+00:00 [queued]>
[2024-07-10T15:46:37.734+0000] {taskinstance.py:2076} INFO - Dependencies all met for dep_context=requeueable deps ti=<TaskInstance: Extend_Run_Dags_Monitor.stop_long_running_tasks scheduled__2024-07-10T14:15:00+00:00 [queued]>
[2024-07-10T15:46:37.735+0000] {taskinstance.py:2306} INFO - Starting attempt 1 of 3
[2024-07-10T15:46:37.743+0000] {taskinstance.py:2330} INFO - Executing <Task(PythonOperator): stop_long_running_tasks> on 2024-07-10 14:15:00+00:00
[2024-07-10T15:46:37.747+0000] {logging_mixin.py:188} WARNING - /home/***/.local/lib/python3.12/site-packages/***/task/task_runner/standard_task_runner.py:61 DeprecationWarning: This process (pid=1749) is multi-threaded, use of fork() may lead to deadlocks in the child.
[2024-07-10T15:46:37.747+0000] {standard_task_runner.py:90} INFO - Running: ['***', 'tasks', 'run', 'Extend_Run_Dags_Monitor', 'stop_long_running_tasks', 'scheduled__2024-07-10T14:15:00+00:00', '--job-id', '90', '--raw', '--subdir', 'DAGS_FOLDER/extend_run_dags_monitor.py', '--cfg-path', '/tmp/tmpr_nybeyf']
[2024-07-10T15:46:37.748+0000] {standard_task_runner.py:63} INFO - Started process 1754 to run task
[2024-07-10T15:46:37.749+0000] {standard_task_runner.py:91} INFO - Job 90: Subtask stop_long_running_tasks
[2024-07-10T15:46:37.775+0000] {task_command.py:426} INFO - Running <TaskInstance: Extend_Run_Dags_Monitor.stop_long_running_tasks scheduled__2024-07-10T14:15:00+00:00 [running]> on host 469b2f9527f6
[2024-07-10T15:46:37.816+0000] {taskinstance.py:2648} INFO - Exporting env vars: AIRFLOW_CTX_DAG_OWNER='congminh.nguyen@ponpoint.vn' AIRFLOW_CTX_DAG_ID='Extend_Run_Dags_Monitor' AIRFLOW_CTX_TASK_ID='stop_long_running_tasks' AIRFLOW_CTX_EXECUTION_DATE='2024-07-10T14:15:00+00:00' AIRFLOW_CTX_TRY_NUMBER='1' AIRFLOW_CTX_DAG_RUN_ID='scheduled__2024-07-10T14:15:00+00:00'
[2024-07-10T15:46:37.817+0000] {taskinstance.py:430} INFO - ::endgroup::
[2024-07-10T15:46:37.827+0000] {extend_run_dags_monitor.py:32} INFO - max_running_time: 0
[2024-07-10T15:46:37.833+0000] {extend_run_dags_monitor.py:40} INFO - task_id: fail_task, dag_id: Email_test_dag, start_date: 2024-07-10 14:43:00.842478+00:00, job_id: 88, pid: 1731, hostname: 469b2f9527f6, unixname: default
[2024-07-10T15:46:37.833+0000] {extend_run_dags_monitor.py:40} INFO - task_id: load, dag_id: Fail_Dags_Monitor, start_date: 2024-07-10 14:42:54.794266+00:00, job_id: 87, pid: 1729, hostname: 469b2f9527f6, unixname: default
[2024-07-10T15:46:37.833+0000] {extend_run_dags_monitor.py:40} INFO - task_id: fail_task, dag_id: Email_test_dag, start_date: 2024-07-10 14:42:36.622819+00:00, job_id: 80, pid: 1705, hostname: 469b2f9527f6, unixname: default
[2024-07-10T15:46:37.834+0000] {extend_run_dags_monitor.py:45} INFO - Sending this tasks to shutdown: ['fail_task', 'load', 'fail_task']
[2024-07-10T15:46:37.839+0000] {python.py:237} INFO - Done. Returned value was: None
[2024-07-10T15:46:37.840+0000] {taskinstance.py:441} INFO - ::group::Post task execution logs
[2024-07-10T15:46:37.845+0000] {taskinstance.py:1206} INFO - Marking task as SUCCESS. dag_id=Extend_Run_Dags_Monitor, task_id=stop_long_running_tasks, run_id=scheduled__2024-07-10T14:15:00+00:00, execution_date=20240710T141500, start_date=20240710T154637, end_date=20240710T154637
[2024-07-10T15:46:37.888+0000] {local_task_job_runner.py:240} INFO - Task exited with return code 0
[2024-07-10T15:46:37.896+0000] {taskinstance.py:3503} INFO - 0 downstream tasks scheduled from follow-on schedule check
[2024-07-10T15:46:37.897+0000] {local_task_job_runner.py:222} INFO - ::endgroup::
