[2024-07-13T11:12:38.421+0000] {local_task_job_runner.py:120} INFO - ::group::Pre task execution logs
[2024-07-13T11:12:38.446+0000] {taskinstance.py:2076} INFO - Dependencies all met for dep_context=non-requeueable deps ti=<TaskInstance: Extend_Run_Dags_Monitor.stop_long_running_tasks scheduled__2024-07-13T09:15:00+00:00 [queued]>
[2024-07-13T11:12:38.456+0000] {taskinstance.py:2076} INFO - Dependencies all met for dep_context=requeueable deps ti=<TaskInstance: Extend_Run_Dags_Monitor.stop_long_running_tasks scheduled__2024-07-13T09:15:00+00:00 [queued]>
[2024-07-13T11:12:38.458+0000] {taskinstance.py:2306} INFO - Starting attempt 1 of 3
[2024-07-13T11:12:38.467+0000] {taskinstance.py:2330} INFO - Executing <Task(PythonOperator): stop_long_running_tasks> on 2024-07-13 09:15:00+00:00
[2024-07-13T11:12:38.472+0000] {logging_mixin.py:188} WARNING - /home/***/.local/lib/python3.12/site-packages/***/task/task_runner/standard_task_runner.py:61 DeprecationWarning: This process (pid=674) is multi-threaded, use of fork() may lead to deadlocks in the child.
[2024-07-13T11:12:38.473+0000] {standard_task_runner.py:63} INFO - Started process 686 to run task
[2024-07-13T11:12:38.473+0000] {standard_task_runner.py:90} INFO - Running: ['***', 'tasks', 'run', 'Extend_Run_Dags_Monitor', 'stop_long_running_tasks', 'scheduled__2024-07-13T09:15:00+00:00', '--job-id', '1866', '--raw', '--subdir', 'DAGS_FOLDER/extend_run_dags_monitor.py', '--cfg-path', '/tmp/tmpsabioifs']
[2024-07-13T11:12:38.477+0000] {standard_task_runner.py:91} INFO - Job 1866: Subtask stop_long_running_tasks
[2024-07-13T11:12:38.514+0000] {task_command.py:426} INFO - Running <TaskInstance: Extend_Run_Dags_Monitor.stop_long_running_tasks scheduled__2024-07-13T09:15:00+00:00 [running]> on host a9aa3835bb3f
[2024-07-13T11:12:38.568+0000] {taskinstance.py:2648} INFO - Exporting env vars: AIRFLOW_CTX_DAG_OWNER='congminh.nguyen@ponpoint.vn' AIRFLOW_CTX_DAG_ID='Extend_Run_Dags_Monitor' AIRFLOW_CTX_TASK_ID='stop_long_running_tasks' AIRFLOW_CTX_EXECUTION_DATE='2024-07-13T09:15:00+00:00' AIRFLOW_CTX_TRY_NUMBER='1' AIRFLOW_CTX_DAG_RUN_ID='scheduled__2024-07-13T09:15:00+00:00'
[2024-07-13T11:12:38.569+0000] {taskinstance.py:430} INFO - ::endgroup::
[2024-07-13T11:12:38.581+0000] {extend_run_dags_monitor.py:32} INFO - max_running_time: 0
[2024-07-13T11:12:38.588+0000] {extend_run_dags_monitor.py:40} INFO - task_id: fail_task, dag_id: Email_test_dag, start_date: 2024-07-13 10:12:00.279515+00:00, job_id: 1864, pid: 664, hostname: a9aa3835bb3f, unixname: default
[2024-07-13T11:12:38.588+0000] {extend_run_dags_monitor.py:40} INFO - task_id: fail_task, dag_id: Email_test_dag, start_date: 2024-07-13 10:11:33.861857+00:00, job_id: 1854, pid: 632, hostname: a9aa3835bb3f, unixname: default
[2024-07-13T11:12:38.588+0000] {extend_run_dags_monitor.py:40} INFO - task_id: load, dag_id: Fail_Dags_Monitor, start_date: 2024-07-13 10:11:49.248149+00:00, job_id: 1863, pid: 662, hostname: a9aa3835bb3f, unixname: default
[2024-07-13T11:12:38.589+0000] {extend_run_dags_monitor.py:40} INFO - task_id: fail_task, dag_id: Email_test_dag, start_date: 2024-07-13 10:11:42.750092+00:00, job_id: 1860, pid: 648, hostname: a9aa3835bb3f, unixname: default
[2024-07-13T11:12:38.589+0000] {extend_run_dags_monitor.py:45} INFO - Sending this tasks to shutdown: ['fail_task', 'fail_task', 'load', 'fail_task']
[2024-07-13T11:12:38.596+0000] {python.py:237} INFO - Done. Returned value was: None
[2024-07-13T11:12:38.597+0000] {taskinstance.py:441} INFO - ::group::Post task execution logs
[2024-07-13T11:12:38.602+0000] {taskinstance.py:1206} INFO - Marking task as SUCCESS. dag_id=Extend_Run_Dags_Monitor, task_id=stop_long_running_tasks, run_id=scheduled__2024-07-13T09:15:00+00:00, execution_date=20240713T091500, start_date=20240713T111238, end_date=20240713T111238
[2024-07-13T11:12:38.619+0000] {local_task_job_runner.py:240} INFO - Task exited with return code 0
[2024-07-13T11:12:38.627+0000] {taskinstance.py:3503} INFO - 0 downstream tasks scheduled from follow-on schedule check
[2024-07-13T11:12:38.627+0000] {local_task_job_runner.py:222} INFO - ::endgroup::
