[2024-07-10T02:26:09.508+0000] {local_task_job_runner.py:120} INFO - ::group::Pre task execution logs
[2024-07-10T02:26:09.529+0000] {taskinstance.py:2076} INFO - Dependencies all met for dep_context=non-requeueable deps ti=<TaskInstance: Fail_Dags_Monitor.load scheduled__2024-07-09T15:15:00+00:00 [queued]>
[2024-07-10T02:26:09.533+0000] {taskinstance.py:2076} INFO - Dependencies all met for dep_context=requeueable deps ti=<TaskInstance: Fail_Dags_Monitor.load scheduled__2024-07-09T15:15:00+00:00 [queued]>
[2024-07-10T02:26:09.534+0000] {taskinstance.py:2306} INFO - Starting attempt 4 of 6
[2024-07-10T02:26:09.541+0000] {taskinstance.py:2330} INFO - Executing <Task(PythonOperator): load> on 2024-07-09 15:15:00+00:00
[2024-07-10T02:26:09.546+0000] {standard_task_runner.py:90} INFO - Running: ['***', 'tasks', 'run', 'Fail_Dags_Monitor', 'load', 'scheduled__2024-07-09T15:15:00+00:00', '--job-id', '3389', '--raw', '--subdir', 'DAGS_FOLDER/fail_dags_monitor.py', '--cfg-path', '/tmp/tmpueuahqtz']
[2024-07-10T02:26:09.548+0000] {standard_task_runner.py:91} INFO - Job 3389: Subtask load
[2024-07-10T02:26:09.549+0000] {logging_mixin.py:188} WARNING - /home/***/.local/lib/python3.12/site-packages/***/task/task_runner/standard_task_runner.py:61 DeprecationWarning: This process (pid=35553) is multi-threaded, use of fork() may lead to deadlocks in the child.
[2024-07-10T02:26:09.549+0000] {standard_task_runner.py:63} INFO - Started process 35555 to run task
[2024-07-10T02:26:09.576+0000] {task_command.py:426} INFO - Running <TaskInstance: Fail_Dags_Monitor.load scheduled__2024-07-09T15:15:00+00:00 [running]> on host ec4fc0d2456a
[2024-07-10T02:26:09.627+0000] {taskinstance.py:2648} INFO - Exporting env vars: AIRFLOW_CTX_DAG_OWNER='congminh.nguyen@onpoint.vn' AIRFLOW_CTX_DAG_ID='Fail_Dags_Monitor' AIRFLOW_CTX_TASK_ID='load' AIRFLOW_CTX_EXECUTION_DATE='2024-07-09T15:15:00+00:00' AIRFLOW_CTX_TRY_NUMBER='4' AIRFLOW_CTX_DAG_RUN_ID='scheduled__2024-07-09T15:15:00+00:00'
[2024-07-10T02:26:09.628+0000] {taskinstance.py:430} INFO - ::endgroup::
[2024-07-10T02:26:09.765+0000] {dagbag.py:545} INFO - Filling up the DagBag from /opt/***/dags
[2024-07-10T02:26:10.382+0000] {logging_mixin.py:188} INFO - Successfully connect to database!
[2024-07-10T02:26:10.944+0000] {logging_mixin.py:188} INFO - Insert time: 0.5595717430114746 seconds
[2024-07-10T02:26:10.946+0000] {python.py:237} INFO - Done. Returned value was: None
[2024-07-10T02:26:10.948+0000] {taskinstance.py:441} INFO - ::group::Post task execution logs
[2024-07-10T02:26:10.958+0000] {taskinstance.py:1206} INFO - Marking task as SUCCESS. dag_id=Fail_Dags_Monitor, task_id=load, run_id=scheduled__2024-07-09T15:15:00+00:00, execution_date=20240709T151500, start_date=20240710T022609, end_date=20240710T022610
[2024-07-10T02:26:10.985+0000] {local_task_job_runner.py:240} INFO - Task exited with return code 0
[2024-07-10T02:26:10.998+0000] {taskinstance.py:3503} INFO - 0 downstream tasks scheduled from follow-on schedule check
[2024-07-10T02:26:11.000+0000] {local_task_job_runner.py:222} INFO - ::endgroup::
