[2024-07-13T10:11:33.842+0000] {local_task_job_runner.py:120} INFO - ::group::Pre task execution logs
[2024-07-13T10:11:33.877+0000] {taskinstance.py:2076} INFO - Dependencies all met for dep_context=non-requeueable deps ti=<TaskInstance: Extend_Run_Dags_Monitor.stop_long_running_tasks scheduled__2024-07-13T08:15:00+00:00 [queued]>
[2024-07-13T10:11:33.885+0000] {taskinstance.py:2076} INFO - Dependencies all met for dep_context=requeueable deps ti=<TaskInstance: Extend_Run_Dags_Monitor.stop_long_running_tasks scheduled__2024-07-13T08:15:00+00:00 [queued]>
[2024-07-13T10:11:33.890+0000] {taskinstance.py:2306} INFO - Starting attempt 1 of 3
[2024-07-13T10:11:33.902+0000] {taskinstance.py:2330} INFO - Executing <Task(PythonOperator): stop_long_running_tasks> on 2024-07-13 08:15:00+00:00
[2024-07-13T10:11:33.909+0000] {logging_mixin.py:188} WARNING - /home/***/.local/lib/python3.12/site-packages/***/task/task_runner/standard_task_runner.py:61 DeprecationWarning: This process (pid=629) is multi-threaded, use of fork() may lead to deadlocks in the child.
[2024-07-13T10:11:33.909+0000] {standard_task_runner.py:90} INFO - Running: ['***', 'tasks', 'run', 'Extend_Run_Dags_Monitor', 'stop_long_running_tasks', 'scheduled__2024-07-13T08:15:00+00:00', '--job-id', '1855', '--raw', '--subdir', 'DAGS_FOLDER/extend_run_dags_monitor.py', '--cfg-path', '/tmp/tmp8bd4zp0r']
[2024-07-13T10:11:33.911+0000] {standard_task_runner.py:63} INFO - Started process 633 to run task
[2024-07-13T10:11:33.911+0000] {standard_task_runner.py:91} INFO - Job 1855: Subtask stop_long_running_tasks
[2024-07-13T10:11:33.975+0000] {task_command.py:426} INFO - Running <TaskInstance: Extend_Run_Dags_Monitor.stop_long_running_tasks scheduled__2024-07-13T08:15:00+00:00 [running]> on host a9aa3835bb3f
[2024-07-13T10:11:34.072+0000] {taskinstance.py:2648} INFO - Exporting env vars: AIRFLOW_CTX_DAG_OWNER='congminh.nguyen@ponpoint.vn' AIRFLOW_CTX_DAG_ID='Extend_Run_Dags_Monitor' AIRFLOW_CTX_TASK_ID='stop_long_running_tasks' AIRFLOW_CTX_EXECUTION_DATE='2024-07-13T08:15:00+00:00' AIRFLOW_CTX_TRY_NUMBER='1' AIRFLOW_CTX_DAG_RUN_ID='scheduled__2024-07-13T08:15:00+00:00'
[2024-07-13T10:11:34.074+0000] {taskinstance.py:430} INFO - ::endgroup::
[2024-07-13T10:11:34.099+0000] {extend_run_dags_monitor.py:32} INFO - max_running_time: 0
[2024-07-13T10:11:34.109+0000] {extend_run_dags_monitor.py:40} INFO - task_id: fail_task, dag_id: Email_test_dag, start_date: 2024-07-13 09:01:00.897856+00:00, job_id: 1851, pid: 604, hostname: a9aa3835bb3f, unixname: default
[2024-07-13T10:11:34.110+0000] {extend_run_dags_monitor.py:40} INFO - task_id: fail_task, dag_id: Email_test_dag, start_date: 2024-07-13 09:00:49.788438+00:00, job_id: 1850, pid: 595, hostname: a9aa3835bb3f, unixname: default
[2024-07-13T10:11:34.111+0000] {extend_run_dags_monitor.py:40} INFO - task_id: load, dag_id: Fail_Dags_Monitor, start_date: 2024-07-13 09:01:07.216536+00:00, job_id: 1853, pid: 611, hostname: a9aa3835bb3f, unixname: default
[2024-07-13T10:11:34.111+0000] {extend_run_dags_monitor.py:40} INFO - task_id: fail_task, dag_id: Email_test_dag, start_date: 2024-07-13 09:00:43.380927+00:00, job_id: 1846, pid: 583, hostname: a9aa3835bb3f, unixname: default
[2024-07-13T10:11:34.112+0000] {extend_run_dags_monitor.py:40} INFO - task_id: load, dag_id: Fail_Dags_Monitor, start_date: 2024-07-13 09:01:05.404811+00:00, job_id: 1852, pid: 608, hostname: a9aa3835bb3f, unixname: default
[2024-07-13T10:11:34.113+0000] {extend_run_dags_monitor.py:45} INFO - Sending this tasks to shutdown: ['fail_task', 'fail_task', 'load', 'fail_task', 'load']
[2024-07-13T10:11:34.124+0000] {python.py:237} INFO - Done. Returned value was: None
[2024-07-13T10:11:34.124+0000] {taskinstance.py:441} INFO - ::group::Post task execution logs
[2024-07-13T10:11:34.135+0000] {taskinstance.py:1206} INFO - Marking task as SUCCESS. dag_id=Extend_Run_Dags_Monitor, task_id=stop_long_running_tasks, run_id=scheduled__2024-07-13T08:15:00+00:00, execution_date=20240713T081500, start_date=20240713T101133, end_date=20240713T101134
[2024-07-13T10:11:34.177+0000] {local_task_job_runner.py:240} INFO - Task exited with return code 0
[2024-07-13T10:11:34.199+0000] {taskinstance.py:3503} INFO - 0 downstream tasks scheduled from follow-on schedule check
[2024-07-13T10:11:34.200+0000] {local_task_job_runner.py:222} INFO - ::endgroup::
