[2024-07-03T08:23:03.900+0000] {local_task_job_runner.py:120} INFO - ::group::Pre task execution logs
[2024-07-03T08:23:03.920+0000] {taskinstance.py:2076} INFO - Dependencies all met for dep_context=non-requeueable deps ti=<TaskInstance: Fail_Dags_Monitor.failed_dag manual__2024-07-03T08:22:51.238983+00:00 [queued]>
[2024-07-03T08:23:03.924+0000] {taskinstance.py:2076} INFO - Dependencies all met for dep_context=requeueable deps ti=<TaskInstance: Fail_Dags_Monitor.failed_dag manual__2024-07-03T08:22:51.238983+00:00 [queued]>
[2024-07-03T08:23:03.925+0000] {taskinstance.py:2306} INFO - Starting attempt 3 of 3
[2024-07-03T08:23:03.932+0000] {taskinstance.py:2330} INFO - Executing <Task(PythonOperator): failed_dag> on 2024-07-03 08:22:51.238983+00:00
[2024-07-03T08:23:03.938+0000] {standard_task_runner.py:90} INFO - Running: ['***', 'tasks', 'run', 'Fail_Dags_Monitor', 'failed_dag', 'manual__2024-07-03T08:22:51.238983+00:00', '--job-id', '14', '--raw', '--subdir', 'DAGS_FOLDER/fail_dags_monitor.py', '--cfg-path', '/tmp/tmpwbm4b89x']
[2024-07-03T08:23:03.940+0000] {standard_task_runner.py:91} INFO - Job 14: Subtask failed_dag
[2024-07-03T08:23:03.943+0000] {logging_mixin.py:188} WARNING - /home/***/.local/lib/python3.12/site-packages/***/task/task_runner/standard_task_runner.py:61 DeprecationWarning: This process (pid=347) is multi-threaded, use of fork() may lead to deadlocks in the child.
[2024-07-03T08:23:03.944+0000] {standard_task_runner.py:63} INFO - Started process 348 to run task
[2024-07-03T08:23:03.969+0000] {task_command.py:426} INFO - Running <TaskInstance: Fail_Dags_Monitor.failed_dag manual__2024-07-03T08:22:51.238983+00:00 [running]> on host e666ec6226cb
[2024-07-03T08:23:04.015+0000] {taskinstance.py:2648} INFO - Exporting env vars: AIRFLOW_CTX_DAG_OWNER='congminh.nguyen@ponpoint.vn' AIRFLOW_CTX_DAG_ID='Fail_Dags_Monitor' AIRFLOW_CTX_TASK_ID='failed_dag' AIRFLOW_CTX_EXECUTION_DATE='2024-07-03T08:22:51.238983+00:00' AIRFLOW_CTX_TRY_NUMBER='3' AIRFLOW_CTX_DAG_RUN_ID='manual__2024-07-03T08:22:51.238983+00:00'
[2024-07-03T08:23:04.016+0000] {taskinstance.py:430} INFO - ::endgroup::
[2024-07-03T08:23:04.022+0000] {dagbag.py:545} INFO - Filling up the DagBag from /opt/***/dags
[2024-07-03T08:23:04.042+0000] {taskinstance.py:441} INFO - ::group::Post task execution logs
[2024-07-03T08:23:04.042+0000] {taskinstance.py:2905} ERROR - Task failed with exception
Traceback (most recent call last):
  File "/home/airflow/.local/lib/python3.12/site-packages/airflow/models/taskinstance.py", line 465, in _execute_task
    result = _execute_callable(context=context, **execute_callable_kwargs)
             ^^^^^^^^^^^^^^^^^^^^^^^^^^^^^^^^^^^^^^^^^^^^^^^^^^^^^^^^^^^^^
  File "/home/airflow/.local/lib/python3.12/site-packages/airflow/models/taskinstance.py", line 432, in _execute_callable
    return execute_callable(context=context, **execute_callable_kwargs)
           ^^^^^^^^^^^^^^^^^^^^^^^^^^^^^^^^^^^^^^^^^^^^^^^^^^^^^^^^^^^^
  File "/home/airflow/.local/lib/python3.12/site-packages/airflow/models/baseoperator.py", line 401, in wrapper
    return func(self, *args, **kwargs)
           ^^^^^^^^^^^^^^^^^^^^^^^^^^^
  File "/home/airflow/.local/lib/python3.12/site-packages/airflow/operators/python.py", line 235, in execute
    return_value = self.execute_callable()
                   ^^^^^^^^^^^^^^^^^^^^^^^
  File "/home/airflow/.local/lib/python3.12/site-packages/airflow/operators/python.py", line 252, in execute_callable
    return self.python_callable(*self.op_args, **self.op_kwargs)
           ^^^^^^^^^^^^^^^^^^^^^^^^^^^^^^^^^^^^^^^^^^^^^^^^^^^^^
  File "/opt/airflow/dags/fail_dags_monitor.py", line 34, in get_failed_dag
    if run.end_date > (datetime.now(LOCAL_TIMEZONE) - timedelta(minutes=LAST_INTERVAL)):
                                                      ^^^^^^^^^^^^^^^^^^^^^^^^^^^^^^^^
TypeError: unsupported type for timedelta minutes component: BinaryExpression
[2024-07-03T08:23:04.047+0000] {taskinstance.py:1206} INFO - Marking task as FAILED. dag_id=Fail_Dags_Monitor, task_id=failed_dag, run_id=manual__2024-07-03T08:22:51.238983+00:00, execution_date=20240703T082251, start_date=20240703T082303, end_date=20240703T082304
[2024-07-03T08:23:04.052+0000] {standard_task_runner.py:110} ERROR - Failed to execute job 14 for task failed_dag (unsupported type for timedelta minutes component: BinaryExpression; 348)
[2024-07-03T08:23:04.088+0000] {local_task_job_runner.py:240} INFO - Task exited with return code 1
[2024-07-03T08:23:04.096+0000] {taskinstance.py:3503} INFO - 0 downstream tasks scheduled from follow-on schedule check
[2024-07-03T08:23:04.097+0000] {local_task_job_runner.py:222} INFO - ::endgroup::
