[2024-07-13T18:08:07.371+0000] {local_task_job_runner.py:120} INFO - ::group::Pre task execution logs
[2024-07-13T18:08:07.385+0000] {taskinstance.py:2076} INFO - Dependencies all met for dep_context=non-requeueable deps ti=<TaskInstance: Fail_Dags_Monitor.load scheduled__2024-07-13T16:15:00+00:00 [queued]>
[2024-07-13T18:08:07.389+0000] {taskinstance.py:2076} INFO - Dependencies all met for dep_context=requeueable deps ti=<TaskInstance: Fail_Dags_Monitor.load scheduled__2024-07-13T16:15:00+00:00 [queued]>
[2024-07-13T18:08:07.389+0000] {taskinstance.py:2306} INFO - Starting attempt 2 of 3
[2024-07-13T18:08:07.394+0000] {taskinstance.py:2330} INFO - Executing <Task(PythonOperator): load> on 2024-07-13 16:15:00+00:00
[2024-07-13T18:08:07.398+0000] {logging_mixin.py:188} WARNING - /home/***/.local/lib/python3.12/site-packages/***/task/task_runner/standard_task_runner.py:61 DeprecationWarning: This process (pid=1059) is multi-threaded, use of fork() may lead to deadlocks in the child.
[2024-07-13T18:08:07.399+0000] {standard_task_runner.py:63} INFO - Started process 1061 to run task
[2024-07-13T18:08:07.398+0000] {standard_task_runner.py:90} INFO - Running: ['***', 'tasks', 'run', 'Fail_Dags_Monitor', 'load', 'scheduled__2024-07-13T16:15:00+00:00', '--job-id', '1949', '--raw', '--subdir', 'DAGS_FOLDER/fail_dags_monitor.py', '--cfg-path', '/tmp/tmpi1xepfx4']
[2024-07-13T18:08:07.400+0000] {standard_task_runner.py:91} INFO - Job 1949: Subtask load
[2024-07-13T18:08:07.421+0000] {task_command.py:426} INFO - Running <TaskInstance: Fail_Dags_Monitor.load scheduled__2024-07-13T16:15:00+00:00 [running]> on host a9aa3835bb3f
[2024-07-13T18:08:07.559+0000] {taskinstance.py:2648} INFO - Exporting env vars: AIRFLOW_CTX_DAG_OWNER='congminh.nguyen@onpoint.vn' AIRFLOW_CTX_DAG_ID='Fail_Dags_Monitor' AIRFLOW_CTX_TASK_ID='load' AIRFLOW_CTX_EXECUTION_DATE='2024-07-13T16:15:00+00:00' AIRFLOW_CTX_TRY_NUMBER='2' AIRFLOW_CTX_DAG_RUN_ID='scheduled__2024-07-13T16:15:00+00:00'
[2024-07-13T18:08:07.560+0000] {taskinstance.py:430} INFO - ::endgroup::
[2024-07-13T18:08:07.565+0000] {dagbag.py:545} INFO - Filling up the DagBag from /opt/***/dags
[2024-07-13T18:08:18.740+0000] {taskinstance.py:441} INFO - ::group::Post task execution logs
[2024-07-13T18:08:18.744+0000] {taskinstance.py:2905} ERROR - Task failed with exception
Traceback (most recent call last):
  File "/home/airflow/.local/lib/python3.12/site-packages/airflow/models/taskinstance.py", line 465, in _execute_task
    result = _execute_callable(context=context, **execute_callable_kwargs)
             ^^^^^^^^^^^^^^^^^^^^^^^^^^^^^^^^^^^^^^^^^^^^^^^^^^^^^^^^^^^^^
  File "/home/airflow/.local/lib/python3.12/site-packages/airflow/models/taskinstance.py", line 432, in _execute_callable
    return execute_callable(context=context, **execute_callable_kwargs)
           ^^^^^^^^^^^^^^^^^^^^^^^^^^^^^^^^^^^^^^^^^^^^^^^^^^^^^^^^^^^^
  File "/home/airflow/.local/lib/python3.12/site-packages/airflow/models/baseoperator.py", line 401, in wrapper
    return func(self, *args, **kwargs)
           ^^^^^^^^^^^^^^^^^^^^^^^^^^^
  File "/home/airflow/.local/lib/python3.12/site-packages/airflow/operators/python.py", line 235, in execute
    return_value = self.execute_callable()
                   ^^^^^^^^^^^^^^^^^^^^^^^
  File "/home/airflow/.local/lib/python3.12/site-packages/airflow/operators/python.py", line 252, in execute_callable
    return self.python_callable(*self.op_args, **self.op_kwargs)
           ^^^^^^^^^^^^^^^^^^^^^^^^^^^^^^^^^^^^^^^^^^^^^^^^^^^^^
  File "/opt/airflow/dags/fail_dags_monitor.py", line 67, in load
    conn = psycopg2.connect(database=DB_NAME,
           ^^^^^^^^^^^^^^^^^^^^^^^^^^^^^^^^^^
  File "/home/airflow/.local/lib/python3.12/site-packages/psycopg2/__init__.py", line 122, in connect
    conn = _connect(dsn, connection_factory=connection_factory, **kwasync)
           ^^^^^^^^^^^^^^^^^^^^^^^^^^^^^^^^^^^^^^^^^^^^^^^^^^^^^^^^^^^^^^^
psycopg2.OperationalError: connection to server at "athena-uat.cybjleasxg2d.ap-southeast-1.rds.amazonaws.com" (172.31.22.247), port 5432 failed: Connection refused
	Is the server running on that host and accepting TCP/IP connections?

[2024-07-13T18:08:18.763+0000] {taskinstance.py:1206} INFO - Marking task as UP_FOR_RETRY. dag_id=Fail_Dags_Monitor, task_id=load, run_id=scheduled__2024-07-13T16:15:00+00:00, execution_date=20240713T161500, start_date=20240713T180807, end_date=20240713T180818
[2024-07-13T18:08:18.785+0000] {standard_task_runner.py:110} ERROR - Failed to execute job 1949 for task load (connection to server at "athena-uat.cybjleasxg2d.ap-southeast-1.rds.amazonaws.com" (172.31.22.247), port 5432 failed: Connection refused
	Is the server running on that host and accepting TCP/IP connections?
; 1061)
[2024-07-13T18:08:18.822+0000] {local_task_job_runner.py:240} INFO - Task exited with return code 1
[2024-07-13T18:08:18.833+0000] {taskinstance.py:3503} INFO - 0 downstream tasks scheduled from follow-on schedule check
[2024-07-13T18:08:18.834+0000] {local_task_job_runner.py:222} INFO - ::endgroup::
