[2024-07-14T02:46:46.154+0000] {local_task_job_runner.py:120} INFO - ::group::Pre task execution logs
[2024-07-14T02:46:46.183+0000] {taskinstance.py:2076} INFO - Dependencies all met for dep_context=non-requeueable deps ti=<TaskInstance: Extend_Run_Dags_Monitor.stop_long_running_tasks scheduled__2024-07-14T01:15:00+00:00 [queued]>
[2024-07-14T02:46:46.193+0000] {taskinstance.py:2076} INFO - Dependencies all met for dep_context=requeueable deps ti=<TaskInstance: Extend_Run_Dags_Monitor.stop_long_running_tasks scheduled__2024-07-14T01:15:00+00:00 [queued]>
[2024-07-14T02:46:46.194+0000] {taskinstance.py:2306} INFO - Starting attempt 1 of 3
[2024-07-14T02:46:46.209+0000] {taskinstance.py:2330} INFO - Executing <Task(PythonOperator): stop_long_running_tasks> on 2024-07-14 01:15:00+00:00
[2024-07-14T02:46:46.213+0000] {logging_mixin.py:188} WARNING - /home/***/.local/lib/python3.12/site-packages/***/task/task_runner/standard_task_runner.py:61 DeprecationWarning: This process (pid=1305) is multi-threaded, use of fork() may lead to deadlocks in the child.
[2024-07-14T02:46:46.216+0000] {standard_task_runner.py:63} INFO - Started process 1315 to run task
[2024-07-14T02:46:46.214+0000] {standard_task_runner.py:90} INFO - Running: ['***', 'tasks', 'run', 'Extend_Run_Dags_Monitor', 'stop_long_running_tasks', 'scheduled__2024-07-14T01:15:00+00:00', '--job-id', '1998', '--raw', '--subdir', 'DAGS_FOLDER/extend_run_dags_monitor.py', '--cfg-path', '/tmp/tmp4mmapln5']
[2024-07-14T02:46:46.219+0000] {standard_task_runner.py:91} INFO - Job 1998: Subtask stop_long_running_tasks
[2024-07-14T02:46:46.257+0000] {task_command.py:426} INFO - Running <TaskInstance: Extend_Run_Dags_Monitor.stop_long_running_tasks scheduled__2024-07-14T01:15:00+00:00 [running]> on host a9aa3835bb3f
[2024-07-14T02:46:46.353+0000] {taskinstance.py:2648} INFO - Exporting env vars: AIRFLOW_CTX_DAG_OWNER='congminh.nguyen@ponpoint.vn' AIRFLOW_CTX_DAG_ID='Extend_Run_Dags_Monitor' AIRFLOW_CTX_TASK_ID='stop_long_running_tasks' AIRFLOW_CTX_EXECUTION_DATE='2024-07-14T01:15:00+00:00' AIRFLOW_CTX_TRY_NUMBER='1' AIRFLOW_CTX_DAG_RUN_ID='scheduled__2024-07-14T01:15:00+00:00'
[2024-07-14T02:46:46.355+0000] {taskinstance.py:430} INFO - ::endgroup::
[2024-07-14T02:46:46.372+0000] {extend_run_dags_monitor.py:32} INFO - max_running_time: 0
[2024-07-14T02:46:46.384+0000] {extend_run_dags_monitor.py:40} INFO - task_id: fail_task, dag_id: Email_test_dag, start_date: 2024-07-14 01:08:09.451763+00:00, job_id: 1990, pid: 1264, hostname: a9aa3835bb3f, unixname: default
[2024-07-14T02:46:46.385+0000] {extend_run_dags_monitor.py:40} INFO - task_id: fail_task, dag_id: Email_test_dag, start_date: 2024-07-14 01:08:09.457415+00:00, job_id: 1991, pid: 1265, hostname: a9aa3835bb3f, unixname: default
[2024-07-14T02:46:46.386+0000] {extend_run_dags_monitor.py:40} INFO - task_id: fail_task, dag_id: Email_test_dag, start_date: 2024-07-14 01:08:09.443477+00:00, job_id: 1988, pid: 1263, hostname: a9aa3835bb3f, unixname: default
[2024-07-14T02:46:46.387+0000] {extend_run_dags_monitor.py:40} INFO - task_id: fail_task, dag_id: Email_test_dag, start_date: 2024-07-14 01:08:09.434796+00:00, job_id: 1986, pid: 1262, hostname: a9aa3835bb3f, unixname: default
[2024-07-14T02:46:46.390+0000] {extend_run_dags_monitor.py:40} INFO - task_id: fail_task, dag_id: Email_test_dag, start_date: 2024-07-14 01:08:09.429516+00:00, job_id: 1987, pid: 1261, hostname: a9aa3835bb3f, unixname: default
[2024-07-14T02:46:46.391+0000] {extend_run_dags_monitor.py:40} INFO - task_id: fail_task, dag_id: Email_test_dag, start_date: 2024-07-14 01:08:09.462353+00:00, job_id: 1989, pid: 1266, hostname: a9aa3835bb3f, unixname: default
[2024-07-14T02:46:46.392+0000] {extend_run_dags_monitor.py:40} INFO - task_id: fail_task, dag_id: Email_test_dag, start_date: 2024-07-14 01:08:09.471784+00:00, job_id: 1992, pid: 1267, hostname: a9aa3835bb3f, unixname: default
[2024-07-14T02:46:46.393+0000] {extend_run_dags_monitor.py:45} INFO - Sending this tasks to shutdown: ['fail_task', 'fail_task', 'fail_task', 'fail_task', 'fail_task', 'fail_task', 'fail_task']
[2024-07-14T02:46:46.402+0000] {python.py:237} INFO - Done. Returned value was: None
[2024-07-14T02:46:46.404+0000] {taskinstance.py:441} INFO - ::group::Post task execution logs
[2024-07-14T02:46:46.411+0000] {taskinstance.py:1206} INFO - Marking task as SUCCESS. dag_id=Extend_Run_Dags_Monitor, task_id=stop_long_running_tasks, run_id=scheduled__2024-07-14T01:15:00+00:00, execution_date=20240714T011500, start_date=20240714T024646, end_date=20240714T024646
[2024-07-14T02:46:46.446+0000] {local_task_job_runner.py:240} INFO - Task exited with return code 0
[2024-07-14T02:46:46.457+0000] {taskinstance.py:3503} INFO - 0 downstream tasks scheduled from follow-on schedule check
[2024-07-14T02:46:46.459+0000] {local_task_job_runner.py:222} INFO - ::endgroup::
