[2024-07-09T10:15:03.892+0000] {local_task_job_runner.py:120} INFO - ::group::Pre task execution logs
[2024-07-09T10:15:03.909+0000] {taskinstance.py:2076} INFO - Dependencies all met for dep_context=non-requeueable deps ti=<TaskInstance: Fail_Dags_Monitor.load scheduled__2024-07-09T09:15:00+00:00 [queued]>
[2024-07-09T10:15:03.914+0000] {taskinstance.py:2076} INFO - Dependencies all met for dep_context=requeueable deps ti=<TaskInstance: Fail_Dags_Monitor.load scheduled__2024-07-09T09:15:00+00:00 [queued]>
[2024-07-09T10:15:03.914+0000] {taskinstance.py:2306} INFO - Starting attempt 1 of 3
[2024-07-09T10:15:03.920+0000] {taskinstance.py:2330} INFO - Executing <Task(PythonOperator): load> on 2024-07-09 09:15:00+00:00
[2024-07-09T10:15:03.925+0000] {logging_mixin.py:188} WARNING - /home/***/.local/lib/python3.12/site-packages/***/task/task_runner/standard_task_runner.py:61 DeprecationWarning: This process (pid=32416) is multi-threaded, use of fork() may lead to deadlocks in the child.
[2024-07-09T10:15:03.926+0000] {standard_task_runner.py:63} INFO - Started process 32418 to run task
[2024-07-09T10:15:03.925+0000] {standard_task_runner.py:90} INFO - Running: ['***', 'tasks', 'run', 'Fail_Dags_Monitor', 'load', 'scheduled__2024-07-09T09:15:00+00:00', '--job-id', '3135', '--raw', '--subdir', 'DAGS_FOLDER/fail_dags_monitor.py', '--cfg-path', '/tmp/tmpcecsp29r']
[2024-07-09T10:15:03.927+0000] {standard_task_runner.py:91} INFO - Job 3135: Subtask load
[2024-07-09T10:15:03.951+0000] {task_command.py:426} INFO - Running <TaskInstance: Fail_Dags_Monitor.load scheduled__2024-07-09T09:15:00+00:00 [running]> on host ec4fc0d2456a
[2024-07-09T10:15:03.996+0000] {taskinstance.py:2648} INFO - Exporting env vars: AIRFLOW_CTX_DAG_OWNER='congminh.nguyen@onpoint.vn' AIRFLOW_CTX_DAG_ID='Fail_Dags_Monitor' AIRFLOW_CTX_TASK_ID='load' AIRFLOW_CTX_EXECUTION_DATE='2024-07-09T09:15:00+00:00' AIRFLOW_CTX_TRY_NUMBER='1' AIRFLOW_CTX_DAG_RUN_ID='scheduled__2024-07-09T09:15:00+00:00'
[2024-07-09T10:15:03.997+0000] {taskinstance.py:430} INFO - ::endgroup::
[2024-07-09T10:15:04.159+0000] {dagbag.py:545} INFO - Filling up the DagBag from /opt/***/dags
[2024-07-09T10:15:05.170+0000] {logging_mixin.py:188} INFO - Successfully connect to database!
[2024-07-09T10:15:05.862+0000] {logging_mixin.py:188} INFO - Insert time: 0.6901388168334961 seconds
[2024-07-09T10:15:05.865+0000] {python.py:237} INFO - Done. Returned value was: None
[2024-07-09T10:15:05.866+0000] {taskinstance.py:441} INFO - ::group::Post task execution logs
[2024-07-09T10:15:05.877+0000] {taskinstance.py:1206} INFO - Marking task as SUCCESS. dag_id=Fail_Dags_Monitor, task_id=load, run_id=scheduled__2024-07-09T09:15:00+00:00, execution_date=20240709T091500, start_date=20240709T101503, end_date=20240709T101505
[2024-07-09T10:15:05.910+0000] {local_task_job_runner.py:240} INFO - Task exited with return code 0
[2024-07-09T10:15:05.926+0000] {taskinstance.py:3503} INFO - 0 downstream tasks scheduled from follow-on schedule check
[2024-07-09T10:15:05.927+0000] {local_task_job_runner.py:222} INFO - ::endgroup::
