[2024-07-14T07:40:56.712+0000] {local_task_job_runner.py:120} INFO - ::group::Pre task execution logs
[2024-07-14T07:40:56.740+0000] {taskinstance.py:2076} INFO - Dependencies all met for dep_context=non-requeueable deps ti=<TaskInstance: Extend_Run_Dags_Monitor.stop_long_running_tasks scheduled__2024-07-14T05:15:00+00:00 [queued]>
[2024-07-14T07:40:56.747+0000] {taskinstance.py:2076} INFO - Dependencies all met for dep_context=requeueable deps ti=<TaskInstance: Extend_Run_Dags_Monitor.stop_long_running_tasks scheduled__2024-07-14T05:15:00+00:00 [queued]>
[2024-07-14T07:40:56.748+0000] {taskinstance.py:2306} INFO - Starting attempt 1 of 3
[2024-07-14T07:40:56.764+0000] {taskinstance.py:2330} INFO - Executing <Task(PythonOperator): stop_long_running_tasks> on 2024-07-14 05:15:00+00:00
[2024-07-14T07:40:56.775+0000] {logging_mixin.py:188} WARNING - /home/***/.local/lib/python3.12/site-packages/***/task/task_runner/standard_task_runner.py:61 DeprecationWarning: This process (pid=1522) is multi-threaded, use of fork() may lead to deadlocks in the child.
[2024-07-14T07:40:56.775+0000] {standard_task_runner.py:90} INFO - Running: ['***', 'tasks', 'run', 'Extend_Run_Dags_Monitor', 'stop_long_running_tasks', 'scheduled__2024-07-14T05:15:00+00:00', '--job-id', '2042', '--raw', '--subdir', 'DAGS_FOLDER/extend_run_dags_monitor.py', '--cfg-path', '/tmp/tmpjug15khg']
[2024-07-14T07:40:56.776+0000] {standard_task_runner.py:63} INFO - Started process 1533 to run task
[2024-07-14T07:40:56.778+0000] {standard_task_runner.py:91} INFO - Job 2042: Subtask stop_long_running_tasks
[2024-07-14T07:40:56.821+0000] {task_command.py:426} INFO - Running <TaskInstance: Extend_Run_Dags_Monitor.stop_long_running_tasks scheduled__2024-07-14T05:15:00+00:00 [running]> on host a9aa3835bb3f
[2024-07-14T07:40:56.912+0000] {taskinstance.py:2648} INFO - Exporting env vars: AIRFLOW_CTX_DAG_OWNER='congminh.nguyen@ponpoint.vn' AIRFLOW_CTX_DAG_ID='Extend_Run_Dags_Monitor' AIRFLOW_CTX_TASK_ID='stop_long_running_tasks' AIRFLOW_CTX_EXECUTION_DATE='2024-07-14T05:15:00+00:00' AIRFLOW_CTX_TRY_NUMBER='1' AIRFLOW_CTX_DAG_RUN_ID='scheduled__2024-07-14T05:15:00+00:00'
[2024-07-14T07:40:56.915+0000] {taskinstance.py:430} INFO - ::endgroup::
[2024-07-14T07:40:56.938+0000] {extend_run_dags_monitor.py:32} INFO - max_running_time: 0
[2024-07-14T07:40:56.952+0000] {extend_run_dags_monitor.py:40} INFO - task_id: fail_task, dag_id: Email_test_dag, start_date: 2024-07-14 06:02:55.598097+00:00, job_id: 2032, pid: 1485, hostname: a9aa3835bb3f, unixname: default
[2024-07-14T07:40:56.954+0000] {extend_run_dags_monitor.py:40} INFO - task_id: fail_task, dag_id: Email_test_dag, start_date: 2024-07-14 06:02:55.714072+00:00, job_id: 2034, pid: 1487, hostname: a9aa3835bb3f, unixname: default
[2024-07-14T07:40:56.955+0000] {extend_run_dags_monitor.py:40} INFO - task_id: fail_task, dag_id: Email_test_dag, start_date: 2024-07-14 06:02:58.531602+00:00, job_id: 2039, pid: 1499, hostname: a9aa3835bb3f, unixname: default
[2024-07-14T07:40:56.956+0000] {extend_run_dags_monitor.py:40} INFO - task_id: fail_task, dag_id: Email_test_dag, start_date: 2024-07-14 06:03:00.743967+00:00, job_id: 2040, pid: 1502, hostname: a9aa3835bb3f, unixname: default
[2024-07-14T07:40:56.958+0000] {extend_run_dags_monitor.py:45} INFO - Sending this tasks to shutdown: ['fail_task', 'fail_task', 'fail_task', 'fail_task']
[2024-07-14T07:40:56.973+0000] {python.py:237} INFO - Done. Returned value was: None
[2024-07-14T07:40:56.974+0000] {taskinstance.py:441} INFO - ::group::Post task execution logs
[2024-07-14T07:40:56.985+0000] {taskinstance.py:1206} INFO - Marking task as SUCCESS. dag_id=Extend_Run_Dags_Monitor, task_id=stop_long_running_tasks, run_id=scheduled__2024-07-14T05:15:00+00:00, execution_date=20240714T051500, start_date=20240714T074056, end_date=20240714T074056
[2024-07-14T07:40:57.004+0000] {local_task_job_runner.py:240} INFO - Task exited with return code 0
[2024-07-14T07:40:57.015+0000] {taskinstance.py:3503} INFO - 0 downstream tasks scheduled from follow-on schedule check
[2024-07-14T07:40:57.016+0000] {local_task_job_runner.py:222} INFO - ::endgroup::
