[2024-07-06T12:15:00.236+0000] {local_task_job_runner.py:120} INFO - ::group::Pre task execution logs
[2024-07-06T12:15:00.256+0000] {taskinstance.py:2076} INFO - Dependencies all met for dep_context=non-requeueable deps ti=<TaskInstance: Extend_Run_Dags_Monitor.stop_long_running_tasks scheduled__2024-07-06T11:15:00+00:00 [queued]>
[2024-07-06T12:15:00.262+0000] {taskinstance.py:2076} INFO - Dependencies all met for dep_context=requeueable deps ti=<TaskInstance: Extend_Run_Dags_Monitor.stop_long_running_tasks scheduled__2024-07-06T11:15:00+00:00 [queued]>
[2024-07-06T12:15:00.263+0000] {taskinstance.py:2306} INFO - Starting attempt 1 of 3
[2024-07-06T12:15:00.276+0000] {taskinstance.py:2330} INFO - Executing <Task(PythonOperator): stop_long_running_tasks> on 2024-07-06 11:15:00+00:00
[2024-07-06T12:15:00.287+0000] {standard_task_runner.py:90} INFO - Running: ['***', 'tasks', 'run', 'Extend_Run_Dags_Monitor', 'stop_long_running_tasks', 'scheduled__2024-07-06T11:15:00+00:00', '--job-id', '803', '--raw', '--subdir', 'DAGS_FOLDER/extend_run_dags_monitor.py', '--cfg-path', '/tmp/tmpiyp9l5y3']
[2024-07-06T12:15:00.289+0000] {logging_mixin.py:188} WARNING - /home/***/.local/lib/python3.12/site-packages/***/task/task_runner/standard_task_runner.py:61 DeprecationWarning: This process (pid=56028) is multi-threaded, use of fork() may lead to deadlocks in the child.
[2024-07-06T12:15:00.290+0000] {standard_task_runner.py:91} INFO - Job 803: Subtask stop_long_running_tasks
[2024-07-06T12:15:00.290+0000] {standard_task_runner.py:63} INFO - Started process 56030 to run task
[2024-07-06T12:15:00.331+0000] {task_command.py:426} INFO - Running <TaskInstance: Extend_Run_Dags_Monitor.stop_long_running_tasks scheduled__2024-07-06T11:15:00+00:00 [running]> on host 0b64c9d791b9
[2024-07-06T12:15:00.381+0000] {taskinstance.py:2648} INFO - Exporting env vars: AIRFLOW_CTX_DAG_OWNER='congminh.nguyen@ponpoint.vn' AIRFLOW_CTX_DAG_ID='Extend_Run_Dags_Monitor' AIRFLOW_CTX_TASK_ID='stop_long_running_tasks' AIRFLOW_CTX_EXECUTION_DATE='2024-07-06T11:15:00+00:00' AIRFLOW_CTX_TRY_NUMBER='1' AIRFLOW_CTX_DAG_RUN_ID='scheduled__2024-07-06T11:15:00+00:00'
[2024-07-06T12:15:00.382+0000] {taskinstance.py:430} INFO - ::endgroup::
[2024-07-06T12:15:00.394+0000] {extend_run_dags_monitor.py:32} INFO - max_running_time: 0
[2024-07-06T12:15:00.401+0000] {extend_run_dags_monitor.py:48} INFO - Nothing to clean
[2024-07-06T12:15:00.401+0000] {python.py:237} INFO - Done. Returned value was: None
[2024-07-06T12:15:00.402+0000] {taskinstance.py:441} INFO - ::group::Post task execution logs
[2024-07-06T12:15:00.407+0000] {taskinstance.py:1206} INFO - Marking task as SUCCESS. dag_id=Extend_Run_Dags_Monitor, task_id=stop_long_running_tasks, run_id=scheduled__2024-07-06T11:15:00+00:00, execution_date=20240706T111500, start_date=20240706T121500, end_date=20240706T121500
[2024-07-06T12:15:00.435+0000] {local_task_job_runner.py:240} INFO - Task exited with return code 0
[2024-07-06T12:15:00.445+0000] {taskinstance.py:3503} INFO - 0 downstream tasks scheduled from follow-on schedule check
[2024-07-06T12:15:00.446+0000] {local_task_job_runner.py:222} INFO - ::endgroup::
