[2024-07-08T07:17:55.344+0000] {local_task_job_runner.py:120} INFO - ::group::Pre task execution logs
[2024-07-08T07:17:55.365+0000] {taskinstance.py:2076} INFO - Dependencies all met for dep_context=non-requeueable deps ti=<TaskInstance: Fail_Dags_Monitor.load scheduled__2024-07-05T20:15:00+00:00 [queued]>
[2024-07-08T07:17:55.371+0000] {taskinstance.py:2076} INFO - Dependencies all met for dep_context=requeueable deps ti=<TaskInstance: Fail_Dags_Monitor.load scheduled__2024-07-05T20:15:00+00:00 [queued]>
[2024-07-08T07:17:55.371+0000] {taskinstance.py:2306} INFO - Starting attempt 4 of 6
[2024-07-08T07:17:55.378+0000] {taskinstance.py:2330} INFO - Executing <Task(PythonOperator): load> on 2024-07-05 20:15:00+00:00
[2024-07-08T07:17:55.384+0000] {logging_mixin.py:188} WARNING - /home/***/.local/lib/python3.12/site-packages/***/task/task_runner/standard_task_runner.py:61 DeprecationWarning: This process (pid=6893) is multi-threaded, use of fork() may lead to deadlocks in the child.
[2024-07-08T07:17:55.385+0000] {standard_task_runner.py:63} INFO - Started process 6895 to run task
[2024-07-08T07:17:55.384+0000] {standard_task_runner.py:90} INFO - Running: ['***', 'tasks', 'run', 'Fail_Dags_Monitor', 'load', 'scheduled__2024-07-05T20:15:00+00:00', '--job-id', '1489', '--raw', '--subdir', 'DAGS_FOLDER/fail_dags_monitor.py', '--cfg-path', '/tmp/tmpnft87ee5']
[2024-07-08T07:17:55.386+0000] {standard_task_runner.py:91} INFO - Job 1489: Subtask load
[2024-07-08T07:17:55.416+0000] {task_command.py:426} INFO - Running <TaskInstance: Fail_Dags_Monitor.load scheduled__2024-07-05T20:15:00+00:00 [running]> on host b50f11f07b36
[2024-07-08T07:17:55.471+0000] {taskinstance.py:2648} INFO - Exporting env vars: AIRFLOW_CTX_DAG_OWNER='congminh.nguyen@onpoint.vn' AIRFLOW_CTX_DAG_ID='Fail_Dags_Monitor' AIRFLOW_CTX_TASK_ID='load' AIRFLOW_CTX_EXECUTION_DATE='2024-07-05T20:15:00+00:00' AIRFLOW_CTX_TRY_NUMBER='4' AIRFLOW_CTX_DAG_RUN_ID='scheduled__2024-07-05T20:15:00+00:00'
[2024-07-08T07:17:55.472+0000] {taskinstance.py:430} INFO - ::endgroup::
[2024-07-08T07:17:55.658+0000] {dagbag.py:545} INFO - Filling up the DagBag from /opt/***/dags
[2024-07-08T07:17:56.162+0000] {logging_mixin.py:188} INFO - Successfully connect to database!
[2024-07-08T07:17:57.337+0000] {logging_mixin.py:188} INFO - Insert time: 1.1726083755493164 seconds
[2024-07-08T07:17:57.338+0000] {python.py:237} INFO - Done. Returned value was: None
[2024-07-08T07:17:57.338+0000] {taskinstance.py:441} INFO - ::group::Post task execution logs
[2024-07-08T07:17:57.344+0000] {taskinstance.py:1206} INFO - Marking task as SUCCESS. dag_id=Fail_Dags_Monitor, task_id=load, run_id=scheduled__2024-07-05T20:15:00+00:00, execution_date=20240705T201500, start_date=20240708T071755, end_date=20240708T071757
[2024-07-08T07:17:57.373+0000] {local_task_job_runner.py:240} INFO - Task exited with return code 0
[2024-07-08T07:17:57.384+0000] {taskinstance.py:3503} INFO - 0 downstream tasks scheduled from follow-on schedule check
[2024-07-08T07:17:57.385+0000] {local_task_job_runner.py:222} INFO - ::endgroup::
