[2024-07-09T02:43:57.160+0000] {local_task_job_runner.py:120} INFO - ::group::Pre task execution logs
[2024-07-09T02:43:57.178+0000] {taskinstance.py:2076} INFO - Dependencies all met for dep_context=non-requeueable deps ti=<TaskInstance: Fail_Dags_Monitor.load manual__2024-07-09T02:43:53.210094+00:00 [queued]>
[2024-07-09T02:43:57.182+0000] {taskinstance.py:2076} INFO - Dependencies all met for dep_context=requeueable deps ti=<TaskInstance: Fail_Dags_Monitor.load manual__2024-07-09T02:43:53.210094+00:00 [queued]>
[2024-07-09T02:43:57.183+0000] {taskinstance.py:2306} INFO - Starting attempt 1 of 3
[2024-07-09T02:43:57.190+0000] {taskinstance.py:2330} INFO - Executing <Task(PythonOperator): load> on 2024-07-09 02:43:53.210094+00:00
[2024-07-09T02:43:57.198+0000] {logging_mixin.py:188} WARNING - /home/***/.local/lib/python3.12/site-packages/***/task/task_runner/standard_task_runner.py:61 DeprecationWarning: This process (pid=11382) is multi-threaded, use of fork() may lead to deadlocks in the child.
[2024-07-09T02:43:57.196+0000] {standard_task_runner.py:90} INFO - Running: ['***', 'tasks', 'run', 'Fail_Dags_Monitor', 'load', 'manual__2024-07-09T02:43:53.210094+00:00', '--job-id', '2242', '--raw', '--subdir', 'DAGS_FOLDER/fail_dags_monitor.py', '--cfg-path', '/tmp/tmp2k5hlw94']
[2024-07-09T02:43:57.199+0000] {standard_task_runner.py:63} INFO - Started process 11384 to run task
[2024-07-09T02:43:57.199+0000] {standard_task_runner.py:91} INFO - Job 2242: Subtask load
[2024-07-09T02:43:57.231+0000] {task_command.py:426} INFO - Running <TaskInstance: Fail_Dags_Monitor.load manual__2024-07-09T02:43:53.210094+00:00 [running]> on host ec4fc0d2456a
[2024-07-09T02:43:57.283+0000] {taskinstance.py:2648} INFO - Exporting env vars: AIRFLOW_CTX_DAG_OWNER='congminh.nguyen@onpoint.vn' AIRFLOW_CTX_DAG_ID='Fail_Dags_Monitor' AIRFLOW_CTX_TASK_ID='load' AIRFLOW_CTX_EXECUTION_DATE='2024-07-09T02:43:53.210094+00:00' AIRFLOW_CTX_TRY_NUMBER='1' AIRFLOW_CTX_DAG_RUN_ID='manual__2024-07-09T02:43:53.210094+00:00'
[2024-07-09T02:43:57.284+0000] {taskinstance.py:430} INFO - ::endgroup::
[2024-07-09T02:43:57.410+0000] {dagbag.py:545} INFO - Filling up the DagBag from /opt/***/dags
[2024-07-09T02:43:58.123+0000] {logging_mixin.py:188} INFO - Successfully connect to database!
[2024-07-09T02:43:58.734+0000] {logging_mixin.py:188} INFO - Insert time: 0.6080923080444336 seconds
[2024-07-09T02:43:58.735+0000] {python.py:237} INFO - Done. Returned value was: None
[2024-07-09T02:43:58.736+0000] {taskinstance.py:441} INFO - ::group::Post task execution logs
[2024-07-09T02:43:58.745+0000] {taskinstance.py:1206} INFO - Marking task as SUCCESS. dag_id=Fail_Dags_Monitor, task_id=load, run_id=manual__2024-07-09T02:43:53.210094+00:00, execution_date=20240709T024353, start_date=20240709T024357, end_date=20240709T024358
[2024-07-09T02:43:58.776+0000] {local_task_job_runner.py:240} INFO - Task exited with return code 0
[2024-07-09T02:43:58.796+0000] {taskinstance.py:3503} INFO - 0 downstream tasks scheduled from follow-on schedule check
[2024-07-09T02:43:58.797+0000] {local_task_job_runner.py:222} INFO - ::endgroup::
