[2024-07-22T02:31:30.313+0000] {local_task_job_runner.py:120} INFO - ::group::Pre task execution logs
[2024-07-22T02:31:30.333+0000] {taskinstance.py:2076} INFO - Dependencies all met for dep_context=non-requeueable deps ti=<TaskInstance: Fail_Dags_Monitor.load scheduled__2024-07-22T01:15:00+00:00 [queued]>
[2024-07-22T02:31:30.337+0000] {taskinstance.py:2076} INFO - Dependencies all met for dep_context=requeueable deps ti=<TaskInstance: Fail_Dags_Monitor.load scheduled__2024-07-22T01:15:00+00:00 [queued]>
[2024-07-22T02:31:30.337+0000] {taskinstance.py:2306} INFO - Starting attempt 3 of 3
[2024-07-22T02:31:30.344+0000] {taskinstance.py:2330} INFO - Executing <Task(PythonOperator): load> on 2024-07-22 01:15:00+00:00
[2024-07-22T02:31:30.349+0000] {logging_mixin.py:188} WARNING - /home/***/.local/lib/python3.12/site-packages/***/task/task_runner/standard_task_runner.py:61 DeprecationWarning: This process (pid=1670) is multi-threaded, use of fork() may lead to deadlocks in the child.
[2024-07-22T02:31:30.350+0000] {standard_task_runner.py:63} INFO - Started process 1672 to run task
[2024-07-22T02:31:30.350+0000] {standard_task_runner.py:90} INFO - Running: ['***', 'tasks', 'run', 'Fail_Dags_Monitor', 'load', 'scheduled__2024-07-22T01:15:00+00:00', '--job-id', '2975', '--raw', '--subdir', 'DAGS_FOLDER/fail_dags_monitor.py', '--cfg-path', '/tmp/tmpc4l0ugtk']
[2024-07-22T02:31:30.352+0000] {standard_task_runner.py:91} INFO - Job 2975: Subtask load
[2024-07-22T02:31:30.410+0000] {task_command.py:426} INFO - Running <TaskInstance: Fail_Dags_Monitor.load scheduled__2024-07-22T01:15:00+00:00 [running]> on host 159800ebe1e5
[2024-07-22T02:31:30.513+0000] {taskinstance.py:2648} INFO - Exporting env vars: AIRFLOW_CTX_DAG_OWNER='congminh.nguyen@onpoint.vn' AIRFLOW_CTX_DAG_ID='Fail_Dags_Monitor' AIRFLOW_CTX_TASK_ID='load' AIRFLOW_CTX_EXECUTION_DATE='2024-07-22T01:15:00+00:00' AIRFLOW_CTX_TRY_NUMBER='3' AIRFLOW_CTX_DAG_RUN_ID='scheduled__2024-07-22T01:15:00+00:00'
[2024-07-22T02:31:30.514+0000] {taskinstance.py:430} INFO - ::endgroup::
[2024-07-22T02:31:30.645+0000] {dagbag.py:545} INFO - Filling up the DagBag from /opt/***/dags
[2024-07-22T02:31:30.992+0000] {logging_mixin.py:188} INFO - Successfully connect to database!
[2024-07-22T02:31:31.423+0000] {logging_mixin.py:188} INFO - Insert time: 0.4300343990325928 seconds
[2024-07-22T02:31:31.426+0000] {python.py:237} INFO - Done. Returned value was: None
[2024-07-22T02:31:31.427+0000] {taskinstance.py:441} INFO - ::group::Post task execution logs
[2024-07-22T02:31:31.443+0000] {taskinstance.py:1206} INFO - Marking task as SUCCESS. dag_id=Fail_Dags_Monitor, task_id=load, run_id=scheduled__2024-07-22T01:15:00+00:00, execution_date=20240722T011500, start_date=20240722T023130, end_date=20240722T023131
[2024-07-22T02:31:31.473+0000] {local_task_job_runner.py:240} INFO - Task exited with return code 0
[2024-07-22T02:31:31.487+0000] {taskinstance.py:3503} INFO - 0 downstream tasks scheduled from follow-on schedule check
[2024-07-22T02:31:31.488+0000] {local_task_job_runner.py:222} INFO - ::endgroup::
