[2024-07-10T09:19:34.985+0000] {local_task_job_runner.py:120} INFO - ::group::Pre task execution logs
[2024-07-10T09:19:34.999+0000] {taskinstance.py:2076} INFO - Dependencies all met for dep_context=non-requeueable deps ti=<TaskInstance: Extend_Run_Dags_Monitor.stop_long_running_tasks scheduled__2024-07-10T08:15:00+00:00 [queued]>
[2024-07-10T09:19:35.002+0000] {taskinstance.py:2076} INFO - Dependencies all met for dep_context=requeueable deps ti=<TaskInstance: Extend_Run_Dags_Monitor.stop_long_running_tasks scheduled__2024-07-10T08:15:00+00:00 [queued]>
[2024-07-10T09:19:35.002+0000] {taskinstance.py:2306} INFO - Starting attempt 1 of 3
[2024-07-10T09:19:35.007+0000] {taskinstance.py:2330} INFO - Executing <Task(PythonOperator): stop_long_running_tasks> on 2024-07-10 08:15:00+00:00
[2024-07-10T09:19:35.010+0000] {standard_task_runner.py:90} INFO - Running: ['***', 'tasks', 'run', 'Extend_Run_Dags_Monitor', 'stop_long_running_tasks', 'scheduled__2024-07-10T08:15:00+00:00', '--job-id', '4', '--raw', '--subdir', 'DAGS_FOLDER/extend_run_dags_monitor.py', '--cfg-path', '/tmp/tmpiny23ezk']
[2024-07-10T09:19:35.011+0000] {standard_task_runner.py:91} INFO - Job 4: Subtask stop_long_running_tasks
[2024-07-10T09:19:35.011+0000] {logging_mixin.py:188} WARNING - /home/***/.local/lib/python3.12/site-packages/***/task/task_runner/standard_task_runner.py:61 DeprecationWarning: This process (pid=382) is multi-threaded, use of fork() may lead to deadlocks in the child.
[2024-07-10T09:19:35.011+0000] {standard_task_runner.py:63} INFO - Started process 383 to run task
[2024-07-10T09:19:35.030+0000] {task_command.py:426} INFO - Running <TaskInstance: Extend_Run_Dags_Monitor.stop_long_running_tasks scheduled__2024-07-10T08:15:00+00:00 [running]> on host 7a07930ea90d
[2024-07-10T09:19:35.062+0000] {taskinstance.py:2648} INFO - Exporting env vars: AIRFLOW_CTX_DAG_OWNER='congminh.nguyen@ponpoint.vn' AIRFLOW_CTX_DAG_ID='Extend_Run_Dags_Monitor' AIRFLOW_CTX_TASK_ID='stop_long_running_tasks' AIRFLOW_CTX_EXECUTION_DATE='2024-07-10T08:15:00+00:00' AIRFLOW_CTX_TRY_NUMBER='1' AIRFLOW_CTX_DAG_RUN_ID='scheduled__2024-07-10T08:15:00+00:00'
[2024-07-10T09:19:35.062+0000] {taskinstance.py:430} INFO - ::endgroup::
[2024-07-10T09:19:35.070+0000] {extend_run_dags_monitor.py:32} INFO - max_running_time: 0
[2024-07-10T09:19:35.074+0000] {extend_run_dags_monitor.py:48} INFO - Nothing to clean
[2024-07-10T09:19:35.075+0000] {python.py:237} INFO - Done. Returned value was: None
[2024-07-10T09:19:35.075+0000] {taskinstance.py:441} INFO - ::group::Post task execution logs
[2024-07-10T09:19:35.079+0000] {taskinstance.py:1206} INFO - Marking task as SUCCESS. dag_id=Extend_Run_Dags_Monitor, task_id=stop_long_running_tasks, run_id=scheduled__2024-07-10T08:15:00+00:00, execution_date=20240710T081500, start_date=20240710T091934, end_date=20240710T091935
[2024-07-10T09:19:35.110+0000] {local_task_job_runner.py:240} INFO - Task exited with return code 0
[2024-07-10T09:19:35.119+0000] {taskinstance.py:3503} INFO - 0 downstream tasks scheduled from follow-on schedule check
[2024-07-10T09:19:35.120+0000] {local_task_job_runner.py:222} INFO - ::endgroup::
[2024-07-10T09:40:48.583+0000] {local_task_job_runner.py:120} INFO - ::group::Pre task execution logs
[2024-07-10T09:40:48.598+0000] {taskinstance.py:2076} INFO - Dependencies all met for dep_context=non-requeueable deps ti=<TaskInstance: Extend_Run_Dags_Monitor.stop_long_running_tasks scheduled__2024-07-10T08:15:00+00:00 [queued]>
[2024-07-10T09:40:48.602+0000] {taskinstance.py:2076} INFO - Dependencies all met for dep_context=requeueable deps ti=<TaskInstance: Extend_Run_Dags_Monitor.stop_long_running_tasks scheduled__2024-07-10T08:15:00+00:00 [queued]>
[2024-07-10T09:40:48.603+0000] {taskinstance.py:2306} INFO - Starting attempt 1 of 3
[2024-07-10T09:40:48.608+0000] {taskinstance.py:2330} INFO - Executing <Task(PythonOperator): stop_long_running_tasks> on 2024-07-10 08:15:00+00:00
[2024-07-10T09:40:48.613+0000] {standard_task_runner.py:90} INFO - Running: ['***', 'tasks', 'run', 'Extend_Run_Dags_Monitor', 'stop_long_running_tasks', 'scheduled__2024-07-10T08:15:00+00:00', '--job-id', '4', '--raw', '--subdir', 'DAGS_FOLDER/extend_run_dags_monitor.py', '--cfg-path', '/tmp/tmp9i_9gtwr']
[2024-07-10T09:40:48.614+0000] {logging_mixin.py:188} WARNING - /home/***/.local/lib/python3.12/site-packages/***/task/task_runner/standard_task_runner.py:61 DeprecationWarning: This process (pid=190) is multi-threaded, use of fork() may lead to deadlocks in the child.
[2024-07-10T09:40:48.615+0000] {standard_task_runner.py:91} INFO - Job 4: Subtask stop_long_running_tasks
[2024-07-10T09:40:48.615+0000] {standard_task_runner.py:63} INFO - Started process 193 to run task
[2024-07-10T09:40:48.642+0000] {task_command.py:426} INFO - Running <TaskInstance: Extend_Run_Dags_Monitor.stop_long_running_tasks scheduled__2024-07-10T08:15:00+00:00 [running]> on host 01d6e865dc01
[2024-07-10T09:40:48.679+0000] {taskinstance.py:2648} INFO - Exporting env vars: AIRFLOW_CTX_DAG_OWNER='congminh.nguyen@ponpoint.vn' AIRFLOW_CTX_DAG_ID='Extend_Run_Dags_Monitor' AIRFLOW_CTX_TASK_ID='stop_long_running_tasks' AIRFLOW_CTX_EXECUTION_DATE='2024-07-10T08:15:00+00:00' AIRFLOW_CTX_TRY_NUMBER='1' AIRFLOW_CTX_DAG_RUN_ID='scheduled__2024-07-10T08:15:00+00:00'
[2024-07-10T09:40:48.679+0000] {taskinstance.py:430} INFO - ::endgroup::
[2024-07-10T09:40:48.690+0000] {extend_run_dags_monitor.py:32} INFO - max_running_time: 0
[2024-07-10T09:40:48.697+0000] {extend_run_dags_monitor.py:48} INFO - Nothing to clean
[2024-07-10T09:40:48.698+0000] {python.py:237} INFO - Done. Returned value was: None
[2024-07-10T09:40:48.698+0000] {taskinstance.py:441} INFO - ::group::Post task execution logs
[2024-07-10T09:40:48.708+0000] {taskinstance.py:1206} INFO - Marking task as SUCCESS. dag_id=Extend_Run_Dags_Monitor, task_id=stop_long_running_tasks, run_id=scheduled__2024-07-10T08:15:00+00:00, execution_date=20240710T081500, start_date=20240710T094048, end_date=20240710T094048
[2024-07-10T09:40:48.754+0000] {local_task_job_runner.py:240} INFO - Task exited with return code 0
[2024-07-10T09:40:48.763+0000] {taskinstance.py:3503} INFO - 0 downstream tasks scheduled from follow-on schedule check
[2024-07-10T09:40:48.764+0000] {local_task_job_runner.py:222} INFO - ::endgroup::
[2024-07-10T10:04:34.267+0000] {local_task_job_runner.py:120} INFO - ::group::Pre task execution logs
[2024-07-10T10:04:34.289+0000] {taskinstance.py:2076} INFO - Dependencies all met for dep_context=non-requeueable deps ti=<TaskInstance: Extend_Run_Dags_Monitor.stop_long_running_tasks scheduled__2024-07-10T08:15:00+00:00 [queued]>
[2024-07-10T10:04:34.293+0000] {taskinstance.py:2076} INFO - Dependencies all met for dep_context=requeueable deps ti=<TaskInstance: Extend_Run_Dags_Monitor.stop_long_running_tasks scheduled__2024-07-10T08:15:00+00:00 [queued]>
[2024-07-10T10:04:34.294+0000] {taskinstance.py:2306} INFO - Starting attempt 1 of 3
[2024-07-10T10:04:34.301+0000] {taskinstance.py:2330} INFO - Executing <Task(PythonOperator): stop_long_running_tasks> on 2024-07-10 08:15:00+00:00
[2024-07-10T10:04:34.306+0000] {logging_mixin.py:188} WARNING - /home/***/.local/lib/python3.12/site-packages/***/task/task_runner/standard_task_runner.py:61 DeprecationWarning: This process (pid=252) is multi-threaded, use of fork() may lead to deadlocks in the child.
[2024-07-10T10:04:34.305+0000] {standard_task_runner.py:90} INFO - Running: ['***', 'tasks', 'run', 'Extend_Run_Dags_Monitor', 'stop_long_running_tasks', 'scheduled__2024-07-10T08:15:00+00:00', '--job-id', '4', '--raw', '--subdir', 'DAGS_FOLDER/extend_run_dags_monitor.py', '--cfg-path', '/tmp/tmpr_58sx1r']
[2024-07-10T10:04:34.307+0000] {standard_task_runner.py:63} INFO - Started process 254 to run task
[2024-07-10T10:04:34.307+0000] {standard_task_runner.py:91} INFO - Job 4: Subtask stop_long_running_tasks
[2024-07-10T10:04:34.338+0000] {task_command.py:426} INFO - Running <TaskInstance: Extend_Run_Dags_Monitor.stop_long_running_tasks scheduled__2024-07-10T08:15:00+00:00 [running]> on host 886d6fa7a515
[2024-07-10T10:04:34.398+0000] {taskinstance.py:2648} INFO - Exporting env vars: AIRFLOW_CTX_DAG_OWNER='congminh.nguyen@ponpoint.vn' AIRFLOW_CTX_DAG_ID='Extend_Run_Dags_Monitor' AIRFLOW_CTX_TASK_ID='stop_long_running_tasks' AIRFLOW_CTX_EXECUTION_DATE='2024-07-10T08:15:00+00:00' AIRFLOW_CTX_TRY_NUMBER='1' AIRFLOW_CTX_DAG_RUN_ID='scheduled__2024-07-10T08:15:00+00:00'
[2024-07-10T10:04:34.399+0000] {taskinstance.py:430} INFO - ::endgroup::
[2024-07-10T10:04:34.411+0000] {extend_run_dags_monitor.py:32} INFO - max_running_time: 0
[2024-07-10T10:04:34.418+0000] {extend_run_dags_monitor.py:48} INFO - Nothing to clean
[2024-07-10T10:04:34.419+0000] {python.py:237} INFO - Done. Returned value was: None
[2024-07-10T10:04:34.419+0000] {taskinstance.py:441} INFO - ::group::Post task execution logs
[2024-07-10T10:04:34.426+0000] {taskinstance.py:1206} INFO - Marking task as SUCCESS. dag_id=Extend_Run_Dags_Monitor, task_id=stop_long_running_tasks, run_id=scheduled__2024-07-10T08:15:00+00:00, execution_date=20240710T081500, start_date=20240710T100434, end_date=20240710T100434
[2024-07-10T10:04:34.449+0000] {local_task_job_runner.py:240} INFO - Task exited with return code 0
[2024-07-10T10:04:34.458+0000] {taskinstance.py:3503} INFO - 0 downstream tasks scheduled from follow-on schedule check
[2024-07-10T10:04:34.459+0000] {local_task_job_runner.py:222} INFO - ::endgroup::
