[2024-07-05T08:57:20.879+0000] {local_task_job_runner.py:120} INFO - ::group::Pre task execution logs
[2024-07-05T08:57:20.902+0000] {taskinstance.py:2076} INFO - Dependencies all met for dep_context=non-requeueable deps ti=<TaskInstance: Fail_Dags_Monitor.load manual__2024-07-05T08:55:05.287340+00:00 [queued]>
[2024-07-05T08:57:20.908+0000] {taskinstance.py:2076} INFO - Dependencies all met for dep_context=requeueable deps ti=<TaskInstance: Fail_Dags_Monitor.load manual__2024-07-05T08:55:05.287340+00:00 [queued]>
[2024-07-05T08:57:20.908+0000] {taskinstance.py:2306} INFO - Starting attempt 4 of 6
[2024-07-05T08:57:20.914+0000] {taskinstance.py:2330} INFO - Executing <Task(PythonOperator): load> on 2024-07-05 08:55:05.287340+00:00
[2024-07-05T08:57:20.921+0000] {standard_task_runner.py:90} INFO - Running: ['***', 'tasks', 'run', 'Fail_Dags_Monitor', 'load', 'manual__2024-07-05T08:55:05.287340+00:00', '--job-id', '545', '--raw', '--subdir', 'DAGS_FOLDER/fail_dags_monitor.py', '--cfg-path', '/tmp/tmpcjj4a1on']
[2024-07-05T08:57:20.923+0000] {logging_mixin.py:188} WARNING - /home/***/.local/lib/python3.12/site-packages/***/task/task_runner/standard_task_runner.py:61 DeprecationWarning: This process (pid=49126) is multi-threaded, use of fork() may lead to deadlocks in the child.
[2024-07-05T08:57:20.923+0000] {standard_task_runner.py:91} INFO - Job 545: Subtask load
[2024-07-05T08:57:20.924+0000] {standard_task_runner.py:63} INFO - Started process 49128 to run task
[2024-07-05T08:57:20.962+0000] {task_command.py:426} INFO - Running <TaskInstance: Fail_Dags_Monitor.load manual__2024-07-05T08:55:05.287340+00:00 [running]> on host 0b64c9d791b9
[2024-07-05T08:57:21.025+0000] {taskinstance.py:2648} INFO - Exporting env vars: AIRFLOW_CTX_DAG_OWNER='congminh.nguyen@onpoint.vn' AIRFLOW_CTX_DAG_ID='Fail_Dags_Monitor' AIRFLOW_CTX_TASK_ID='load' AIRFLOW_CTX_EXECUTION_DATE='2024-07-05T08:55:05.287340+00:00' AIRFLOW_CTX_TRY_NUMBER='4' AIRFLOW_CTX_DAG_RUN_ID='manual__2024-07-05T08:55:05.287340+00:00'
[2024-07-05T08:57:21.025+0000] {taskinstance.py:430} INFO - ::endgroup::
[2024-07-05T08:57:21.306+0000] {dagbag.py:545} INFO - Filling up the DagBag from /opt/***/dags
[2024-07-05T08:57:21.963+0000] {logging_mixin.py:188} INFO - Successfully connect to database!
[2024-07-05T08:57:22.307+0000] {logging_mixin.py:188} INFO - Insert time: 0.3436415195465088 seconds
[2024-07-05T08:57:22.309+0000] {python.py:237} INFO - Done. Returned value was: None
[2024-07-05T08:57:22.310+0000] {taskinstance.py:441} INFO - ::group::Post task execution logs
[2024-07-05T08:57:22.320+0000] {taskinstance.py:1206} INFO - Marking task as SUCCESS. dag_id=Fail_Dags_Monitor, task_id=load, run_id=manual__2024-07-05T08:55:05.287340+00:00, execution_date=20240705T085505, start_date=20240705T085720, end_date=20240705T085722
[2024-07-05T08:57:22.342+0000] {local_task_job_runner.py:240} INFO - Task exited with return code 0
[2024-07-05T08:57:22.356+0000] {taskinstance.py:3503} INFO - 0 downstream tasks scheduled from follow-on schedule check
[2024-07-05T08:57:22.358+0000] {local_task_job_runner.py:222} INFO - ::endgroup::
