[2024-07-06T18:22:24.805+0000] {local_task_job_runner.py:120} INFO - ::group::Pre task execution logs
[2024-07-06T18:22:24.853+0000] {taskinstance.py:2076} INFO - Dependencies all met for dep_context=non-requeueable deps ti=<TaskInstance: Extend_Run_Dags_Monitor.stop_long_running_tasks scheduled__2024-07-06T16:15:00+00:00 [queued]>
[2024-07-06T18:22:24.870+0000] {taskinstance.py:2076} INFO - Dependencies all met for dep_context=requeueable deps ti=<TaskInstance: Extend_Run_Dags_Monitor.stop_long_running_tasks scheduled__2024-07-06T16:15:00+00:00 [queued]>
[2024-07-06T18:22:24.871+0000] {taskinstance.py:2306} INFO - Starting attempt 1 of 3
[2024-07-06T18:22:24.896+0000] {taskinstance.py:2330} INFO - Executing <Task(PythonOperator): stop_long_running_tasks> on 2024-07-06 16:15:00+00:00
[2024-07-06T18:22:24.909+0000] {logging_mixin.py:188} WARNING - /home/***/.local/lib/python3.12/site-packages/***/task/task_runner/standard_task_runner.py:61 DeprecationWarning: This process (pid=56666) is multi-threaded, use of fork() may lead to deadlocks in the child.
[2024-07-06T18:22:24.911+0000] {standard_task_runner.py:63} INFO - Started process 56673 to run task
[2024-07-06T18:22:24.912+0000] {standard_task_runner.py:90} INFO - Running: ['***', 'tasks', 'run', 'Extend_Run_Dags_Monitor', 'stop_long_running_tasks', 'scheduled__2024-07-06T16:15:00+00:00', '--job-id', '832', '--raw', '--subdir', 'DAGS_FOLDER/extend_run_dags_monitor.py', '--cfg-path', '/tmp/tmph79wbhzo']
[2024-07-06T18:22:24.915+0000] {standard_task_runner.py:91} INFO - Job 832: Subtask stop_long_running_tasks
[2024-07-06T18:22:24.999+0000] {task_command.py:426} INFO - Running <TaskInstance: Extend_Run_Dags_Monitor.stop_long_running_tasks scheduled__2024-07-06T16:15:00+00:00 [running]> on host 0b64c9d791b9
[2024-07-06T18:22:25.150+0000] {taskinstance.py:2648} INFO - Exporting env vars: AIRFLOW_CTX_DAG_OWNER='congminh.nguyen@ponpoint.vn' AIRFLOW_CTX_DAG_ID='Extend_Run_Dags_Monitor' AIRFLOW_CTX_TASK_ID='stop_long_running_tasks' AIRFLOW_CTX_EXECUTION_DATE='2024-07-06T16:15:00+00:00' AIRFLOW_CTX_TRY_NUMBER='1' AIRFLOW_CTX_DAG_RUN_ID='scheduled__2024-07-06T16:15:00+00:00'
[2024-07-06T18:22:25.151+0000] {taskinstance.py:430} INFO - ::endgroup::
[2024-07-06T18:22:25.179+0000] {extend_run_dags_monitor.py:32} INFO - max_running_time: 0
[2024-07-06T18:22:25.199+0000] {extend_run_dags_monitor.py:48} INFO - Nothing to clean
[2024-07-06T18:22:25.201+0000] {python.py:237} INFO - Done. Returned value was: None
[2024-07-06T18:22:25.202+0000] {taskinstance.py:441} INFO - ::group::Post task execution logs
[2024-07-06T18:22:25.231+0000] {taskinstance.py:1206} INFO - Marking task as SUCCESS. dag_id=Extend_Run_Dags_Monitor, task_id=stop_long_running_tasks, run_id=scheduled__2024-07-06T16:15:00+00:00, execution_date=20240706T161500, start_date=20240706T182224, end_date=20240706T182225
[2024-07-06T18:22:25.267+0000] {local_task_job_runner.py:240} INFO - Task exited with return code 0
[2024-07-06T18:22:25.283+0000] {taskinstance.py:3503} INFO - 0 downstream tasks scheduled from follow-on schedule check
[2024-07-06T18:22:25.288+0000] {local_task_job_runner.py:222} INFO - ::endgroup::
