[2024-07-12T09:15:02.644+0000] {local_task_job_runner.py:120} INFO - ::group::Pre task execution logs
[2024-07-12T09:15:02.659+0000] {taskinstance.py:2076} INFO - Dependencies all met for dep_context=non-requeueable deps ti=<TaskInstance: Fail_Dags_Monitor.load scheduled__2024-07-12T08:15:00+00:00 [queued]>
[2024-07-12T09:15:02.662+0000] {taskinstance.py:2076} INFO - Dependencies all met for dep_context=requeueable deps ti=<TaskInstance: Fail_Dags_Monitor.load scheduled__2024-07-12T08:15:00+00:00 [queued]>
[2024-07-12T09:15:02.663+0000] {taskinstance.py:2306} INFO - Starting attempt 1 of 3
[2024-07-12T09:15:02.668+0000] {taskinstance.py:2330} INFO - Executing <Task(PythonOperator): load> on 2024-07-12 08:15:00+00:00
[2024-07-12T09:15:02.672+0000] {logging_mixin.py:188} WARNING - /home/***/.local/lib/python3.12/site-packages/***/task/task_runner/standard_task_runner.py:61 DeprecationWarning: This process (pid=15061) is multi-threaded, use of fork() may lead to deadlocks in the child.
[2024-07-12T09:15:02.673+0000] {standard_task_runner.py:63} INFO - Started process 15063 to run task
[2024-07-12T09:15:02.672+0000] {standard_task_runner.py:90} INFO - Running: ['***', 'tasks', 'run', 'Fail_Dags_Monitor', 'load', 'scheduled__2024-07-12T08:15:00+00:00', '--job-id', '1476', '--raw', '--subdir', 'DAGS_FOLDER/fail_dags_monitor.py', '--cfg-path', '/tmp/tmp37z455l2']
[2024-07-12T09:15:02.673+0000] {standard_task_runner.py:91} INFO - Job 1476: Subtask load
[2024-07-12T09:15:02.694+0000] {task_command.py:426} INFO - Running <TaskInstance: Fail_Dags_Monitor.load scheduled__2024-07-12T08:15:00+00:00 [running]> on host a9aa3835bb3f
[2024-07-12T09:15:02.735+0000] {taskinstance.py:2648} INFO - Exporting env vars: AIRFLOW_CTX_DAG_OWNER='congminh.nguyen@onpoint.vn' AIRFLOW_CTX_DAG_ID='Fail_Dags_Monitor' AIRFLOW_CTX_TASK_ID='load' AIRFLOW_CTX_EXECUTION_DATE='2024-07-12T08:15:00+00:00' AIRFLOW_CTX_TRY_NUMBER='1' AIRFLOW_CTX_DAG_RUN_ID='scheduled__2024-07-12T08:15:00+00:00'
[2024-07-12T09:15:02.736+0000] {taskinstance.py:430} INFO - ::endgroup::
[2024-07-12T09:15:02.822+0000] {dagbag.py:545} INFO - Filling up the DagBag from /opt/***/dags
[2024-07-12T09:15:03.475+0000] {logging_mixin.py:188} INFO - Successfully connect to database!
[2024-07-12T09:15:04.145+0000] {logging_mixin.py:188} INFO - Insert time: 0.6683094501495361 seconds
[2024-07-12T09:15:04.147+0000] {python.py:237} INFO - Done. Returned value was: None
[2024-07-12T09:15:04.149+0000] {taskinstance.py:441} INFO - ::group::Post task execution logs
[2024-07-12T09:15:04.162+0000] {taskinstance.py:1206} INFO - Marking task as SUCCESS. dag_id=Fail_Dags_Monitor, task_id=load, run_id=scheduled__2024-07-12T08:15:00+00:00, execution_date=20240712T081500, start_date=20240712T091502, end_date=20240712T091504
[2024-07-12T09:15:04.215+0000] {local_task_job_runner.py:240} INFO - Task exited with return code 0
[2024-07-12T09:15:04.224+0000] {local_task_job_runner.py:222} INFO - ::endgroup::
