[2024-07-13T13:30:39.144+0000] {local_task_job_runner.py:120} INFO - ::group::Pre task execution logs
[2024-07-13T13:30:39.169+0000] {taskinstance.py:2076} INFO - Dependencies all met for dep_context=non-requeueable deps ti=<TaskInstance: Extend_Run_Dags_Monitor.stop_long_running_tasks scheduled__2024-07-13T12:15:00+00:00 [queued]>
[2024-07-13T13:30:39.175+0000] {taskinstance.py:2076} INFO - Dependencies all met for dep_context=requeueable deps ti=<TaskInstance: Extend_Run_Dags_Monitor.stop_long_running_tasks scheduled__2024-07-13T12:15:00+00:00 [queued]>
[2024-07-13T13:30:39.175+0000] {taskinstance.py:2306} INFO - Starting attempt 1 of 3
[2024-07-13T13:30:39.186+0000] {taskinstance.py:2330} INFO - Executing <Task(PythonOperator): stop_long_running_tasks> on 2024-07-13 12:15:00+00:00
[2024-07-13T13:30:39.190+0000] {logging_mixin.py:188} WARNING - /home/***/.local/lib/python3.12/site-packages/***/task/task_runner/standard_task_runner.py:61 DeprecationWarning: This process (pid=811) is multi-threaded, use of fork() may lead to deadlocks in the child.
[2024-07-13T13:30:39.191+0000] {standard_task_runner.py:63} INFO - Started process 817 to run task
[2024-07-13T13:30:39.190+0000] {standard_task_runner.py:90} INFO - Running: ['***', 'tasks', 'run', 'Extend_Run_Dags_Monitor', 'stop_long_running_tasks', 'scheduled__2024-07-13T12:15:00+00:00', '--job-id', '1895', '--raw', '--subdir', 'DAGS_FOLDER/extend_run_dags_monitor.py', '--cfg-path', '/tmp/tmpo659d0wh']
[2024-07-13T13:30:39.193+0000] {standard_task_runner.py:91} INFO - Job 1895: Subtask stop_long_running_tasks
[2024-07-13T13:30:39.224+0000] {task_command.py:426} INFO - Running <TaskInstance: Extend_Run_Dags_Monitor.stop_long_running_tasks scheduled__2024-07-13T12:15:00+00:00 [running]> on host a9aa3835bb3f
[2024-07-13T13:30:39.267+0000] {taskinstance.py:2648} INFO - Exporting env vars: AIRFLOW_CTX_DAG_OWNER='congminh.nguyen@ponpoint.vn' AIRFLOW_CTX_DAG_ID='Extend_Run_Dags_Monitor' AIRFLOW_CTX_TASK_ID='stop_long_running_tasks' AIRFLOW_CTX_EXECUTION_DATE='2024-07-13T12:15:00+00:00' AIRFLOW_CTX_TRY_NUMBER='1' AIRFLOW_CTX_DAG_RUN_ID='scheduled__2024-07-13T12:15:00+00:00'
[2024-07-13T13:30:39.268+0000] {taskinstance.py:430} INFO - ::endgroup::
[2024-07-13T13:30:39.284+0000] {extend_run_dags_monitor.py:32} INFO - max_running_time: 0
[2024-07-13T13:30:39.292+0000] {extend_run_dags_monitor.py:40} INFO - task_id: fail_task, dag_id: Email_test_dag, start_date: 2024-07-13 12:18:53.157529+00:00, job_id: 1886, pid: 765, hostname: a9aa3835bb3f, unixname: default
[2024-07-13T13:30:39.293+0000] {extend_run_dags_monitor.py:40} INFO - task_id: fail_task, dag_id: Email_test_dag, start_date: 2024-07-13 12:18:57.954656+00:00, job_id: 1887, pid: 768, hostname: a9aa3835bb3f, unixname: default
[2024-07-13T13:30:39.294+0000] {extend_run_dags_monitor.py:40} INFO - task_id: fail_task, dag_id: Email_test_dag, start_date: 2024-07-13 12:19:01.128084+00:00, job_id: 1888, pid: 777, hostname: a9aa3835bb3f, unixname: default
[2024-07-13T13:30:39.294+0000] {extend_run_dags_monitor.py:40} INFO - task_id: fail_task, dag_id: Email_test_dag, start_date: 2024-07-13 12:19:01.128643+00:00, job_id: 1889, pid: 778, hostname: a9aa3835bb3f, unixname: default
[2024-07-13T13:30:39.294+0000] {extend_run_dags_monitor.py:40} INFO - task_id: fail_task, dag_id: Email_test_dag, start_date: 2024-07-13 12:19:07.210489+00:00, job_id: 1891, pid: 786, hostname: a9aa3835bb3f, unixname: default
[2024-07-13T13:30:39.295+0000] {extend_run_dags_monitor.py:40} INFO - task_id: fail_task, dag_id: Email_test_dag, start_date: 2024-07-13 12:19:07.210487+00:00, job_id: 1892, pid: 787, hostname: a9aa3835bb3f, unixname: default
[2024-07-13T13:30:39.297+0000] {extend_run_dags_monitor.py:40} INFO - task_id: load, dag_id: Fail_Dags_Monitor, start_date: 2024-07-13 12:19:08.963563+00:00, job_id: 1894, pid: 795, hostname: a9aa3835bb3f, unixname: default
[2024-07-13T13:30:39.298+0000] {extend_run_dags_monitor.py:40} INFO - task_id: load, dag_id: Fail_Dags_Monitor, start_date: 2024-07-13 12:19:08.963528+00:00, job_id: 1893, pid: 794, hostname: a9aa3835bb3f, unixname: default
[2024-07-13T13:30:39.298+0000] {extend_run_dags_monitor.py:40} INFO - task_id: load, dag_id: Fail_Dags_Monitor, start_date: 2024-07-13 12:19:04.467405+00:00, job_id: 1890, pid: 783, hostname: a9aa3835bb3f, unixname: default
[2024-07-13T13:30:39.298+0000] {extend_run_dags_monitor.py:45} INFO - Sending this tasks to shutdown: ['fail_task', 'fail_task', 'fail_task', 'fail_task', 'fail_task', 'fail_task', 'load', 'load', 'load']
[2024-07-13T13:30:39.308+0000] {python.py:237} INFO - Done. Returned value was: None
[2024-07-13T13:30:39.309+0000] {taskinstance.py:441} INFO - ::group::Post task execution logs
[2024-07-13T13:30:39.315+0000] {taskinstance.py:1206} INFO - Marking task as SUCCESS. dag_id=Extend_Run_Dags_Monitor, task_id=stop_long_running_tasks, run_id=scheduled__2024-07-13T12:15:00+00:00, execution_date=20240713T121500, start_date=20240713T133039, end_date=20240713T133039
[2024-07-13T13:30:39.336+0000] {local_task_job_runner.py:240} INFO - Task exited with return code 0
[2024-07-13T13:30:39.345+0000] {taskinstance.py:3503} INFO - 0 downstream tasks scheduled from follow-on schedule check
[2024-07-13T13:30:39.346+0000] {local_task_job_runner.py:222} INFO - ::endgroup::
