[2024-07-08T06:15:02.707+0000] {local_task_job_runner.py:120} INFO - ::group::Pre task execution logs
[2024-07-08T06:15:02.724+0000] {taskinstance.py:2076} INFO - Dependencies all met for dep_context=non-requeueable deps ti=<TaskInstance: Fail_Dags_Monitor.load scheduled__2024-07-08T05:15:00+00:00 [queued]>
[2024-07-08T06:15:02.728+0000] {taskinstance.py:2076} INFO - Dependencies all met for dep_context=requeueable deps ti=<TaskInstance: Fail_Dags_Monitor.load scheduled__2024-07-08T05:15:00+00:00 [queued]>
[2024-07-08T06:15:02.729+0000] {taskinstance.py:2306} INFO - Starting attempt 1 of 3
[2024-07-08T06:15:02.735+0000] {taskinstance.py:2330} INFO - Executing <Task(PythonOperator): load> on 2024-07-08 05:15:00+00:00
[2024-07-08T06:15:02.740+0000] {logging_mixin.py:188} WARNING - /home/***/.local/lib/python3.12/site-packages/***/task/task_runner/standard_task_runner.py:61 DeprecationWarning: This process (pid=3768) is multi-threaded, use of fork() may lead to deadlocks in the child.
[2024-07-08T06:15:02.741+0000] {standard_task_runner.py:63} INFO - Started process 3770 to run task
[2024-07-08T06:15:02.740+0000] {standard_task_runner.py:90} INFO - Running: ['***', 'tasks', 'run', 'Fail_Dags_Monitor', 'load', 'scheduled__2024-07-08T05:15:00+00:00', '--job-id', '1352', '--raw', '--subdir', 'DAGS_FOLDER/fail_dags_monitor.py', '--cfg-path', '/tmp/tmpbfjuvv37']
[2024-07-08T06:15:02.741+0000] {standard_task_runner.py:91} INFO - Job 1352: Subtask load
[2024-07-08T06:15:02.765+0000] {task_command.py:426} INFO - Running <TaskInstance: Fail_Dags_Monitor.load scheduled__2024-07-08T05:15:00+00:00 [running]> on host b50f11f07b36
[2024-07-08T06:15:02.808+0000] {taskinstance.py:2648} INFO - Exporting env vars: AIRFLOW_CTX_DAG_OWNER='congminh.nguyen@onpoint.vn' AIRFLOW_CTX_DAG_ID='Fail_Dags_Monitor' AIRFLOW_CTX_TASK_ID='load' AIRFLOW_CTX_EXECUTION_DATE='2024-07-08T05:15:00+00:00' AIRFLOW_CTX_TRY_NUMBER='1' AIRFLOW_CTX_DAG_RUN_ID='scheduled__2024-07-08T05:15:00+00:00'
[2024-07-08T06:15:02.809+0000] {taskinstance.py:430} INFO - ::endgroup::
[2024-07-08T06:15:02.929+0000] {dagbag.py:545} INFO - Filling up the DagBag from /opt/***/dags
[2024-07-08T06:15:03.681+0000] {logging_mixin.py:188} INFO - Successfully connect to database!
[2024-07-08T06:15:04.007+0000] {logging_mixin.py:188} INFO - Insert time: 0.32315754890441895 seconds
[2024-07-08T06:15:04.008+0000] {python.py:237} INFO - Done. Returned value was: None
[2024-07-08T06:15:04.008+0000] {taskinstance.py:441} INFO - ::group::Post task execution logs
[2024-07-08T06:15:04.014+0000] {taskinstance.py:1206} INFO - Marking task as SUCCESS. dag_id=Fail_Dags_Monitor, task_id=load, run_id=scheduled__2024-07-08T05:15:00+00:00, execution_date=20240708T051500, start_date=20240708T061502, end_date=20240708T061504
[2024-07-08T06:15:04.049+0000] {local_task_job_runner.py:240} INFO - Task exited with return code 0
[2024-07-08T06:15:04.060+0000] {taskinstance.py:3503} INFO - 0 downstream tasks scheduled from follow-on schedule check
[2024-07-08T06:15:04.061+0000] {local_task_job_runner.py:222} INFO - ::endgroup::
