[2024-07-05T05:17:02.860+0000] {local_task_job_runner.py:120} INFO - ::group::Pre task execution logs
[2024-07-05T05:17:02.914+0000] {taskinstance.py:2076} INFO - Dependencies all met for dep_context=non-requeueable deps ti=<TaskInstance: Extend_Run_Dags_Monitor.stop_long_running_tasks scheduled__2024-07-05T04:15:00+00:00 [queued]>
[2024-07-05T05:17:02.924+0000] {taskinstance.py:2076} INFO - Dependencies all met for dep_context=requeueable deps ti=<TaskInstance: Extend_Run_Dags_Monitor.stop_long_running_tasks scheduled__2024-07-05T04:15:00+00:00 [queued]>
[2024-07-05T05:17:02.925+0000] {taskinstance.py:2306} INFO - Starting attempt 1 of 3
[2024-07-05T05:17:02.942+0000] {taskinstance.py:2330} INFO - Executing <Task(PythonOperator): stop_long_running_tasks> on 2024-07-05 04:15:00+00:00
[2024-07-05T05:17:02.957+0000] {standard_task_runner.py:90} INFO - Running: ['***', 'tasks', 'run', 'Extend_Run_Dags_Monitor', 'stop_long_running_tasks', 'scheduled__2024-07-05T04:15:00+00:00', '--job-id', '484', '--raw', '--subdir', 'DAGS_FOLDER/extend_run_dags_monitor.py', '--cfg-path', '/tmp/tmp52ook0am']
[2024-07-05T05:17:02.966+0000] {standard_task_runner.py:91} INFO - Job 484: Subtask stop_long_running_tasks
[2024-07-05T05:17:02.953+0000] {logging_mixin.py:188} WARNING - /home/***/.local/lib/python3.12/site-packages/***/task/task_runner/standard_task_runner.py:61 DeprecationWarning: This process (pid=45064) is multi-threaded, use of fork() may lead to deadlocks in the child.
[2024-07-05T05:17:02.967+0000] {standard_task_runner.py:63} INFO - Started process 45078 to run task
[2024-07-05T05:17:03.444+0000] {task_command.py:426} INFO - Running <TaskInstance: Extend_Run_Dags_Monitor.stop_long_running_tasks scheduled__2024-07-05T04:15:00+00:00 [running]> on host 0b64c9d791b9
[2024-07-05T05:17:03.511+0000] {taskinstance.py:2648} INFO - Exporting env vars: AIRFLOW_CTX_DAG_OWNER='congminh.nguyen@ponpoint.vn' AIRFLOW_CTX_DAG_ID='Extend_Run_Dags_Monitor' AIRFLOW_CTX_TASK_ID='stop_long_running_tasks' AIRFLOW_CTX_EXECUTION_DATE='2024-07-05T04:15:00+00:00' AIRFLOW_CTX_TRY_NUMBER='1' AIRFLOW_CTX_DAG_RUN_ID='scheduled__2024-07-05T04:15:00+00:00'
[2024-07-05T05:17:03.515+0000] {taskinstance.py:430} INFO - ::endgroup::
[2024-07-05T05:17:03.532+0000] {extend_run_dags_monitor.py:32} INFO - max_running_time: 0
[2024-07-05T05:17:03.546+0000] {extend_run_dags_monitor.py:48} INFO - Nothing to clean
[2024-07-05T05:17:03.548+0000] {python.py:237} INFO - Done. Returned value was: None
[2024-07-05T05:17:03.549+0000] {taskinstance.py:441} INFO - ::group::Post task execution logs
[2024-07-05T05:17:03.555+0000] {taskinstance.py:1206} INFO - Marking task as SUCCESS. dag_id=Extend_Run_Dags_Monitor, task_id=stop_long_running_tasks, run_id=scheduled__2024-07-05T04:15:00+00:00, execution_date=20240705T041500, start_date=20240705T051702, end_date=20240705T051703
[2024-07-05T05:17:03.586+0000] {local_task_job_runner.py:240} INFO - Task exited with return code 0
[2024-07-05T05:17:03.603+0000] {taskinstance.py:3503} INFO - 0 downstream tasks scheduled from follow-on schedule check
[2024-07-05T05:17:03.605+0000] {local_task_job_runner.py:222} INFO - ::endgroup::
