[2024-07-11T04:20:44.283+0000] {local_task_job_runner.py:120} INFO - ::group::Pre task execution logs
[2024-07-11T04:20:44.297+0000] {taskinstance.py:2076} INFO - Dependencies all met for dep_context=non-requeueable deps ti=<TaskInstance: Fail_Dags_Monitor.load scheduled__2024-07-11T03:15:00+00:00 [queued]>
[2024-07-11T04:20:44.300+0000] {taskinstance.py:2076} INFO - Dependencies all met for dep_context=requeueable deps ti=<TaskInstance: Fail_Dags_Monitor.load scheduled__2024-07-11T03:15:00+00:00 [queued]>
[2024-07-11T04:20:44.300+0000] {taskinstance.py:2306} INFO - Starting attempt 1 of 3
[2024-07-11T04:20:44.305+0000] {taskinstance.py:2330} INFO - Executing <Task(PythonOperator): load> on 2024-07-11 03:15:00+00:00
[2024-07-11T04:20:44.309+0000] {logging_mixin.py:188} WARNING - /home/***/.local/lib/python3.12/site-packages/***/task/task_runner/standard_task_runner.py:61 DeprecationWarning: This process (pid=3462) is multi-threaded, use of fork() may lead to deadlocks in the child.
[2024-07-11T04:20:44.309+0000] {standard_task_runner.py:63} INFO - Started process 3464 to run task
[2024-07-11T04:20:44.309+0000] {standard_task_runner.py:90} INFO - Running: ['***', 'tasks', 'run', 'Fail_Dags_Monitor', 'load', 'scheduled__2024-07-11T03:15:00+00:00', '--job-id', '258', '--raw', '--subdir', 'DAGS_FOLDER/fail_dags_monitor.py', '--cfg-path', '/tmp/tmpxu0xfwz6']
[2024-07-11T04:20:44.310+0000] {standard_task_runner.py:91} INFO - Job 258: Subtask load
[2024-07-11T04:20:44.328+0000] {task_command.py:426} INFO - Running <TaskInstance: Fail_Dags_Monitor.load scheduled__2024-07-11T03:15:00+00:00 [running]> on host 469b2f9527f6
[2024-07-11T04:20:44.363+0000] {taskinstance.py:2648} INFO - Exporting env vars: AIRFLOW_CTX_DAG_OWNER='congminh.nguyen@onpoint.vn' AIRFLOW_CTX_DAG_ID='Fail_Dags_Monitor' AIRFLOW_CTX_TASK_ID='load' AIRFLOW_CTX_EXECUTION_DATE='2024-07-11T03:15:00+00:00' AIRFLOW_CTX_TRY_NUMBER='1' AIRFLOW_CTX_DAG_RUN_ID='scheduled__2024-07-11T03:15:00+00:00'
[2024-07-11T04:20:44.364+0000] {taskinstance.py:430} INFO - ::endgroup::
[2024-07-11T04:20:44.445+0000] {dagbag.py:545} INFO - Filling up the DagBag from /opt/***/dags
[2024-07-11T04:20:45.701+0000] {logging_mixin.py:188} INFO - Successfully connect to database!
[2024-07-11T04:20:46.408+0000] {logging_mixin.py:188} INFO - Insert time: 0.706275463104248 seconds
[2024-07-11T04:20:46.411+0000] {python.py:237} INFO - Done. Returned value was: None
[2024-07-11T04:20:46.413+0000] {taskinstance.py:441} INFO - ::group::Post task execution logs
[2024-07-11T04:20:46.426+0000] {taskinstance.py:1206} INFO - Marking task as SUCCESS. dag_id=Fail_Dags_Monitor, task_id=load, run_id=scheduled__2024-07-11T03:15:00+00:00, execution_date=20240711T031500, start_date=20240711T042044, end_date=20240711T042046
[2024-07-11T04:20:46.484+0000] {local_task_job_runner.py:240} INFO - Task exited with return code 0
[2024-07-11T04:20:46.500+0000] {taskinstance.py:3503} INFO - 0 downstream tasks scheduled from follow-on schedule check
[2024-07-11T04:20:46.503+0000] {local_task_job_runner.py:222} INFO - ::endgroup::
