[2024-07-14T01:08:08.577+0000] {processor.py:161} INFO - Started process (PID=1245) to work on /opt/airflow/dags/extend_run_dags_monitor.py
[2024-07-14T01:08:08.578+0000] {processor.py:830} INFO - Processing file /opt/airflow/dags/extend_run_dags_monitor.py for tasks to queue
[2024-07-14T01:08:08.579+0000] {logging_mixin.py:188} INFO - [2024-07-14T01:08:08.579+0000] {dagbag.py:545} INFO - Filling up the DagBag from /opt/airflow/dags/extend_run_dags_monitor.py
[2024-07-14T01:08:08.588+0000] {processor.py:840} INFO - DAG(s) 'Extend_Run_Dags_Monitor' retrieved from /opt/airflow/dags/extend_run_dags_monitor.py
[2024-07-14T01:08:08.613+0000] {logging_mixin.py:188} INFO - [2024-07-14T01:08:08.613+0000] {dag.py:3096} INFO - Sync 1 DAGs
[2024-07-14T01:08:08.633+0000] {logging_mixin.py:188} INFO - [2024-07-14T01:08:08.633+0000] {dag.py:3954} INFO - Setting next_dagrun for Extend_Run_Dags_Monitor to 2024-07-14 00:15:00+00:00, run_after=2024-07-14 01:15:00+00:00
[2024-07-14T01:08:08.659+0000] {processor.py:183} INFO - Processing /opt/airflow/dags/extend_run_dags_monitor.py took 0.088 seconds
[2024-07-14T02:46:45.741+0000] {processor.py:161} INFO - Started process (PID=1299) to work on /opt/airflow/dags/extend_run_dags_monitor.py
[2024-07-14T02:46:45.743+0000] {processor.py:830} INFO - Processing file /opt/airflow/dags/extend_run_dags_monitor.py for tasks to queue
[2024-07-14T02:46:45.745+0000] {logging_mixin.py:188} INFO - [2024-07-14T02:46:45.743+0000] {dagbag.py:545} INFO - Filling up the DagBag from /opt/airflow/dags/extend_run_dags_monitor.py
[2024-07-14T02:46:45.755+0000] {processor.py:840} INFO - DAG(s) 'Extend_Run_Dags_Monitor' retrieved from /opt/airflow/dags/extend_run_dags_monitor.py
[2024-07-14T02:46:45.782+0000] {logging_mixin.py:188} INFO - [2024-07-14T02:46:45.782+0000] {dag.py:3096} INFO - Sync 1 DAGs
[2024-07-14T02:46:45.800+0000] {logging_mixin.py:188} INFO - [2024-07-14T02:46:45.800+0000] {dag.py:3954} INFO - Setting next_dagrun for Extend_Run_Dags_Monitor to 2024-07-14 01:15:00+00:00, run_after=2024-07-14 02:15:00+00:00
[2024-07-14T02:46:45.814+0000] {processor.py:183} INFO - Processing /opt/airflow/dags/extend_run_dags_monitor.py took 0.078 seconds
[2024-07-14T03:48:49.284+0000] {processor.py:161} INFO - Started process (PID=1370) to work on /opt/airflow/dags/extend_run_dags_monitor.py
[2024-07-14T03:48:49.284+0000] {processor.py:830} INFO - Processing file /opt/airflow/dags/extend_run_dags_monitor.py for tasks to queue
[2024-07-14T03:48:49.285+0000] {logging_mixin.py:188} INFO - [2024-07-14T03:48:49.285+0000] {dagbag.py:545} INFO - Filling up the DagBag from /opt/airflow/dags/extend_run_dags_monitor.py
[2024-07-14T03:48:49.291+0000] {processor.py:840} INFO - DAG(s) 'Extend_Run_Dags_Monitor' retrieved from /opt/airflow/dags/extend_run_dags_monitor.py
[2024-07-14T03:48:49.307+0000] {logging_mixin.py:188} INFO - [2024-07-14T03:48:49.306+0000] {dag.py:3096} INFO - Sync 1 DAGs
[2024-07-14T03:48:49.324+0000] {logging_mixin.py:188} INFO - [2024-07-14T03:48:49.323+0000] {dag.py:3954} INFO - Setting next_dagrun for Extend_Run_Dags_Monitor to 2024-07-14 03:15:00+00:00, run_after=2024-07-14 04:15:00+00:00
[2024-07-14T03:48:49.333+0000] {processor.py:183} INFO - Processing /opt/airflow/dags/extend_run_dags_monitor.py took 0.052 seconds
[2024-07-14T04:43:14.883+0000] {processor.py:161} INFO - Started process (PID=1425) to work on /opt/airflow/dags/extend_run_dags_monitor.py
[2024-07-14T04:43:14.884+0000] {processor.py:830} INFO - Processing file /opt/airflow/dags/extend_run_dags_monitor.py for tasks to queue
[2024-07-14T04:43:14.884+0000] {logging_mixin.py:188} INFO - [2024-07-14T04:43:14.884+0000] {dagbag.py:545} INFO - Filling up the DagBag from /opt/airflow/dags/extend_run_dags_monitor.py
[2024-07-14T04:43:14.889+0000] {processor.py:840} INFO - DAG(s) 'Extend_Run_Dags_Monitor' retrieved from /opt/airflow/dags/extend_run_dags_monitor.py
[2024-07-14T04:43:14.905+0000] {logging_mixin.py:188} INFO - [2024-07-14T04:43:14.904+0000] {dag.py:3096} INFO - Sync 1 DAGs
[2024-07-14T04:43:14.918+0000] {logging_mixin.py:188} INFO - [2024-07-14T04:43:14.918+0000] {dag.py:3954} INFO - Setting next_dagrun for Extend_Run_Dags_Monitor to 2024-07-14 03:15:00+00:00, run_after=2024-07-14 04:15:00+00:00
[2024-07-14T04:43:14.927+0000] {processor.py:183} INFO - Processing /opt/airflow/dags/extend_run_dags_monitor.py took 0.046 seconds
[2024-07-14T06:02:54.782+0000] {processor.py:161} INFO - Started process (PID=1470) to work on /opt/airflow/dags/extend_run_dags_monitor.py
[2024-07-14T06:02:54.784+0000] {processor.py:830} INFO - Processing file /opt/airflow/dags/extend_run_dags_monitor.py for tasks to queue
[2024-07-14T06:02:54.785+0000] {logging_mixin.py:188} INFO - [2024-07-14T06:02:54.785+0000] {dagbag.py:545} INFO - Filling up the DagBag from /opt/airflow/dags/extend_run_dags_monitor.py
[2024-07-14T06:02:54.806+0000] {processor.py:840} INFO - DAG(s) 'Extend_Run_Dags_Monitor' retrieved from /opt/airflow/dags/extend_run_dags_monitor.py
[2024-07-14T06:02:54.837+0000] {logging_mixin.py:188} INFO - [2024-07-14T06:02:54.837+0000] {dag.py:3096} INFO - Sync 1 DAGs
[2024-07-14T06:02:54.855+0000] {logging_mixin.py:188} INFO - [2024-07-14T06:02:54.855+0000] {dag.py:3954} INFO - Setting next_dagrun for Extend_Run_Dags_Monitor to 2024-07-14 04:15:00+00:00, run_after=2024-07-14 05:15:00+00:00
[2024-07-14T06:02:54.868+0000] {processor.py:183} INFO - Processing /opt/airflow/dags/extend_run_dags_monitor.py took 0.092 seconds
[2024-07-14T07:40:56.726+0000] {processor.py:161} INFO - Started process (PID=1530) to work on /opt/airflow/dags/extend_run_dags_monitor.py
[2024-07-14T07:40:56.727+0000] {processor.py:830} INFO - Processing file /opt/airflow/dags/extend_run_dags_monitor.py for tasks to queue
[2024-07-14T07:40:56.728+0000] {logging_mixin.py:188} INFO - [2024-07-14T07:40:56.728+0000] {dagbag.py:545} INFO - Filling up the DagBag from /opt/airflow/dags/extend_run_dags_monitor.py
[2024-07-14T07:40:56.739+0000] {processor.py:840} INFO - DAG(s) 'Extend_Run_Dags_Monitor' retrieved from /opt/airflow/dags/extend_run_dags_monitor.py
[2024-07-14T07:40:56.758+0000] {logging_mixin.py:188} INFO - [2024-07-14T07:40:56.758+0000] {dag.py:3096} INFO - Sync 1 DAGs
[2024-07-14T07:40:56.774+0000] {logging_mixin.py:188} INFO - [2024-07-14T07:40:56.774+0000] {dag.py:3954} INFO - Setting next_dagrun for Extend_Run_Dags_Monitor to 2024-07-14 07:15:00+00:00, run_after=2024-07-14 08:15:00+00:00
[2024-07-14T07:40:56.786+0000] {processor.py:183} INFO - Processing /opt/airflow/dags/extend_run_dags_monitor.py took 0.064 seconds
[2024-07-14T09:01:19.111+0000] {processor.py:161} INFO - Started process (PID=1575) to work on /opt/airflow/dags/extend_run_dags_monitor.py
[2024-07-14T09:01:19.113+0000] {processor.py:830} INFO - Processing file /opt/airflow/dags/extend_run_dags_monitor.py for tasks to queue
[2024-07-14T09:01:19.114+0000] {logging_mixin.py:188} INFO - [2024-07-14T09:01:19.113+0000] {dagbag.py:545} INFO - Filling up the DagBag from /opt/airflow/dags/extend_run_dags_monitor.py
[2024-07-14T09:01:19.132+0000] {processor.py:840} INFO - DAG(s) 'Extend_Run_Dags_Monitor' retrieved from /opt/airflow/dags/extend_run_dags_monitor.py
[2024-07-14T09:01:19.171+0000] {logging_mixin.py:188} INFO - [2024-07-14T09:01:19.171+0000] {dag.py:3096} INFO - Sync 1 DAGs
[2024-07-14T09:01:19.191+0000] {logging_mixin.py:188} INFO - [2024-07-14T09:01:19.190+0000] {dag.py:3954} INFO - Setting next_dagrun for Extend_Run_Dags_Monitor to 2024-07-14 08:15:00+00:00, run_after=2024-07-14 09:15:00+00:00
[2024-07-14T09:01:19.204+0000] {processor.py:183} INFO - Processing /opt/airflow/dags/extend_run_dags_monitor.py took 0.097 seconds
[2024-07-14T10:37:15.410+0000] {processor.py:161} INFO - Started process (PID=1610) to work on /opt/airflow/dags/extend_run_dags_monitor.py
[2024-07-14T10:37:15.411+0000] {processor.py:830} INFO - Processing file /opt/airflow/dags/extend_run_dags_monitor.py for tasks to queue
[2024-07-14T10:37:15.411+0000] {logging_mixin.py:188} INFO - [2024-07-14T10:37:15.411+0000] {dagbag.py:545} INFO - Filling up the DagBag from /opt/airflow/dags/extend_run_dags_monitor.py
[2024-07-14T10:37:15.417+0000] {processor.py:840} INFO - DAG(s) 'Extend_Run_Dags_Monitor' retrieved from /opt/airflow/dags/extend_run_dags_monitor.py
[2024-07-14T10:37:15.432+0000] {logging_mixin.py:188} INFO - [2024-07-14T10:37:15.432+0000] {dag.py:3096} INFO - Sync 1 DAGs
[2024-07-14T10:37:15.442+0000] {logging_mixin.py:188} INFO - [2024-07-14T10:37:15.442+0000] {dag.py:3954} INFO - Setting next_dagrun for Extend_Run_Dags_Monitor to 2024-07-14 09:15:00+00:00, run_after=2024-07-14 10:15:00+00:00
[2024-07-14T10:37:15.450+0000] {processor.py:183} INFO - Processing /opt/airflow/dags/extend_run_dags_monitor.py took 0.043 seconds
[2024-07-14T11:36:24.813+0000] {processor.py:161} INFO - Started process (PID=1660) to work on /opt/airflow/dags/extend_run_dags_monitor.py
[2024-07-14T11:36:24.814+0000] {processor.py:830} INFO - Processing file /opt/airflow/dags/extend_run_dags_monitor.py for tasks to queue
[2024-07-14T11:36:24.814+0000] {logging_mixin.py:188} INFO - [2024-07-14T11:36:24.814+0000] {dagbag.py:545} INFO - Filling up the DagBag from /opt/airflow/dags/extend_run_dags_monitor.py
[2024-07-14T11:36:24.819+0000] {processor.py:840} INFO - DAG(s) 'Extend_Run_Dags_Monitor' retrieved from /opt/airflow/dags/extend_run_dags_monitor.py
[2024-07-14T11:36:24.833+0000] {logging_mixin.py:188} INFO - [2024-07-14T11:36:24.833+0000] {dag.py:3096} INFO - Sync 1 DAGs
[2024-07-14T11:36:24.847+0000] {logging_mixin.py:188} INFO - [2024-07-14T11:36:24.847+0000] {dag.py:3954} INFO - Setting next_dagrun for Extend_Run_Dags_Monitor to 2024-07-14 10:15:00+00:00, run_after=2024-07-14 11:15:00+00:00
[2024-07-14T11:36:24.857+0000] {processor.py:183} INFO - Processing /opt/airflow/dags/extend_run_dags_monitor.py took 0.046 seconds
[2024-07-14T12:18:51.577+0000] {processor.py:161} INFO - Started process (PID=1708) to work on /opt/airflow/dags/extend_run_dags_monitor.py
[2024-07-14T12:18:51.578+0000] {processor.py:830} INFO - Processing file /opt/airflow/dags/extend_run_dags_monitor.py for tasks to queue
[2024-07-14T12:18:51.579+0000] {logging_mixin.py:188} INFO - [2024-07-14T12:18:51.579+0000] {dagbag.py:545} INFO - Filling up the DagBag from /opt/airflow/dags/extend_run_dags_monitor.py
[2024-07-14T12:18:51.584+0000] {processor.py:840} INFO - DAG(s) 'Extend_Run_Dags_Monitor' retrieved from /opt/airflow/dags/extend_run_dags_monitor.py
[2024-07-14T12:18:51.603+0000] {logging_mixin.py:188} INFO - [2024-07-14T12:18:51.603+0000] {dag.py:3096} INFO - Sync 1 DAGs
[2024-07-14T12:18:51.618+0000] {logging_mixin.py:188} INFO - [2024-07-14T12:18:51.618+0000] {dag.py:3954} INFO - Setting next_dagrun for Extend_Run_Dags_Monitor to 2024-07-14 11:15:00+00:00, run_after=2024-07-14 12:15:00+00:00
[2024-07-14T12:18:51.628+0000] {processor.py:183} INFO - Processing /opt/airflow/dags/extend_run_dags_monitor.py took 0.055 seconds
[2024-07-14T13:36:34.897+0000] {processor.py:161} INFO - Started process (PID=1769) to work on /opt/airflow/dags/extend_run_dags_monitor.py
[2024-07-14T13:36:34.901+0000] {processor.py:830} INFO - Processing file /opt/airflow/dags/extend_run_dags_monitor.py for tasks to queue
[2024-07-14T13:36:34.904+0000] {logging_mixin.py:188} INFO - [2024-07-14T13:36:34.904+0000] {dagbag.py:545} INFO - Filling up the DagBag from /opt/airflow/dags/extend_run_dags_monitor.py
[2024-07-14T13:36:34.918+0000] {processor.py:840} INFO - DAG(s) 'Extend_Run_Dags_Monitor' retrieved from /opt/airflow/dags/extend_run_dags_monitor.py
[2024-07-14T13:36:34.951+0000] {logging_mixin.py:188} INFO - [2024-07-14T13:36:34.950+0000] {dag.py:3096} INFO - Sync 1 DAGs
[2024-07-14T13:36:34.975+0000] {logging_mixin.py:188} INFO - [2024-07-14T13:36:34.975+0000] {dag.py:3954} INFO - Setting next_dagrun for Extend_Run_Dags_Monitor to 2024-07-14 13:15:00+00:00, run_after=2024-07-14 14:15:00+00:00
[2024-07-14T13:36:34.992+0000] {processor.py:183} INFO - Processing /opt/airflow/dags/extend_run_dags_monitor.py took 0.104 seconds
[2024-07-14T14:55:50.034+0000] {processor.py:161} INFO - Started process (PID=1833) to work on /opt/airflow/dags/extend_run_dags_monitor.py
[2024-07-14T14:55:50.035+0000] {processor.py:830} INFO - Processing file /opt/airflow/dags/extend_run_dags_monitor.py for tasks to queue
[2024-07-14T14:55:50.035+0000] {logging_mixin.py:188} INFO - [2024-07-14T14:55:50.035+0000] {dagbag.py:545} INFO - Filling up the DagBag from /opt/airflow/dags/extend_run_dags_monitor.py
[2024-07-14T14:55:50.043+0000] {processor.py:840} INFO - DAG(s) 'Extend_Run_Dags_Monitor' retrieved from /opt/airflow/dags/extend_run_dags_monitor.py
[2024-07-14T14:55:50.061+0000] {logging_mixin.py:188} INFO - [2024-07-14T14:55:50.060+0000] {dag.py:3096} INFO - Sync 1 DAGs
[2024-07-14T14:55:50.078+0000] {logging_mixin.py:188} INFO - [2024-07-14T14:55:50.077+0000] {dag.py:3954} INFO - Setting next_dagrun for Extend_Run_Dags_Monitor to 2024-07-14 14:15:00+00:00, run_after=2024-07-14 15:15:00+00:00
[2024-07-14T14:55:50.100+0000] {processor.py:183} INFO - Processing /opt/airflow/dags/extend_run_dags_monitor.py took 0.069 seconds
[2024-07-14T16:07:21.970+0000] {processor.py:161} INFO - Started process (PID=1882) to work on /opt/airflow/dags/extend_run_dags_monitor.py
[2024-07-14T16:07:21.971+0000] {processor.py:830} INFO - Processing file /opt/airflow/dags/extend_run_dags_monitor.py for tasks to queue
[2024-07-14T16:07:21.972+0000] {logging_mixin.py:188} INFO - [2024-07-14T16:07:21.972+0000] {dagbag.py:545} INFO - Filling up the DagBag from /opt/airflow/dags/extend_run_dags_monitor.py
[2024-07-14T16:07:21.978+0000] {processor.py:840} INFO - DAG(s) 'Extend_Run_Dags_Monitor' retrieved from /opt/airflow/dags/extend_run_dags_monitor.py
[2024-07-14T16:07:21.995+0000] {logging_mixin.py:188} INFO - [2024-07-14T16:07:21.994+0000] {dag.py:3096} INFO - Sync 1 DAGs
[2024-07-14T16:07:22.009+0000] {logging_mixin.py:188} INFO - [2024-07-14T16:07:22.009+0000] {dag.py:3954} INFO - Setting next_dagrun for Extend_Run_Dags_Monitor to 2024-07-14 14:15:00+00:00, run_after=2024-07-14 15:15:00+00:00
[2024-07-14T16:07:22.018+0000] {processor.py:183} INFO - Processing /opt/airflow/dags/extend_run_dags_monitor.py took 0.050 seconds
[2024-07-14T17:08:29.116+0000] {processor.py:161} INFO - Started process (PID=1935) to work on /opt/airflow/dags/extend_run_dags_monitor.py
[2024-07-14T17:08:29.126+0000] {processor.py:830} INFO - Processing file /opt/airflow/dags/extend_run_dags_monitor.py for tasks to queue
[2024-07-14T17:08:29.128+0000] {logging_mixin.py:188} INFO - [2024-07-14T17:08:29.128+0000] {dagbag.py:545} INFO - Filling up the DagBag from /opt/airflow/dags/extend_run_dags_monitor.py
[2024-07-14T17:08:29.172+0000] {processor.py:840} INFO - DAG(s) 'Extend_Run_Dags_Monitor' retrieved from /opt/airflow/dags/extend_run_dags_monitor.py
[2024-07-14T17:08:29.244+0000] {logging_mixin.py:188} INFO - [2024-07-14T17:08:29.244+0000] {dag.py:3096} INFO - Sync 1 DAGs
[2024-07-14T17:08:29.274+0000] {logging_mixin.py:188} INFO - [2024-07-14T17:08:29.274+0000] {dag.py:3954} INFO - Setting next_dagrun for Extend_Run_Dags_Monitor to 2024-07-14 16:15:00+00:00, run_after=2024-07-14 17:15:00+00:00
[2024-07-14T17:08:29.337+0000] {processor.py:183} INFO - Processing /opt/airflow/dags/extend_run_dags_monitor.py took 0.237 seconds
[2024-07-14T18:46:57.729+0000] {processor.py:161} INFO - Started process (PID=1983) to work on /opt/airflow/dags/extend_run_dags_monitor.py
[2024-07-14T18:46:57.730+0000] {processor.py:830} INFO - Processing file /opt/airflow/dags/extend_run_dags_monitor.py for tasks to queue
[2024-07-14T18:46:57.731+0000] {logging_mixin.py:188} INFO - [2024-07-14T18:46:57.730+0000] {dagbag.py:545} INFO - Filling up the DagBag from /opt/airflow/dags/extend_run_dags_monitor.py
[2024-07-14T18:46:57.737+0000] {processor.py:840} INFO - DAG(s) 'Extend_Run_Dags_Monitor' retrieved from /opt/airflow/dags/extend_run_dags_monitor.py
[2024-07-14T18:46:57.756+0000] {logging_mixin.py:188} INFO - [2024-07-14T18:46:57.756+0000] {dag.py:3096} INFO - Sync 1 DAGs
[2024-07-14T18:46:57.767+0000] {logging_mixin.py:188} INFO - [2024-07-14T18:46:57.767+0000] {dag.py:3954} INFO - Setting next_dagrun for Extend_Run_Dags_Monitor to 2024-07-14 17:15:00+00:00, run_after=2024-07-14 18:15:00+00:00
[2024-07-14T18:46:57.775+0000] {processor.py:183} INFO - Processing /opt/airflow/dags/extend_run_dags_monitor.py took 0.048 seconds
[2024-07-14T20:14:49.436+0000] {processor.py:161} INFO - Started process (PID=2046) to work on /opt/airflow/dags/extend_run_dags_monitor.py
[2024-07-14T20:14:49.437+0000] {processor.py:830} INFO - Processing file /opt/airflow/dags/extend_run_dags_monitor.py for tasks to queue
[2024-07-14T20:14:49.437+0000] {logging_mixin.py:188} INFO - [2024-07-14T20:14:49.437+0000] {dagbag.py:545} INFO - Filling up the DagBag from /opt/airflow/dags/extend_run_dags_monitor.py
[2024-07-14T20:14:49.444+0000] {processor.py:840} INFO - DAG(s) 'Extend_Run_Dags_Monitor' retrieved from /opt/airflow/dags/extend_run_dags_monitor.py
[2024-07-14T20:14:49.461+0000] {logging_mixin.py:188} INFO - [2024-07-14T20:14:49.461+0000] {dag.py:3096} INFO - Sync 1 DAGs
[2024-07-14T20:14:49.475+0000] {logging_mixin.py:188} INFO - [2024-07-14T20:14:49.475+0000] {dag.py:3954} INFO - Setting next_dagrun for Extend_Run_Dags_Monitor to 2024-07-14 18:15:00+00:00, run_after=2024-07-14 19:15:00+00:00
[2024-07-14T20:14:49.487+0000] {processor.py:183} INFO - Processing /opt/airflow/dags/extend_run_dags_monitor.py took 0.054 seconds
[2024-07-14T21:39:35.369+0000] {processor.py:161} INFO - Started process (PID=2111) to work on /opt/airflow/dags/extend_run_dags_monitor.py
[2024-07-14T21:39:35.370+0000] {processor.py:830} INFO - Processing file /opt/airflow/dags/extend_run_dags_monitor.py for tasks to queue
[2024-07-14T21:39:35.370+0000] {logging_mixin.py:188} INFO - [2024-07-14T21:39:35.370+0000] {dagbag.py:545} INFO - Filling up the DagBag from /opt/airflow/dags/extend_run_dags_monitor.py
[2024-07-14T21:39:35.375+0000] {processor.py:840} INFO - DAG(s) 'Extend_Run_Dags_Monitor' retrieved from /opt/airflow/dags/extend_run_dags_monitor.py
[2024-07-14T21:39:35.392+0000] {logging_mixin.py:188} INFO - [2024-07-14T21:39:35.392+0000] {dag.py:3096} INFO - Sync 1 DAGs
[2024-07-14T21:39:35.405+0000] {logging_mixin.py:188} INFO - [2024-07-14T21:39:35.405+0000] {dag.py:3954} INFO - Setting next_dagrun for Extend_Run_Dags_Monitor to 2024-07-14 20:15:00+00:00, run_after=2024-07-14 21:15:00+00:00
[2024-07-14T21:39:35.414+0000] {processor.py:183} INFO - Processing /opt/airflow/dags/extend_run_dags_monitor.py took 0.049 seconds
[2024-07-14T22:59:56.903+0000] {processor.py:161} INFO - Started process (PID=2174) to work on /opt/airflow/dags/extend_run_dags_monitor.py
[2024-07-14T22:59:56.905+0000] {processor.py:830} INFO - Processing file /opt/airflow/dags/extend_run_dags_monitor.py for tasks to queue
[2024-07-14T22:59:56.908+0000] {logging_mixin.py:188} INFO - [2024-07-14T22:59:56.908+0000] {dagbag.py:545} INFO - Filling up the DagBag from /opt/airflow/dags/extend_run_dags_monitor.py
[2024-07-14T22:59:56.942+0000] {processor.py:840} INFO - DAG(s) 'Extend_Run_Dags_Monitor' retrieved from /opt/airflow/dags/extend_run_dags_monitor.py
[2024-07-14T22:59:56.987+0000] {logging_mixin.py:188} INFO - [2024-07-14T22:59:56.987+0000] {dag.py:3096} INFO - Sync 1 DAGs
[2024-07-14T22:59:57.012+0000] {logging_mixin.py:188} INFO - [2024-07-14T22:59:57.011+0000] {dag.py:3954} INFO - Setting next_dagrun for Extend_Run_Dags_Monitor to 2024-07-14 22:15:00+00:00, run_after=2024-07-14 23:15:00+00:00
[2024-07-14T22:59:57.035+0000] {processor.py:183} INFO - Processing /opt/airflow/dags/extend_run_dags_monitor.py took 0.140 seconds
