[2024-07-14T01:08:08.435+0000] {processor.py:161} INFO - Started process (PID=1238) to work on /opt/airflow/dags/fail_dags_monitor.py
[2024-07-14T01:08:08.436+0000] {processor.py:830} INFO - Processing file /opt/airflow/dags/fail_dags_monitor.py for tasks to queue
[2024-07-14T01:08:08.437+0000] {logging_mixin.py:188} INFO - [2024-07-14T01:08:08.437+0000] {dagbag.py:545} INFO - Filling up the DagBag from /opt/airflow/dags/fail_dags_monitor.py
[2024-07-14T01:08:08.640+0000] {processor.py:840} INFO - DAG(s) 'Fail_Dags_Monitor' retrieved from /opt/airflow/dags/fail_dags_monitor.py
[2024-07-14T01:08:08.676+0000] {logging_mixin.py:188} INFO - [2024-07-14T01:08:08.675+0000] {dag.py:3096} INFO - Sync 1 DAGs
[2024-07-14T01:08:08.790+0000] {logging_mixin.py:188} INFO - [2024-07-14T01:08:08.790+0000] {dag.py:3954} INFO - Setting next_dagrun for Fail_Dags_Monitor to 2024-07-14 00:15:00+00:00, run_after=2024-07-14 01:15:00+00:00
[2024-07-14T01:08:08.798+0000] {processor.py:183} INFO - Processing /opt/airflow/dags/fail_dags_monitor.py took 0.367 seconds
[2024-07-14T02:46:45.564+0000] {processor.py:161} INFO - Started process (PID=1293) to work on /opt/airflow/dags/fail_dags_monitor.py
[2024-07-14T02:46:45.611+0000] {processor.py:830} INFO - Processing file /opt/airflow/dags/fail_dags_monitor.py for tasks to queue
[2024-07-14T02:46:45.613+0000] {logging_mixin.py:188} INFO - [2024-07-14T02:46:45.612+0000] {dagbag.py:545} INFO - Filling up the DagBag from /opt/airflow/dags/fail_dags_monitor.py
[2024-07-14T02:46:45.878+0000] {processor.py:840} INFO - DAG(s) 'Fail_Dags_Monitor' retrieved from /opt/airflow/dags/fail_dags_monitor.py
[2024-07-14T02:46:45.893+0000] {logging_mixin.py:188} INFO - [2024-07-14T02:46:45.893+0000] {dag.py:3096} INFO - Sync 1 DAGs
[2024-07-14T02:46:46.028+0000] {logging_mixin.py:188} INFO - [2024-07-14T02:46:46.028+0000] {dag.py:3954} INFO - Setting next_dagrun for Fail_Dags_Monitor to 2024-07-14 02:15:00+00:00, run_after=2024-07-14 03:15:00+00:00
[2024-07-14T02:46:46.059+0000] {processor.py:183} INFO - Processing /opt/airflow/dags/fail_dags_monitor.py took 0.514 seconds
[2024-07-14T03:48:49.202+0000] {processor.py:161} INFO - Started process (PID=1364) to work on /opt/airflow/dags/fail_dags_monitor.py
[2024-07-14T03:48:49.203+0000] {processor.py:830} INFO - Processing file /opt/airflow/dags/fail_dags_monitor.py for tasks to queue
[2024-07-14T03:48:49.204+0000] {logging_mixin.py:188} INFO - [2024-07-14T03:48:49.204+0000] {dagbag.py:545} INFO - Filling up the DagBag from /opt/airflow/dags/fail_dags_monitor.py
[2024-07-14T03:48:49.483+0000] {processor.py:840} INFO - DAG(s) 'Fail_Dags_Monitor' retrieved from /opt/airflow/dags/fail_dags_monitor.py
[2024-07-14T03:48:49.494+0000] {logging_mixin.py:188} INFO - [2024-07-14T03:48:49.494+0000] {dag.py:3096} INFO - Sync 1 DAGs
[2024-07-14T03:48:49.503+0000] {logging_mixin.py:188} INFO - [2024-07-14T03:48:49.503+0000] {dag.py:3954} INFO - Setting next_dagrun for Fail_Dags_Monitor to 2024-07-14 03:15:00+00:00, run_after=2024-07-14 04:15:00+00:00
[2024-07-14T03:48:49.511+0000] {processor.py:183} INFO - Processing /opt/airflow/dags/fail_dags_monitor.py took 0.314 seconds
[2024-07-14T04:43:14.810+0000] {processor.py:161} INFO - Started process (PID=1419) to work on /opt/airflow/dags/fail_dags_monitor.py
[2024-07-14T04:43:14.812+0000] {processor.py:830} INFO - Processing file /opt/airflow/dags/fail_dags_monitor.py for tasks to queue
[2024-07-14T04:43:14.813+0000] {logging_mixin.py:188} INFO - [2024-07-14T04:43:14.813+0000] {dagbag.py:545} INFO - Filling up the DagBag from /opt/airflow/dags/fail_dags_monitor.py
[2024-07-14T04:43:14.986+0000] {processor.py:840} INFO - DAG(s) 'Fail_Dags_Monitor' retrieved from /opt/airflow/dags/fail_dags_monitor.py
[2024-07-14T04:43:15.001+0000] {logging_mixin.py:188} INFO - [2024-07-14T04:43:15.001+0000] {dag.py:3096} INFO - Sync 1 DAGs
[2024-07-14T04:43:15.011+0000] {logging_mixin.py:188} INFO - [2024-07-14T04:43:15.010+0000] {dag.py:3954} INFO - Setting next_dagrun for Fail_Dags_Monitor to 2024-07-14 03:15:00+00:00, run_after=2024-07-14 04:15:00+00:00
[2024-07-14T04:43:15.018+0000] {processor.py:183} INFO - Processing /opt/airflow/dags/fail_dags_monitor.py took 0.214 seconds
[2024-07-14T04:43:16.213+0000] {processor.py:161} INFO - Started process (PID=1445) to work on /opt/airflow/dags/fail_dags_monitor.py
[2024-07-14T04:43:16.213+0000] {processor.py:830} INFO - Processing file /opt/airflow/dags/fail_dags_monitor.py for tasks to queue
[2024-07-14T04:43:16.214+0000] {logging_mixin.py:188} INFO - [2024-07-14T04:43:16.214+0000] {dagbag.py:545} INFO - Filling up the DagBag from /opt/airflow/dags/fail_dags_monitor.py
[2024-07-14T04:43:16.374+0000] {processor.py:840} INFO - DAG(s) 'Fail_Dags_Monitor' retrieved from /opt/airflow/dags/fail_dags_monitor.py
[2024-07-14T04:43:16.386+0000] {logging_mixin.py:188} INFO - [2024-07-14T04:43:16.385+0000] {taskinstance.py:2907} ERROR - {'DAG Id': 'Fail_Dags_Monitor', 'Task Id': 'load', 'Run Id': 'scheduled__2024-07-14T02:15:00+00:00', 'Hostname': 'a9aa3835bb3f'}
[2024-07-14T04:43:16.395+0000] {logging_mixin.py:188} INFO - [2024-07-14T04:43:16.395+0000] {taskinstance.py:1206} INFO - Marking task as FAILED. dag_id=Fail_Dags_Monitor, task_id=load, run_id=scheduled__2024-07-14T02:15:00+00:00, execution_date=20240714T021500, start_date=20240714T034915, end_date=20240714T044316
[2024-07-14T04:43:16.400+0000] {processor.py:791} INFO - Executed failure callback for <TaskInstance: Fail_Dags_Monitor.load scheduled__2024-07-14T02:15:00+00:00 [failed]> in state failed
[2024-07-14T04:43:16.528+0000] {logging_mixin.py:188} INFO - [2024-07-14T04:43:16.527+0000] {dag.py:3096} INFO - Sync 1 DAGs
[2024-07-14T04:43:16.538+0000] {logging_mixin.py:188} INFO - [2024-07-14T04:43:16.538+0000] {dag.py:3954} INFO - Setting next_dagrun for Fail_Dags_Monitor to 2024-07-14 04:15:00+00:00, run_after=2024-07-14 05:15:00+00:00
[2024-07-14T04:43:16.546+0000] {processor.py:183} INFO - Processing /opt/airflow/dags/fail_dags_monitor.py took 0.337 seconds
[2024-07-14T06:02:54.780+0000] {processor.py:161} INFO - Started process (PID=1467) to work on /opt/airflow/dags/fail_dags_monitor.py
[2024-07-14T06:02:54.782+0000] {processor.py:830} INFO - Processing file /opt/airflow/dags/fail_dags_monitor.py for tasks to queue
[2024-07-14T06:02:54.783+0000] {logging_mixin.py:188} INFO - [2024-07-14T06:02:54.782+0000] {dagbag.py:545} INFO - Filling up the DagBag from /opt/airflow/dags/fail_dags_monitor.py
[2024-07-14T06:02:54.975+0000] {processor.py:840} INFO - DAG(s) 'Fail_Dags_Monitor' retrieved from /opt/airflow/dags/fail_dags_monitor.py
[2024-07-14T06:02:54.991+0000] {logging_mixin.py:188} INFO - [2024-07-14T06:02:54.990+0000] {dag.py:3096} INFO - Sync 1 DAGs
[2024-07-14T06:02:55.092+0000] {logging_mixin.py:188} INFO - [2024-07-14T06:02:55.092+0000] {dag.py:3954} INFO - Setting next_dagrun for Fail_Dags_Monitor to 2024-07-14 04:15:00+00:00, run_after=2024-07-14 05:15:00+00:00
[2024-07-14T06:02:55.100+0000] {processor.py:183} INFO - Processing /opt/airflow/dags/fail_dags_monitor.py took 0.328 seconds
[2024-07-14T07:40:56.304+0000] {processor.py:161} INFO - Started process (PID=1516) to work on /opt/airflow/dags/fail_dags_monitor.py
[2024-07-14T07:40:56.305+0000] {processor.py:830} INFO - Processing file /opt/airflow/dags/fail_dags_monitor.py for tasks to queue
[2024-07-14T07:40:56.306+0000] {logging_mixin.py:188} INFO - [2024-07-14T07:40:56.305+0000] {dagbag.py:545} INFO - Filling up the DagBag from /opt/airflow/dags/fail_dags_monitor.py
[2024-07-14T07:40:56.488+0000] {processor.py:840} INFO - DAG(s) 'Fail_Dags_Monitor' retrieved from /opt/airflow/dags/fail_dags_monitor.py
[2024-07-14T07:40:56.640+0000] {logging_mixin.py:188} INFO - [2024-07-14T07:40:56.639+0000] {dag.py:3096} INFO - Sync 1 DAGs
[2024-07-14T07:40:56.673+0000] {logging_mixin.py:188} INFO - [2024-07-14T07:40:56.673+0000] {dag.py:3954} INFO - Setting next_dagrun for Fail_Dags_Monitor to 2024-07-14 07:15:00+00:00, run_after=2024-07-14 08:15:00+00:00
[2024-07-14T07:40:56.688+0000] {processor.py:183} INFO - Processing /opt/airflow/dags/fail_dags_monitor.py took 0.390 seconds
[2024-07-14T09:01:19.104+0000] {processor.py:161} INFO - Started process (PID=1572) to work on /opt/airflow/dags/fail_dags_monitor.py
[2024-07-14T09:01:19.106+0000] {processor.py:830} INFO - Processing file /opt/airflow/dags/fail_dags_monitor.py for tasks to queue
[2024-07-14T09:01:19.108+0000] {logging_mixin.py:188} INFO - [2024-07-14T09:01:19.108+0000] {dagbag.py:545} INFO - Filling up the DagBag from /opt/airflow/dags/fail_dags_monitor.py
[2024-07-14T09:01:19.827+0000] {processor.py:840} INFO - DAG(s) 'Fail_Dags_Monitor' retrieved from /opt/airflow/dags/fail_dags_monitor.py
[2024-07-14T09:01:19.875+0000] {logging_mixin.py:188} INFO - [2024-07-14T09:01:19.875+0000] {dag.py:3096} INFO - Sync 1 DAGs
[2024-07-14T09:01:19.897+0000] {logging_mixin.py:188} INFO - [2024-07-14T09:01:19.897+0000] {dag.py:3954} INFO - Setting next_dagrun for Fail_Dags_Monitor to 2024-07-14 08:15:00+00:00, run_after=2024-07-14 09:15:00+00:00
[2024-07-14T09:01:19.910+0000] {processor.py:183} INFO - Processing /opt/airflow/dags/fail_dags_monitor.py took 0.813 seconds
[2024-07-14T10:37:15.288+0000] {processor.py:161} INFO - Started process (PID=1604) to work on /opt/airflow/dags/fail_dags_monitor.py
[2024-07-14T10:37:15.293+0000] {processor.py:830} INFO - Processing file /opt/airflow/dags/fail_dags_monitor.py for tasks to queue
[2024-07-14T10:37:15.296+0000] {logging_mixin.py:188} INFO - [2024-07-14T10:37:15.295+0000] {dagbag.py:545} INFO - Filling up the DagBag from /opt/airflow/dags/fail_dags_monitor.py
[2024-07-14T10:37:15.547+0000] {processor.py:840} INFO - DAG(s) 'Fail_Dags_Monitor' retrieved from /opt/airflow/dags/fail_dags_monitor.py
[2024-07-14T10:37:15.558+0000] {logging_mixin.py:188} INFO - [2024-07-14T10:37:15.558+0000] {dag.py:3096} INFO - Sync 1 DAGs
[2024-07-14T10:37:15.567+0000] {logging_mixin.py:188} INFO - [2024-07-14T10:37:15.566+0000] {dag.py:3954} INFO - Setting next_dagrun for Fail_Dags_Monitor to 2024-07-14 09:15:00+00:00, run_after=2024-07-14 10:15:00+00:00
[2024-07-14T10:37:15.574+0000] {processor.py:183} INFO - Processing /opt/airflow/dags/fail_dags_monitor.py took 0.293 seconds
[2024-07-14T11:36:24.737+0000] {processor.py:161} INFO - Started process (PID=1654) to work on /opt/airflow/dags/fail_dags_monitor.py
[2024-07-14T11:36:24.738+0000] {processor.py:830} INFO - Processing file /opt/airflow/dags/fail_dags_monitor.py for tasks to queue
[2024-07-14T11:36:24.739+0000] {logging_mixin.py:188} INFO - [2024-07-14T11:36:24.739+0000] {dagbag.py:545} INFO - Filling up the DagBag from /opt/airflow/dags/fail_dags_monitor.py
[2024-07-14T11:36:24.927+0000] {processor.py:840} INFO - DAG(s) 'Fail_Dags_Monitor' retrieved from /opt/airflow/dags/fail_dags_monitor.py
[2024-07-14T11:36:24.947+0000] {logging_mixin.py:188} INFO - [2024-07-14T11:36:24.946+0000] {dag.py:3096} INFO - Sync 1 DAGs
[2024-07-14T11:36:25.101+0000] {logging_mixin.py:188} INFO - [2024-07-14T11:36:25.101+0000] {dag.py:3954} INFO - Setting next_dagrun for Fail_Dags_Monitor to 2024-07-14 11:15:00+00:00, run_after=2024-07-14 12:15:00+00:00
[2024-07-14T11:36:25.113+0000] {processor.py:183} INFO - Processing /opt/airflow/dags/fail_dags_monitor.py took 0.381 seconds
[2024-07-14T11:36:27.120+0000] {processor.py:161} INFO - Started process (PID=1679) to work on /opt/airflow/dags/fail_dags_monitor.py
[2024-07-14T11:36:27.120+0000] {processor.py:830} INFO - Processing file /opt/airflow/dags/fail_dags_monitor.py for tasks to queue
[2024-07-14T11:36:27.121+0000] {logging_mixin.py:188} INFO - [2024-07-14T11:36:27.121+0000] {dagbag.py:545} INFO - Filling up the DagBag from /opt/airflow/dags/fail_dags_monitor.py
[2024-07-14T11:36:27.265+0000] {processor.py:840} INFO - DAG(s) 'Fail_Dags_Monitor' retrieved from /opt/airflow/dags/fail_dags_monitor.py
[2024-07-14T11:36:27.277+0000] {logging_mixin.py:188} INFO - [2024-07-14T11:36:27.276+0000] {taskinstance.py:2907} ERROR - {'DAG Id': 'Fail_Dags_Monitor', 'Task Id': 'load', 'Run Id': 'scheduled__2024-07-14T09:15:00+00:00', 'Hostname': 'a9aa3835bb3f'}
[2024-07-14T11:36:27.376+0000] {logging_mixin.py:188} INFO - [2024-07-14T11:36:27.375+0000] {taskinstance.py:1206} INFO - Marking task as UP_FOR_RETRY. dag_id=Fail_Dags_Monitor, task_id=load, run_id=scheduled__2024-07-14T09:15:00+00:00, execution_date=20240714T091500, start_date=20240714T103743, end_date=20240714T113627
[2024-07-14T11:36:27.380+0000] {processor.py:791} INFO - Executed failure callback for <TaskInstance: Fail_Dags_Monitor.load scheduled__2024-07-14T09:15:00+00:00 [up_for_retry]> in state up_for_retry
[2024-07-14T11:36:27.390+0000] {logging_mixin.py:188} INFO - [2024-07-14T11:36:27.389+0000] {dag.py:3096} INFO - Sync 1 DAGs
[2024-07-14T11:36:27.399+0000] {logging_mixin.py:188} INFO - [2024-07-14T11:36:27.399+0000] {dag.py:3954} INFO - Setting next_dagrun for Fail_Dags_Monitor to 2024-07-14 11:15:00+00:00, run_after=2024-07-14 12:15:00+00:00
[2024-07-14T11:36:27.408+0000] {processor.py:183} INFO - Processing /opt/airflow/dags/fail_dags_monitor.py took 0.292 seconds
[2024-07-14T12:18:51.462+0000] {processor.py:161} INFO - Started process (PID=1702) to work on /opt/airflow/dags/fail_dags_monitor.py
[2024-07-14T12:18:51.463+0000] {processor.py:830} INFO - Processing file /opt/airflow/dags/fail_dags_monitor.py for tasks to queue
[2024-07-14T12:18:51.464+0000] {logging_mixin.py:188} INFO - [2024-07-14T12:18:51.464+0000] {dagbag.py:545} INFO - Filling up the DagBag from /opt/airflow/dags/fail_dags_monitor.py
[2024-07-14T12:18:51.707+0000] {processor.py:840} INFO - DAG(s) 'Fail_Dags_Monitor' retrieved from /opt/airflow/dags/fail_dags_monitor.py
[2024-07-14T12:18:51.815+0000] {logging_mixin.py:188} INFO - [2024-07-14T12:18:51.815+0000] {dag.py:3096} INFO - Sync 1 DAGs
[2024-07-14T12:18:51.824+0000] {logging_mixin.py:188} INFO - [2024-07-14T12:18:51.824+0000] {dag.py:3954} INFO - Setting next_dagrun for Fail_Dags_Monitor to 2024-07-14 11:15:00+00:00, run_after=2024-07-14 12:15:00+00:00
[2024-07-14T12:18:51.831+0000] {processor.py:183} INFO - Processing /opt/airflow/dags/fail_dags_monitor.py took 0.374 seconds
[2024-07-14T12:18:53.804+0000] {processor.py:161} INFO - Started process (PID=1729) to work on /opt/airflow/dags/fail_dags_monitor.py
[2024-07-14T12:18:53.806+0000] {processor.py:830} INFO - Processing file /opt/airflow/dags/fail_dags_monitor.py for tasks to queue
[2024-07-14T12:18:53.806+0000] {logging_mixin.py:188} INFO - [2024-07-14T12:18:53.806+0000] {dagbag.py:545} INFO - Filling up the DagBag from /opt/airflow/dags/fail_dags_monitor.py
[2024-07-14T12:18:53.968+0000] {processor.py:840} INFO - DAG(s) 'Fail_Dags_Monitor' retrieved from /opt/airflow/dags/fail_dags_monitor.py
[2024-07-14T12:18:54.067+0000] {logging_mixin.py:188} INFO - [2024-07-14T12:18:54.067+0000] {taskinstance.py:2907} ERROR - {'DAG Id': 'Fail_Dags_Monitor', 'Task Id': 'load', 'Run Id': 'scheduled__2024-07-14T10:15:00+00:00', 'Hostname': 'a9aa3835bb3f'}
[2024-07-14T12:18:54.076+0000] {logging_mixin.py:188} INFO - [2024-07-14T12:18:54.076+0000] {taskinstance.py:1206} INFO - Marking task as UP_FOR_RETRY. dag_id=Fail_Dags_Monitor, task_id=load, run_id=scheduled__2024-07-14T10:15:00+00:00, execution_date=20240714T101500, start_date=20240714T113627, end_date=20240714T121854
[2024-07-14T12:18:54.079+0000] {processor.py:791} INFO - Executed failure callback for <TaskInstance: Fail_Dags_Monitor.load scheduled__2024-07-14T10:15:00+00:00 [up_for_retry]> in state up_for_retry
[2024-07-14T12:18:54.089+0000] {logging_mixin.py:188} INFO - [2024-07-14T12:18:54.088+0000] {dag.py:3096} INFO - Sync 1 DAGs
[2024-07-14T12:18:54.099+0000] {logging_mixin.py:188} INFO - [2024-07-14T12:18:54.099+0000] {dag.py:3954} INFO - Setting next_dagrun for Fail_Dags_Monitor to 2024-07-14 12:15:00+00:00, run_after=2024-07-14 13:15:00+00:00
[2024-07-14T12:18:54.107+0000] {processor.py:183} INFO - Processing /opt/airflow/dags/fail_dags_monitor.py took 0.306 seconds
[2024-07-14T13:36:34.663+0000] {processor.py:161} INFO - Started process (PID=1756) to work on /opt/airflow/dags/fail_dags_monitor.py
[2024-07-14T13:36:34.665+0000] {processor.py:830} INFO - Processing file /opt/airflow/dags/fail_dags_monitor.py for tasks to queue
[2024-07-14T13:36:34.666+0000] {logging_mixin.py:188} INFO - [2024-07-14T13:36:34.665+0000] {dagbag.py:545} INFO - Filling up the DagBag from /opt/airflow/dags/fail_dags_monitor.py
[2024-07-14T13:36:35.281+0000] {processor.py:840} INFO - DAG(s) 'Fail_Dags_Monitor' retrieved from /opt/airflow/dags/fail_dags_monitor.py
[2024-07-14T13:36:35.300+0000] {logging_mixin.py:188} INFO - [2024-07-14T13:36:35.299+0000] {dag.py:3096} INFO - Sync 1 DAGs
[2024-07-14T13:36:35.313+0000] {logging_mixin.py:188} INFO - [2024-07-14T13:36:35.313+0000] {dag.py:3954} INFO - Setting next_dagrun for Fail_Dags_Monitor to 2024-07-14 13:15:00+00:00, run_after=2024-07-14 14:15:00+00:00
[2024-07-14T13:36:35.327+0000] {processor.py:183} INFO - Processing /opt/airflow/dags/fail_dags_monitor.py took 0.670 seconds
[2024-07-14T14:55:49.927+0000] {processor.py:161} INFO - Started process (PID=1825) to work on /opt/airflow/dags/fail_dags_monitor.py
[2024-07-14T14:55:49.931+0000] {processor.py:830} INFO - Processing file /opt/airflow/dags/fail_dags_monitor.py for tasks to queue
[2024-07-14T14:55:49.933+0000] {logging_mixin.py:188} INFO - [2024-07-14T14:55:49.932+0000] {dagbag.py:545} INFO - Filling up the DagBag from /opt/airflow/dags/fail_dags_monitor.py
[2024-07-14T14:55:50.291+0000] {processor.py:840} INFO - DAG(s) 'Fail_Dags_Monitor' retrieved from /opt/airflow/dags/fail_dags_monitor.py
[2024-07-14T14:55:50.303+0000] {logging_mixin.py:188} INFO - [2024-07-14T14:55:50.303+0000] {dag.py:3096} INFO - Sync 1 DAGs
[2024-07-14T14:55:50.313+0000] {logging_mixin.py:188} INFO - [2024-07-14T14:55:50.313+0000] {dag.py:3954} INFO - Setting next_dagrun for Fail_Dags_Monitor to 2024-07-14 14:15:00+00:00, run_after=2024-07-14 15:15:00+00:00
[2024-07-14T14:55:50.321+0000] {processor.py:183} INFO - Processing /opt/airflow/dags/fail_dags_monitor.py took 0.406 seconds
[2024-07-14T16:07:21.895+0000] {processor.py:161} INFO - Started process (PID=1876) to work on /opt/airflow/dags/fail_dags_monitor.py
[2024-07-14T16:07:21.896+0000] {processor.py:830} INFO - Processing file /opt/airflow/dags/fail_dags_monitor.py for tasks to queue
[2024-07-14T16:07:21.897+0000] {logging_mixin.py:188} INFO - [2024-07-14T16:07:21.896+0000] {dagbag.py:545} INFO - Filling up the DagBag from /opt/airflow/dags/fail_dags_monitor.py
[2024-07-14T16:07:22.080+0000] {processor.py:840} INFO - DAG(s) 'Fail_Dags_Monitor' retrieved from /opt/airflow/dags/fail_dags_monitor.py
[2024-07-14T16:07:22.093+0000] {logging_mixin.py:188} INFO - [2024-07-14T16:07:22.092+0000] {dag.py:3096} INFO - Sync 1 DAGs
[2024-07-14T16:07:22.186+0000] {logging_mixin.py:188} INFO - [2024-07-14T16:07:22.186+0000] {dag.py:3954} INFO - Setting next_dagrun for Fail_Dags_Monitor to 2024-07-14 14:15:00+00:00, run_after=2024-07-14 15:15:00+00:00
[2024-07-14T16:07:22.196+0000] {processor.py:183} INFO - Processing /opt/airflow/dags/fail_dags_monitor.py took 0.309 seconds
[2024-07-14T17:08:28.875+0000] {processor.py:161} INFO - Started process (PID=1926) to work on /opt/airflow/dags/fail_dags_monitor.py
[2024-07-14T17:08:28.876+0000] {processor.py:830} INFO - Processing file /opt/airflow/dags/fail_dags_monitor.py for tasks to queue
[2024-07-14T17:08:28.876+0000] {logging_mixin.py:188} INFO - [2024-07-14T17:08:28.876+0000] {dagbag.py:545} INFO - Filling up the DagBag from /opt/airflow/dags/fail_dags_monitor.py
[2024-07-14T17:08:29.242+0000] {processor.py:840} INFO - DAG(s) 'Fail_Dags_Monitor' retrieved from /opt/airflow/dags/fail_dags_monitor.py
[2024-07-14T17:08:29.477+0000] {logging_mixin.py:188} INFO - [2024-07-14T17:08:29.476+0000] {dag.py:3096} INFO - Sync 1 DAGs
[2024-07-14T17:08:29.493+0000] {logging_mixin.py:188} INFO - [2024-07-14T17:08:29.493+0000] {dag.py:3954} INFO - Setting next_dagrun for Fail_Dags_Monitor to 2024-07-14 16:15:00+00:00, run_after=2024-07-14 17:15:00+00:00
[2024-07-14T17:08:29.519+0000] {processor.py:183} INFO - Processing /opt/airflow/dags/fail_dags_monitor.py took 0.649 seconds
[2024-07-14T18:46:57.641+0000] {processor.py:161} INFO - Started process (PID=1977) to work on /opt/airflow/dags/fail_dags_monitor.py
[2024-07-14T18:46:57.642+0000] {processor.py:830} INFO - Processing file /opt/airflow/dags/fail_dags_monitor.py for tasks to queue
[2024-07-14T18:46:57.643+0000] {logging_mixin.py:188} INFO - [2024-07-14T18:46:57.643+0000] {dagbag.py:545} INFO - Filling up the DagBag from /opt/airflow/dags/fail_dags_monitor.py
[2024-07-14T18:46:57.915+0000] {processor.py:840} INFO - DAG(s) 'Fail_Dags_Monitor' retrieved from /opt/airflow/dags/fail_dags_monitor.py
[2024-07-14T18:46:57.927+0000] {logging_mixin.py:188} INFO - [2024-07-14T18:46:57.926+0000] {dag.py:3096} INFO - Sync 1 DAGs
[2024-07-14T18:46:57.942+0000] {logging_mixin.py:188} INFO - [2024-07-14T18:46:57.942+0000] {dag.py:3954} INFO - Setting next_dagrun for Fail_Dags_Monitor to 2024-07-14 17:15:00+00:00, run_after=2024-07-14 18:15:00+00:00
[2024-07-14T18:46:57.955+0000] {processor.py:183} INFO - Processing /opt/airflow/dags/fail_dags_monitor.py took 0.319 seconds
[2024-07-14T20:14:49.304+0000] {processor.py:161} INFO - Started process (PID=2040) to work on /opt/airflow/dags/fail_dags_monitor.py
[2024-07-14T20:14:49.306+0000] {processor.py:830} INFO - Processing file /opt/airflow/dags/fail_dags_monitor.py for tasks to queue
[2024-07-14T20:14:49.306+0000] {logging_mixin.py:188} INFO - [2024-07-14T20:14:49.306+0000] {dagbag.py:545} INFO - Filling up the DagBag from /opt/airflow/dags/fail_dags_monitor.py
[2024-07-14T20:14:49.646+0000] {processor.py:840} INFO - DAG(s) 'Fail_Dags_Monitor' retrieved from /opt/airflow/dags/fail_dags_monitor.py
[2024-07-14T20:14:49.658+0000] {logging_mixin.py:188} INFO - [2024-07-14T20:14:49.658+0000] {dag.py:3096} INFO - Sync 1 DAGs
[2024-07-14T20:14:49.669+0000] {logging_mixin.py:188} INFO - [2024-07-14T20:14:49.669+0000] {dag.py:3954} INFO - Setting next_dagrun for Fail_Dags_Monitor to 2024-07-14 19:15:00+00:00, run_after=2024-07-14 20:15:00+00:00
[2024-07-14T20:14:49.678+0000] {processor.py:183} INFO - Processing /opt/airflow/dags/fail_dags_monitor.py took 0.380 seconds
[2024-07-14T21:39:35.249+0000] {processor.py:161} INFO - Started process (PID=2105) to work on /opt/airflow/dags/fail_dags_monitor.py
[2024-07-14T21:39:35.252+0000] {processor.py:830} INFO - Processing file /opt/airflow/dags/fail_dags_monitor.py for tasks to queue
[2024-07-14T21:39:35.253+0000] {logging_mixin.py:188} INFO - [2024-07-14T21:39:35.253+0000] {dagbag.py:545} INFO - Filling up the DagBag from /opt/airflow/dags/fail_dags_monitor.py
[2024-07-14T21:39:35.489+0000] {processor.py:840} INFO - DAG(s) 'Fail_Dags_Monitor' retrieved from /opt/airflow/dags/fail_dags_monitor.py
[2024-07-14T21:39:35.502+0000] {logging_mixin.py:188} INFO - [2024-07-14T21:39:35.502+0000] {dag.py:3096} INFO - Sync 1 DAGs
[2024-07-14T21:39:35.608+0000] {logging_mixin.py:188} INFO - [2024-07-14T21:39:35.608+0000] {dag.py:3954} INFO - Setting next_dagrun for Fail_Dags_Monitor to 2024-07-14 20:15:00+00:00, run_after=2024-07-14 21:15:00+00:00
[2024-07-14T21:39:35.616+0000] {processor.py:183} INFO - Processing /opt/airflow/dags/fail_dags_monitor.py took 0.376 seconds
[2024-07-14T22:59:56.693+0000] {processor.py:161} INFO - Started process (PID=2165) to work on /opt/airflow/dags/fail_dags_monitor.py
[2024-07-14T22:59:56.768+0000] {processor.py:830} INFO - Processing file /opt/airflow/dags/fail_dags_monitor.py for tasks to queue
[2024-07-14T22:59:56.769+0000] {logging_mixin.py:188} INFO - [2024-07-14T22:59:56.769+0000] {dagbag.py:545} INFO - Filling up the DagBag from /opt/airflow/dags/fail_dags_monitor.py
[2024-07-14T22:59:57.030+0000] {processor.py:840} INFO - DAG(s) 'Fail_Dags_Monitor' retrieved from /opt/airflow/dags/fail_dags_monitor.py
[2024-07-14T22:59:57.229+0000] {logging_mixin.py:188} INFO - [2024-07-14T22:59:57.229+0000] {dag.py:3096} INFO - Sync 1 DAGs
[2024-07-14T22:59:57.246+0000] {logging_mixin.py:188} INFO - [2024-07-14T22:59:57.246+0000] {dag.py:3954} INFO - Setting next_dagrun for Fail_Dags_Monitor to 2024-07-14 22:15:00+00:00, run_after=2024-07-14 23:15:00+00:00
[2024-07-14T22:59:57.268+0000] {processor.py:183} INFO - Processing /opt/airflow/dags/fail_dags_monitor.py took 0.581 seconds
