[2024-07-05T08:37:30.423+0000] {local_task_job_runner.py:120} INFO - ::group::Pre task execution logs
[2024-07-05T08:37:30.439+0000] {taskinstance.py:2076} INFO - Dependencies all met for dep_context=non-requeueable deps ti=<TaskInstance: Fail_Dags_Monitor.load manual__2024-07-05T08:18:45.478464+00:00 [queued]>
[2024-07-05T08:37:30.444+0000] {taskinstance.py:2076} INFO - Dependencies all met for dep_context=requeueable deps ti=<TaskInstance: Fail_Dags_Monitor.load manual__2024-07-05T08:18:45.478464+00:00 [queued]>
[2024-07-05T08:37:30.444+0000] {taskinstance.py:2306} INFO - Starting attempt 17 of 18
[2024-07-05T08:37:30.450+0000] {taskinstance.py:2330} INFO - Executing <Task(PythonOperator): load> on 2024-07-05 08:18:45.478464+00:00
[2024-07-05T08:37:30.455+0000] {logging_mixin.py:188} WARNING - /home/***/.local/lib/python3.12/site-packages/***/task/task_runner/standard_task_runner.py:61 DeprecationWarning: This process (pid=48181) is multi-threaded, use of fork() may lead to deadlocks in the child.
[2024-07-05T08:37:30.455+0000] {standard_task_runner.py:63} INFO - Started process 48183 to run task
[2024-07-05T08:37:30.454+0000] {standard_task_runner.py:90} INFO - Running: ['***', 'tasks', 'run', 'Fail_Dags_Monitor', 'load', 'manual__2024-07-05T08:18:45.478464+00:00', '--job-id', '518', '--raw', '--subdir', 'DAGS_FOLDER/fail_dags_monitor.py', '--cfg-path', '/tmp/tmpamutc0v5']
[2024-07-05T08:37:30.456+0000] {standard_task_runner.py:91} INFO - Job 518: Subtask load
[2024-07-05T08:37:30.479+0000] {task_command.py:426} INFO - Running <TaskInstance: Fail_Dags_Monitor.load manual__2024-07-05T08:18:45.478464+00:00 [running]> on host 0b64c9d791b9
[2024-07-05T08:37:30.522+0000] {taskinstance.py:2648} INFO - Exporting env vars: AIRFLOW_CTX_DAG_OWNER='congminh.nguyen@onpoint.vn' AIRFLOW_CTX_DAG_ID='Fail_Dags_Monitor' AIRFLOW_CTX_TASK_ID='load' AIRFLOW_CTX_EXECUTION_DATE='2024-07-05T08:18:45.478464+00:00' AIRFLOW_CTX_TRY_NUMBER='17' AIRFLOW_CTX_DAG_RUN_ID='manual__2024-07-05T08:18:45.478464+00:00'
[2024-07-05T08:37:30.523+0000] {taskinstance.py:430} INFO - ::endgroup::
[2024-07-05T08:37:30.638+0000] {dagbag.py:545} INFO - Filling up the DagBag from /opt/***/dags
[2024-07-05T08:37:30.656+0000] {logging_mixin.py:188} INFO - meomeo [{"id": 187, "run_id": "scheduled__2024-07-03T09:56:00+00:00", "state": "failed", "dag_id": "Email_test_dag", "run_type": "scheduled", "execution_date": "2024-07-03T09:56:00+00:00", "start_date": "2024-07-04T09:56:00.202702+00:00", "end_date": "2024-07-04T09:56:25.480316+00:00"}, {"id": 167, "run_id": "manual__2024-07-04T03:32:53.290166+00:00", "state": "failed", "dag_id": "Email_test_dag", "run_type": "manual", "execution_date": "2024-07-04T03:32:53.290166+00:00", "start_date": "2024-07-04T04:09:37.884658+00:00", "end_date": "2024-07-04T04:10:06.721963+00:00"}]
[2024-07-05T08:37:30.657+0000] {taskinstance.py:441} INFO - ::group::Post task execution logs
[2024-07-05T08:37:30.657+0000] {taskinstance.py:2905} ERROR - Task failed with exception
Traceback (most recent call last):
  File "/home/airflow/.local/lib/python3.12/site-packages/airflow/models/taskinstance.py", line 465, in _execute_task
    result = _execute_callable(context=context, **execute_callable_kwargs)
             ^^^^^^^^^^^^^^^^^^^^^^^^^^^^^^^^^^^^^^^^^^^^^^^^^^^^^^^^^^^^^
  File "/home/airflow/.local/lib/python3.12/site-packages/airflow/models/taskinstance.py", line 432, in _execute_callable
    return execute_callable(context=context, **execute_callable_kwargs)
           ^^^^^^^^^^^^^^^^^^^^^^^^^^^^^^^^^^^^^^^^^^^^^^^^^^^^^^^^^^^^
  File "/home/airflow/.local/lib/python3.12/site-packages/airflow/models/baseoperator.py", line 401, in wrapper
    return func(self, *args, **kwargs)
           ^^^^^^^^^^^^^^^^^^^^^^^^^^^
  File "/home/airflow/.local/lib/python3.12/site-packages/airflow/operators/python.py", line 235, in execute
    return_value = self.execute_callable()
                   ^^^^^^^^^^^^^^^^^^^^^^^
  File "/home/airflow/.local/lib/python3.12/site-packages/airflow/operators/python.py", line 252, in execute_callable
    return self.python_callable(*self.op_args, **self.op_kwargs)
           ^^^^^^^^^^^^^^^^^^^^^^^^^^^^^^^^^^^^^^^^^^^^^^^^^^^^^
  File "/opt/airflow/dags/fail_dags_monitor.py", line 66, in load
    df_final = pd.DataFrame(log_file)
               ^^^^^^^^^^^^^^^^^^^^^^
  File "/home/airflow/.local/lib/python3.12/site-packages/pandas/core/frame.py", line 841, in __init__
    raise ValueError("DataFrame constructor not properly called!")
ValueError: DataFrame constructor not properly called!
[2024-07-05T08:37:30.664+0000] {taskinstance.py:1206} INFO - Marking task as UP_FOR_RETRY. dag_id=Fail_Dags_Monitor, task_id=load, run_id=manual__2024-07-05T08:18:45.478464+00:00, execution_date=20240705T081845, start_date=20240705T083730, end_date=20240705T083730
[2024-07-05T08:37:30.669+0000] {standard_task_runner.py:110} ERROR - Failed to execute job 518 for task load (DataFrame constructor not properly called!; 48183)
[2024-07-05T08:37:30.684+0000] {local_task_job_runner.py:240} INFO - Task exited with return code 1
[2024-07-05T08:37:30.693+0000] {taskinstance.py:3503} INFO - 0 downstream tasks scheduled from follow-on schedule check
[2024-07-05T08:37:30.694+0000] {local_task_job_runner.py:222} INFO - ::endgroup::
