[2024-07-10T01:09:31.283+0000] {local_task_job_runner.py:120} INFO - ::group::Pre task execution logs
[2024-07-10T01:09:31.320+0000] {taskinstance.py:2076} INFO - Dependencies all met for dep_context=non-requeueable deps ti=<TaskInstance: Extend_Run_Dags_Monitor.stop_long_running_tasks scheduled__2024-07-09T23:15:00+00:00 [queued]>
[2024-07-10T01:09:31.339+0000] {taskinstance.py:2076} INFO - Dependencies all met for dep_context=requeueable deps ti=<TaskInstance: Extend_Run_Dags_Monitor.stop_long_running_tasks scheduled__2024-07-09T23:15:00+00:00 [queued]>
[2024-07-10T01:09:31.341+0000] {taskinstance.py:2306} INFO - Starting attempt 1 of 3
[2024-07-10T01:09:31.360+0000] {taskinstance.py:2330} INFO - Executing <Task(PythonOperator): stop_long_running_tasks> on 2024-07-09 23:15:00+00:00
[2024-07-10T01:09:31.368+0000] {logging_mixin.py:188} WARNING - /home/***/.local/lib/python3.12/site-packages/***/task/task_runner/standard_task_runner.py:61 DeprecationWarning: This process (pid=34620) is multi-threaded, use of fork() may lead to deadlocks in the child.
[2024-07-10T01:09:31.372+0000] {standard_task_runner.py:63} INFO - Started process 34635 to run task
[2024-07-10T01:09:31.369+0000] {standard_task_runner.py:90} INFO - Running: ['***', 'tasks', 'run', 'Extend_Run_Dags_Monitor', 'stop_long_running_tasks', 'scheduled__2024-07-09T23:15:00+00:00', '--job-id', '3318', '--raw', '--subdir', 'DAGS_FOLDER/extend_run_dags_monitor.py', '--cfg-path', '/tmp/tmpg5mms11k']
[2024-07-10T01:09:31.373+0000] {standard_task_runner.py:91} INFO - Job 3318: Subtask stop_long_running_tasks
[2024-07-10T01:09:31.482+0000] {task_command.py:426} INFO - Running <TaskInstance: Extend_Run_Dags_Monitor.stop_long_running_tasks scheduled__2024-07-09T23:15:00+00:00 [running]> on host ec4fc0d2456a
[2024-07-10T01:09:31.561+0000] {taskinstance.py:2648} INFO - Exporting env vars: AIRFLOW_CTX_DAG_OWNER='congminh.nguyen@ponpoint.vn' AIRFLOW_CTX_DAG_ID='Extend_Run_Dags_Monitor' AIRFLOW_CTX_TASK_ID='stop_long_running_tasks' AIRFLOW_CTX_EXECUTION_DATE='2024-07-09T23:15:00+00:00' AIRFLOW_CTX_TRY_NUMBER='1' AIRFLOW_CTX_DAG_RUN_ID='scheduled__2024-07-09T23:15:00+00:00'
[2024-07-10T01:09:31.563+0000] {taskinstance.py:430} INFO - ::endgroup::
[2024-07-10T01:09:31.599+0000] {extend_run_dags_monitor.py:32} INFO - max_running_time: 0
[2024-07-10T01:09:31.610+0000] {extend_run_dags_monitor.py:40} INFO - task_id: fail_task, dag_id: Email_test_dag, start_date: 2024-07-10 00:01:25.895268+00:00, job_id: 3317, pid: 34610, hostname: ec4fc0d2456a, unixname: default
[2024-07-10T01:09:31.611+0000] {extend_run_dags_monitor.py:40} INFO - task_id: fail_task, dag_id: Email_test_dag, start_date: 2024-07-10 00:01:25.895151+00:00, job_id: 3316, pid: 34609, hostname: ec4fc0d2456a, unixname: default
[2024-07-10T01:09:31.612+0000] {extend_run_dags_monitor.py:40} INFO - task_id: fail_task, dag_id: Email_test_dag, start_date: 2024-07-10 00:01:10.653350+00:00, job_id: 3313, pid: 34599, hostname: ec4fc0d2456a, unixname: default
[2024-07-10T01:09:31.613+0000] {extend_run_dags_monitor.py:45} INFO - Sending this tasks to shutdown: ['fail_task', 'fail_task', 'fail_task']
[2024-07-10T01:09:31.621+0000] {python.py:237} INFO - Done. Returned value was: None
[2024-07-10T01:09:31.622+0000] {taskinstance.py:441} INFO - ::group::Post task execution logs
[2024-07-10T01:09:31.629+0000] {taskinstance.py:1206} INFO - Marking task as SUCCESS. dag_id=Extend_Run_Dags_Monitor, task_id=stop_long_running_tasks, run_id=scheduled__2024-07-09T23:15:00+00:00, execution_date=20240709T231500, start_date=20240710T010931, end_date=20240710T010931
[2024-07-10T01:09:31.678+0000] {local_task_job_runner.py:240} INFO - Task exited with return code 0
[2024-07-10T01:09:31.689+0000] {taskinstance.py:3503} INFO - 0 downstream tasks scheduled from follow-on schedule check
[2024-07-10T01:09:31.689+0000] {local_task_job_runner.py:222} INFO - ::endgroup::
