[2024-07-03T10:00:08.590+0000] {local_task_job_runner.py:120} INFO - ::group::Pre task execution logs
[2024-07-03T10:00:08.606+0000] {taskinstance.py:2076} INFO - Dependencies all met for dep_context=non-requeueable deps ti=<TaskInstance: Fail_Dags_Monitor.failed_dag manual__2024-07-03T10:00:01.933395+00:00 [queued]>
[2024-07-03T10:00:08.610+0000] {taskinstance.py:2076} INFO - Dependencies all met for dep_context=requeueable deps ti=<TaskInstance: Fail_Dags_Monitor.failed_dag manual__2024-07-03T10:00:01.933395+00:00 [queued]>
[2024-07-03T10:00:08.610+0000] {taskinstance.py:2306} INFO - Starting attempt 2 of 3
[2024-07-03T10:00:08.617+0000] {taskinstance.py:2330} INFO - Executing <Task(PythonOperator): failed_dag> on 2024-07-03 10:00:01.933395+00:00
[2024-07-03T10:00:08.622+0000] {logging_mixin.py:188} WARNING - /home/***/.local/lib/python3.12/site-packages/***/task/task_runner/standard_task_runner.py:61 DeprecationWarning: This process (pid=4370) is multi-threaded, use of fork() may lead to deadlocks in the child.
[2024-07-03T10:00:08.623+0000] {standard_task_runner.py:63} INFO - Started process 4371 to run task
[2024-07-03T10:00:08.622+0000] {standard_task_runner.py:90} INFO - Running: ['***', 'tasks', 'run', 'Fail_Dags_Monitor', 'failed_dag', 'manual__2024-07-03T10:00:01.933395+00:00', '--job-id', '239', '--raw', '--subdir', 'DAGS_FOLDER/fail_dags_monitor.py', '--cfg-path', '/tmp/tmpuu_7l_ch']
[2024-07-03T10:00:08.623+0000] {standard_task_runner.py:91} INFO - Job 239: Subtask failed_dag
[2024-07-03T10:00:08.649+0000] {task_command.py:426} INFO - Running <TaskInstance: Fail_Dags_Monitor.failed_dag manual__2024-07-03T10:00:01.933395+00:00 [running]> on host 0b64c9d791b9
[2024-07-03T10:00:08.697+0000] {taskinstance.py:2648} INFO - Exporting env vars: AIRFLOW_CTX_DAG_OWNER='congminh.nguyen@ponpoint.vn' AIRFLOW_CTX_DAG_ID='Fail_Dags_Monitor' AIRFLOW_CTX_TASK_ID='failed_dag' AIRFLOW_CTX_EXECUTION_DATE='2024-07-03T10:00:01.933395+00:00' AIRFLOW_CTX_TRY_NUMBER='2' AIRFLOW_CTX_DAG_RUN_ID='manual__2024-07-03T10:00:01.933395+00:00'
[2024-07-03T10:00:08.697+0000] {taskinstance.py:430} INFO - ::endgroup::
[2024-07-03T10:00:08.705+0000] {dagbag.py:545} INFO - Filling up the DagBag from /opt/***/dags
[2024-07-03T10:00:08.724+0000] {taskinstance.py:441} INFO - ::group::Post task execution logs
[2024-07-03T10:00:08.726+0000] {taskinstance.py:2905} ERROR - Task failed with exception
Traceback (most recent call last):
  File "/home/airflow/.local/lib/python3.12/site-packages/airflow/models/taskinstance.py", line 465, in _execute_task
    result = _execute_callable(context=context, **execute_callable_kwargs)
             ^^^^^^^^^^^^^^^^^^^^^^^^^^^^^^^^^^^^^^^^^^^^^^^^^^^^^^^^^^^^^
  File "/home/airflow/.local/lib/python3.12/site-packages/airflow/models/taskinstance.py", line 432, in _execute_callable
    return execute_callable(context=context, **execute_callable_kwargs)
           ^^^^^^^^^^^^^^^^^^^^^^^^^^^^^^^^^^^^^^^^^^^^^^^^^^^^^^^^^^^^
  File "/home/airflow/.local/lib/python3.12/site-packages/airflow/models/baseoperator.py", line 401, in wrapper
    return func(self, *args, **kwargs)
           ^^^^^^^^^^^^^^^^^^^^^^^^^^^
  File "/home/airflow/.local/lib/python3.12/site-packages/airflow/operators/python.py", line 235, in execute
    return_value = self.execute_callable()
                   ^^^^^^^^^^^^^^^^^^^^^^^
  File "/home/airflow/.local/lib/python3.12/site-packages/airflow/operators/python.py", line 252, in execute_callable
    return self.python_callable(*self.op_args, **self.op_kwargs)
           ^^^^^^^^^^^^^^^^^^^^^^^^^^^^^^^^^^^^^^^^^^^^^^^^^^^^^
  File "/opt/airflow/dags/fail_dags_monitor.py", line 34, in get_failed_dag
    if run.end_date > (datetime.now(LOCAL_TIMEZONE) - LAST_INTERVAL):
                       ~~~~~~~~~~~~~~~~~~~~~~~~~~~~~^~~~~~~~~~~~~~~
TypeError: unsupported operand type(s) for -: 'datetime.datetime' and 'method'
[2024-07-03T10:00:08.731+0000] {taskinstance.py:1206} INFO - Marking task as UP_FOR_RETRY. dag_id=Fail_Dags_Monitor, task_id=failed_dag, run_id=manual__2024-07-03T10:00:01.933395+00:00, execution_date=20240703T100001, start_date=20240703T100008, end_date=20240703T100008
[2024-07-03T10:00:08.737+0000] {standard_task_runner.py:110} ERROR - Failed to execute job 239 for task failed_dag (unsupported operand type(s) for -: 'datetime.datetime' and 'method'; 4371)
[2024-07-03T10:00:08.767+0000] {local_task_job_runner.py:240} INFO - Task exited with return code 1
[2024-07-03T10:00:08.777+0000] {taskinstance.py:3503} INFO - 0 downstream tasks scheduled from follow-on schedule check
[2024-07-03T10:00:08.778+0000] {local_task_job_runner.py:222} INFO - ::endgroup::
