[2024-07-03T10:00:14.334+0000] {local_task_job_runner.py:120} INFO - ::group::Pre task execution logs
[2024-07-03T10:00:14.352+0000] {taskinstance.py:2076} INFO - Dependencies all met for dep_context=non-requeueable deps ti=<TaskInstance: Fail_Dags_Monitor.failed_dag manual__2024-07-03T10:00:01.933395+00:00 [queued]>
[2024-07-03T10:00:14.357+0000] {taskinstance.py:2076} INFO - Dependencies all met for dep_context=requeueable deps ti=<TaskInstance: Fail_Dags_Monitor.failed_dag manual__2024-07-03T10:00:01.933395+00:00 [queued]>
[2024-07-03T10:00:14.357+0000] {taskinstance.py:2306} INFO - Starting attempt 3 of 3
[2024-07-03T10:00:14.364+0000] {taskinstance.py:2330} INFO - Executing <Task(PythonOperator): failed_dag> on 2024-07-03 10:00:01.933395+00:00
[2024-07-03T10:00:14.367+0000] {logging_mixin.py:188} WARNING - /home/***/.local/lib/python3.12/site-packages/***/task/task_runner/standard_task_runner.py:61 DeprecationWarning: This process (pid=4372) is multi-threaded, use of fork() may lead to deadlocks in the child.
[2024-07-03T10:00:14.367+0000] {standard_task_runner.py:90} INFO - Running: ['***', 'tasks', 'run', 'Fail_Dags_Monitor', 'failed_dag', 'manual__2024-07-03T10:00:01.933395+00:00', '--job-id', '240', '--raw', '--subdir', 'DAGS_FOLDER/fail_dags_monitor.py', '--cfg-path', '/tmp/tmp8fioud6o']
[2024-07-03T10:00:14.369+0000] {standard_task_runner.py:63} INFO - Started process 4379 to run task
[2024-07-03T10:00:14.370+0000] {standard_task_runner.py:91} INFO - Job 240: Subtask failed_dag
[2024-07-03T10:00:14.396+0000] {task_command.py:426} INFO - Running <TaskInstance: Fail_Dags_Monitor.failed_dag manual__2024-07-03T10:00:01.933395+00:00 [running]> on host 0b64c9d791b9
[2024-07-03T10:00:14.439+0000] {taskinstance.py:2648} INFO - Exporting env vars: AIRFLOW_CTX_DAG_OWNER='congminh.nguyen@ponpoint.vn' AIRFLOW_CTX_DAG_ID='Fail_Dags_Monitor' AIRFLOW_CTX_TASK_ID='failed_dag' AIRFLOW_CTX_EXECUTION_DATE='2024-07-03T10:00:01.933395+00:00' AIRFLOW_CTX_TRY_NUMBER='3' AIRFLOW_CTX_DAG_RUN_ID='manual__2024-07-03T10:00:01.933395+00:00'
[2024-07-03T10:00:14.440+0000] {taskinstance.py:430} INFO - ::endgroup::
[2024-07-03T10:00:14.446+0000] {dagbag.py:545} INFO - Filling up the DagBag from /opt/***/dags
[2024-07-03T10:00:14.466+0000] {taskinstance.py:441} INFO - ::group::Post task execution logs
[2024-07-03T10:00:14.467+0000] {taskinstance.py:2905} ERROR - Task failed with exception
Traceback (most recent call last):
  File "/home/airflow/.local/lib/python3.12/site-packages/airflow/models/taskinstance.py", line 465, in _execute_task
    result = _execute_callable(context=context, **execute_callable_kwargs)
             ^^^^^^^^^^^^^^^^^^^^^^^^^^^^^^^^^^^^^^^^^^^^^^^^^^^^^^^^^^^^^
  File "/home/airflow/.local/lib/python3.12/site-packages/airflow/models/taskinstance.py", line 432, in _execute_callable
    return execute_callable(context=context, **execute_callable_kwargs)
           ^^^^^^^^^^^^^^^^^^^^^^^^^^^^^^^^^^^^^^^^^^^^^^^^^^^^^^^^^^^^
  File "/home/airflow/.local/lib/python3.12/site-packages/airflow/models/baseoperator.py", line 401, in wrapper
    return func(self, *args, **kwargs)
           ^^^^^^^^^^^^^^^^^^^^^^^^^^^
  File "/home/airflow/.local/lib/python3.12/site-packages/airflow/operators/python.py", line 235, in execute
    return_value = self.execute_callable()
                   ^^^^^^^^^^^^^^^^^^^^^^^
  File "/home/airflow/.local/lib/python3.12/site-packages/airflow/operators/python.py", line 252, in execute_callable
    return self.python_callable(*self.op_args, **self.op_kwargs)
           ^^^^^^^^^^^^^^^^^^^^^^^^^^^^^^^^^^^^^^^^^^^^^^^^^^^^^
  File "/opt/airflow/dags/fail_dags_monitor.py", line 34, in get_failed_dag
    if run.end_date > (datetime.now(LOCAL_TIMEZONE) - LAST_INTERVAL):
                       ~~~~~~~~~~~~~~~~~~~~~~~~~~~~~^~~~~~~~~~~~~~~
TypeError: unsupported operand type(s) for -: 'datetime.datetime' and 'method'
[2024-07-03T10:00:14.472+0000] {taskinstance.py:1206} INFO - Marking task as FAILED. dag_id=Fail_Dags_Monitor, task_id=failed_dag, run_id=manual__2024-07-03T10:00:01.933395+00:00, execution_date=20240703T100001, start_date=20240703T100014, end_date=20240703T100014
[2024-07-03T10:00:14.477+0000] {standard_task_runner.py:110} ERROR - Failed to execute job 240 for task failed_dag (unsupported operand type(s) for -: 'datetime.datetime' and 'method'; 4379)
[2024-07-03T10:00:14.517+0000] {local_task_job_runner.py:240} INFO - Task exited with return code 1
[2024-07-03T10:00:14.530+0000] {taskinstance.py:3503} INFO - 0 downstream tasks scheduled from follow-on schedule check
[2024-07-03T10:00:14.531+0000] {local_task_job_runner.py:222} INFO - ::endgroup::
