[2024-07-21T22:18:52.155+0000] {local_task_job_runner.py:120} INFO - ::group::Pre task execution logs
[2024-07-21T22:18:52.182+0000] {taskinstance.py:2076} INFO - Dependencies all met for dep_context=non-requeueable deps ti=<TaskInstance: Extend_Run_Dags_Monitor.stop_long_running_tasks scheduled__2024-07-21T20:15:00+00:00 [queued]>
[2024-07-21T22:18:52.202+0000] {taskinstance.py:2076} INFO - Dependencies all met for dep_context=requeueable deps ti=<TaskInstance: Extend_Run_Dags_Monitor.stop_long_running_tasks scheduled__2024-07-21T20:15:00+00:00 [queued]>
[2024-07-21T22:18:52.204+0000] {taskinstance.py:2306} INFO - Starting attempt 1 of 3
[2024-07-21T22:18:52.248+0000] {taskinstance.py:2330} INFO - Executing <Task(PythonOperator): stop_long_running_tasks> on 2024-07-21 20:15:00+00:00
[2024-07-21T22:18:52.263+0000] {standard_task_runner.py:90} INFO - Running: ['***', 'tasks', 'run', 'Extend_Run_Dags_Monitor', 'stop_long_running_tasks', 'scheduled__2024-07-21T20:15:00+00:00', '--job-id', '2909', '--raw', '--subdir', 'DAGS_FOLDER/extend_run_dags_monitor.py', '--cfg-path', '/tmp/tmpplgje0cj']
[2024-07-21T22:18:52.266+0000] {standard_task_runner.py:91} INFO - Job 2909: Subtask stop_long_running_tasks
[2024-07-21T22:18:52.265+0000] {logging_mixin.py:188} WARNING - /home/***/.local/lib/python3.12/site-packages/***/task/task_runner/standard_task_runner.py:61 DeprecationWarning: This process (pid=1260) is multi-threaded, use of fork() may lead to deadlocks in the child.
[2024-07-21T22:18:52.270+0000] {standard_task_runner.py:63} INFO - Started process 1274 to run task
[2024-07-21T22:18:52.337+0000] {task_command.py:426} INFO - Running <TaskInstance: Extend_Run_Dags_Monitor.stop_long_running_tasks scheduled__2024-07-21T20:15:00+00:00 [running]> on host 159800ebe1e5
[2024-07-21T22:18:52.462+0000] {taskinstance.py:2648} INFO - Exporting env vars: AIRFLOW_CTX_DAG_OWNER='congminh.nguyen@ponpoint.vn' AIRFLOW_CTX_DAG_ID='Extend_Run_Dags_Monitor' AIRFLOW_CTX_TASK_ID='stop_long_running_tasks' AIRFLOW_CTX_EXECUTION_DATE='2024-07-21T20:15:00+00:00' AIRFLOW_CTX_TRY_NUMBER='1' AIRFLOW_CTX_DAG_RUN_ID='scheduled__2024-07-21T20:15:00+00:00'
[2024-07-21T22:18:52.464+0000] {taskinstance.py:430} INFO - ::endgroup::
[2024-07-21T22:18:52.492+0000] {extend_run_dags_monitor.py:32} INFO - max_running_time: 0
[2024-07-21T22:18:52.501+0000] {extend_run_dags_monitor.py:40} INFO - task_id: load, dag_id: Fail_Dags_Monitor, start_date: 2024-07-21 21:13:45.926700+00:00, job_id: 2908, pid: 1258, hostname: 159800ebe1e5, unixname: default
[2024-07-21T22:18:52.502+0000] {extend_run_dags_monitor.py:45} INFO - Sending this tasks to shutdown: ['load']
[2024-07-21T22:18:52.513+0000] {python.py:237} INFO - Done. Returned value was: None
[2024-07-21T22:18:52.514+0000] {taskinstance.py:441} INFO - ::group::Post task execution logs
[2024-07-21T22:18:52.530+0000] {taskinstance.py:1206} INFO - Marking task as SUCCESS. dag_id=Extend_Run_Dags_Monitor, task_id=stop_long_running_tasks, run_id=scheduled__2024-07-21T20:15:00+00:00, execution_date=20240721T201500, start_date=20240721T221852, end_date=20240721T221852
[2024-07-21T22:18:52.584+0000] {local_task_job_runner.py:240} INFO - Task exited with return code 0
[2024-07-21T22:18:52.599+0000] {taskinstance.py:3503} INFO - 0 downstream tasks scheduled from follow-on schedule check
[2024-07-21T22:18:52.601+0000] {local_task_job_runner.py:222} INFO - ::endgroup::
