[2024-07-15T00:25:35.764+0000] {local_task_job_runner.py:120} INFO - ::group::Pre task execution logs
[2024-07-15T00:25:35.795+0000] {taskinstance.py:2076} INFO - Dependencies all met for dep_context=non-requeueable deps ti=<TaskInstance: Extend_Run_Dags_Monitor.stop_long_running_tasks scheduled__2024-07-14T23:15:00+00:00 [queued]>
[2024-07-15T00:25:35.811+0000] {taskinstance.py:2076} INFO - Dependencies all met for dep_context=requeueable deps ti=<TaskInstance: Extend_Run_Dags_Monitor.stop_long_running_tasks scheduled__2024-07-14T23:15:00+00:00 [queued]>
[2024-07-15T00:25:35.813+0000] {taskinstance.py:2306} INFO - Starting attempt 1 of 3
[2024-07-15T00:25:35.824+0000] {taskinstance.py:2330} INFO - Executing <Task(PythonOperator): stop_long_running_tasks> on 2024-07-14 23:15:00+00:00
[2024-07-15T00:25:35.831+0000] {logging_mixin.py:188} WARNING - /home/***/.local/lib/python3.12/site-packages/***/task/task_runner/standard_task_runner.py:61 DeprecationWarning: This process (pid=2231) is multi-threaded, use of fork() may lead to deadlocks in the child.
[2024-07-15T00:25:35.830+0000] {standard_task_runner.py:90} INFO - Running: ['***', 'tasks', 'run', 'Extend_Run_Dags_Monitor', 'stop_long_running_tasks', 'scheduled__2024-07-14T23:15:00+00:00', '--job-id', '2185', '--raw', '--subdir', 'DAGS_FOLDER/extend_run_dags_monitor.py', '--cfg-path', '/tmp/tmpydctrad8']
[2024-07-15T00:25:35.833+0000] {standard_task_runner.py:63} INFO - Started process 2236 to run task
[2024-07-15T00:25:35.833+0000] {standard_task_runner.py:91} INFO - Job 2185: Subtask stop_long_running_tasks
[2024-07-15T00:25:35.873+0000] {task_command.py:426} INFO - Running <TaskInstance: Extend_Run_Dags_Monitor.stop_long_running_tasks scheduled__2024-07-14T23:15:00+00:00 [running]> on host a9aa3835bb3f
[2024-07-15T00:25:35.922+0000] {taskinstance.py:2648} INFO - Exporting env vars: AIRFLOW_CTX_DAG_OWNER='congminh.nguyen@ponpoint.vn' AIRFLOW_CTX_DAG_ID='Extend_Run_Dags_Monitor' AIRFLOW_CTX_TASK_ID='stop_long_running_tasks' AIRFLOW_CTX_EXECUTION_DATE='2024-07-14T23:15:00+00:00' AIRFLOW_CTX_TRY_NUMBER='1' AIRFLOW_CTX_DAG_RUN_ID='scheduled__2024-07-14T23:15:00+00:00'
[2024-07-15T00:25:35.923+0000] {taskinstance.py:430} INFO - ::endgroup::
[2024-07-15T00:25:35.933+0000] {extend_run_dags_monitor.py:32} INFO - max_running_time: 0
[2024-07-15T00:25:35.940+0000] {extend_run_dags_monitor.py:40} INFO - task_id: fail_task, dag_id: Email_test_dag, start_date: 2024-07-14 22:59:57.156159+00:00, job_id: 2176, pid: 2183, hostname: a9aa3835bb3f, unixname: default
[2024-07-15T00:25:35.941+0000] {extend_run_dags_monitor.py:40} INFO - task_id: fail_task, dag_id: Email_test_dag, start_date: 2024-07-14 23:00:24.563845+00:00, job_id: 2184, pid: 2214, hostname: a9aa3835bb3f, unixname: default
[2024-07-15T00:25:35.941+0000] {extend_run_dags_monitor.py:40} INFO - task_id: fail_task, dag_id: Email_test_dag, start_date: 2024-07-14 22:59:57.022955+00:00, job_id: 2174, pid: 2181, hostname: a9aa3835bb3f, unixname: default
[2024-07-15T00:25:35.942+0000] {extend_run_dags_monitor.py:40} INFO - task_id: fail_task, dag_id: Email_test_dag, start_date: 2024-07-14 22:59:59.325267+00:00, job_id: 2179, pid: 2195, hostname: a9aa3835bb3f, unixname: default
[2024-07-15T00:25:35.942+0000] {extend_run_dags_monitor.py:40} INFO - task_id: fail_task, dag_id: Email_test_dag, start_date: 2024-07-14 23:00:00.441143+00:00, job_id: 2181, pid: 2199, hostname: a9aa3835bb3f, unixname: default
[2024-07-15T00:25:35.942+0000] {extend_run_dags_monitor.py:40} INFO - task_id: load, dag_id: Fail_Dags_Monitor, start_date: 2024-07-14 23:00:16.361502+00:00, job_id: 2183, pid: 2212, hostname: a9aa3835bb3f, unixname: default
[2024-07-15T00:25:35.942+0000] {extend_run_dags_monitor.py:40} INFO - task_id: load, dag_id: Fail_Dags_Monitor, start_date: 2024-07-14 23:00:10.516390+00:00, job_id: 2182, pid: 2209, hostname: a9aa3835bb3f, unixname: default
[2024-07-15T00:25:35.943+0000] {extend_run_dags_monitor.py:45} INFO - Sending this tasks to shutdown: ['fail_task', 'fail_task', 'fail_task', 'fail_task', 'fail_task', 'load', 'load']
[2024-07-15T00:25:35.952+0000] {python.py:237} INFO - Done. Returned value was: None
[2024-07-15T00:25:35.953+0000] {taskinstance.py:441} INFO - ::group::Post task execution logs
[2024-07-15T00:25:35.959+0000] {taskinstance.py:1206} INFO - Marking task as SUCCESS. dag_id=Extend_Run_Dags_Monitor, task_id=stop_long_running_tasks, run_id=scheduled__2024-07-14T23:15:00+00:00, execution_date=20240714T231500, start_date=20240715T002535, end_date=20240715T002535
[2024-07-15T00:25:35.977+0000] {local_task_job_runner.py:240} INFO - Task exited with return code 0
[2024-07-15T00:25:35.986+0000] {taskinstance.py:3503} INFO - 0 downstream tasks scheduled from follow-on schedule check
[2024-07-15T00:25:35.987+0000] {local_task_job_runner.py:222} INFO - ::endgroup::
