[2024-07-16T03:49:47.885+0000] {processor.py:161} INFO - Started process (PID=181) to work on /opt/airflow/dags/extend_run_dags_monitor.py
[2024-07-16T03:49:47.886+0000] {processor.py:830} INFO - Processing file /opt/airflow/dags/extend_run_dags_monitor.py for tasks to queue
[2024-07-16T03:49:47.888+0000] {logging_mixin.py:188} INFO - [2024-07-16T03:49:47.888+0000] {dagbag.py:545} INFO - Filling up the DagBag from /opt/airflow/dags/extend_run_dags_monitor.py
[2024-07-16T03:49:47.898+0000] {processor.py:840} INFO - DAG(s) 'Extend_Run_Dags_Monitor' retrieved from /opt/airflow/dags/extend_run_dags_monitor.py
[2024-07-16T03:49:47.950+0000] {logging_mixin.py:188} INFO - [2024-07-16T03:49:47.950+0000] {dag.py:3096} INFO - Sync 1 DAGs
[2024-07-16T03:49:47.968+0000] {logging_mixin.py:188} INFO - [2024-07-16T03:49:47.968+0000] {dag.py:3954} INFO - Setting next_dagrun for Extend_Run_Dags_Monitor to 2024-07-16 02:15:00+00:00, run_after=2024-07-16 03:15:00+00:00
[2024-07-16T03:49:47.980+0000] {processor.py:183} INFO - Processing /opt/airflow/dags/extend_run_dags_monitor.py took 0.098 seconds
[2024-07-16T03:50:18.287+0000] {processor.py:161} INFO - Started process (PID=219) to work on /opt/airflow/dags/extend_run_dags_monitor.py
[2024-07-16T03:50:18.289+0000] {processor.py:830} INFO - Processing file /opt/airflow/dags/extend_run_dags_monitor.py for tasks to queue
[2024-07-16T03:50:18.291+0000] {logging_mixin.py:188} INFO - [2024-07-16T03:50:18.291+0000] {dagbag.py:545} INFO - Filling up the DagBag from /opt/airflow/dags/extend_run_dags_monitor.py
[2024-07-16T03:50:18.305+0000] {processor.py:840} INFO - DAG(s) 'Extend_Run_Dags_Monitor' retrieved from /opt/airflow/dags/extend_run_dags_monitor.py
[2024-07-16T03:50:18.330+0000] {logging_mixin.py:188} INFO - [2024-07-16T03:50:18.330+0000] {dag.py:3096} INFO - Sync 1 DAGs
[2024-07-16T03:50:18.346+0000] {logging_mixin.py:188} INFO - [2024-07-16T03:50:18.346+0000] {dag.py:3954} INFO - Setting next_dagrun for Extend_Run_Dags_Monitor to 2024-07-16 03:15:00+00:00, run_after=2024-07-16 04:15:00+00:00
[2024-07-16T03:50:18.359+0000] {processor.py:183} INFO - Processing /opt/airflow/dags/extend_run_dags_monitor.py took 0.078 seconds
[2024-07-16T03:50:48.703+0000] {processor.py:161} INFO - Started process (PID=241) to work on /opt/airflow/dags/extend_run_dags_monitor.py
[2024-07-16T03:50:48.708+0000] {processor.py:830} INFO - Processing file /opt/airflow/dags/extend_run_dags_monitor.py for tasks to queue
[2024-07-16T03:50:48.721+0000] {logging_mixin.py:188} INFO - [2024-07-16T03:50:48.720+0000] {dagbag.py:545} INFO - Filling up the DagBag from /opt/airflow/dags/extend_run_dags_monitor.py
[2024-07-16T03:50:48.740+0000] {processor.py:840} INFO - DAG(s) 'Extend_Run_Dags_Monitor' retrieved from /opt/airflow/dags/extend_run_dags_monitor.py
[2024-07-16T03:50:48.766+0000] {logging_mixin.py:188} INFO - [2024-07-16T03:50:48.766+0000] {dag.py:3096} INFO - Sync 1 DAGs
[2024-07-16T03:50:48.784+0000] {logging_mixin.py:188} INFO - [2024-07-16T03:50:48.784+0000] {dag.py:3954} INFO - Setting next_dagrun for Extend_Run_Dags_Monitor to 2024-07-16 03:15:00+00:00, run_after=2024-07-16 04:15:00+00:00
[2024-07-16T03:50:48.798+0000] {processor.py:183} INFO - Processing /opt/airflow/dags/extend_run_dags_monitor.py took 0.102 seconds
[2024-07-16T03:51:19.131+0000] {processor.py:161} INFO - Started process (PID=269) to work on /opt/airflow/dags/extend_run_dags_monitor.py
[2024-07-16T03:51:19.132+0000] {processor.py:830} INFO - Processing file /opt/airflow/dags/extend_run_dags_monitor.py for tasks to queue
[2024-07-16T03:51:19.134+0000] {logging_mixin.py:188} INFO - [2024-07-16T03:51:19.134+0000] {dagbag.py:545} INFO - Filling up the DagBag from /opt/airflow/dags/extend_run_dags_monitor.py
[2024-07-16T03:51:19.146+0000] {processor.py:840} INFO - DAG(s) 'Extend_Run_Dags_Monitor' retrieved from /opt/airflow/dags/extend_run_dags_monitor.py
[2024-07-16T03:51:19.168+0000] {logging_mixin.py:188} INFO - [2024-07-16T03:51:19.168+0000] {dag.py:3096} INFO - Sync 1 DAGs
[2024-07-16T03:51:19.182+0000] {logging_mixin.py:188} INFO - [2024-07-16T03:51:19.182+0000] {dag.py:3954} INFO - Setting next_dagrun for Extend_Run_Dags_Monitor to 2024-07-16 03:15:00+00:00, run_after=2024-07-16 04:15:00+00:00
[2024-07-16T03:51:19.193+0000] {processor.py:183} INFO - Processing /opt/airflow/dags/extend_run_dags_monitor.py took 0.067 seconds
[2024-07-16T03:51:49.519+0000] {processor.py:161} INFO - Started process (PID=291) to work on /opt/airflow/dags/extend_run_dags_monitor.py
[2024-07-16T03:51:49.521+0000] {processor.py:830} INFO - Processing file /opt/airflow/dags/extend_run_dags_monitor.py for tasks to queue
[2024-07-16T03:51:49.524+0000] {logging_mixin.py:188} INFO - [2024-07-16T03:51:49.524+0000] {dagbag.py:545} INFO - Filling up the DagBag from /opt/airflow/dags/extend_run_dags_monitor.py
[2024-07-16T03:51:49.543+0000] {processor.py:840} INFO - DAG(s) 'Extend_Run_Dags_Monitor' retrieved from /opt/airflow/dags/extend_run_dags_monitor.py
[2024-07-16T03:51:49.568+0000] {logging_mixin.py:188} INFO - [2024-07-16T03:51:49.567+0000] {dag.py:3096} INFO - Sync 1 DAGs
[2024-07-16T03:51:49.585+0000] {logging_mixin.py:188} INFO - [2024-07-16T03:51:49.584+0000] {dag.py:3954} INFO - Setting next_dagrun for Extend_Run_Dags_Monitor to 2024-07-16 03:15:00+00:00, run_after=2024-07-16 04:15:00+00:00
[2024-07-16T03:51:49.598+0000] {processor.py:183} INFO - Processing /opt/airflow/dags/extend_run_dags_monitor.py took 0.085 seconds
[2024-07-16T03:52:19.912+0000] {processor.py:161} INFO - Started process (PID=325) to work on /opt/airflow/dags/extend_run_dags_monitor.py
[2024-07-16T03:52:19.915+0000] {processor.py:830} INFO - Processing file /opt/airflow/dags/extend_run_dags_monitor.py for tasks to queue
[2024-07-16T03:52:19.917+0000] {logging_mixin.py:188} INFO - [2024-07-16T03:52:19.916+0000] {dagbag.py:545} INFO - Filling up the DagBag from /opt/airflow/dags/extend_run_dags_monitor.py
[2024-07-16T03:52:19.930+0000] {processor.py:840} INFO - DAG(s) 'Extend_Run_Dags_Monitor' retrieved from /opt/airflow/dags/extend_run_dags_monitor.py
[2024-07-16T03:52:19.951+0000] {logging_mixin.py:188} INFO - [2024-07-16T03:52:19.951+0000] {dag.py:3096} INFO - Sync 1 DAGs
[2024-07-16T03:52:19.964+0000] {logging_mixin.py:188} INFO - [2024-07-16T03:52:19.964+0000] {dag.py:3954} INFO - Setting next_dagrun for Extend_Run_Dags_Monitor to 2024-07-16 03:15:00+00:00, run_after=2024-07-16 04:15:00+00:00
[2024-07-16T03:52:19.978+0000] {processor.py:183} INFO - Processing /opt/airflow/dags/extend_run_dags_monitor.py took 0.072 seconds
[2024-07-16T03:52:50.319+0000] {processor.py:161} INFO - Started process (PID=347) to work on /opt/airflow/dags/extend_run_dags_monitor.py
[2024-07-16T03:52:50.322+0000] {processor.py:830} INFO - Processing file /opt/airflow/dags/extend_run_dags_monitor.py for tasks to queue
[2024-07-16T03:52:50.325+0000] {logging_mixin.py:188} INFO - [2024-07-16T03:52:50.325+0000] {dagbag.py:545} INFO - Filling up the DagBag from /opt/airflow/dags/extend_run_dags_monitor.py
[2024-07-16T03:52:50.339+0000] {processor.py:840} INFO - DAG(s) 'Extend_Run_Dags_Monitor' retrieved from /opt/airflow/dags/extend_run_dags_monitor.py
[2024-07-16T03:52:50.374+0000] {logging_mixin.py:188} INFO - [2024-07-16T03:52:50.374+0000] {dag.py:3096} INFO - Sync 1 DAGs
[2024-07-16T03:52:50.391+0000] {logging_mixin.py:188} INFO - [2024-07-16T03:52:50.391+0000] {dag.py:3954} INFO - Setting next_dagrun for Extend_Run_Dags_Monitor to 2024-07-16 03:15:00+00:00, run_after=2024-07-16 04:15:00+00:00
[2024-07-16T03:52:50.407+0000] {processor.py:183} INFO - Processing /opt/airflow/dags/extend_run_dags_monitor.py took 0.094 seconds
[2024-07-16T03:53:20.661+0000] {processor.py:161} INFO - Started process (PID=375) to work on /opt/airflow/dags/extend_run_dags_monitor.py
[2024-07-16T03:53:20.662+0000] {processor.py:830} INFO - Processing file /opt/airflow/dags/extend_run_dags_monitor.py for tasks to queue
[2024-07-16T03:53:20.664+0000] {logging_mixin.py:188} INFO - [2024-07-16T03:53:20.664+0000] {dagbag.py:545} INFO - Filling up the DagBag from /opt/airflow/dags/extend_run_dags_monitor.py
[2024-07-16T03:53:20.675+0000] {processor.py:840} INFO - DAG(s) 'Extend_Run_Dags_Monitor' retrieved from /opt/airflow/dags/extend_run_dags_monitor.py
[2024-07-16T03:53:20.692+0000] {logging_mixin.py:188} INFO - [2024-07-16T03:53:20.692+0000] {dag.py:3096} INFO - Sync 1 DAGs
[2024-07-16T03:53:20.703+0000] {logging_mixin.py:188} INFO - [2024-07-16T03:53:20.703+0000] {dag.py:3954} INFO - Setting next_dagrun for Extend_Run_Dags_Monitor to 2024-07-16 03:15:00+00:00, run_after=2024-07-16 04:15:00+00:00
[2024-07-16T03:53:20.711+0000] {processor.py:183} INFO - Processing /opt/airflow/dags/extend_run_dags_monitor.py took 0.055 seconds
[2024-07-16T03:53:51.009+0000] {processor.py:161} INFO - Started process (PID=397) to work on /opt/airflow/dags/extend_run_dags_monitor.py
[2024-07-16T03:53:51.012+0000] {processor.py:830} INFO - Processing file /opt/airflow/dags/extend_run_dags_monitor.py for tasks to queue
[2024-07-16T03:53:51.015+0000] {logging_mixin.py:188} INFO - [2024-07-16T03:53:51.014+0000] {dagbag.py:545} INFO - Filling up the DagBag from /opt/airflow/dags/extend_run_dags_monitor.py
[2024-07-16T03:53:51.042+0000] {processor.py:840} INFO - DAG(s) 'Extend_Run_Dags_Monitor' retrieved from /opt/airflow/dags/extend_run_dags_monitor.py
[2024-07-16T03:53:51.070+0000] {logging_mixin.py:188} INFO - [2024-07-16T03:53:51.070+0000] {dag.py:3096} INFO - Sync 1 DAGs
[2024-07-16T03:53:51.087+0000] {logging_mixin.py:188} INFO - [2024-07-16T03:53:51.087+0000] {dag.py:3954} INFO - Setting next_dagrun for Extend_Run_Dags_Monitor to 2024-07-16 03:15:00+00:00, run_after=2024-07-16 04:15:00+00:00
[2024-07-16T03:53:51.100+0000] {processor.py:183} INFO - Processing /opt/airflow/dags/extend_run_dags_monitor.py took 0.096 seconds
[2024-07-16T03:54:21.460+0000] {processor.py:161} INFO - Started process (PID=425) to work on /opt/airflow/dags/extend_run_dags_monitor.py
[2024-07-16T03:54:21.463+0000] {processor.py:830} INFO - Processing file /opt/airflow/dags/extend_run_dags_monitor.py for tasks to queue
[2024-07-16T03:54:21.465+0000] {logging_mixin.py:188} INFO - [2024-07-16T03:54:21.465+0000] {dagbag.py:545} INFO - Filling up the DagBag from /opt/airflow/dags/extend_run_dags_monitor.py
[2024-07-16T03:54:21.479+0000] {processor.py:840} INFO - DAG(s) 'Extend_Run_Dags_Monitor' retrieved from /opt/airflow/dags/extend_run_dags_monitor.py
[2024-07-16T03:54:21.503+0000] {logging_mixin.py:188} INFO - [2024-07-16T03:54:21.503+0000] {dag.py:3096} INFO - Sync 1 DAGs
[2024-07-16T03:54:21.519+0000] {logging_mixin.py:188} INFO - [2024-07-16T03:54:21.519+0000] {dag.py:3954} INFO - Setting next_dagrun for Extend_Run_Dags_Monitor to 2024-07-16 03:15:00+00:00, run_after=2024-07-16 04:15:00+00:00
[2024-07-16T03:54:21.532+0000] {processor.py:183} INFO - Processing /opt/airflow/dags/extend_run_dags_monitor.py took 0.079 seconds
[2024-07-16T03:54:51.839+0000] {processor.py:161} INFO - Started process (PID=447) to work on /opt/airflow/dags/extend_run_dags_monitor.py
[2024-07-16T03:54:51.841+0000] {processor.py:830} INFO - Processing file /opt/airflow/dags/extend_run_dags_monitor.py for tasks to queue
[2024-07-16T03:54:51.845+0000] {logging_mixin.py:188} INFO - [2024-07-16T03:54:51.844+0000] {dagbag.py:545} INFO - Filling up the DagBag from /opt/airflow/dags/extend_run_dags_monitor.py
[2024-07-16T03:54:51.864+0000] {processor.py:840} INFO - DAG(s) 'Extend_Run_Dags_Monitor' retrieved from /opt/airflow/dags/extend_run_dags_monitor.py
[2024-07-16T03:54:51.887+0000] {logging_mixin.py:188} INFO - [2024-07-16T03:54:51.887+0000] {dag.py:3096} INFO - Sync 1 DAGs
[2024-07-16T03:54:51.903+0000] {logging_mixin.py:188} INFO - [2024-07-16T03:54:51.902+0000] {dag.py:3954} INFO - Setting next_dagrun for Extend_Run_Dags_Monitor to 2024-07-16 03:15:00+00:00, run_after=2024-07-16 04:15:00+00:00
[2024-07-16T03:54:51.918+0000] {processor.py:183} INFO - Processing /opt/airflow/dags/extend_run_dags_monitor.py took 0.091 seconds
[2024-07-16T03:55:22.259+0000] {processor.py:161} INFO - Started process (PID=475) to work on /opt/airflow/dags/extend_run_dags_monitor.py
[2024-07-16T03:55:22.260+0000] {processor.py:830} INFO - Processing file /opt/airflow/dags/extend_run_dags_monitor.py for tasks to queue
[2024-07-16T03:55:22.263+0000] {logging_mixin.py:188} INFO - [2024-07-16T03:55:22.262+0000] {dagbag.py:545} INFO - Filling up the DagBag from /opt/airflow/dags/extend_run_dags_monitor.py
[2024-07-16T03:55:22.279+0000] {processor.py:840} INFO - DAG(s) 'Extend_Run_Dags_Monitor' retrieved from /opt/airflow/dags/extend_run_dags_monitor.py
[2024-07-16T03:55:22.302+0000] {logging_mixin.py:188} INFO - [2024-07-16T03:55:22.301+0000] {dag.py:3096} INFO - Sync 1 DAGs
[2024-07-16T03:55:22.315+0000] {logging_mixin.py:188} INFO - [2024-07-16T03:55:22.315+0000] {dag.py:3954} INFO - Setting next_dagrun for Extend_Run_Dags_Monitor to 2024-07-16 03:15:00+00:00, run_after=2024-07-16 04:15:00+00:00
[2024-07-16T03:55:22.324+0000] {processor.py:183} INFO - Processing /opt/airflow/dags/extend_run_dags_monitor.py took 0.070 seconds
[2024-07-16T03:55:52.695+0000] {processor.py:161} INFO - Started process (PID=497) to work on /opt/airflow/dags/extend_run_dags_monitor.py
[2024-07-16T03:55:52.697+0000] {processor.py:830} INFO - Processing file /opt/airflow/dags/extend_run_dags_monitor.py for tasks to queue
[2024-07-16T03:55:52.700+0000] {logging_mixin.py:188} INFO - [2024-07-16T03:55:52.699+0000] {dagbag.py:545} INFO - Filling up the DagBag from /opt/airflow/dags/extend_run_dags_monitor.py
[2024-07-16T03:55:52.717+0000] {processor.py:840} INFO - DAG(s) 'Extend_Run_Dags_Monitor' retrieved from /opt/airflow/dags/extend_run_dags_monitor.py
[2024-07-16T03:55:52.759+0000] {logging_mixin.py:188} INFO - [2024-07-16T03:55:52.759+0000] {dag.py:3096} INFO - Sync 1 DAGs
[2024-07-16T03:55:52.780+0000] {logging_mixin.py:188} INFO - [2024-07-16T03:55:52.780+0000] {dag.py:3954} INFO - Setting next_dagrun for Extend_Run_Dags_Monitor to 2024-07-16 03:15:00+00:00, run_after=2024-07-16 04:15:00+00:00
[2024-07-16T03:55:52.795+0000] {processor.py:183} INFO - Processing /opt/airflow/dags/extend_run_dags_monitor.py took 0.106 seconds
[2024-07-16T06:35:35.501+0000] {processor.py:161} INFO - Started process (PID=179) to work on /opt/airflow/dags/extend_run_dags_monitor.py
[2024-07-16T06:35:35.502+0000] {processor.py:830} INFO - Processing file /opt/airflow/dags/extend_run_dags_monitor.py for tasks to queue
[2024-07-16T06:35:35.503+0000] {logging_mixin.py:188} INFO - [2024-07-16T06:35:35.503+0000] {dagbag.py:545} INFO - Filling up the DagBag from /opt/airflow/dags/extend_run_dags_monitor.py
[2024-07-16T06:35:35.512+0000] {processor.py:840} INFO - DAG(s) 'Extend_Run_Dags_Monitor' retrieved from /opt/airflow/dags/extend_run_dags_monitor.py
[2024-07-16T06:35:35.565+0000] {logging_mixin.py:188} INFO - [2024-07-16T06:35:35.565+0000] {dag.py:3096} INFO - Sync 1 DAGs
[2024-07-16T06:35:35.578+0000] {logging_mixin.py:188} INFO - [2024-07-16T06:35:35.578+0000] {dag.py:3954} INFO - Setting next_dagrun for Extend_Run_Dags_Monitor to 2024-07-16 05:15:00+00:00, run_after=2024-07-16 06:15:00+00:00
[2024-07-16T06:35:35.589+0000] {processor.py:183} INFO - Processing /opt/airflow/dags/extend_run_dags_monitor.py took 0.092 seconds
[2024-07-16T06:36:05.882+0000] {processor.py:161} INFO - Started process (PID=218) to work on /opt/airflow/dags/extend_run_dags_monitor.py
[2024-07-16T06:36:05.884+0000] {processor.py:830} INFO - Processing file /opt/airflow/dags/extend_run_dags_monitor.py for tasks to queue
[2024-07-16T06:36:05.886+0000] {logging_mixin.py:188} INFO - [2024-07-16T06:36:05.886+0000] {dagbag.py:545} INFO - Filling up the DagBag from /opt/airflow/dags/extend_run_dags_monitor.py
[2024-07-16T06:36:05.903+0000] {processor.py:840} INFO - DAG(s) 'Extend_Run_Dags_Monitor' retrieved from /opt/airflow/dags/extend_run_dags_monitor.py
[2024-07-16T06:36:05.928+0000] {logging_mixin.py:188} INFO - [2024-07-16T06:36:05.928+0000] {dag.py:3096} INFO - Sync 1 DAGs
[2024-07-16T06:36:05.944+0000] {logging_mixin.py:188} INFO - [2024-07-16T06:36:05.944+0000] {dag.py:3954} INFO - Setting next_dagrun for Extend_Run_Dags_Monitor to 2024-07-16 06:15:00+00:00, run_after=2024-07-16 07:15:00+00:00
[2024-07-16T06:36:05.957+0000] {processor.py:183} INFO - Processing /opt/airflow/dags/extend_run_dags_monitor.py took 0.081 seconds
[2024-07-16T06:36:36.270+0000] {processor.py:161} INFO - Started process (PID=243) to work on /opt/airflow/dags/extend_run_dags_monitor.py
[2024-07-16T06:36:36.272+0000] {processor.py:830} INFO - Processing file /opt/airflow/dags/extend_run_dags_monitor.py for tasks to queue
[2024-07-16T06:36:36.276+0000] {logging_mixin.py:188} INFO - [2024-07-16T06:36:36.276+0000] {dagbag.py:545} INFO - Filling up the DagBag from /opt/airflow/dags/extend_run_dags_monitor.py
[2024-07-16T06:36:36.296+0000] {processor.py:840} INFO - DAG(s) 'Extend_Run_Dags_Monitor' retrieved from /opt/airflow/dags/extend_run_dags_monitor.py
[2024-07-16T06:36:36.337+0000] {logging_mixin.py:188} INFO - [2024-07-16T06:36:36.336+0000] {dag.py:3096} INFO - Sync 1 DAGs
[2024-07-16T06:36:36.359+0000] {logging_mixin.py:188} INFO - [2024-07-16T06:36:36.359+0000] {dag.py:3954} INFO - Setting next_dagrun for Extend_Run_Dags_Monitor to 2024-07-16 06:15:00+00:00, run_after=2024-07-16 07:15:00+00:00
[2024-07-16T06:36:36.375+0000] {processor.py:183} INFO - Processing /opt/airflow/dags/extend_run_dags_monitor.py took 0.113 seconds
[2024-07-16T06:37:06.694+0000] {processor.py:161} INFO - Started process (PID=271) to work on /opt/airflow/dags/extend_run_dags_monitor.py
[2024-07-16T06:37:06.697+0000] {processor.py:830} INFO - Processing file /opt/airflow/dags/extend_run_dags_monitor.py for tasks to queue
[2024-07-16T06:37:06.700+0000] {logging_mixin.py:188} INFO - [2024-07-16T06:37:06.699+0000] {dagbag.py:545} INFO - Filling up the DagBag from /opt/airflow/dags/extend_run_dags_monitor.py
[2024-07-16T06:37:06.713+0000] {processor.py:840} INFO - DAG(s) 'Extend_Run_Dags_Monitor' retrieved from /opt/airflow/dags/extend_run_dags_monitor.py
[2024-07-16T06:37:06.734+0000] {logging_mixin.py:188} INFO - [2024-07-16T06:37:06.734+0000] {dag.py:3096} INFO - Sync 1 DAGs
[2024-07-16T06:37:06.747+0000] {logging_mixin.py:188} INFO - [2024-07-16T06:37:06.747+0000] {dag.py:3954} INFO - Setting next_dagrun for Extend_Run_Dags_Monitor to 2024-07-16 06:15:00+00:00, run_after=2024-07-16 07:15:00+00:00
[2024-07-16T06:37:06.757+0000] {processor.py:183} INFO - Processing /opt/airflow/dags/extend_run_dags_monitor.py took 0.068 seconds
[2024-07-16T06:37:37.116+0000] {processor.py:161} INFO - Started process (PID=292) to work on /opt/airflow/dags/extend_run_dags_monitor.py
[2024-07-16T06:37:37.119+0000] {processor.py:830} INFO - Processing file /opt/airflow/dags/extend_run_dags_monitor.py for tasks to queue
[2024-07-16T06:37:37.122+0000] {logging_mixin.py:188} INFO - [2024-07-16T06:37:37.122+0000] {dagbag.py:545} INFO - Filling up the DagBag from /opt/airflow/dags/extend_run_dags_monitor.py
[2024-07-16T06:37:37.141+0000] {processor.py:840} INFO - DAG(s) 'Extend_Run_Dags_Monitor' retrieved from /opt/airflow/dags/extend_run_dags_monitor.py
[2024-07-16T06:37:37.167+0000] {logging_mixin.py:188} INFO - [2024-07-16T06:37:37.166+0000] {dag.py:3096} INFO - Sync 1 DAGs
[2024-07-16T06:37:37.197+0000] {logging_mixin.py:188} INFO - [2024-07-16T06:37:37.197+0000] {dag.py:3954} INFO - Setting next_dagrun for Extend_Run_Dags_Monitor to 2024-07-16 06:15:00+00:00, run_after=2024-07-16 07:15:00+00:00
[2024-07-16T06:37:37.211+0000] {processor.py:183} INFO - Processing /opt/airflow/dags/extend_run_dags_monitor.py took 0.108 seconds
[2024-07-16T06:38:07.557+0000] {processor.py:161} INFO - Started process (PID=326) to work on /opt/airflow/dags/extend_run_dags_monitor.py
[2024-07-16T06:38:07.558+0000] {processor.py:830} INFO - Processing file /opt/airflow/dags/extend_run_dags_monitor.py for tasks to queue
[2024-07-16T06:38:07.559+0000] {logging_mixin.py:188} INFO - [2024-07-16T06:38:07.559+0000] {dagbag.py:545} INFO - Filling up the DagBag from /opt/airflow/dags/extend_run_dags_monitor.py
[2024-07-16T06:38:07.574+0000] {processor.py:840} INFO - DAG(s) 'Extend_Run_Dags_Monitor' retrieved from /opt/airflow/dags/extend_run_dags_monitor.py
[2024-07-16T06:38:07.593+0000] {logging_mixin.py:188} INFO - [2024-07-16T06:38:07.593+0000] {dag.py:3096} INFO - Sync 1 DAGs
[2024-07-16T06:38:07.608+0000] {logging_mixin.py:188} INFO - [2024-07-16T06:38:07.608+0000] {dag.py:3954} INFO - Setting next_dagrun for Extend_Run_Dags_Monitor to 2024-07-16 06:15:00+00:00, run_after=2024-07-16 07:15:00+00:00
[2024-07-16T06:38:07.622+0000] {processor.py:183} INFO - Processing /opt/airflow/dags/extend_run_dags_monitor.py took 0.070 seconds
[2024-07-16T06:38:38.022+0000] {processor.py:161} INFO - Started process (PID=348) to work on /opt/airflow/dags/extend_run_dags_monitor.py
[2024-07-16T06:38:38.023+0000] {processor.py:830} INFO - Processing file /opt/airflow/dags/extend_run_dags_monitor.py for tasks to queue
[2024-07-16T06:38:38.026+0000] {logging_mixin.py:188} INFO - [2024-07-16T06:38:38.026+0000] {dagbag.py:545} INFO - Filling up the DagBag from /opt/airflow/dags/extend_run_dags_monitor.py
[2024-07-16T06:38:38.044+0000] {processor.py:840} INFO - DAG(s) 'Extend_Run_Dags_Monitor' retrieved from /opt/airflow/dags/extend_run_dags_monitor.py
[2024-07-16T06:38:38.104+0000] {logging_mixin.py:188} INFO - [2024-07-16T06:38:38.104+0000] {dag.py:3096} INFO - Sync 1 DAGs
[2024-07-16T06:38:38.123+0000] {logging_mixin.py:188} INFO - [2024-07-16T06:38:38.122+0000] {dag.py:3954} INFO - Setting next_dagrun for Extend_Run_Dags_Monitor to 2024-07-16 06:15:00+00:00, run_after=2024-07-16 07:15:00+00:00
[2024-07-16T06:38:38.136+0000] {processor.py:183} INFO - Processing /opt/airflow/dags/extend_run_dags_monitor.py took 0.121 seconds
[2024-07-16T06:39:08.406+0000] {processor.py:161} INFO - Started process (PID=376) to work on /opt/airflow/dags/extend_run_dags_monitor.py
[2024-07-16T06:39:08.407+0000] {processor.py:830} INFO - Processing file /opt/airflow/dags/extend_run_dags_monitor.py for tasks to queue
[2024-07-16T06:39:08.409+0000] {logging_mixin.py:188} INFO - [2024-07-16T06:39:08.409+0000] {dagbag.py:545} INFO - Filling up the DagBag from /opt/airflow/dags/extend_run_dags_monitor.py
[2024-07-16T06:39:08.422+0000] {processor.py:840} INFO - DAG(s) 'Extend_Run_Dags_Monitor' retrieved from /opt/airflow/dags/extend_run_dags_monitor.py
[2024-07-16T06:39:08.445+0000] {logging_mixin.py:188} INFO - [2024-07-16T06:39:08.445+0000] {dag.py:3096} INFO - Sync 1 DAGs
[2024-07-16T06:39:08.489+0000] {logging_mixin.py:188} INFO - [2024-07-16T06:39:08.489+0000] {dag.py:3954} INFO - Setting next_dagrun for Extend_Run_Dags_Monitor to 2024-07-16 06:15:00+00:00, run_after=2024-07-16 07:15:00+00:00
[2024-07-16T06:39:08.540+0000] {processor.py:183} INFO - Processing /opt/airflow/dags/extend_run_dags_monitor.py took 0.140 seconds
[2024-07-16T06:39:38.858+0000] {processor.py:161} INFO - Started process (PID=398) to work on /opt/airflow/dags/extend_run_dags_monitor.py
[2024-07-16T06:39:38.859+0000] {processor.py:830} INFO - Processing file /opt/airflow/dags/extend_run_dags_monitor.py for tasks to queue
[2024-07-16T06:39:38.860+0000] {logging_mixin.py:188} INFO - [2024-07-16T06:39:38.860+0000] {dagbag.py:545} INFO - Filling up the DagBag from /opt/airflow/dags/extend_run_dags_monitor.py
[2024-07-16T06:39:38.872+0000] {processor.py:840} INFO - DAG(s) 'Extend_Run_Dags_Monitor' retrieved from /opt/airflow/dags/extend_run_dags_monitor.py
[2024-07-16T06:39:38.894+0000] {logging_mixin.py:188} INFO - [2024-07-16T06:39:38.894+0000] {dag.py:3096} INFO - Sync 1 DAGs
[2024-07-16T06:39:38.909+0000] {logging_mixin.py:188} INFO - [2024-07-16T06:39:38.909+0000] {dag.py:3954} INFO - Setting next_dagrun for Extend_Run_Dags_Monitor to 2024-07-16 06:15:00+00:00, run_after=2024-07-16 07:15:00+00:00
[2024-07-16T06:39:38.919+0000] {processor.py:183} INFO - Processing /opt/airflow/dags/extend_run_dags_monitor.py took 0.066 seconds
[2024-07-16T06:40:09.246+0000] {processor.py:161} INFO - Started process (PID=426) to work on /opt/airflow/dags/extend_run_dags_monitor.py
[2024-07-16T06:40:09.248+0000] {processor.py:830} INFO - Processing file /opt/airflow/dags/extend_run_dags_monitor.py for tasks to queue
[2024-07-16T06:40:09.250+0000] {logging_mixin.py:188} INFO - [2024-07-16T06:40:09.250+0000] {dagbag.py:545} INFO - Filling up the DagBag from /opt/airflow/dags/extend_run_dags_monitor.py
[2024-07-16T06:40:09.279+0000] {processor.py:840} INFO - DAG(s) 'Extend_Run_Dags_Monitor' retrieved from /opt/airflow/dags/extend_run_dags_monitor.py
[2024-07-16T06:40:09.302+0000] {logging_mixin.py:188} INFO - [2024-07-16T06:40:09.302+0000] {dag.py:3096} INFO - Sync 1 DAGs
[2024-07-16T06:40:09.320+0000] {logging_mixin.py:188} INFO - [2024-07-16T06:40:09.320+0000] {dag.py:3954} INFO - Setting next_dagrun for Extend_Run_Dags_Monitor to 2024-07-16 06:15:00+00:00, run_after=2024-07-16 07:15:00+00:00
[2024-07-16T06:40:09.334+0000] {processor.py:183} INFO - Processing /opt/airflow/dags/extend_run_dags_monitor.py took 0.093 seconds
[2024-07-16T06:40:39.704+0000] {processor.py:161} INFO - Started process (PID=448) to work on /opt/airflow/dags/extend_run_dags_monitor.py
[2024-07-16T06:40:39.706+0000] {processor.py:830} INFO - Processing file /opt/airflow/dags/extend_run_dags_monitor.py for tasks to queue
[2024-07-16T06:40:39.708+0000] {logging_mixin.py:188} INFO - [2024-07-16T06:40:39.708+0000] {dagbag.py:545} INFO - Filling up the DagBag from /opt/airflow/dags/extend_run_dags_monitor.py
[2024-07-16T06:40:39.725+0000] {processor.py:840} INFO - DAG(s) 'Extend_Run_Dags_Monitor' retrieved from /opt/airflow/dags/extend_run_dags_monitor.py
[2024-07-16T06:40:39.750+0000] {logging_mixin.py:188} INFO - [2024-07-16T06:40:39.750+0000] {dag.py:3096} INFO - Sync 1 DAGs
[2024-07-16T06:40:39.770+0000] {logging_mixin.py:188} INFO - [2024-07-16T06:40:39.770+0000] {dag.py:3954} INFO - Setting next_dagrun for Extend_Run_Dags_Monitor to 2024-07-16 06:15:00+00:00, run_after=2024-07-16 07:15:00+00:00
[2024-07-16T06:40:39.781+0000] {processor.py:183} INFO - Processing /opt/airflow/dags/extend_run_dags_monitor.py took 0.082 seconds
[2024-07-16T06:41:10.187+0000] {processor.py:161} INFO - Started process (PID=476) to work on /opt/airflow/dags/extend_run_dags_monitor.py
[2024-07-16T06:41:10.189+0000] {processor.py:830} INFO - Processing file /opt/airflow/dags/extend_run_dags_monitor.py for tasks to queue
[2024-07-16T06:41:10.194+0000] {logging_mixin.py:188} INFO - [2024-07-16T06:41:10.193+0000] {dagbag.py:545} INFO - Filling up the DagBag from /opt/airflow/dags/extend_run_dags_monitor.py
[2024-07-16T06:41:10.209+0000] {processor.py:840} INFO - DAG(s) 'Extend_Run_Dags_Monitor' retrieved from /opt/airflow/dags/extend_run_dags_monitor.py
[2024-07-16T06:41:10.234+0000] {logging_mixin.py:188} INFO - [2024-07-16T06:41:10.234+0000] {dag.py:3096} INFO - Sync 1 DAGs
[2024-07-16T06:41:10.249+0000] {logging_mixin.py:188} INFO - [2024-07-16T06:41:10.249+0000] {dag.py:3954} INFO - Setting next_dagrun for Extend_Run_Dags_Monitor to 2024-07-16 06:15:00+00:00, run_after=2024-07-16 07:15:00+00:00
[2024-07-16T06:41:10.261+0000] {processor.py:183} INFO - Processing /opt/airflow/dags/extend_run_dags_monitor.py took 0.081 seconds
[2024-07-16T06:41:40.626+0000] {processor.py:161} INFO - Started process (PID=498) to work on /opt/airflow/dags/extend_run_dags_monitor.py
[2024-07-16T06:41:40.628+0000] {processor.py:830} INFO - Processing file /opt/airflow/dags/extend_run_dags_monitor.py for tasks to queue
[2024-07-16T06:41:40.630+0000] {logging_mixin.py:188} INFO - [2024-07-16T06:41:40.629+0000] {dagbag.py:545} INFO - Filling up the DagBag from /opt/airflow/dags/extend_run_dags_monitor.py
[2024-07-16T06:41:40.647+0000] {processor.py:840} INFO - DAG(s) 'Extend_Run_Dags_Monitor' retrieved from /opt/airflow/dags/extend_run_dags_monitor.py
[2024-07-16T06:41:40.667+0000] {logging_mixin.py:188} INFO - [2024-07-16T06:41:40.667+0000] {dag.py:3096} INFO - Sync 1 DAGs
[2024-07-16T06:41:40.678+0000] {logging_mixin.py:188} INFO - [2024-07-16T06:41:40.678+0000] {dag.py:3954} INFO - Setting next_dagrun for Extend_Run_Dags_Monitor to 2024-07-16 06:15:00+00:00, run_after=2024-07-16 07:15:00+00:00
[2024-07-16T06:41:40.688+0000] {processor.py:183} INFO - Processing /opt/airflow/dags/extend_run_dags_monitor.py took 0.066 seconds
[2024-07-16T06:42:11.020+0000] {processor.py:161} INFO - Started process (PID=526) to work on /opt/airflow/dags/extend_run_dags_monitor.py
[2024-07-16T06:42:11.021+0000] {processor.py:830} INFO - Processing file /opt/airflow/dags/extend_run_dags_monitor.py for tasks to queue
[2024-07-16T06:42:11.023+0000] {logging_mixin.py:188} INFO - [2024-07-16T06:42:11.023+0000] {dagbag.py:545} INFO - Filling up the DagBag from /opt/airflow/dags/extend_run_dags_monitor.py
[2024-07-16T06:42:11.035+0000] {processor.py:840} INFO - DAG(s) 'Extend_Run_Dags_Monitor' retrieved from /opt/airflow/dags/extend_run_dags_monitor.py
[2024-07-16T06:42:11.058+0000] {logging_mixin.py:188} INFO - [2024-07-16T06:42:11.058+0000] {dag.py:3096} INFO - Sync 1 DAGs
[2024-07-16T06:42:11.073+0000] {logging_mixin.py:188} INFO - [2024-07-16T06:42:11.073+0000] {dag.py:3954} INFO - Setting next_dagrun for Extend_Run_Dags_Monitor to 2024-07-16 06:15:00+00:00, run_after=2024-07-16 07:15:00+00:00
[2024-07-16T06:42:11.086+0000] {processor.py:183} INFO - Processing /opt/airflow/dags/extend_run_dags_monitor.py took 0.071 seconds
[2024-07-16T06:42:41.418+0000] {processor.py:161} INFO - Started process (PID=548) to work on /opt/airflow/dags/extend_run_dags_monitor.py
[2024-07-16T06:42:41.419+0000] {processor.py:830} INFO - Processing file /opt/airflow/dags/extend_run_dags_monitor.py for tasks to queue
[2024-07-16T06:42:41.421+0000] {logging_mixin.py:188} INFO - [2024-07-16T06:42:41.420+0000] {dagbag.py:545} INFO - Filling up the DagBag from /opt/airflow/dags/extend_run_dags_monitor.py
[2024-07-16T06:42:41.438+0000] {processor.py:840} INFO - DAG(s) 'Extend_Run_Dags_Monitor' retrieved from /opt/airflow/dags/extend_run_dags_monitor.py
[2024-07-16T06:42:41.457+0000] {logging_mixin.py:188} INFO - [2024-07-16T06:42:41.456+0000] {dag.py:3096} INFO - Sync 1 DAGs
[2024-07-16T06:42:41.470+0000] {logging_mixin.py:188} INFO - [2024-07-16T06:42:41.470+0000] {dag.py:3954} INFO - Setting next_dagrun for Extend_Run_Dags_Monitor to 2024-07-16 06:15:00+00:00, run_after=2024-07-16 07:15:00+00:00
[2024-07-16T06:42:41.482+0000] {processor.py:183} INFO - Processing /opt/airflow/dags/extend_run_dags_monitor.py took 0.069 seconds
[2024-07-16T06:43:11.829+0000] {processor.py:161} INFO - Started process (PID=576) to work on /opt/airflow/dags/extend_run_dags_monitor.py
[2024-07-16T06:43:11.831+0000] {processor.py:830} INFO - Processing file /opt/airflow/dags/extend_run_dags_monitor.py for tasks to queue
[2024-07-16T06:43:11.833+0000] {logging_mixin.py:188} INFO - [2024-07-16T06:43:11.832+0000] {dagbag.py:545} INFO - Filling up the DagBag from /opt/airflow/dags/extend_run_dags_monitor.py
[2024-07-16T06:43:11.856+0000] {processor.py:840} INFO - DAG(s) 'Extend_Run_Dags_Monitor' retrieved from /opt/airflow/dags/extend_run_dags_monitor.py
[2024-07-16T06:43:11.876+0000] {logging_mixin.py:188} INFO - [2024-07-16T06:43:11.876+0000] {dag.py:3096} INFO - Sync 1 DAGs
[2024-07-16T06:43:11.890+0000] {logging_mixin.py:188} INFO - [2024-07-16T06:43:11.890+0000] {dag.py:3954} INFO - Setting next_dagrun for Extend_Run_Dags_Monitor to 2024-07-16 06:15:00+00:00, run_after=2024-07-16 07:15:00+00:00
[2024-07-16T06:43:11.902+0000] {processor.py:183} INFO - Processing /opt/airflow/dags/extend_run_dags_monitor.py took 0.080 seconds
[2024-07-16T06:43:42.244+0000] {processor.py:161} INFO - Started process (PID=598) to work on /opt/airflow/dags/extend_run_dags_monitor.py
[2024-07-16T06:43:42.246+0000] {processor.py:830} INFO - Processing file /opt/airflow/dags/extend_run_dags_monitor.py for tasks to queue
[2024-07-16T06:43:42.249+0000] {logging_mixin.py:188} INFO - [2024-07-16T06:43:42.249+0000] {dagbag.py:545} INFO - Filling up the DagBag from /opt/airflow/dags/extend_run_dags_monitor.py
[2024-07-16T06:43:42.265+0000] {processor.py:840} INFO - DAG(s) 'Extend_Run_Dags_Monitor' retrieved from /opt/airflow/dags/extend_run_dags_monitor.py
[2024-07-16T06:43:42.291+0000] {logging_mixin.py:188} INFO - [2024-07-16T06:43:42.290+0000] {dag.py:3096} INFO - Sync 1 DAGs
[2024-07-16T06:43:42.305+0000] {logging_mixin.py:188} INFO - [2024-07-16T06:43:42.305+0000] {dag.py:3954} INFO - Setting next_dagrun for Extend_Run_Dags_Monitor to 2024-07-16 06:15:00+00:00, run_after=2024-07-16 07:15:00+00:00
[2024-07-16T06:43:42.318+0000] {processor.py:183} INFO - Processing /opt/airflow/dags/extend_run_dags_monitor.py took 0.080 seconds
[2024-07-16T06:44:12.619+0000] {processor.py:161} INFO - Started process (PID=626) to work on /opt/airflow/dags/extend_run_dags_monitor.py
[2024-07-16T06:44:12.621+0000] {processor.py:830} INFO - Processing file /opt/airflow/dags/extend_run_dags_monitor.py for tasks to queue
[2024-07-16T06:44:12.623+0000] {logging_mixin.py:188} INFO - [2024-07-16T06:44:12.623+0000] {dagbag.py:545} INFO - Filling up the DagBag from /opt/airflow/dags/extend_run_dags_monitor.py
[2024-07-16T06:44:12.643+0000] {processor.py:840} INFO - DAG(s) 'Extend_Run_Dags_Monitor' retrieved from /opt/airflow/dags/extend_run_dags_monitor.py
[2024-07-16T06:44:12.674+0000] {logging_mixin.py:188} INFO - [2024-07-16T06:44:12.674+0000] {dag.py:3096} INFO - Sync 1 DAGs
[2024-07-16T06:44:12.689+0000] {logging_mixin.py:188} INFO - [2024-07-16T06:44:12.689+0000] {dag.py:3954} INFO - Setting next_dagrun for Extend_Run_Dags_Monitor to 2024-07-16 06:15:00+00:00, run_after=2024-07-16 07:15:00+00:00
[2024-07-16T06:44:12.701+0000] {processor.py:183} INFO - Processing /opt/airflow/dags/extend_run_dags_monitor.py took 0.089 seconds
[2024-07-16T06:44:42.999+0000] {processor.py:161} INFO - Started process (PID=648) to work on /opt/airflow/dags/extend_run_dags_monitor.py
[2024-07-16T06:44:43.001+0000] {processor.py:830} INFO - Processing file /opt/airflow/dags/extend_run_dags_monitor.py for tasks to queue
[2024-07-16T06:44:43.003+0000] {logging_mixin.py:188} INFO - [2024-07-16T06:44:43.002+0000] {dagbag.py:545} INFO - Filling up the DagBag from /opt/airflow/dags/extend_run_dags_monitor.py
[2024-07-16T06:44:43.018+0000] {processor.py:840} INFO - DAG(s) 'Extend_Run_Dags_Monitor' retrieved from /opt/airflow/dags/extend_run_dags_monitor.py
[2024-07-16T06:44:43.041+0000] {logging_mixin.py:188} INFO - [2024-07-16T06:44:43.041+0000] {dag.py:3096} INFO - Sync 1 DAGs
[2024-07-16T06:44:43.055+0000] {logging_mixin.py:188} INFO - [2024-07-16T06:44:43.055+0000] {dag.py:3954} INFO - Setting next_dagrun for Extend_Run_Dags_Monitor to 2024-07-16 06:15:00+00:00, run_after=2024-07-16 07:15:00+00:00
[2024-07-16T06:44:43.066+0000] {processor.py:183} INFO - Processing /opt/airflow/dags/extend_run_dags_monitor.py took 0.073 seconds
[2024-07-16T06:45:13.390+0000] {processor.py:161} INFO - Started process (PID=676) to work on /opt/airflow/dags/extend_run_dags_monitor.py
[2024-07-16T06:45:13.392+0000] {processor.py:830} INFO - Processing file /opt/airflow/dags/extend_run_dags_monitor.py for tasks to queue
[2024-07-16T06:45:13.394+0000] {logging_mixin.py:188} INFO - [2024-07-16T06:45:13.394+0000] {dagbag.py:545} INFO - Filling up the DagBag from /opt/airflow/dags/extend_run_dags_monitor.py
[2024-07-16T06:45:13.411+0000] {processor.py:840} INFO - DAG(s) 'Extend_Run_Dags_Monitor' retrieved from /opt/airflow/dags/extend_run_dags_monitor.py
[2024-07-16T06:45:13.433+0000] {logging_mixin.py:188} INFO - [2024-07-16T06:45:13.433+0000] {dag.py:3096} INFO - Sync 1 DAGs
[2024-07-16T06:45:13.449+0000] {logging_mixin.py:188} INFO - [2024-07-16T06:45:13.448+0000] {dag.py:3954} INFO - Setting next_dagrun for Extend_Run_Dags_Monitor to 2024-07-16 06:15:00+00:00, run_after=2024-07-16 07:15:00+00:00
[2024-07-16T06:45:13.460+0000] {processor.py:183} INFO - Processing /opt/airflow/dags/extend_run_dags_monitor.py took 0.077 seconds
[2024-07-16T06:45:43.801+0000] {processor.py:161} INFO - Started process (PID=698) to work on /opt/airflow/dags/extend_run_dags_monitor.py
[2024-07-16T06:45:43.802+0000] {processor.py:830} INFO - Processing file /opt/airflow/dags/extend_run_dags_monitor.py for tasks to queue
[2024-07-16T06:45:43.805+0000] {logging_mixin.py:188} INFO - [2024-07-16T06:45:43.804+0000] {dagbag.py:545} INFO - Filling up the DagBag from /opt/airflow/dags/extend_run_dags_monitor.py
[2024-07-16T06:45:43.825+0000] {processor.py:840} INFO - DAG(s) 'Extend_Run_Dags_Monitor' retrieved from /opt/airflow/dags/extend_run_dags_monitor.py
[2024-07-16T06:45:43.847+0000] {logging_mixin.py:188} INFO - [2024-07-16T06:45:43.847+0000] {dag.py:3096} INFO - Sync 1 DAGs
[2024-07-16T06:45:43.858+0000] {logging_mixin.py:188} INFO - [2024-07-16T06:45:43.858+0000] {dag.py:3954} INFO - Setting next_dagrun for Extend_Run_Dags_Monitor to 2024-07-16 06:15:00+00:00, run_after=2024-07-16 07:15:00+00:00
[2024-07-16T06:45:43.869+0000] {processor.py:183} INFO - Processing /opt/airflow/dags/extend_run_dags_monitor.py took 0.074 seconds
[2024-07-16T06:46:14.182+0000] {processor.py:161} INFO - Started process (PID=726) to work on /opt/airflow/dags/extend_run_dags_monitor.py
[2024-07-16T06:46:14.183+0000] {processor.py:830} INFO - Processing file /opt/airflow/dags/extend_run_dags_monitor.py for tasks to queue
[2024-07-16T06:46:14.187+0000] {logging_mixin.py:188} INFO - [2024-07-16T06:46:14.187+0000] {dagbag.py:545} INFO - Filling up the DagBag from /opt/airflow/dags/extend_run_dags_monitor.py
[2024-07-16T06:46:14.204+0000] {processor.py:840} INFO - DAG(s) 'Extend_Run_Dags_Monitor' retrieved from /opt/airflow/dags/extend_run_dags_monitor.py
[2024-07-16T06:46:14.229+0000] {logging_mixin.py:188} INFO - [2024-07-16T06:46:14.229+0000] {dag.py:3096} INFO - Sync 1 DAGs
[2024-07-16T06:46:14.247+0000] {logging_mixin.py:188} INFO - [2024-07-16T06:46:14.247+0000] {dag.py:3954} INFO - Setting next_dagrun for Extend_Run_Dags_Monitor to 2024-07-16 06:15:00+00:00, run_after=2024-07-16 07:15:00+00:00
[2024-07-16T06:46:14.264+0000] {processor.py:183} INFO - Processing /opt/airflow/dags/extend_run_dags_monitor.py took 0.087 seconds
