[2024-07-16T03:49:47.629+0000] {processor.py:161} INFO - Started process (PID=175) to work on /opt/airflow/dags/fail_dags_monitor.py
[2024-07-16T03:49:47.632+0000] {processor.py:830} INFO - Processing file /opt/airflow/dags/fail_dags_monitor.py for tasks to queue
[2024-07-16T03:49:47.637+0000] {logging_mixin.py:188} INFO - [2024-07-16T03:49:47.635+0000] {dagbag.py:545} INFO - Filling up the DagBag from /opt/airflow/dags/fail_dags_monitor.py
[2024-07-16T03:49:48.732+0000] {processor.py:840} INFO - DAG(s) 'Fail_Dags_Monitor' retrieved from /opt/airflow/dags/fail_dags_monitor.py
[2024-07-16T03:49:48.976+0000] {logging_mixin.py:188} INFO - [2024-07-16T03:49:48.976+0000] {dag.py:3096} INFO - Sync 1 DAGs
[2024-07-16T03:49:48.989+0000] {logging_mixin.py:188} INFO - [2024-07-16T03:49:48.989+0000] {dag.py:3954} INFO - Setting next_dagrun for Fail_Dags_Monitor to 2024-07-16 02:15:00+00:00, run_after=2024-07-16 03:15:00+00:00
[2024-07-16T03:49:49.001+0000] {processor.py:183} INFO - Processing /opt/airflow/dags/fail_dags_monitor.py took 1.377 seconds
[2024-07-16T03:50:19.307+0000] {processor.py:161} INFO - Started process (PID=226) to work on /opt/airflow/dags/fail_dags_monitor.py
[2024-07-16T03:50:19.308+0000] {processor.py:830} INFO - Processing file /opt/airflow/dags/fail_dags_monitor.py for tasks to queue
[2024-07-16T03:50:19.310+0000] {logging_mixin.py:188} INFO - [2024-07-16T03:50:19.310+0000] {dagbag.py:545} INFO - Filling up the DagBag from /opt/airflow/dags/fail_dags_monitor.py
[2024-07-16T03:50:19.524+0000] {processor.py:840} INFO - DAG(s) 'Fail_Dags_Monitor' retrieved from /opt/airflow/dags/fail_dags_monitor.py
[2024-07-16T03:50:19.536+0000] {logging_mixin.py:188} INFO - [2024-07-16T03:50:19.536+0000] {dag.py:3096} INFO - Sync 1 DAGs
[2024-07-16T03:50:19.549+0000] {logging_mixin.py:188} INFO - [2024-07-16T03:50:19.549+0000] {dag.py:3954} INFO - Setting next_dagrun for Fail_Dags_Monitor to 2024-07-16 03:15:00+00:00, run_after=2024-07-16 04:15:00+00:00
[2024-07-16T03:50:19.558+0000] {processor.py:183} INFO - Processing /opt/airflow/dags/fail_dags_monitor.py took 0.257 seconds
[2024-07-16T03:50:49.841+0000] {processor.py:161} INFO - Started process (PID=254) to work on /opt/airflow/dags/fail_dags_monitor.py
[2024-07-16T03:50:49.843+0000] {processor.py:830} INFO - Processing file /opt/airflow/dags/fail_dags_monitor.py for tasks to queue
[2024-07-16T03:50:49.845+0000] {logging_mixin.py:188} INFO - [2024-07-16T03:50:49.844+0000] {dagbag.py:545} INFO - Filling up the DagBag from /opt/airflow/dags/fail_dags_monitor.py
[2024-07-16T03:50:50.033+0000] {processor.py:840} INFO - DAG(s) 'Fail_Dags_Monitor' retrieved from /opt/airflow/dags/fail_dags_monitor.py
[2024-07-16T03:50:50.047+0000] {logging_mixin.py:188} INFO - [2024-07-16T03:50:50.047+0000] {dag.py:3096} INFO - Sync 1 DAGs
[2024-07-16T03:50:50.058+0000] {logging_mixin.py:188} INFO - [2024-07-16T03:50:50.058+0000] {dag.py:3954} INFO - Setting next_dagrun for Fail_Dags_Monitor to 2024-07-16 03:15:00+00:00, run_after=2024-07-16 04:15:00+00:00
[2024-07-16T03:50:50.066+0000] {processor.py:183} INFO - Processing /opt/airflow/dags/fail_dags_monitor.py took 0.231 seconds
[2024-07-16T03:51:20.150+0000] {processor.py:161} INFO - Started process (PID=282) to work on /opt/airflow/dags/fail_dags_monitor.py
[2024-07-16T03:51:20.151+0000] {processor.py:830} INFO - Processing file /opt/airflow/dags/fail_dags_monitor.py for tasks to queue
[2024-07-16T03:51:20.153+0000] {logging_mixin.py:188} INFO - [2024-07-16T03:51:20.152+0000] {dagbag.py:545} INFO - Filling up the DagBag from /opt/airflow/dags/fail_dags_monitor.py
[2024-07-16T03:51:20.313+0000] {processor.py:840} INFO - DAG(s) 'Fail_Dags_Monitor' retrieved from /opt/airflow/dags/fail_dags_monitor.py
[2024-07-16T03:51:20.327+0000] {logging_mixin.py:188} INFO - [2024-07-16T03:51:20.326+0000] {dag.py:3096} INFO - Sync 1 DAGs
[2024-07-16T03:51:20.338+0000] {logging_mixin.py:188} INFO - [2024-07-16T03:51:20.338+0000] {dag.py:3954} INFO - Setting next_dagrun for Fail_Dags_Monitor to 2024-07-16 03:15:00+00:00, run_after=2024-07-16 04:15:00+00:00
[2024-07-16T03:51:20.345+0000] {processor.py:183} INFO - Processing /opt/airflow/dags/fail_dags_monitor.py took 0.201 seconds
[2024-07-16T03:51:50.585+0000] {processor.py:161} INFO - Started process (PID=304) to work on /opt/airflow/dags/fail_dags_monitor.py
[2024-07-16T03:51:50.586+0000] {processor.py:830} INFO - Processing file /opt/airflow/dags/fail_dags_monitor.py for tasks to queue
[2024-07-16T03:51:50.588+0000] {logging_mixin.py:188} INFO - [2024-07-16T03:51:50.588+0000] {dagbag.py:545} INFO - Filling up the DagBag from /opt/airflow/dags/fail_dags_monitor.py
[2024-07-16T03:51:50.776+0000] {processor.py:840} INFO - DAG(s) 'Fail_Dags_Monitor' retrieved from /opt/airflow/dags/fail_dags_monitor.py
[2024-07-16T03:51:50.790+0000] {logging_mixin.py:188} INFO - [2024-07-16T03:51:50.790+0000] {dag.py:3096} INFO - Sync 1 DAGs
[2024-07-16T03:51:50.800+0000] {logging_mixin.py:188} INFO - [2024-07-16T03:51:50.800+0000] {dag.py:3954} INFO - Setting next_dagrun for Fail_Dags_Monitor to 2024-07-16 03:15:00+00:00, run_after=2024-07-16 04:15:00+00:00
[2024-07-16T03:51:50.918+0000] {processor.py:183} INFO - Processing /opt/airflow/dags/fail_dags_monitor.py took 0.339 seconds
[2024-07-16T03:52:21.032+0000] {processor.py:161} INFO - Started process (PID=332) to work on /opt/airflow/dags/fail_dags_monitor.py
[2024-07-16T03:52:21.034+0000] {processor.py:830} INFO - Processing file /opt/airflow/dags/fail_dags_monitor.py for tasks to queue
[2024-07-16T03:52:21.035+0000] {logging_mixin.py:188} INFO - [2024-07-16T03:52:21.035+0000] {dagbag.py:545} INFO - Filling up the DagBag from /opt/airflow/dags/fail_dags_monitor.py
[2024-07-16T03:52:21.211+0000] {processor.py:840} INFO - DAG(s) 'Fail_Dags_Monitor' retrieved from /opt/airflow/dags/fail_dags_monitor.py
[2024-07-16T03:52:21.227+0000] {logging_mixin.py:188} INFO - [2024-07-16T03:52:21.226+0000] {dag.py:3096} INFO - Sync 1 DAGs
[2024-07-16T03:52:21.350+0000] {logging_mixin.py:188} INFO - [2024-07-16T03:52:21.350+0000] {dag.py:3954} INFO - Setting next_dagrun for Fail_Dags_Monitor to 2024-07-16 03:15:00+00:00, run_after=2024-07-16 04:15:00+00:00
[2024-07-16T03:52:21.357+0000] {processor.py:183} INFO - Processing /opt/airflow/dags/fail_dags_monitor.py took 0.329 seconds
[2024-07-16T03:52:51.440+0000] {processor.py:161} INFO - Started process (PID=354) to work on /opt/airflow/dags/fail_dags_monitor.py
[2024-07-16T03:52:51.441+0000] {processor.py:830} INFO - Processing file /opt/airflow/dags/fail_dags_monitor.py for tasks to queue
[2024-07-16T03:52:51.443+0000] {logging_mixin.py:188} INFO - [2024-07-16T03:52:51.442+0000] {dagbag.py:545} INFO - Filling up the DagBag from /opt/airflow/dags/fail_dags_monitor.py
[2024-07-16T03:52:51.641+0000] {processor.py:840} INFO - DAG(s) 'Fail_Dags_Monitor' retrieved from /opt/airflow/dags/fail_dags_monitor.py
[2024-07-16T03:52:51.655+0000] {logging_mixin.py:188} INFO - [2024-07-16T03:52:51.655+0000] {dag.py:3096} INFO - Sync 1 DAGs
[2024-07-16T03:52:51.666+0000] {logging_mixin.py:188} INFO - [2024-07-16T03:52:51.666+0000] {dag.py:3954} INFO - Setting next_dagrun for Fail_Dags_Monitor to 2024-07-16 03:15:00+00:00, run_after=2024-07-16 04:15:00+00:00
[2024-07-16T03:52:51.674+0000] {processor.py:183} INFO - Processing /opt/airflow/dags/fail_dags_monitor.py took 0.240 seconds
[2024-07-16T03:53:21.739+0000] {processor.py:161} INFO - Started process (PID=382) to work on /opt/airflow/dags/fail_dags_monitor.py
[2024-07-16T03:53:21.740+0000] {processor.py:830} INFO - Processing file /opt/airflow/dags/fail_dags_monitor.py for tasks to queue
[2024-07-16T03:53:21.741+0000] {logging_mixin.py:188} INFO - [2024-07-16T03:53:21.741+0000] {dagbag.py:545} INFO - Filling up the DagBag from /opt/airflow/dags/fail_dags_monitor.py
[2024-07-16T03:53:21.901+0000] {processor.py:840} INFO - DAG(s) 'Fail_Dags_Monitor' retrieved from /opt/airflow/dags/fail_dags_monitor.py
[2024-07-16T03:53:21.915+0000] {logging_mixin.py:188} INFO - [2024-07-16T03:53:21.915+0000] {dag.py:3096} INFO - Sync 1 DAGs
[2024-07-16T03:53:21.925+0000] {logging_mixin.py:188} INFO - [2024-07-16T03:53:21.925+0000] {dag.py:3954} INFO - Setting next_dagrun for Fail_Dags_Monitor to 2024-07-16 03:15:00+00:00, run_after=2024-07-16 04:15:00+00:00
[2024-07-16T03:53:21.932+0000] {processor.py:183} INFO - Processing /opt/airflow/dags/fail_dags_monitor.py took 0.198 seconds
[2024-07-16T03:53:52.023+0000] {processor.py:161} INFO - Started process (PID=404) to work on /opt/airflow/dags/fail_dags_monitor.py
[2024-07-16T03:53:52.024+0000] {processor.py:830} INFO - Processing file /opt/airflow/dags/fail_dags_monitor.py for tasks to queue
[2024-07-16T03:53:52.026+0000] {logging_mixin.py:188} INFO - [2024-07-16T03:53:52.026+0000] {dagbag.py:545} INFO - Filling up the DagBag from /opt/airflow/dags/fail_dags_monitor.py
[2024-07-16T03:53:52.211+0000] {processor.py:840} INFO - DAG(s) 'Fail_Dags_Monitor' retrieved from /opt/airflow/dags/fail_dags_monitor.py
[2024-07-16T03:53:52.224+0000] {logging_mixin.py:188} INFO - [2024-07-16T03:53:52.224+0000] {dag.py:3096} INFO - Sync 1 DAGs
[2024-07-16T03:53:52.234+0000] {logging_mixin.py:188} INFO - [2024-07-16T03:53:52.234+0000] {dag.py:3954} INFO - Setting next_dagrun for Fail_Dags_Monitor to 2024-07-16 03:15:00+00:00, run_after=2024-07-16 04:15:00+00:00
[2024-07-16T03:53:52.367+0000] {processor.py:183} INFO - Processing /opt/airflow/dags/fail_dags_monitor.py took 0.350 seconds
[2024-07-16T03:54:22.474+0000] {processor.py:161} INFO - Started process (PID=432) to work on /opt/airflow/dags/fail_dags_monitor.py
[2024-07-16T03:54:22.476+0000] {processor.py:830} INFO - Processing file /opt/airflow/dags/fail_dags_monitor.py for tasks to queue
[2024-07-16T03:54:22.477+0000] {logging_mixin.py:188} INFO - [2024-07-16T03:54:22.477+0000] {dagbag.py:545} INFO - Filling up the DagBag from /opt/airflow/dags/fail_dags_monitor.py
[2024-07-16T03:54:22.675+0000] {processor.py:840} INFO - DAG(s) 'Fail_Dags_Monitor' retrieved from /opt/airflow/dags/fail_dags_monitor.py
[2024-07-16T03:54:22.689+0000] {logging_mixin.py:188} INFO - [2024-07-16T03:54:22.688+0000] {dag.py:3096} INFO - Sync 1 DAGs
[2024-07-16T03:54:22.822+0000] {logging_mixin.py:188} INFO - [2024-07-16T03:54:22.822+0000] {dag.py:3954} INFO - Setting next_dagrun for Fail_Dags_Monitor to 2024-07-16 03:15:00+00:00, run_after=2024-07-16 04:15:00+00:00
[2024-07-16T03:54:22.831+0000] {processor.py:183} INFO - Processing /opt/airflow/dags/fail_dags_monitor.py took 0.362 seconds
[2024-07-16T03:54:52.949+0000] {processor.py:161} INFO - Started process (PID=454) to work on /opt/airflow/dags/fail_dags_monitor.py
[2024-07-16T03:54:52.951+0000] {processor.py:830} INFO - Processing file /opt/airflow/dags/fail_dags_monitor.py for tasks to queue
[2024-07-16T03:54:52.952+0000] {logging_mixin.py:188} INFO - [2024-07-16T03:54:52.952+0000] {dagbag.py:545} INFO - Filling up the DagBag from /opt/airflow/dags/fail_dags_monitor.py
[2024-07-16T03:54:53.181+0000] {processor.py:840} INFO - DAG(s) 'Fail_Dags_Monitor' retrieved from /opt/airflow/dags/fail_dags_monitor.py
[2024-07-16T03:54:53.198+0000] {logging_mixin.py:188} INFO - [2024-07-16T03:54:53.197+0000] {dag.py:3096} INFO - Sync 1 DAGs
[2024-07-16T03:54:53.208+0000] {logging_mixin.py:188} INFO - [2024-07-16T03:54:53.208+0000] {dag.py:3954} INFO - Setting next_dagrun for Fail_Dags_Monitor to 2024-07-16 03:15:00+00:00, run_after=2024-07-16 04:15:00+00:00
[2024-07-16T03:54:53.217+0000] {processor.py:183} INFO - Processing /opt/airflow/dags/fail_dags_monitor.py took 0.274 seconds
[2024-07-16T03:55:23.283+0000] {processor.py:161} INFO - Started process (PID=482) to work on /opt/airflow/dags/fail_dags_monitor.py
[2024-07-16T03:55:23.284+0000] {processor.py:830} INFO - Processing file /opt/airflow/dags/fail_dags_monitor.py for tasks to queue
[2024-07-16T03:55:23.286+0000] {logging_mixin.py:188} INFO - [2024-07-16T03:55:23.285+0000] {dagbag.py:545} INFO - Filling up the DagBag from /opt/airflow/dags/fail_dags_monitor.py
[2024-07-16T03:55:23.465+0000] {processor.py:840} INFO - DAG(s) 'Fail_Dags_Monitor' retrieved from /opt/airflow/dags/fail_dags_monitor.py
[2024-07-16T03:55:23.477+0000] {logging_mixin.py:188} INFO - [2024-07-16T03:55:23.477+0000] {dag.py:3096} INFO - Sync 1 DAGs
[2024-07-16T03:55:23.487+0000] {logging_mixin.py:188} INFO - [2024-07-16T03:55:23.487+0000] {dag.py:3954} INFO - Setting next_dagrun for Fail_Dags_Monitor to 2024-07-16 03:15:00+00:00, run_after=2024-07-16 04:15:00+00:00
[2024-07-16T03:55:23.494+0000] {processor.py:183} INFO - Processing /opt/airflow/dags/fail_dags_monitor.py took 0.217 seconds
[2024-07-16T03:55:53.836+0000] {processor.py:161} INFO - Started process (PID=504) to work on /opt/airflow/dags/fail_dags_monitor.py
[2024-07-16T03:55:53.837+0000] {processor.py:830} INFO - Processing file /opt/airflow/dags/fail_dags_monitor.py for tasks to queue
[2024-07-16T03:55:53.839+0000] {logging_mixin.py:188} INFO - [2024-07-16T03:55:53.838+0000] {dagbag.py:545} INFO - Filling up the DagBag from /opt/airflow/dags/fail_dags_monitor.py
[2024-07-16T03:55:54.029+0000] {processor.py:840} INFO - DAG(s) 'Fail_Dags_Monitor' retrieved from /opt/airflow/dags/fail_dags_monitor.py
[2024-07-16T03:55:54.042+0000] {logging_mixin.py:188} INFO - [2024-07-16T03:55:54.042+0000] {dag.py:3096} INFO - Sync 1 DAGs
[2024-07-16T03:55:54.052+0000] {logging_mixin.py:188} INFO - [2024-07-16T03:55:54.052+0000] {dag.py:3954} INFO - Setting next_dagrun for Fail_Dags_Monitor to 2024-07-16 03:15:00+00:00, run_after=2024-07-16 04:15:00+00:00
[2024-07-16T03:55:54.152+0000] {processor.py:183} INFO - Processing /opt/airflow/dags/fail_dags_monitor.py took 0.322 seconds
[2024-07-16T06:35:35.272+0000] {processor.py:161} INFO - Started process (PID=173) to work on /opt/airflow/dags/fail_dags_monitor.py
[2024-07-16T06:35:35.273+0000] {processor.py:830} INFO - Processing file /opt/airflow/dags/fail_dags_monitor.py for tasks to queue
[2024-07-16T06:35:35.275+0000] {logging_mixin.py:188} INFO - [2024-07-16T06:35:35.275+0000] {dagbag.py:545} INFO - Filling up the DagBag from /opt/airflow/dags/fail_dags_monitor.py
[2024-07-16T06:35:36.321+0000] {processor.py:840} INFO - DAG(s) 'Fail_Dags_Monitor' retrieved from /opt/airflow/dags/fail_dags_monitor.py
[2024-07-16T06:35:36.639+0000] {logging_mixin.py:188} INFO - [2024-07-16T06:35:36.639+0000] {dag.py:3096} INFO - Sync 1 DAGs
[2024-07-16T06:35:36.658+0000] {logging_mixin.py:188} INFO - [2024-07-16T06:35:36.658+0000] {dag.py:3954} INFO - Setting next_dagrun for Fail_Dags_Monitor to 2024-07-16 05:15:00+00:00, run_after=2024-07-16 06:15:00+00:00
[2024-07-16T06:35:36.671+0000] {processor.py:183} INFO - Processing /opt/airflow/dags/fail_dags_monitor.py took 1.404 seconds
[2024-07-16T06:36:06.890+0000] {processor.py:161} INFO - Started process (PID=228) to work on /opt/airflow/dags/fail_dags_monitor.py
[2024-07-16T06:36:06.890+0000] {processor.py:830} INFO - Processing file /opt/airflow/dags/fail_dags_monitor.py for tasks to queue
[2024-07-16T06:36:06.891+0000] {logging_mixin.py:188} INFO - [2024-07-16T06:36:06.891+0000] {dagbag.py:545} INFO - Filling up the DagBag from /opt/airflow/dags/fail_dags_monitor.py
[2024-07-16T06:36:07.065+0000] {processor.py:840} INFO - DAG(s) 'Fail_Dags_Monitor' retrieved from /opt/airflow/dags/fail_dags_monitor.py
[2024-07-16T06:36:07.077+0000] {logging_mixin.py:188} INFO - [2024-07-16T06:36:07.077+0000] {dag.py:3096} INFO - Sync 1 DAGs
[2024-07-16T06:36:07.088+0000] {logging_mixin.py:188} INFO - [2024-07-16T06:36:07.087+0000] {dag.py:3954} INFO - Setting next_dagrun for Fail_Dags_Monitor to 2024-07-16 06:15:00+00:00, run_after=2024-07-16 07:15:00+00:00
[2024-07-16T06:36:07.095+0000] {processor.py:183} INFO - Processing /opt/airflow/dags/fail_dags_monitor.py took 0.208 seconds
[2024-07-16T06:36:37.413+0000] {processor.py:161} INFO - Started process (PID=256) to work on /opt/airflow/dags/fail_dags_monitor.py
[2024-07-16T06:36:37.415+0000] {processor.py:830} INFO - Processing file /opt/airflow/dags/fail_dags_monitor.py for tasks to queue
[2024-07-16T06:36:37.416+0000] {logging_mixin.py:188} INFO - [2024-07-16T06:36:37.416+0000] {dagbag.py:545} INFO - Filling up the DagBag from /opt/airflow/dags/fail_dags_monitor.py
[2024-07-16T06:36:37.632+0000] {processor.py:840} INFO - DAG(s) 'Fail_Dags_Monitor' retrieved from /opt/airflow/dags/fail_dags_monitor.py
[2024-07-16T06:36:37.648+0000] {logging_mixin.py:188} INFO - [2024-07-16T06:36:37.648+0000] {dag.py:3096} INFO - Sync 1 DAGs
[2024-07-16T06:36:37.658+0000] {logging_mixin.py:188} INFO - [2024-07-16T06:36:37.658+0000] {dag.py:3954} INFO - Setting next_dagrun for Fail_Dags_Monitor to 2024-07-16 06:15:00+00:00, run_after=2024-07-16 07:15:00+00:00
[2024-07-16T06:36:37.667+0000] {processor.py:183} INFO - Processing /opt/airflow/dags/fail_dags_monitor.py took 0.259 seconds
[2024-07-16T06:37:07.707+0000] {processor.py:161} INFO - Started process (PID=283) to work on /opt/airflow/dags/fail_dags_monitor.py
[2024-07-16T06:37:07.708+0000] {processor.py:830} INFO - Processing file /opt/airflow/dags/fail_dags_monitor.py for tasks to queue
[2024-07-16T06:37:07.710+0000] {logging_mixin.py:188} INFO - [2024-07-16T06:37:07.709+0000] {dagbag.py:545} INFO - Filling up the DagBag from /opt/airflow/dags/fail_dags_monitor.py
[2024-07-16T06:37:07.894+0000] {processor.py:840} INFO - DAG(s) 'Fail_Dags_Monitor' retrieved from /opt/airflow/dags/fail_dags_monitor.py
[2024-07-16T06:37:07.908+0000] {logging_mixin.py:188} INFO - [2024-07-16T06:37:07.908+0000] {dag.py:3096} INFO - Sync 1 DAGs
[2024-07-16T06:37:07.919+0000] {logging_mixin.py:188} INFO - [2024-07-16T06:37:07.918+0000] {dag.py:3954} INFO - Setting next_dagrun for Fail_Dags_Monitor to 2024-07-16 06:15:00+00:00, run_after=2024-07-16 07:15:00+00:00
[2024-07-16T06:37:07.927+0000] {processor.py:183} INFO - Processing /opt/airflow/dags/fail_dags_monitor.py took 0.224 seconds
[2024-07-16T06:37:38.255+0000] {processor.py:161} INFO - Started process (PID=305) to work on /opt/airflow/dags/fail_dags_monitor.py
[2024-07-16T06:37:38.256+0000] {processor.py:830} INFO - Processing file /opt/airflow/dags/fail_dags_monitor.py for tasks to queue
[2024-07-16T06:37:38.258+0000] {logging_mixin.py:188} INFO - [2024-07-16T06:37:38.257+0000] {dagbag.py:545} INFO - Filling up the DagBag from /opt/airflow/dags/fail_dags_monitor.py
[2024-07-16T06:37:38.467+0000] {processor.py:840} INFO - DAG(s) 'Fail_Dags_Monitor' retrieved from /opt/airflow/dags/fail_dags_monitor.py
[2024-07-16T06:37:38.482+0000] {logging_mixin.py:188} INFO - [2024-07-16T06:37:38.481+0000] {dag.py:3096} INFO - Sync 1 DAGs
[2024-07-16T06:37:38.492+0000] {logging_mixin.py:188} INFO - [2024-07-16T06:37:38.492+0000] {dag.py:3954} INFO - Setting next_dagrun for Fail_Dags_Monitor to 2024-07-16 06:15:00+00:00, run_after=2024-07-16 07:15:00+00:00
[2024-07-16T06:37:38.595+0000] {processor.py:183} INFO - Processing /opt/airflow/dags/fail_dags_monitor.py took 0.346 seconds
[2024-07-16T06:38:08.668+0000] {processor.py:161} INFO - Started process (PID=333) to work on /opt/airflow/dags/fail_dags_monitor.py
[2024-07-16T06:38:08.669+0000] {processor.py:830} INFO - Processing file /opt/airflow/dags/fail_dags_monitor.py for tasks to queue
[2024-07-16T06:38:08.670+0000] {logging_mixin.py:188} INFO - [2024-07-16T06:38:08.669+0000] {dagbag.py:545} INFO - Filling up the DagBag from /opt/airflow/dags/fail_dags_monitor.py
[2024-07-16T06:38:08.815+0000] {processor.py:840} INFO - DAG(s) 'Fail_Dags_Monitor' retrieved from /opt/airflow/dags/fail_dags_monitor.py
[2024-07-16T06:38:08.829+0000] {logging_mixin.py:188} INFO - [2024-07-16T06:38:08.829+0000] {dag.py:3096} INFO - Sync 1 DAGs
[2024-07-16T06:38:08.928+0000] {logging_mixin.py:188} INFO - [2024-07-16T06:38:08.928+0000] {dag.py:3954} INFO - Setting next_dagrun for Fail_Dags_Monitor to 2024-07-16 06:15:00+00:00, run_after=2024-07-16 07:15:00+00:00
[2024-07-16T06:38:08.935+0000] {processor.py:183} INFO - Processing /opt/airflow/dags/fail_dags_monitor.py took 0.272 seconds
[2024-07-16T06:38:39.047+0000] {processor.py:161} INFO - Started process (PID=355) to work on /opt/airflow/dags/fail_dags_monitor.py
[2024-07-16T06:38:39.048+0000] {processor.py:830} INFO - Processing file /opt/airflow/dags/fail_dags_monitor.py for tasks to queue
[2024-07-16T06:38:39.050+0000] {logging_mixin.py:188} INFO - [2024-07-16T06:38:39.050+0000] {dagbag.py:545} INFO - Filling up the DagBag from /opt/airflow/dags/fail_dags_monitor.py
[2024-07-16T06:38:39.278+0000] {processor.py:840} INFO - DAG(s) 'Fail_Dags_Monitor' retrieved from /opt/airflow/dags/fail_dags_monitor.py
[2024-07-16T06:38:39.294+0000] {logging_mixin.py:188} INFO - [2024-07-16T06:38:39.293+0000] {dag.py:3096} INFO - Sync 1 DAGs
[2024-07-16T06:38:39.305+0000] {logging_mixin.py:188} INFO - [2024-07-16T06:38:39.305+0000] {dag.py:3954} INFO - Setting next_dagrun for Fail_Dags_Monitor to 2024-07-16 06:15:00+00:00, run_after=2024-07-16 07:15:00+00:00
[2024-07-16T06:38:39.314+0000] {processor.py:183} INFO - Processing /opt/airflow/dags/fail_dags_monitor.py took 0.275 seconds
[2024-07-16T06:39:09.586+0000] {processor.py:161} INFO - Started process (PID=383) to work on /opt/airflow/dags/fail_dags_monitor.py
[2024-07-16T06:39:09.587+0000] {processor.py:830} INFO - Processing file /opt/airflow/dags/fail_dags_monitor.py for tasks to queue
[2024-07-16T06:39:09.588+0000] {logging_mixin.py:188} INFO - [2024-07-16T06:39:09.588+0000] {dagbag.py:545} INFO - Filling up the DagBag from /opt/airflow/dags/fail_dags_monitor.py
[2024-07-16T06:39:09.772+0000] {processor.py:840} INFO - DAG(s) 'Fail_Dags_Monitor' retrieved from /opt/airflow/dags/fail_dags_monitor.py
[2024-07-16T06:39:09.789+0000] {logging_mixin.py:188} INFO - [2024-07-16T06:39:09.788+0000] {dag.py:3096} INFO - Sync 1 DAGs
[2024-07-16T06:39:09.800+0000] {logging_mixin.py:188} INFO - [2024-07-16T06:39:09.800+0000] {dag.py:3954} INFO - Setting next_dagrun for Fail_Dags_Monitor to 2024-07-16 06:15:00+00:00, run_after=2024-07-16 07:15:00+00:00
[2024-07-16T06:39:09.808+0000] {processor.py:183} INFO - Processing /opt/airflow/dags/fail_dags_monitor.py took 0.227 seconds
[2024-07-16T06:39:39.956+0000] {processor.py:161} INFO - Started process (PID=405) to work on /opt/airflow/dags/fail_dags_monitor.py
[2024-07-16T06:39:39.957+0000] {processor.py:830} INFO - Processing file /opt/airflow/dags/fail_dags_monitor.py for tasks to queue
[2024-07-16T06:39:39.959+0000] {logging_mixin.py:188} INFO - [2024-07-16T06:39:39.958+0000] {dagbag.py:545} INFO - Filling up the DagBag from /opt/airflow/dags/fail_dags_monitor.py
[2024-07-16T06:39:40.110+0000] {processor.py:840} INFO - DAG(s) 'Fail_Dags_Monitor' retrieved from /opt/airflow/dags/fail_dags_monitor.py
[2024-07-16T06:39:40.125+0000] {logging_mixin.py:188} INFO - [2024-07-16T06:39:40.125+0000] {dag.py:3096} INFO - Sync 1 DAGs
[2024-07-16T06:39:40.135+0000] {logging_mixin.py:188} INFO - [2024-07-16T06:39:40.135+0000] {dag.py:3954} INFO - Setting next_dagrun for Fail_Dags_Monitor to 2024-07-16 06:15:00+00:00, run_after=2024-07-16 07:15:00+00:00
[2024-07-16T06:39:40.242+0000] {processor.py:183} INFO - Processing /opt/airflow/dags/fail_dags_monitor.py took 0.291 seconds
[2024-07-16T06:40:10.373+0000] {processor.py:161} INFO - Started process (PID=433) to work on /opt/airflow/dags/fail_dags_monitor.py
[2024-07-16T06:40:10.374+0000] {processor.py:830} INFO - Processing file /opt/airflow/dags/fail_dags_monitor.py for tasks to queue
[2024-07-16T06:40:10.376+0000] {logging_mixin.py:188} INFO - [2024-07-16T06:40:10.375+0000] {dagbag.py:545} INFO - Filling up the DagBag from /opt/airflow/dags/fail_dags_monitor.py
[2024-07-16T06:40:10.594+0000] {processor.py:840} INFO - DAG(s) 'Fail_Dags_Monitor' retrieved from /opt/airflow/dags/fail_dags_monitor.py
[2024-07-16T06:40:10.611+0000] {logging_mixin.py:188} INFO - [2024-07-16T06:40:10.611+0000] {dag.py:3096} INFO - Sync 1 DAGs
[2024-07-16T06:40:10.723+0000] {logging_mixin.py:188} INFO - [2024-07-16T06:40:10.723+0000] {dag.py:3954} INFO - Setting next_dagrun for Fail_Dags_Monitor to 2024-07-16 06:15:00+00:00, run_after=2024-07-16 07:15:00+00:00
[2024-07-16T06:40:10.732+0000] {processor.py:183} INFO - Processing /opt/airflow/dags/fail_dags_monitor.py took 0.364 seconds
[2024-07-16T06:40:40.800+0000] {processor.py:161} INFO - Started process (PID=455) to work on /opt/airflow/dags/fail_dags_monitor.py
[2024-07-16T06:40:40.800+0000] {processor.py:830} INFO - Processing file /opt/airflow/dags/fail_dags_monitor.py for tasks to queue
[2024-07-16T06:40:40.801+0000] {logging_mixin.py:188} INFO - [2024-07-16T06:40:40.801+0000] {dagbag.py:545} INFO - Filling up the DagBag from /opt/airflow/dags/fail_dags_monitor.py
[2024-07-16T06:40:40.945+0000] {processor.py:840} INFO - DAG(s) 'Fail_Dags_Monitor' retrieved from /opt/airflow/dags/fail_dags_monitor.py
[2024-07-16T06:40:40.957+0000] {logging_mixin.py:188} INFO - [2024-07-16T06:40:40.957+0000] {dag.py:3096} INFO - Sync 1 DAGs
[2024-07-16T06:40:40.968+0000] {logging_mixin.py:188} INFO - [2024-07-16T06:40:40.968+0000] {dag.py:3954} INFO - Setting next_dagrun for Fail_Dags_Monitor to 2024-07-16 06:15:00+00:00, run_after=2024-07-16 07:15:00+00:00
[2024-07-16T06:40:40.976+0000] {processor.py:183} INFO - Processing /opt/airflow/dags/fail_dags_monitor.py took 0.179 seconds
[2024-07-16T06:41:11.309+0000] {processor.py:161} INFO - Started process (PID=483) to work on /opt/airflow/dags/fail_dags_monitor.py
[2024-07-16T06:41:11.311+0000] {processor.py:830} INFO - Processing file /opt/airflow/dags/fail_dags_monitor.py for tasks to queue
[2024-07-16T06:41:11.312+0000] {logging_mixin.py:188} INFO - [2024-07-16T06:41:11.312+0000] {dagbag.py:545} INFO - Filling up the DagBag from /opt/airflow/dags/fail_dags_monitor.py
[2024-07-16T06:41:11.516+0000] {processor.py:840} INFO - DAG(s) 'Fail_Dags_Monitor' retrieved from /opt/airflow/dags/fail_dags_monitor.py
[2024-07-16T06:41:11.532+0000] {logging_mixin.py:188} INFO - [2024-07-16T06:41:11.531+0000] {dag.py:3096} INFO - Sync 1 DAGs
[2024-07-16T06:41:11.542+0000] {logging_mixin.py:188} INFO - [2024-07-16T06:41:11.542+0000] {dag.py:3954} INFO - Setting next_dagrun for Fail_Dags_Monitor to 2024-07-16 06:15:00+00:00, run_after=2024-07-16 07:15:00+00:00
[2024-07-16T06:41:11.550+0000] {processor.py:183} INFO - Processing /opt/airflow/dags/fail_dags_monitor.py took 0.247 seconds
[2024-07-16T06:41:41.731+0000] {processor.py:161} INFO - Started process (PID=505) to work on /opt/airflow/dags/fail_dags_monitor.py
[2024-07-16T06:41:41.733+0000] {processor.py:830} INFO - Processing file /opt/airflow/dags/fail_dags_monitor.py for tasks to queue
[2024-07-16T06:41:41.734+0000] {logging_mixin.py:188} INFO - [2024-07-16T06:41:41.734+0000] {dagbag.py:545} INFO - Filling up the DagBag from /opt/airflow/dags/fail_dags_monitor.py
[2024-07-16T06:41:41.889+0000] {processor.py:840} INFO - DAG(s) 'Fail_Dags_Monitor' retrieved from /opt/airflow/dags/fail_dags_monitor.py
[2024-07-16T06:41:41.901+0000] {logging_mixin.py:188} INFO - [2024-07-16T06:41:41.900+0000] {dag.py:3096} INFO - Sync 1 DAGs
[2024-07-16T06:41:41.910+0000] {logging_mixin.py:188} INFO - [2024-07-16T06:41:41.910+0000] {dag.py:3954} INFO - Setting next_dagrun for Fail_Dags_Monitor to 2024-07-16 06:15:00+00:00, run_after=2024-07-16 07:15:00+00:00
[2024-07-16T06:41:42.001+0000] {processor.py:183} INFO - Processing /opt/airflow/dags/fail_dags_monitor.py took 0.276 seconds
[2024-07-16T06:42:12.125+0000] {processor.py:161} INFO - Started process (PID=533) to work on /opt/airflow/dags/fail_dags_monitor.py
[2024-07-16T06:42:12.126+0000] {processor.py:830} INFO - Processing file /opt/airflow/dags/fail_dags_monitor.py for tasks to queue
[2024-07-16T06:42:12.128+0000] {logging_mixin.py:188} INFO - [2024-07-16T06:42:12.128+0000] {dagbag.py:545} INFO - Filling up the DagBag from /opt/airflow/dags/fail_dags_monitor.py
[2024-07-16T06:42:12.308+0000] {processor.py:840} INFO - DAG(s) 'Fail_Dags_Monitor' retrieved from /opt/airflow/dags/fail_dags_monitor.py
[2024-07-16T06:42:12.320+0000] {logging_mixin.py:188} INFO - [2024-07-16T06:42:12.320+0000] {dag.py:3096} INFO - Sync 1 DAGs
[2024-07-16T06:42:12.410+0000] {logging_mixin.py:188} INFO - [2024-07-16T06:42:12.410+0000] {dag.py:3954} INFO - Setting next_dagrun for Fail_Dags_Monitor to 2024-07-16 06:15:00+00:00, run_after=2024-07-16 07:15:00+00:00
[2024-07-16T06:42:12.417+0000] {processor.py:183} INFO - Processing /opt/airflow/dags/fail_dags_monitor.py took 0.298 seconds
[2024-07-16T06:42:42.514+0000] {processor.py:161} INFO - Started process (PID=555) to work on /opt/airflow/dags/fail_dags_monitor.py
[2024-07-16T06:42:42.515+0000] {processor.py:830} INFO - Processing file /opt/airflow/dags/fail_dags_monitor.py for tasks to queue
[2024-07-16T06:42:42.517+0000] {logging_mixin.py:188} INFO - [2024-07-16T06:42:42.516+0000] {dagbag.py:545} INFO - Filling up the DagBag from /opt/airflow/dags/fail_dags_monitor.py
[2024-07-16T06:42:42.662+0000] {processor.py:840} INFO - DAG(s) 'Fail_Dags_Monitor' retrieved from /opt/airflow/dags/fail_dags_monitor.py
[2024-07-16T06:42:42.675+0000] {logging_mixin.py:188} INFO - [2024-07-16T06:42:42.674+0000] {dag.py:3096} INFO - Sync 1 DAGs
[2024-07-16T06:42:42.684+0000] {logging_mixin.py:188} INFO - [2024-07-16T06:42:42.684+0000] {dag.py:3954} INFO - Setting next_dagrun for Fail_Dags_Monitor to 2024-07-16 06:15:00+00:00, run_after=2024-07-16 07:15:00+00:00
[2024-07-16T06:42:42.691+0000] {processor.py:183} INFO - Processing /opt/airflow/dags/fail_dags_monitor.py took 0.182 seconds
[2024-07-16T06:43:12.960+0000] {processor.py:161} INFO - Started process (PID=583) to work on /opt/airflow/dags/fail_dags_monitor.py
[2024-07-16T06:43:12.962+0000] {processor.py:830} INFO - Processing file /opt/airflow/dags/fail_dags_monitor.py for tasks to queue
[2024-07-16T06:43:12.976+0000] {logging_mixin.py:188} INFO - [2024-07-16T06:43:12.971+0000] {dagbag.py:545} INFO - Filling up the DagBag from /opt/airflow/dags/fail_dags_monitor.py
[2024-07-16T06:43:13.237+0000] {processor.py:840} INFO - DAG(s) 'Fail_Dags_Monitor' retrieved from /opt/airflow/dags/fail_dags_monitor.py
[2024-07-16T06:43:13.251+0000] {logging_mixin.py:188} INFO - [2024-07-16T06:43:13.251+0000] {dag.py:3096} INFO - Sync 1 DAGs
[2024-07-16T06:43:13.265+0000] {logging_mixin.py:188} INFO - [2024-07-16T06:43:13.264+0000] {dag.py:3954} INFO - Setting next_dagrun for Fail_Dags_Monitor to 2024-07-16 06:15:00+00:00, run_after=2024-07-16 07:15:00+00:00
[2024-07-16T06:43:13.279+0000] {processor.py:183} INFO - Processing /opt/airflow/dags/fail_dags_monitor.py took 0.331 seconds
[2024-07-16T06:43:43.347+0000] {processor.py:161} INFO - Started process (PID=605) to work on /opt/airflow/dags/fail_dags_monitor.py
[2024-07-16T06:43:43.348+0000] {processor.py:830} INFO - Processing file /opt/airflow/dags/fail_dags_monitor.py for tasks to queue
[2024-07-16T06:43:43.349+0000] {logging_mixin.py:188} INFO - [2024-07-16T06:43:43.349+0000] {dagbag.py:545} INFO - Filling up the DagBag from /opt/airflow/dags/fail_dags_monitor.py
[2024-07-16T06:43:43.536+0000] {processor.py:840} INFO - DAG(s) 'Fail_Dags_Monitor' retrieved from /opt/airflow/dags/fail_dags_monitor.py
[2024-07-16T06:43:43.549+0000] {logging_mixin.py:188} INFO - [2024-07-16T06:43:43.549+0000] {dag.py:3096} INFO - Sync 1 DAGs
[2024-07-16T06:43:43.560+0000] {logging_mixin.py:188} INFO - [2024-07-16T06:43:43.560+0000] {dag.py:3954} INFO - Setting next_dagrun for Fail_Dags_Monitor to 2024-07-16 06:15:00+00:00, run_after=2024-07-16 07:15:00+00:00
[2024-07-16T06:43:43.653+0000] {processor.py:183} INFO - Processing /opt/airflow/dags/fail_dags_monitor.py took 0.312 seconds
[2024-07-16T06:44:13.734+0000] {processor.py:161} INFO - Started process (PID=633) to work on /opt/airflow/dags/fail_dags_monitor.py
[2024-07-16T06:44:13.736+0000] {processor.py:830} INFO - Processing file /opt/airflow/dags/fail_dags_monitor.py for tasks to queue
[2024-07-16T06:44:13.737+0000] {logging_mixin.py:188} INFO - [2024-07-16T06:44:13.737+0000] {dagbag.py:545} INFO - Filling up the DagBag from /opt/airflow/dags/fail_dags_monitor.py
[2024-07-16T06:44:13.945+0000] {processor.py:840} INFO - DAG(s) 'Fail_Dags_Monitor' retrieved from /opt/airflow/dags/fail_dags_monitor.py
[2024-07-16T06:44:13.960+0000] {logging_mixin.py:188} INFO - [2024-07-16T06:44:13.959+0000] {dag.py:3096} INFO - Sync 1 DAGs
[2024-07-16T06:44:14.085+0000] {logging_mixin.py:188} INFO - [2024-07-16T06:44:14.085+0000] {dag.py:3954} INFO - Setting next_dagrun for Fail_Dags_Monitor to 2024-07-16 06:15:00+00:00, run_after=2024-07-16 07:15:00+00:00
[2024-07-16T06:44:14.092+0000] {processor.py:183} INFO - Processing /opt/airflow/dags/fail_dags_monitor.py took 0.365 seconds
[2024-07-16T06:44:45.028+0000] {processor.py:161} INFO - Started process (PID=655) to work on /opt/airflow/dags/fail_dags_monitor.py
[2024-07-16T06:44:45.029+0000] {processor.py:830} INFO - Processing file /opt/airflow/dags/fail_dags_monitor.py for tasks to queue
[2024-07-16T06:44:45.031+0000] {logging_mixin.py:188} INFO - [2024-07-16T06:44:45.031+0000] {dagbag.py:545} INFO - Filling up the DagBag from /opt/airflow/dags/fail_dags_monitor.py
[2024-07-16T06:44:45.220+0000] {processor.py:840} INFO - DAG(s) 'Fail_Dags_Monitor' retrieved from /opt/airflow/dags/fail_dags_monitor.py
[2024-07-16T06:44:45.324+0000] {logging_mixin.py:188} INFO - [2024-07-16T06:44:45.324+0000] {dag.py:3096} INFO - Sync 1 DAGs
[2024-07-16T06:44:45.334+0000] {logging_mixin.py:188} INFO - [2024-07-16T06:44:45.334+0000] {dag.py:3954} INFO - Setting next_dagrun for Fail_Dags_Monitor to 2024-07-16 06:15:00+00:00, run_after=2024-07-16 07:15:00+00:00
[2024-07-16T06:44:45.341+0000] {processor.py:183} INFO - Processing /opt/airflow/dags/fail_dags_monitor.py took 0.320 seconds
[2024-07-16T06:45:15.424+0000] {processor.py:161} INFO - Started process (PID=683) to work on /opt/airflow/dags/fail_dags_monitor.py
[2024-07-16T06:45:15.425+0000] {processor.py:830} INFO - Processing file /opt/airflow/dags/fail_dags_monitor.py for tasks to queue
[2024-07-16T06:45:15.427+0000] {logging_mixin.py:188} INFO - [2024-07-16T06:45:15.427+0000] {dagbag.py:545} INFO - Filling up the DagBag from /opt/airflow/dags/fail_dags_monitor.py
[2024-07-16T06:45:15.620+0000] {processor.py:840} INFO - DAG(s) 'Fail_Dags_Monitor' retrieved from /opt/airflow/dags/fail_dags_monitor.py
[2024-07-16T06:45:15.633+0000] {logging_mixin.py:188} INFO - [2024-07-16T06:45:15.633+0000] {dag.py:3096} INFO - Sync 1 DAGs
[2024-07-16T06:45:15.643+0000] {logging_mixin.py:188} INFO - [2024-07-16T06:45:15.643+0000] {dag.py:3954} INFO - Setting next_dagrun for Fail_Dags_Monitor to 2024-07-16 06:15:00+00:00, run_after=2024-07-16 07:15:00+00:00
[2024-07-16T06:45:15.650+0000] {processor.py:183} INFO - Processing /opt/airflow/dags/fail_dags_monitor.py took 0.233 seconds
[2024-07-16T06:45:45.840+0000] {processor.py:161} INFO - Started process (PID=705) to work on /opt/airflow/dags/fail_dags_monitor.py
[2024-07-16T06:45:45.841+0000] {processor.py:830} INFO - Processing file /opt/airflow/dags/fail_dags_monitor.py for tasks to queue
[2024-07-16T06:45:45.843+0000] {logging_mixin.py:188} INFO - [2024-07-16T06:45:45.842+0000] {dagbag.py:545} INFO - Filling up the DagBag from /opt/airflow/dags/fail_dags_monitor.py
[2024-07-16T06:45:45.998+0000] {processor.py:840} INFO - DAG(s) 'Fail_Dags_Monitor' retrieved from /opt/airflow/dags/fail_dags_monitor.py
[2024-07-16T06:45:46.010+0000] {logging_mixin.py:188} INFO - [2024-07-16T06:45:46.009+0000] {dag.py:3096} INFO - Sync 1 DAGs
[2024-07-16T06:45:46.019+0000] {logging_mixin.py:188} INFO - [2024-07-16T06:45:46.019+0000] {dag.py:3954} INFO - Setting next_dagrun for Fail_Dags_Monitor to 2024-07-16 06:15:00+00:00, run_after=2024-07-16 07:15:00+00:00
[2024-07-16T06:45:46.114+0000] {processor.py:183} INFO - Processing /opt/airflow/dags/fail_dags_monitor.py took 0.280 seconds
[2024-07-16T06:46:16.224+0000] {processor.py:161} INFO - Started process (PID=733) to work on /opt/airflow/dags/fail_dags_monitor.py
[2024-07-16T06:46:16.226+0000] {processor.py:830} INFO - Processing file /opt/airflow/dags/fail_dags_monitor.py for tasks to queue
[2024-07-16T06:46:16.228+0000] {logging_mixin.py:188} INFO - [2024-07-16T06:46:16.228+0000] {dagbag.py:545} INFO - Filling up the DagBag from /opt/airflow/dags/fail_dags_monitor.py
[2024-07-16T06:46:16.434+0000] {processor.py:840} INFO - DAG(s) 'Fail_Dags_Monitor' retrieved from /opt/airflow/dags/fail_dags_monitor.py
[2024-07-16T06:46:16.447+0000] {logging_mixin.py:188} INFO - [2024-07-16T06:46:16.447+0000] {dag.py:3096} INFO - Sync 1 DAGs
[2024-07-16T06:46:16.543+0000] {logging_mixin.py:188} INFO - [2024-07-16T06:46:16.543+0000] {dag.py:3954} INFO - Setting next_dagrun for Fail_Dags_Monitor to 2024-07-16 06:15:00+00:00, run_after=2024-07-16 07:15:00+00:00
[2024-07-16T06:46:16.549+0000] {processor.py:183} INFO - Processing /opt/airflow/dags/fail_dags_monitor.py took 0.332 seconds
