[2024-07-14T21:39:36.211+0000] {local_task_job_runner.py:120} INFO - ::group::Pre task execution logs
[2024-07-14T21:39:36.235+0000] {taskinstance.py:2076} INFO - Dependencies all met for dep_context=non-requeueable deps ti=<TaskInstance: Extend_Run_Dags_Monitor.stop_long_running_tasks scheduled__2024-07-14T20:15:00+00:00 [queued]>
[2024-07-14T21:39:36.243+0000] {taskinstance.py:2076} INFO - Dependencies all met for dep_context=requeueable deps ti=<TaskInstance: Extend_Run_Dags_Monitor.stop_long_running_tasks scheduled__2024-07-14T20:15:00+00:00 [queued]>
[2024-07-14T21:39:36.244+0000] {taskinstance.py:2306} INFO - Starting attempt 1 of 3
[2024-07-14T21:39:36.252+0000] {taskinstance.py:2330} INFO - Executing <Task(PythonOperator): stop_long_running_tasks> on 2024-07-14 20:15:00+00:00
[2024-07-14T21:39:36.257+0000] {logging_mixin.py:188} WARNING - /home/***/.local/lib/python3.12/site-packages/***/task/task_runner/standard_task_runner.py:61 DeprecationWarning: This process (pid=2119) is multi-threaded, use of fork() may lead to deadlocks in the child.
[2024-07-14T21:39:36.258+0000] {standard_task_runner.py:63} INFO - Started process 2125 to run task
[2024-07-14T21:39:36.257+0000] {standard_task_runner.py:90} INFO - Running: ['***', 'tasks', 'run', 'Extend_Run_Dags_Monitor', 'stop_long_running_tasks', 'scheduled__2024-07-14T20:15:00+00:00', '--job-id', '2162', '--raw', '--subdir', 'DAGS_FOLDER/extend_run_dags_monitor.py', '--cfg-path', '/tmp/tmpub0habgg']
[2024-07-14T21:39:36.259+0000] {standard_task_runner.py:91} INFO - Job 2162: Subtask stop_long_running_tasks
[2024-07-14T21:39:36.290+0000] {task_command.py:426} INFO - Running <TaskInstance: Extend_Run_Dags_Monitor.stop_long_running_tasks scheduled__2024-07-14T20:15:00+00:00 [running]> on host a9aa3835bb3f
[2024-07-14T21:39:36.347+0000] {taskinstance.py:2648} INFO - Exporting env vars: AIRFLOW_CTX_DAG_OWNER='congminh.nguyen@ponpoint.vn' AIRFLOW_CTX_DAG_ID='Extend_Run_Dags_Monitor' AIRFLOW_CTX_TASK_ID='stop_long_running_tasks' AIRFLOW_CTX_EXECUTION_DATE='2024-07-14T20:15:00+00:00' AIRFLOW_CTX_TRY_NUMBER='1' AIRFLOW_CTX_DAG_RUN_ID='scheduled__2024-07-14T20:15:00+00:00'
[2024-07-14T21:39:36.348+0000] {taskinstance.py:430} INFO - ::endgroup::
[2024-07-14T21:39:36.360+0000] {extend_run_dags_monitor.py:32} INFO - max_running_time: 0
[2024-07-14T21:39:36.367+0000] {extend_run_dags_monitor.py:40} INFO - task_id: fail_task, dag_id: Email_test_dag, start_date: 2024-07-14 20:15:00.906217+00:00, job_id: 2153, pid: 2077, hostname: a9aa3835bb3f, unixname: default
[2024-07-14T21:39:36.367+0000] {extend_run_dags_monitor.py:40} INFO - task_id: fail_task, dag_id: Email_test_dag, start_date: 2024-07-14 20:14:52.060304+00:00, job_id: 2150, pid: 2067, hostname: a9aa3835bb3f, unixname: default
[2024-07-14T21:39:36.368+0000] {extend_run_dags_monitor.py:40} INFO - task_id: fail_task, dag_id: Email_test_dag, start_date: 2024-07-14 20:14:56.269946+00:00, job_id: 2152, pid: 2071, hostname: a9aa3835bb3f, unixname: default
[2024-07-14T21:39:36.368+0000] {extend_run_dags_monitor.py:40} INFO - task_id: load, dag_id: Fail_Dags_Monitor, start_date: 2024-07-14 20:15:09.144265+00:00, job_id: 2160, pid: 2101, hostname: a9aa3835bb3f, unixname: default
[2024-07-14T21:39:36.368+0000] {extend_run_dags_monitor.py:40} INFO - task_id: fail_task, dag_id: Email_test_dag, start_date: 2024-07-14 20:14:49.791676+00:00, job_id: 2146, pid: 2057, hostname: a9aa3835bb3f, unixname: default
[2024-07-14T21:39:36.368+0000] {extend_run_dags_monitor.py:45} INFO - Sending this tasks to shutdown: ['fail_task', 'fail_task', 'fail_task', 'load', 'fail_task']
[2024-07-14T21:39:36.377+0000] {python.py:237} INFO - Done. Returned value was: None
[2024-07-14T21:39:36.378+0000] {taskinstance.py:441} INFO - ::group::Post task execution logs
[2024-07-14T21:39:36.387+0000] {taskinstance.py:1206} INFO - Marking task as SUCCESS. dag_id=Extend_Run_Dags_Monitor, task_id=stop_long_running_tasks, run_id=scheduled__2024-07-14T20:15:00+00:00, execution_date=20240714T201500, start_date=20240714T213936, end_date=20240714T213936
[2024-07-14T21:39:36.398+0000] {local_task_job_runner.py:240} INFO - Task exited with return code 0
[2024-07-14T21:39:36.410+0000] {taskinstance.py:3503} INFO - 0 downstream tasks scheduled from follow-on schedule check
[2024-07-14T21:39:36.411+0000] {local_task_job_runner.py:222} INFO - ::endgroup::
