[2024-07-21T13:33:42.263+0000] {processor.py:161} INFO - Started process (PID=186) to work on /opt/airflow/dags/extend_run_dags_monitor.py
[2024-07-21T13:33:42.264+0000] {processor.py:830} INFO - Processing file /opt/airflow/dags/extend_run_dags_monitor.py for tasks to queue
[2024-07-21T13:33:42.265+0000] {logging_mixin.py:188} INFO - [2024-07-21T13:33:42.265+0000] {dagbag.py:545} INFO - Filling up the DagBag from /opt/airflow/dags/extend_run_dags_monitor.py
[2024-07-21T13:33:42.273+0000] {processor.py:840} INFO - DAG(s) 'Extend_Run_Dags_Monitor' retrieved from /opt/airflow/dags/extend_run_dags_monitor.py
[2024-07-21T13:33:42.338+0000] {logging_mixin.py:188} INFO - [2024-07-21T13:33:42.338+0000] {dag.py:3096} INFO - Sync 1 DAGs
[2024-07-21T13:33:42.352+0000] {logging_mixin.py:188} INFO - [2024-07-21T13:33:42.352+0000] {dag.py:3954} INFO - Setting next_dagrun for Extend_Run_Dags_Monitor to 2024-07-21 12:15:00+00:00, run_after=2024-07-21 13:15:00+00:00
[2024-07-21T13:33:42.368+0000] {processor.py:183} INFO - Processing /opt/airflow/dags/extend_run_dags_monitor.py took 0.108 seconds
[2024-07-21T13:34:12.753+0000] {processor.py:161} INFO - Started process (PID=230) to work on /opt/airflow/dags/extend_run_dags_monitor.py
[2024-07-21T13:34:12.754+0000] {processor.py:830} INFO - Processing file /opt/airflow/dags/extend_run_dags_monitor.py for tasks to queue
[2024-07-21T13:34:12.756+0000] {logging_mixin.py:188} INFO - [2024-07-21T13:34:12.755+0000] {dagbag.py:545} INFO - Filling up the DagBag from /opt/airflow/dags/extend_run_dags_monitor.py
[2024-07-21T13:34:12.764+0000] {processor.py:840} INFO - DAG(s) 'Extend_Run_Dags_Monitor' retrieved from /opt/airflow/dags/extend_run_dags_monitor.py
[2024-07-21T13:34:12.787+0000] {logging_mixin.py:188} INFO - [2024-07-21T13:34:12.787+0000] {dag.py:3096} INFO - Sync 1 DAGs
[2024-07-21T13:34:12.800+0000] {logging_mixin.py:188} INFO - [2024-07-21T13:34:12.800+0000] {dag.py:3954} INFO - Setting next_dagrun for Extend_Run_Dags_Monitor to 2024-07-21 13:15:00+00:00, run_after=2024-07-21 14:15:00+00:00
[2024-07-21T13:34:12.814+0000] {processor.py:183} INFO - Processing /opt/airflow/dags/extend_run_dags_monitor.py took 0.066 seconds
[2024-07-21T13:34:43.160+0000] {processor.py:161} INFO - Started process (PID=252) to work on /opt/airflow/dags/extend_run_dags_monitor.py
[2024-07-21T13:34:43.161+0000] {processor.py:830} INFO - Processing file /opt/airflow/dags/extend_run_dags_monitor.py for tasks to queue
[2024-07-21T13:34:43.164+0000] {logging_mixin.py:188} INFO - [2024-07-21T13:34:43.163+0000] {dagbag.py:545} INFO - Filling up the DagBag from /opt/airflow/dags/extend_run_dags_monitor.py
[2024-07-21T13:34:43.183+0000] {processor.py:840} INFO - DAG(s) 'Extend_Run_Dags_Monitor' retrieved from /opt/airflow/dags/extend_run_dags_monitor.py
[2024-07-21T13:34:43.203+0000] {logging_mixin.py:188} INFO - [2024-07-21T13:34:43.203+0000] {dag.py:3096} INFO - Sync 1 DAGs
[2024-07-21T13:34:43.220+0000] {logging_mixin.py:188} INFO - [2024-07-21T13:34:43.220+0000] {dag.py:3954} INFO - Setting next_dagrun for Extend_Run_Dags_Monitor to 2024-07-21 13:15:00+00:00, run_after=2024-07-21 14:15:00+00:00
[2024-07-21T13:34:43.233+0000] {processor.py:183} INFO - Processing /opt/airflow/dags/extend_run_dags_monitor.py took 0.078 seconds
[2024-07-21T13:35:13.544+0000] {processor.py:161} INFO - Started process (PID=280) to work on /opt/airflow/dags/extend_run_dags_monitor.py
[2024-07-21T13:35:13.545+0000] {processor.py:830} INFO - Processing file /opt/airflow/dags/extend_run_dags_monitor.py for tasks to queue
[2024-07-21T13:35:13.546+0000] {logging_mixin.py:188} INFO - [2024-07-21T13:35:13.546+0000] {dagbag.py:545} INFO - Filling up the DagBag from /opt/airflow/dags/extend_run_dags_monitor.py
[2024-07-21T13:35:13.559+0000] {processor.py:840} INFO - DAG(s) 'Extend_Run_Dags_Monitor' retrieved from /opt/airflow/dags/extend_run_dags_monitor.py
[2024-07-21T13:35:13.576+0000] {logging_mixin.py:188} INFO - [2024-07-21T13:35:13.576+0000] {dag.py:3096} INFO - Sync 1 DAGs
[2024-07-21T13:35:13.589+0000] {logging_mixin.py:188} INFO - [2024-07-21T13:35:13.589+0000] {dag.py:3954} INFO - Setting next_dagrun for Extend_Run_Dags_Monitor to 2024-07-21 13:15:00+00:00, run_after=2024-07-21 14:15:00+00:00
[2024-07-21T13:35:13.600+0000] {processor.py:183} INFO - Processing /opt/airflow/dags/extend_run_dags_monitor.py took 0.060 seconds
[2024-07-21T13:35:43.916+0000] {processor.py:161} INFO - Started process (PID=302) to work on /opt/airflow/dags/extend_run_dags_monitor.py
[2024-07-21T13:35:43.917+0000] {processor.py:830} INFO - Processing file /opt/airflow/dags/extend_run_dags_monitor.py for tasks to queue
[2024-07-21T13:35:43.919+0000] {logging_mixin.py:188} INFO - [2024-07-21T13:35:43.919+0000] {dagbag.py:545} INFO - Filling up the DagBag from /opt/airflow/dags/extend_run_dags_monitor.py
[2024-07-21T13:35:43.933+0000] {processor.py:840} INFO - DAG(s) 'Extend_Run_Dags_Monitor' retrieved from /opt/airflow/dags/extend_run_dags_monitor.py
[2024-07-21T13:35:43.952+0000] {logging_mixin.py:188} INFO - [2024-07-21T13:35:43.952+0000] {dag.py:3096} INFO - Sync 1 DAGs
[2024-07-21T13:35:43.965+0000] {logging_mixin.py:188} INFO - [2024-07-21T13:35:43.965+0000] {dag.py:3954} INFO - Setting next_dagrun for Extend_Run_Dags_Monitor to 2024-07-21 13:15:00+00:00, run_after=2024-07-21 14:15:00+00:00
[2024-07-21T13:35:43.977+0000] {processor.py:183} INFO - Processing /opt/airflow/dags/extend_run_dags_monitor.py took 0.065 seconds
[2024-07-21T13:36:14.301+0000] {processor.py:161} INFO - Started process (PID=330) to work on /opt/airflow/dags/extend_run_dags_monitor.py
[2024-07-21T13:36:14.303+0000] {processor.py:830} INFO - Processing file /opt/airflow/dags/extend_run_dags_monitor.py for tasks to queue
[2024-07-21T13:36:14.305+0000] {logging_mixin.py:188} INFO - [2024-07-21T13:36:14.305+0000] {dagbag.py:545} INFO - Filling up the DagBag from /opt/airflow/dags/extend_run_dags_monitor.py
[2024-07-21T13:36:14.315+0000] {processor.py:840} INFO - DAG(s) 'Extend_Run_Dags_Monitor' retrieved from /opt/airflow/dags/extend_run_dags_monitor.py
[2024-07-21T13:36:14.339+0000] {logging_mixin.py:188} INFO - [2024-07-21T13:36:14.339+0000] {dag.py:3096} INFO - Sync 1 DAGs
[2024-07-21T13:36:14.352+0000] {logging_mixin.py:188} INFO - [2024-07-21T13:36:14.352+0000] {dag.py:3954} INFO - Setting next_dagrun for Extend_Run_Dags_Monitor to 2024-07-21 13:15:00+00:00, run_after=2024-07-21 14:15:00+00:00
[2024-07-21T13:36:14.365+0000] {processor.py:183} INFO - Processing /opt/airflow/dags/extend_run_dags_monitor.py took 0.068 seconds
[2024-07-21T13:36:44.623+0000] {processor.py:161} INFO - Started process (PID=352) to work on /opt/airflow/dags/extend_run_dags_monitor.py
[2024-07-21T13:36:44.624+0000] {processor.py:830} INFO - Processing file /opt/airflow/dags/extend_run_dags_monitor.py for tasks to queue
[2024-07-21T13:36:44.625+0000] {logging_mixin.py:188} INFO - [2024-07-21T13:36:44.625+0000] {dagbag.py:545} INFO - Filling up the DagBag from /opt/airflow/dags/extend_run_dags_monitor.py
[2024-07-21T13:36:44.637+0000] {processor.py:840} INFO - DAG(s) 'Extend_Run_Dags_Monitor' retrieved from /opt/airflow/dags/extend_run_dags_monitor.py
[2024-07-21T13:36:44.657+0000] {logging_mixin.py:188} INFO - [2024-07-21T13:36:44.657+0000] {dag.py:3096} INFO - Sync 1 DAGs
[2024-07-21T13:36:44.671+0000] {logging_mixin.py:188} INFO - [2024-07-21T13:36:44.671+0000] {dag.py:3954} INFO - Setting next_dagrun for Extend_Run_Dags_Monitor to 2024-07-21 13:15:00+00:00, run_after=2024-07-21 14:15:00+00:00
[2024-07-21T13:36:44.684+0000] {processor.py:183} INFO - Processing /opt/airflow/dags/extend_run_dags_monitor.py took 0.066 seconds
[2024-07-21T13:37:14.961+0000] {processor.py:161} INFO - Started process (PID=380) to work on /opt/airflow/dags/extend_run_dags_monitor.py
[2024-07-21T13:37:14.963+0000] {processor.py:830} INFO - Processing file /opt/airflow/dags/extend_run_dags_monitor.py for tasks to queue
[2024-07-21T13:37:14.965+0000] {logging_mixin.py:188} INFO - [2024-07-21T13:37:14.965+0000] {dagbag.py:545} INFO - Filling up the DagBag from /opt/airflow/dags/extend_run_dags_monitor.py
[2024-07-21T13:37:14.977+0000] {processor.py:840} INFO - DAG(s) 'Extend_Run_Dags_Monitor' retrieved from /opt/airflow/dags/extend_run_dags_monitor.py
[2024-07-21T13:37:14.999+0000] {logging_mixin.py:188} INFO - [2024-07-21T13:37:14.999+0000] {dag.py:3096} INFO - Sync 1 DAGs
[2024-07-21T13:37:15.013+0000] {logging_mixin.py:188} INFO - [2024-07-21T13:37:15.013+0000] {dag.py:3954} INFO - Setting next_dagrun for Extend_Run_Dags_Monitor to 2024-07-21 13:15:00+00:00, run_after=2024-07-21 14:15:00+00:00
[2024-07-21T13:37:15.025+0000] {processor.py:183} INFO - Processing /opt/airflow/dags/extend_run_dags_monitor.py took 0.069 seconds
[2024-07-21T13:37:45.452+0000] {processor.py:161} INFO - Started process (PID=402) to work on /opt/airflow/dags/extend_run_dags_monitor.py
[2024-07-21T13:37:45.453+0000] {processor.py:830} INFO - Processing file /opt/airflow/dags/extend_run_dags_monitor.py for tasks to queue
[2024-07-21T13:37:45.455+0000] {logging_mixin.py:188} INFO - [2024-07-21T13:37:45.455+0000] {dagbag.py:545} INFO - Filling up the DagBag from /opt/airflow/dags/extend_run_dags_monitor.py
[2024-07-21T13:37:45.471+0000] {processor.py:840} INFO - DAG(s) 'Extend_Run_Dags_Monitor' retrieved from /opt/airflow/dags/extend_run_dags_monitor.py
[2024-07-21T13:37:45.493+0000] {logging_mixin.py:188} INFO - [2024-07-21T13:37:45.493+0000] {dag.py:3096} INFO - Sync 1 DAGs
[2024-07-21T13:37:45.508+0000] {logging_mixin.py:188} INFO - [2024-07-21T13:37:45.507+0000] {dag.py:3954} INFO - Setting next_dagrun for Extend_Run_Dags_Monitor to 2024-07-21 13:15:00+00:00, run_after=2024-07-21 14:15:00+00:00
[2024-07-21T13:37:45.519+0000] {processor.py:183} INFO - Processing /opt/airflow/dags/extend_run_dags_monitor.py took 0.073 seconds
[2024-07-21T13:38:15.851+0000] {processor.py:161} INFO - Started process (PID=430) to work on /opt/airflow/dags/extend_run_dags_monitor.py
[2024-07-21T13:38:15.852+0000] {processor.py:830} INFO - Processing file /opt/airflow/dags/extend_run_dags_monitor.py for tasks to queue
[2024-07-21T13:38:15.855+0000] {logging_mixin.py:188} INFO - [2024-07-21T13:38:15.854+0000] {dagbag.py:545} INFO - Filling up the DagBag from /opt/airflow/dags/extend_run_dags_monitor.py
[2024-07-21T13:38:15.867+0000] {processor.py:840} INFO - DAG(s) 'Extend_Run_Dags_Monitor' retrieved from /opt/airflow/dags/extend_run_dags_monitor.py
[2024-07-21T13:38:15.889+0000] {logging_mixin.py:188} INFO - [2024-07-21T13:38:15.889+0000] {dag.py:3096} INFO - Sync 1 DAGs
[2024-07-21T13:38:15.905+0000] {logging_mixin.py:188} INFO - [2024-07-21T13:38:15.905+0000] {dag.py:3954} INFO - Setting next_dagrun for Extend_Run_Dags_Monitor to 2024-07-21 13:15:00+00:00, run_after=2024-07-21 14:15:00+00:00
[2024-07-21T13:38:15.919+0000] {processor.py:183} INFO - Processing /opt/airflow/dags/extend_run_dags_monitor.py took 0.074 seconds
[2024-07-21T13:38:46.279+0000] {processor.py:161} INFO - Started process (PID=452) to work on /opt/airflow/dags/extend_run_dags_monitor.py
[2024-07-21T13:38:46.280+0000] {processor.py:830} INFO - Processing file /opt/airflow/dags/extend_run_dags_monitor.py for tasks to queue
[2024-07-21T13:38:46.283+0000] {logging_mixin.py:188} INFO - [2024-07-21T13:38:46.283+0000] {dagbag.py:545} INFO - Filling up the DagBag from /opt/airflow/dags/extend_run_dags_monitor.py
[2024-07-21T13:38:46.300+0000] {processor.py:840} INFO - DAG(s) 'Extend_Run_Dags_Monitor' retrieved from /opt/airflow/dags/extend_run_dags_monitor.py
[2024-07-21T13:38:46.323+0000] {logging_mixin.py:188} INFO - [2024-07-21T13:38:46.323+0000] {dag.py:3096} INFO - Sync 1 DAGs
[2024-07-21T13:38:46.339+0000] {logging_mixin.py:188} INFO - [2024-07-21T13:38:46.339+0000] {dag.py:3954} INFO - Setting next_dagrun for Extend_Run_Dags_Monitor to 2024-07-21 13:15:00+00:00, run_after=2024-07-21 14:15:00+00:00
[2024-07-21T13:38:46.351+0000] {processor.py:183} INFO - Processing /opt/airflow/dags/extend_run_dags_monitor.py took 0.079 seconds
[2024-07-21T13:39:16.712+0000] {processor.py:161} INFO - Started process (PID=479) to work on /opt/airflow/dags/extend_run_dags_monitor.py
[2024-07-21T13:39:16.713+0000] {processor.py:830} INFO - Processing file /opt/airflow/dags/extend_run_dags_monitor.py for tasks to queue
[2024-07-21T13:39:16.716+0000] {logging_mixin.py:188} INFO - [2024-07-21T13:39:16.716+0000] {dagbag.py:545} INFO - Filling up the DagBag from /opt/airflow/dags/extend_run_dags_monitor.py
[2024-07-21T13:39:16.731+0000] {processor.py:840} INFO - DAG(s) 'Extend_Run_Dags_Monitor' retrieved from /opt/airflow/dags/extend_run_dags_monitor.py
[2024-07-21T13:39:16.751+0000] {logging_mixin.py:188} INFO - [2024-07-21T13:39:16.751+0000] {dag.py:3096} INFO - Sync 1 DAGs
[2024-07-21T13:39:16.763+0000] {logging_mixin.py:188} INFO - [2024-07-21T13:39:16.763+0000] {dag.py:3954} INFO - Setting next_dagrun for Extend_Run_Dags_Monitor to 2024-07-21 13:15:00+00:00, run_after=2024-07-21 14:15:00+00:00
[2024-07-21T13:39:16.776+0000] {processor.py:183} INFO - Processing /opt/airflow/dags/extend_run_dags_monitor.py took 0.070 seconds
[2024-07-21T13:39:47.099+0000] {processor.py:161} INFO - Started process (PID=501) to work on /opt/airflow/dags/extend_run_dags_monitor.py
[2024-07-21T13:39:47.102+0000] {processor.py:830} INFO - Processing file /opt/airflow/dags/extend_run_dags_monitor.py for tasks to queue
[2024-07-21T13:39:47.105+0000] {logging_mixin.py:188} INFO - [2024-07-21T13:39:47.104+0000] {dagbag.py:545} INFO - Filling up the DagBag from /opt/airflow/dags/extend_run_dags_monitor.py
[2024-07-21T13:39:47.120+0000] {processor.py:840} INFO - DAG(s) 'Extend_Run_Dags_Monitor' retrieved from /opt/airflow/dags/extend_run_dags_monitor.py
[2024-07-21T13:39:47.145+0000] {logging_mixin.py:188} INFO - [2024-07-21T13:39:47.145+0000] {dag.py:3096} INFO - Sync 1 DAGs
[2024-07-21T13:39:47.159+0000] {logging_mixin.py:188} INFO - [2024-07-21T13:39:47.159+0000] {dag.py:3954} INFO - Setting next_dagrun for Extend_Run_Dags_Monitor to 2024-07-21 13:15:00+00:00, run_after=2024-07-21 14:15:00+00:00
[2024-07-21T13:39:47.172+0000] {processor.py:183} INFO - Processing /opt/airflow/dags/extend_run_dags_monitor.py took 0.080 seconds
[2024-07-21T13:40:17.583+0000] {processor.py:161} INFO - Started process (PID=535) to work on /opt/airflow/dags/extend_run_dags_monitor.py
[2024-07-21T13:40:17.584+0000] {processor.py:830} INFO - Processing file /opt/airflow/dags/extend_run_dags_monitor.py for tasks to queue
[2024-07-21T13:40:17.586+0000] {logging_mixin.py:188} INFO - [2024-07-21T13:40:17.586+0000] {dagbag.py:545} INFO - Filling up the DagBag from /opt/airflow/dags/extend_run_dags_monitor.py
[2024-07-21T13:40:17.599+0000] {processor.py:840} INFO - DAG(s) 'Extend_Run_Dags_Monitor' retrieved from /opt/airflow/dags/extend_run_dags_monitor.py
[2024-07-21T13:40:17.620+0000] {logging_mixin.py:188} INFO - [2024-07-21T13:40:17.620+0000] {dag.py:3096} INFO - Sync 1 DAGs
[2024-07-21T13:40:17.634+0000] {logging_mixin.py:188} INFO - [2024-07-21T13:40:17.634+0000] {dag.py:3954} INFO - Setting next_dagrun for Extend_Run_Dags_Monitor to 2024-07-21 13:15:00+00:00, run_after=2024-07-21 14:15:00+00:00
[2024-07-21T13:40:17.644+0000] {processor.py:183} INFO - Processing /opt/airflow/dags/extend_run_dags_monitor.py took 0.066 seconds
[2024-07-21T13:40:47.962+0000] {processor.py:161} INFO - Started process (PID=556) to work on /opt/airflow/dags/extend_run_dags_monitor.py
[2024-07-21T13:40:47.963+0000] {processor.py:830} INFO - Processing file /opt/airflow/dags/extend_run_dags_monitor.py for tasks to queue
[2024-07-21T13:40:47.965+0000] {logging_mixin.py:188} INFO - [2024-07-21T13:40:47.964+0000] {dagbag.py:545} INFO - Filling up the DagBag from /opt/airflow/dags/extend_run_dags_monitor.py
[2024-07-21T13:40:47.976+0000] {processor.py:840} INFO - DAG(s) 'Extend_Run_Dags_Monitor' retrieved from /opt/airflow/dags/extend_run_dags_monitor.py
[2024-07-21T13:40:47.997+0000] {logging_mixin.py:188} INFO - [2024-07-21T13:40:47.997+0000] {dag.py:3096} INFO - Sync 1 DAGs
[2024-07-21T13:40:48.014+0000] {logging_mixin.py:188} INFO - [2024-07-21T13:40:48.014+0000] {dag.py:3954} INFO - Setting next_dagrun for Extend_Run_Dags_Monitor to 2024-07-21 13:15:00+00:00, run_after=2024-07-21 14:15:00+00:00
[2024-07-21T13:40:48.027+0000] {processor.py:183} INFO - Processing /opt/airflow/dags/extend_run_dags_monitor.py took 0.070 seconds
[2024-07-21T13:41:18.376+0000] {processor.py:161} INFO - Started process (PID=584) to work on /opt/airflow/dags/extend_run_dags_monitor.py
[2024-07-21T13:41:18.378+0000] {processor.py:830} INFO - Processing file /opt/airflow/dags/extend_run_dags_monitor.py for tasks to queue
[2024-07-21T13:41:18.380+0000] {logging_mixin.py:188} INFO - [2024-07-21T13:41:18.379+0000] {dagbag.py:545} INFO - Filling up the DagBag from /opt/airflow/dags/extend_run_dags_monitor.py
[2024-07-21T13:41:18.396+0000] {processor.py:840} INFO - DAG(s) 'Extend_Run_Dags_Monitor' retrieved from /opt/airflow/dags/extend_run_dags_monitor.py
[2024-07-21T13:41:18.415+0000] {logging_mixin.py:188} INFO - [2024-07-21T13:41:18.415+0000] {dag.py:3096} INFO - Sync 1 DAGs
[2024-07-21T13:41:18.427+0000] {logging_mixin.py:188} INFO - [2024-07-21T13:41:18.427+0000] {dag.py:3954} INFO - Setting next_dagrun for Extend_Run_Dags_Monitor to 2024-07-21 13:15:00+00:00, run_after=2024-07-21 14:15:00+00:00
[2024-07-21T13:41:18.437+0000] {processor.py:183} INFO - Processing /opt/airflow/dags/extend_run_dags_monitor.py took 0.066 seconds
[2024-07-21T13:41:48.790+0000] {processor.py:161} INFO - Started process (PID=606) to work on /opt/airflow/dags/extend_run_dags_monitor.py
[2024-07-21T13:41:48.792+0000] {processor.py:830} INFO - Processing file /opt/airflow/dags/extend_run_dags_monitor.py for tasks to queue
[2024-07-21T13:41:48.794+0000] {logging_mixin.py:188} INFO - [2024-07-21T13:41:48.794+0000] {dagbag.py:545} INFO - Filling up the DagBag from /opt/airflow/dags/extend_run_dags_monitor.py
[2024-07-21T13:41:48.807+0000] {processor.py:840} INFO - DAG(s) 'Extend_Run_Dags_Monitor' retrieved from /opt/airflow/dags/extend_run_dags_monitor.py
[2024-07-21T13:41:48.829+0000] {logging_mixin.py:188} INFO - [2024-07-21T13:41:48.829+0000] {dag.py:3096} INFO - Sync 1 DAGs
[2024-07-21T13:41:48.843+0000] {logging_mixin.py:188} INFO - [2024-07-21T13:41:48.843+0000] {dag.py:3954} INFO - Setting next_dagrun for Extend_Run_Dags_Monitor to 2024-07-21 13:15:00+00:00, run_after=2024-07-21 14:15:00+00:00
[2024-07-21T13:41:48.855+0000] {processor.py:183} INFO - Processing /opt/airflow/dags/extend_run_dags_monitor.py took 0.070 seconds
[2024-07-21T13:42:19.209+0000] {processor.py:161} INFO - Started process (PID=634) to work on /opt/airflow/dags/extend_run_dags_monitor.py
[2024-07-21T13:42:19.210+0000] {processor.py:830} INFO - Processing file /opt/airflow/dags/extend_run_dags_monitor.py for tasks to queue
[2024-07-21T13:42:19.211+0000] {logging_mixin.py:188} INFO - [2024-07-21T13:42:19.211+0000] {dagbag.py:545} INFO - Filling up the DagBag from /opt/airflow/dags/extend_run_dags_monitor.py
[2024-07-21T13:42:19.222+0000] {processor.py:840} INFO - DAG(s) 'Extend_Run_Dags_Monitor' retrieved from /opt/airflow/dags/extend_run_dags_monitor.py
[2024-07-21T13:42:19.240+0000] {logging_mixin.py:188} INFO - [2024-07-21T13:42:19.240+0000] {dag.py:3096} INFO - Sync 1 DAGs
[2024-07-21T13:42:19.252+0000] {logging_mixin.py:188} INFO - [2024-07-21T13:42:19.252+0000] {dag.py:3954} INFO - Setting next_dagrun for Extend_Run_Dags_Monitor to 2024-07-21 13:15:00+00:00, run_after=2024-07-21 14:15:00+00:00
[2024-07-21T13:42:19.263+0000] {processor.py:183} INFO - Processing /opt/airflow/dags/extend_run_dags_monitor.py took 0.057 seconds
[2024-07-21T13:42:49.584+0000] {processor.py:161} INFO - Started process (PID=656) to work on /opt/airflow/dags/extend_run_dags_monitor.py
[2024-07-21T13:42:49.587+0000] {processor.py:830} INFO - Processing file /opt/airflow/dags/extend_run_dags_monitor.py for tasks to queue
[2024-07-21T13:42:49.590+0000] {logging_mixin.py:188} INFO - [2024-07-21T13:42:49.590+0000] {dagbag.py:545} INFO - Filling up the DagBag from /opt/airflow/dags/extend_run_dags_monitor.py
[2024-07-21T13:42:49.601+0000] {processor.py:840} INFO - DAG(s) 'Extend_Run_Dags_Monitor' retrieved from /opt/airflow/dags/extend_run_dags_monitor.py
[2024-07-21T13:42:49.623+0000] {logging_mixin.py:188} INFO - [2024-07-21T13:42:49.623+0000] {dag.py:3096} INFO - Sync 1 DAGs
[2024-07-21T13:42:49.640+0000] {logging_mixin.py:188} INFO - [2024-07-21T13:42:49.640+0000] {dag.py:3954} INFO - Setting next_dagrun for Extend_Run_Dags_Monitor to 2024-07-21 13:15:00+00:00, run_after=2024-07-21 14:15:00+00:00
[2024-07-21T13:42:49.651+0000] {processor.py:183} INFO - Processing /opt/airflow/dags/extend_run_dags_monitor.py took 0.073 seconds
[2024-07-21T13:43:20.025+0000] {processor.py:161} INFO - Started process (PID=684) to work on /opt/airflow/dags/extend_run_dags_monitor.py
[2024-07-21T13:43:20.026+0000] {processor.py:830} INFO - Processing file /opt/airflow/dags/extend_run_dags_monitor.py for tasks to queue
[2024-07-21T13:43:20.028+0000] {logging_mixin.py:188} INFO - [2024-07-21T13:43:20.027+0000] {dagbag.py:545} INFO - Filling up the DagBag from /opt/airflow/dags/extend_run_dags_monitor.py
[2024-07-21T13:43:20.040+0000] {processor.py:840} INFO - DAG(s) 'Extend_Run_Dags_Monitor' retrieved from /opt/airflow/dags/extend_run_dags_monitor.py
[2024-07-21T13:43:20.063+0000] {logging_mixin.py:188} INFO - [2024-07-21T13:43:20.062+0000] {dag.py:3096} INFO - Sync 1 DAGs
[2024-07-21T13:43:20.076+0000] {logging_mixin.py:188} INFO - [2024-07-21T13:43:20.076+0000] {dag.py:3954} INFO - Setting next_dagrun for Extend_Run_Dags_Monitor to 2024-07-21 13:15:00+00:00, run_after=2024-07-21 14:15:00+00:00
[2024-07-21T13:43:20.087+0000] {processor.py:183} INFO - Processing /opt/airflow/dags/extend_run_dags_monitor.py took 0.069 seconds
[2024-07-21T13:43:50.459+0000] {processor.py:161} INFO - Started process (PID=706) to work on /opt/airflow/dags/extend_run_dags_monitor.py
[2024-07-21T13:43:50.460+0000] {processor.py:830} INFO - Processing file /opt/airflow/dags/extend_run_dags_monitor.py for tasks to queue
[2024-07-21T13:43:50.462+0000] {logging_mixin.py:188} INFO - [2024-07-21T13:43:50.462+0000] {dagbag.py:545} INFO - Filling up the DagBag from /opt/airflow/dags/extend_run_dags_monitor.py
[2024-07-21T13:43:50.475+0000] {processor.py:840} INFO - DAG(s) 'Extend_Run_Dags_Monitor' retrieved from /opt/airflow/dags/extend_run_dags_monitor.py
[2024-07-21T13:43:50.496+0000] {logging_mixin.py:188} INFO - [2024-07-21T13:43:50.496+0000] {dag.py:3096} INFO - Sync 1 DAGs
[2024-07-21T13:43:50.509+0000] {logging_mixin.py:188} INFO - [2024-07-21T13:43:50.509+0000] {dag.py:3954} INFO - Setting next_dagrun for Extend_Run_Dags_Monitor to 2024-07-21 13:15:00+00:00, run_after=2024-07-21 14:15:00+00:00
[2024-07-21T13:43:50.521+0000] {processor.py:183} INFO - Processing /opt/airflow/dags/extend_run_dags_monitor.py took 0.067 seconds
[2024-07-21T13:44:20.909+0000] {processor.py:161} INFO - Started process (PID=734) to work on /opt/airflow/dags/extend_run_dags_monitor.py
[2024-07-21T13:44:20.910+0000] {processor.py:830} INFO - Processing file /opt/airflow/dags/extend_run_dags_monitor.py for tasks to queue
[2024-07-21T13:44:20.911+0000] {logging_mixin.py:188} INFO - [2024-07-21T13:44:20.911+0000] {dagbag.py:545} INFO - Filling up the DagBag from /opt/airflow/dags/extend_run_dags_monitor.py
[2024-07-21T13:44:20.924+0000] {processor.py:840} INFO - DAG(s) 'Extend_Run_Dags_Monitor' retrieved from /opt/airflow/dags/extend_run_dags_monitor.py
[2024-07-21T13:44:20.946+0000] {logging_mixin.py:188} INFO - [2024-07-21T13:44:20.946+0000] {dag.py:3096} INFO - Sync 1 DAGs
[2024-07-21T13:44:20.959+0000] {logging_mixin.py:188} INFO - [2024-07-21T13:44:20.958+0000] {dag.py:3954} INFO - Setting next_dagrun for Extend_Run_Dags_Monitor to 2024-07-21 13:15:00+00:00, run_after=2024-07-21 14:15:00+00:00
[2024-07-21T13:44:20.971+0000] {processor.py:183} INFO - Processing /opt/airflow/dags/extend_run_dags_monitor.py took 0.068 seconds
[2024-07-21T13:44:51.310+0000] {processor.py:161} INFO - Started process (PID=756) to work on /opt/airflow/dags/extend_run_dags_monitor.py
[2024-07-21T13:44:51.311+0000] {processor.py:830} INFO - Processing file /opt/airflow/dags/extend_run_dags_monitor.py for tasks to queue
[2024-07-21T13:44:51.313+0000] {logging_mixin.py:188} INFO - [2024-07-21T13:44:51.312+0000] {dagbag.py:545} INFO - Filling up the DagBag from /opt/airflow/dags/extend_run_dags_monitor.py
[2024-07-21T13:44:51.332+0000] {processor.py:840} INFO - DAG(s) 'Extend_Run_Dags_Monitor' retrieved from /opt/airflow/dags/extend_run_dags_monitor.py
[2024-07-21T13:44:51.350+0000] {logging_mixin.py:188} INFO - [2024-07-21T13:44:51.350+0000] {dag.py:3096} INFO - Sync 1 DAGs
[2024-07-21T13:44:51.362+0000] {logging_mixin.py:188} INFO - [2024-07-21T13:44:51.362+0000] {dag.py:3954} INFO - Setting next_dagrun for Extend_Run_Dags_Monitor to 2024-07-21 13:15:00+00:00, run_after=2024-07-21 14:15:00+00:00
[2024-07-21T13:44:51.375+0000] {processor.py:183} INFO - Processing /opt/airflow/dags/extend_run_dags_monitor.py took 0.070 seconds
[2024-07-21T13:45:21.715+0000] {processor.py:161} INFO - Started process (PID=784) to work on /opt/airflow/dags/extend_run_dags_monitor.py
[2024-07-21T13:45:21.716+0000] {processor.py:830} INFO - Processing file /opt/airflow/dags/extend_run_dags_monitor.py for tasks to queue
[2024-07-21T13:45:21.718+0000] {logging_mixin.py:188} INFO - [2024-07-21T13:45:21.718+0000] {dagbag.py:545} INFO - Filling up the DagBag from /opt/airflow/dags/extend_run_dags_monitor.py
[2024-07-21T13:45:21.730+0000] {processor.py:840} INFO - DAG(s) 'Extend_Run_Dags_Monitor' retrieved from /opt/airflow/dags/extend_run_dags_monitor.py
[2024-07-21T13:45:21.749+0000] {logging_mixin.py:188} INFO - [2024-07-21T13:45:21.749+0000] {dag.py:3096} INFO - Sync 1 DAGs
[2024-07-21T13:45:21.762+0000] {logging_mixin.py:188} INFO - [2024-07-21T13:45:21.762+0000] {dag.py:3954} INFO - Setting next_dagrun for Extend_Run_Dags_Monitor to 2024-07-21 13:15:00+00:00, run_after=2024-07-21 14:15:00+00:00
[2024-07-21T13:45:21.773+0000] {processor.py:183} INFO - Processing /opt/airflow/dags/extend_run_dags_monitor.py took 0.063 seconds
[2024-07-21T13:45:52.063+0000] {processor.py:161} INFO - Started process (PID=806) to work on /opt/airflow/dags/extend_run_dags_monitor.py
[2024-07-21T13:45:52.064+0000] {processor.py:830} INFO - Processing file /opt/airflow/dags/extend_run_dags_monitor.py for tasks to queue
[2024-07-21T13:45:52.068+0000] {logging_mixin.py:188} INFO - [2024-07-21T13:45:52.068+0000] {dagbag.py:545} INFO - Filling up the DagBag from /opt/airflow/dags/extend_run_dags_monitor.py
[2024-07-21T13:45:52.083+0000] {processor.py:840} INFO - DAG(s) 'Extend_Run_Dags_Monitor' retrieved from /opt/airflow/dags/extend_run_dags_monitor.py
[2024-07-21T13:45:52.100+0000] {logging_mixin.py:188} INFO - [2024-07-21T13:45:52.100+0000] {dag.py:3096} INFO - Sync 1 DAGs
[2024-07-21T13:45:52.114+0000] {logging_mixin.py:188} INFO - [2024-07-21T13:45:52.114+0000] {dag.py:3954} INFO - Setting next_dagrun for Extend_Run_Dags_Monitor to 2024-07-21 13:15:00+00:00, run_after=2024-07-21 14:15:00+00:00
[2024-07-21T13:45:52.126+0000] {processor.py:183} INFO - Processing /opt/airflow/dags/extend_run_dags_monitor.py took 0.069 seconds
[2024-07-21T13:46:22.462+0000] {processor.py:161} INFO - Started process (PID=834) to work on /opt/airflow/dags/extend_run_dags_monitor.py
[2024-07-21T13:46:22.463+0000] {processor.py:830} INFO - Processing file /opt/airflow/dags/extend_run_dags_monitor.py for tasks to queue
[2024-07-21T13:46:22.465+0000] {logging_mixin.py:188} INFO - [2024-07-21T13:46:22.464+0000] {dagbag.py:545} INFO - Filling up the DagBag from /opt/airflow/dags/extend_run_dags_monitor.py
[2024-07-21T13:46:22.476+0000] {processor.py:840} INFO - DAG(s) 'Extend_Run_Dags_Monitor' retrieved from /opt/airflow/dags/extend_run_dags_monitor.py
[2024-07-21T13:46:22.496+0000] {logging_mixin.py:188} INFO - [2024-07-21T13:46:22.496+0000] {dag.py:3096} INFO - Sync 1 DAGs
[2024-07-21T13:46:22.510+0000] {logging_mixin.py:188} INFO - [2024-07-21T13:46:22.510+0000] {dag.py:3954} INFO - Setting next_dagrun for Extend_Run_Dags_Monitor to 2024-07-21 13:15:00+00:00, run_after=2024-07-21 14:15:00+00:00
[2024-07-21T13:46:22.525+0000] {processor.py:183} INFO - Processing /opt/airflow/dags/extend_run_dags_monitor.py took 0.068 seconds
[2024-07-21T13:46:52.921+0000] {processor.py:161} INFO - Started process (PID=855) to work on /opt/airflow/dags/extend_run_dags_monitor.py
[2024-07-21T13:46:52.922+0000] {processor.py:830} INFO - Processing file /opt/airflow/dags/extend_run_dags_monitor.py for tasks to queue
[2024-07-21T13:46:52.924+0000] {logging_mixin.py:188} INFO - [2024-07-21T13:46:52.924+0000] {dagbag.py:545} INFO - Filling up the DagBag from /opt/airflow/dags/extend_run_dags_monitor.py
[2024-07-21T13:46:52.940+0000] {processor.py:840} INFO - DAG(s) 'Extend_Run_Dags_Monitor' retrieved from /opt/airflow/dags/extend_run_dags_monitor.py
[2024-07-21T13:46:52.961+0000] {logging_mixin.py:188} INFO - [2024-07-21T13:46:52.960+0000] {dag.py:3096} INFO - Sync 1 DAGs
[2024-07-21T13:46:52.978+0000] {logging_mixin.py:188} INFO - [2024-07-21T13:46:52.978+0000] {dag.py:3954} INFO - Setting next_dagrun for Extend_Run_Dags_Monitor to 2024-07-21 13:15:00+00:00, run_after=2024-07-21 14:15:00+00:00
[2024-07-21T13:46:52.992+0000] {processor.py:183} INFO - Processing /opt/airflow/dags/extend_run_dags_monitor.py took 0.077 seconds
[2024-07-21T13:47:23.568+0000] {processor.py:161} INFO - Started process (PID=883) to work on /opt/airflow/dags/extend_run_dags_monitor.py
[2024-07-21T13:47:23.570+0000] {processor.py:830} INFO - Processing file /opt/airflow/dags/extend_run_dags_monitor.py for tasks to queue
[2024-07-21T13:47:23.574+0000] {logging_mixin.py:188} INFO - [2024-07-21T13:47:23.573+0000] {dagbag.py:545} INFO - Filling up the DagBag from /opt/airflow/dags/extend_run_dags_monitor.py
[2024-07-21T13:47:23.597+0000] {processor.py:840} INFO - DAG(s) 'Extend_Run_Dags_Monitor' retrieved from /opt/airflow/dags/extend_run_dags_monitor.py
[2024-07-21T13:47:23.634+0000] {logging_mixin.py:188} INFO - [2024-07-21T13:47:23.634+0000] {dag.py:3096} INFO - Sync 1 DAGs
[2024-07-21T13:47:23.650+0000] {logging_mixin.py:188} INFO - [2024-07-21T13:47:23.650+0000] {dag.py:3954} INFO - Setting next_dagrun for Extend_Run_Dags_Monitor to 2024-07-21 13:15:00+00:00, run_after=2024-07-21 14:15:00+00:00
[2024-07-21T13:47:23.661+0000] {processor.py:183} INFO - Processing /opt/airflow/dags/extend_run_dags_monitor.py took 0.105 seconds
[2024-07-21T14:25:58.275+0000] {processor.py:161} INFO - Started process (PID=911) to work on /opt/airflow/dags/extend_run_dags_monitor.py
[2024-07-21T14:25:58.276+0000] {processor.py:830} INFO - Processing file /opt/airflow/dags/extend_run_dags_monitor.py for tasks to queue
[2024-07-21T14:25:58.278+0000] {logging_mixin.py:188} INFO - [2024-07-21T14:25:58.278+0000] {dagbag.py:545} INFO - Filling up the DagBag from /opt/airflow/dags/extend_run_dags_monitor.py
[2024-07-21T14:25:58.299+0000] {processor.py:840} INFO - DAG(s) 'Extend_Run_Dags_Monitor' retrieved from /opt/airflow/dags/extend_run_dags_monitor.py
[2024-07-21T14:25:58.330+0000] {logging_mixin.py:188} INFO - [2024-07-21T14:25:58.330+0000] {dag.py:3096} INFO - Sync 1 DAGs
[2024-07-21T14:25:58.345+0000] {logging_mixin.py:188} INFO - [2024-07-21T14:25:58.345+0000] {dag.py:3954} INFO - Setting next_dagrun for Extend_Run_Dags_Monitor to 2024-07-21 14:15:00+00:00, run_after=2024-07-21 15:15:00+00:00
[2024-07-21T14:25:58.359+0000] {processor.py:183} INFO - Processing /opt/airflow/dags/extend_run_dags_monitor.py took 0.092 seconds
[2024-07-21T15:01:15.288+0000] {processor.py:161} INFO - Started process (PID=964) to work on /opt/airflow/dags/extend_run_dags_monitor.py
[2024-07-21T15:01:15.289+0000] {processor.py:830} INFO - Processing file /opt/airflow/dags/extend_run_dags_monitor.py for tasks to queue
[2024-07-21T15:01:15.290+0000] {logging_mixin.py:188} INFO - [2024-07-21T15:01:15.290+0000] {dagbag.py:545} INFO - Filling up the DagBag from /opt/airflow/dags/extend_run_dags_monitor.py
[2024-07-21T15:01:15.302+0000] {processor.py:840} INFO - DAG(s) 'Extend_Run_Dags_Monitor' retrieved from /opt/airflow/dags/extend_run_dags_monitor.py
[2024-07-21T15:01:15.329+0000] {logging_mixin.py:188} INFO - [2024-07-21T15:01:15.329+0000] {dag.py:3096} INFO - Sync 1 DAGs
[2024-07-21T15:01:15.349+0000] {logging_mixin.py:188} INFO - [2024-07-21T15:01:15.348+0000] {dag.py:3954} INFO - Setting next_dagrun for Extend_Run_Dags_Monitor to 2024-07-21 14:15:00+00:00, run_after=2024-07-21 15:15:00+00:00
[2024-07-21T15:01:15.363+0000] {processor.py:183} INFO - Processing /opt/airflow/dags/extend_run_dags_monitor.py took 0.079 seconds
[2024-07-21T15:48:31.507+0000] {processor.py:161} INFO - Started process (PID=996) to work on /opt/airflow/dags/extend_run_dags_monitor.py
[2024-07-21T15:48:31.508+0000] {processor.py:830} INFO - Processing file /opt/airflow/dags/extend_run_dags_monitor.py for tasks to queue
[2024-07-21T15:48:31.509+0000] {logging_mixin.py:188} INFO - [2024-07-21T15:48:31.509+0000] {dagbag.py:545} INFO - Filling up the DagBag from /opt/airflow/dags/extend_run_dags_monitor.py
[2024-07-21T15:48:31.516+0000] {processor.py:840} INFO - DAG(s) 'Extend_Run_Dags_Monitor' retrieved from /opt/airflow/dags/extend_run_dags_monitor.py
[2024-07-21T15:48:31.534+0000] {logging_mixin.py:188} INFO - [2024-07-21T15:48:31.534+0000] {dag.py:3096} INFO - Sync 1 DAGs
[2024-07-21T15:48:31.550+0000] {logging_mixin.py:188} INFO - [2024-07-21T15:48:31.550+0000] {dag.py:3954} INFO - Setting next_dagrun for Extend_Run_Dags_Monitor to 2024-07-21 14:15:00+00:00, run_after=2024-07-21 15:15:00+00:00
[2024-07-21T15:48:31.562+0000] {processor.py:183} INFO - Processing /opt/airflow/dags/extend_run_dags_monitor.py took 0.059 seconds
[2024-07-21T16:49:20.890+0000] {processor.py:161} INFO - Started process (PID=1045) to work on /opt/airflow/dags/extend_run_dags_monitor.py
[2024-07-21T16:49:20.894+0000] {processor.py:830} INFO - Processing file /opt/airflow/dags/extend_run_dags_monitor.py for tasks to queue
[2024-07-21T16:49:20.896+0000] {logging_mixin.py:188} INFO - [2024-07-21T16:49:20.896+0000] {dagbag.py:545} INFO - Filling up the DagBag from /opt/airflow/dags/extend_run_dags_monitor.py
[2024-07-21T16:49:20.908+0000] {processor.py:840} INFO - DAG(s) 'Extend_Run_Dags_Monitor' retrieved from /opt/airflow/dags/extend_run_dags_monitor.py
[2024-07-21T16:49:20.954+0000] {logging_mixin.py:188} INFO - [2024-07-21T16:49:20.953+0000] {dag.py:3096} INFO - Sync 1 DAGs
[2024-07-21T16:49:20.983+0000] {logging_mixin.py:188} INFO - [2024-07-21T16:49:20.982+0000] {dag.py:3954} INFO - Setting next_dagrun for Extend_Run_Dags_Monitor to 2024-07-21 16:15:00+00:00, run_after=2024-07-21 17:15:00+00:00
[2024-07-21T16:49:21.013+0000] {processor.py:183} INFO - Processing /opt/airflow/dags/extend_run_dags_monitor.py took 0.130 seconds
[2024-07-21T18:07:57.196+0000] {processor.py:161} INFO - Started process (PID=1103) to work on /opt/airflow/dags/extend_run_dags_monitor.py
[2024-07-21T18:07:57.197+0000] {processor.py:830} INFO - Processing file /opt/airflow/dags/extend_run_dags_monitor.py for tasks to queue
[2024-07-21T18:07:57.198+0000] {logging_mixin.py:188} INFO - [2024-07-21T18:07:57.198+0000] {dagbag.py:545} INFO - Filling up the DagBag from /opt/airflow/dags/extend_run_dags_monitor.py
[2024-07-21T18:07:57.208+0000] {processor.py:840} INFO - DAG(s) 'Extend_Run_Dags_Monitor' retrieved from /opt/airflow/dags/extend_run_dags_monitor.py
[2024-07-21T18:07:57.228+0000] {logging_mixin.py:188} INFO - [2024-07-21T18:07:57.228+0000] {dag.py:3096} INFO - Sync 1 DAGs
[2024-07-21T18:07:57.244+0000] {logging_mixin.py:188} INFO - [2024-07-21T18:07:57.244+0000] {dag.py:3954} INFO - Setting next_dagrun for Extend_Run_Dags_Monitor to 2024-07-21 17:15:00+00:00, run_after=2024-07-21 18:15:00+00:00
[2024-07-21T18:07:57.257+0000] {processor.py:183} INFO - Processing /opt/airflow/dags/extend_run_dags_monitor.py took 0.066 seconds
[2024-07-21T19:47:02.613+0000] {processor.py:161} INFO - Started process (PID=1153) to work on /opt/airflow/dags/extend_run_dags_monitor.py
[2024-07-21T19:47:02.615+0000] {processor.py:830} INFO - Processing file /opt/airflow/dags/extend_run_dags_monitor.py for tasks to queue
[2024-07-21T19:47:02.618+0000] {logging_mixin.py:188} INFO - [2024-07-21T19:47:02.618+0000] {dagbag.py:545} INFO - Filling up the DagBag from /opt/airflow/dags/extend_run_dags_monitor.py
[2024-07-21T19:47:02.655+0000] {processor.py:840} INFO - DAG(s) 'Extend_Run_Dags_Monitor' retrieved from /opt/airflow/dags/extend_run_dags_monitor.py
[2024-07-21T19:47:02.710+0000] {logging_mixin.py:188} INFO - [2024-07-21T19:47:02.710+0000] {dag.py:3096} INFO - Sync 1 DAGs
[2024-07-21T19:47:02.739+0000] {logging_mixin.py:188} INFO - [2024-07-21T19:47:02.739+0000] {dag.py:3954} INFO - Setting next_dagrun for Extend_Run_Dags_Monitor to 2024-07-21 19:15:00+00:00, run_after=2024-07-21 20:15:00+00:00
[2024-07-21T19:47:02.772+0000] {processor.py:183} INFO - Processing /opt/airflow/dags/extend_run_dags_monitor.py took 0.166 seconds
[2024-07-21T21:13:18.269+0000] {processor.py:161} INFO - Started process (PID=1223) to work on /opt/airflow/dags/extend_run_dags_monitor.py
[2024-07-21T21:13:18.270+0000] {processor.py:830} INFO - Processing file /opt/airflow/dags/extend_run_dags_monitor.py for tasks to queue
[2024-07-21T21:13:18.272+0000] {logging_mixin.py:188} INFO - [2024-07-21T21:13:18.272+0000] {dagbag.py:545} INFO - Filling up the DagBag from /opt/airflow/dags/extend_run_dags_monitor.py
[2024-07-21T21:13:18.300+0000] {processor.py:840} INFO - DAG(s) 'Extend_Run_Dags_Monitor' retrieved from /opt/airflow/dags/extend_run_dags_monitor.py
[2024-07-21T21:13:18.344+0000] {logging_mixin.py:188} INFO - [2024-07-21T21:13:18.344+0000] {dag.py:3096} INFO - Sync 1 DAGs
[2024-07-21T21:13:18.380+0000] {logging_mixin.py:188} INFO - [2024-07-21T21:13:18.380+0000] {dag.py:3954} INFO - Setting next_dagrun for Extend_Run_Dags_Monitor to 2024-07-21 20:15:00+00:00, run_after=2024-07-21 21:15:00+00:00
[2024-07-21T21:13:18.401+0000] {processor.py:183} INFO - Processing /opt/airflow/dags/extend_run_dags_monitor.py took 0.142 seconds
[2024-07-21T22:18:52.415+0000] {processor.py:161} INFO - Started process (PID=1278) to work on /opt/airflow/dags/extend_run_dags_monitor.py
[2024-07-21T22:18:52.420+0000] {processor.py:830} INFO - Processing file /opt/airflow/dags/extend_run_dags_monitor.py for tasks to queue
[2024-07-21T22:18:52.422+0000] {logging_mixin.py:188} INFO - [2024-07-21T22:18:52.422+0000] {dagbag.py:545} INFO - Filling up the DagBag from /opt/airflow/dags/extend_run_dags_monitor.py
[2024-07-21T22:18:52.443+0000] {processor.py:840} INFO - DAG(s) 'Extend_Run_Dags_Monitor' retrieved from /opt/airflow/dags/extend_run_dags_monitor.py
[2024-07-21T22:18:52.484+0000] {logging_mixin.py:188} INFO - [2024-07-21T22:18:52.484+0000] {dag.py:3096} INFO - Sync 1 DAGs
[2024-07-21T22:18:52.513+0000] {logging_mixin.py:188} INFO - [2024-07-21T22:18:52.513+0000] {dag.py:3954} INFO - Setting next_dagrun for Extend_Run_Dags_Monitor to 2024-07-21 22:15:00+00:00, run_after=2024-07-21 23:15:00+00:00
[2024-07-21T22:18:52.536+0000] {processor.py:183} INFO - Processing /opt/airflow/dags/extend_run_dags_monitor.py took 0.128 seconds
[2024-07-21T23:31:02.671+0000] {processor.py:161} INFO - Started process (PID=1344) to work on /opt/airflow/dags/extend_run_dags_monitor.py
[2024-07-21T23:31:02.677+0000] {processor.py:830} INFO - Processing file /opt/airflow/dags/extend_run_dags_monitor.py for tasks to queue
[2024-07-21T23:31:02.683+0000] {logging_mixin.py:188} INFO - [2024-07-21T23:31:02.682+0000] {dagbag.py:545} INFO - Filling up the DagBag from /opt/airflow/dags/extend_run_dags_monitor.py
[2024-07-21T23:31:02.702+0000] {processor.py:840} INFO - DAG(s) 'Extend_Run_Dags_Monitor' retrieved from /opt/airflow/dags/extend_run_dags_monitor.py
[2024-07-21T23:31:02.765+0000] {logging_mixin.py:188} INFO - [2024-07-21T23:31:02.765+0000] {dag.py:3096} INFO - Sync 1 DAGs
[2024-07-21T23:31:02.790+0000] {logging_mixin.py:188} INFO - [2024-07-21T23:31:02.790+0000] {dag.py:3954} INFO - Setting next_dagrun for Extend_Run_Dags_Monitor to 2024-07-21 23:15:00+00:00, run_after=2024-07-22 00:15:00+00:00
[2024-07-21T23:31:02.813+0000] {processor.py:183} INFO - Processing /opt/airflow/dags/extend_run_dags_monitor.py took 0.151 seconds
