[2024-07-21T13:33:41.965+0000] {processor.py:161} INFO - Started process (PID=180) to work on /opt/airflow/dags/fail_dags_monitor.py
[2024-07-21T13:33:41.966+0000] {processor.py:830} INFO - Processing file /opt/airflow/dags/fail_dags_monitor.py for tasks to queue
[2024-07-21T13:33:41.970+0000] {logging_mixin.py:188} INFO - [2024-07-21T13:33:41.970+0000] {dagbag.py:545} INFO - Filling up the DagBag from /opt/airflow/dags/fail_dags_monitor.py
[2024-07-21T13:33:43.227+0000] {processor.py:840} INFO - DAG(s) 'Fail_Dags_Monitor' retrieved from /opt/airflow/dags/fail_dags_monitor.py
[2024-07-21T13:33:43.472+0000] {logging_mixin.py:188} INFO - [2024-07-21T13:33:43.472+0000] {dag.py:3096} INFO - Sync 1 DAGs
[2024-07-21T13:33:43.506+0000] {logging_mixin.py:188} INFO - [2024-07-21T13:33:43.506+0000] {dag.py:3954} INFO - Setting next_dagrun for Fail_Dags_Monitor to 2024-07-21 12:15:00+00:00, run_after=2024-07-21 13:15:00+00:00
[2024-07-21T13:33:43.520+0000] {processor.py:183} INFO - Processing /opt/airflow/dags/fail_dags_monitor.py took 1.569 seconds
[2024-07-21T13:34:13.853+0000] {processor.py:161} INFO - Started process (PID=237) to work on /opt/airflow/dags/fail_dags_monitor.py
[2024-07-21T13:34:13.854+0000] {processor.py:830} INFO - Processing file /opt/airflow/dags/fail_dags_monitor.py for tasks to queue
[2024-07-21T13:34:13.856+0000] {logging_mixin.py:188} INFO - [2024-07-21T13:34:13.856+0000] {dagbag.py:545} INFO - Filling up the DagBag from /opt/airflow/dags/fail_dags_monitor.py
[2024-07-21T13:34:14.025+0000] {processor.py:840} INFO - DAG(s) 'Fail_Dags_Monitor' retrieved from /opt/airflow/dags/fail_dags_monitor.py
[2024-07-21T13:34:14.037+0000] {logging_mixin.py:188} INFO - [2024-07-21T13:34:14.036+0000] {dag.py:3096} INFO - Sync 1 DAGs
[2024-07-21T13:34:14.046+0000] {logging_mixin.py:188} INFO - [2024-07-21T13:34:14.046+0000] {dag.py:3954} INFO - Setting next_dagrun for Fail_Dags_Monitor to 2024-07-21 13:15:00+00:00, run_after=2024-07-21 14:15:00+00:00
[2024-07-21T13:34:14.054+0000] {processor.py:183} INFO - Processing /opt/airflow/dags/fail_dags_monitor.py took 0.207 seconds
[2024-07-21T13:34:44.259+0000] {processor.py:161} INFO - Started process (PID=259) to work on /opt/airflow/dags/fail_dags_monitor.py
[2024-07-21T13:34:44.260+0000] {processor.py:830} INFO - Processing file /opt/airflow/dags/fail_dags_monitor.py for tasks to queue
[2024-07-21T13:34:44.263+0000] {logging_mixin.py:188} INFO - [2024-07-21T13:34:44.263+0000] {dagbag.py:545} INFO - Filling up the DagBag from /opt/airflow/dags/fail_dags_monitor.py
[2024-07-21T13:34:44.454+0000] {processor.py:840} INFO - DAG(s) 'Fail_Dags_Monitor' retrieved from /opt/airflow/dags/fail_dags_monitor.py
[2024-07-21T13:34:44.470+0000] {logging_mixin.py:188} INFO - [2024-07-21T13:34:44.469+0000] {dag.py:3096} INFO - Sync 1 DAGs
[2024-07-21T13:34:44.481+0000] {logging_mixin.py:188} INFO - [2024-07-21T13:34:44.481+0000] {dag.py:3954} INFO - Setting next_dagrun for Fail_Dags_Monitor to 2024-07-21 13:15:00+00:00, run_after=2024-07-21 14:15:00+00:00
[2024-07-21T13:34:44.490+0000] {processor.py:183} INFO - Processing /opt/airflow/dags/fail_dags_monitor.py took 0.236 seconds
[2024-07-21T13:35:14.572+0000] {processor.py:161} INFO - Started process (PID=287) to work on /opt/airflow/dags/fail_dags_monitor.py
[2024-07-21T13:35:14.573+0000] {processor.py:830} INFO - Processing file /opt/airflow/dags/fail_dags_monitor.py for tasks to queue
[2024-07-21T13:35:14.575+0000] {logging_mixin.py:188} INFO - [2024-07-21T13:35:14.575+0000] {dagbag.py:545} INFO - Filling up the DagBag from /opt/airflow/dags/fail_dags_monitor.py
[2024-07-21T13:35:14.732+0000] {processor.py:840} INFO - DAG(s) 'Fail_Dags_Monitor' retrieved from /opt/airflow/dags/fail_dags_monitor.py
[2024-07-21T13:35:14.744+0000] {logging_mixin.py:188} INFO - [2024-07-21T13:35:14.744+0000] {dag.py:3096} INFO - Sync 1 DAGs
[2024-07-21T13:35:14.753+0000] {logging_mixin.py:188} INFO - [2024-07-21T13:35:14.753+0000] {dag.py:3954} INFO - Setting next_dagrun for Fail_Dags_Monitor to 2024-07-21 13:15:00+00:00, run_after=2024-07-21 14:15:00+00:00
[2024-07-21T13:35:14.760+0000] {processor.py:183} INFO - Processing /opt/airflow/dags/fail_dags_monitor.py took 0.195 seconds
[2024-07-21T13:35:44.956+0000] {processor.py:161} INFO - Started process (PID=309) to work on /opt/airflow/dags/fail_dags_monitor.py
[2024-07-21T13:35:44.958+0000] {processor.py:830} INFO - Processing file /opt/airflow/dags/fail_dags_monitor.py for tasks to queue
[2024-07-21T13:35:44.960+0000] {logging_mixin.py:188} INFO - [2024-07-21T13:35:44.959+0000] {dagbag.py:545} INFO - Filling up the DagBag from /opt/airflow/dags/fail_dags_monitor.py
[2024-07-21T13:35:45.142+0000] {processor.py:840} INFO - DAG(s) 'Fail_Dags_Monitor' retrieved from /opt/airflow/dags/fail_dags_monitor.py
[2024-07-21T13:35:45.154+0000] {logging_mixin.py:188} INFO - [2024-07-21T13:35:45.154+0000] {dag.py:3096} INFO - Sync 1 DAGs
[2024-07-21T13:35:45.163+0000] {logging_mixin.py:188} INFO - [2024-07-21T13:35:45.163+0000] {dag.py:3954} INFO - Setting next_dagrun for Fail_Dags_Monitor to 2024-07-21 13:15:00+00:00, run_after=2024-07-21 14:15:00+00:00
[2024-07-21T13:35:45.172+0000] {processor.py:183} INFO - Processing /opt/airflow/dags/fail_dags_monitor.py took 0.222 seconds
[2024-07-21T13:36:15.388+0000] {processor.py:161} INFO - Started process (PID=337) to work on /opt/airflow/dags/fail_dags_monitor.py
[2024-07-21T13:36:15.389+0000] {processor.py:830} INFO - Processing file /opt/airflow/dags/fail_dags_monitor.py for tasks to queue
[2024-07-21T13:36:15.391+0000] {logging_mixin.py:188} INFO - [2024-07-21T13:36:15.390+0000] {dagbag.py:545} INFO - Filling up the DagBag from /opt/airflow/dags/fail_dags_monitor.py
[2024-07-21T13:36:15.550+0000] {processor.py:840} INFO - DAG(s) 'Fail_Dags_Monitor' retrieved from /opt/airflow/dags/fail_dags_monitor.py
[2024-07-21T13:36:15.561+0000] {logging_mixin.py:188} INFO - [2024-07-21T13:36:15.561+0000] {dag.py:3096} INFO - Sync 1 DAGs
[2024-07-21T13:36:15.571+0000] {logging_mixin.py:188} INFO - [2024-07-21T13:36:15.571+0000] {dag.py:3954} INFO - Setting next_dagrun for Fail_Dags_Monitor to 2024-07-21 13:15:00+00:00, run_after=2024-07-21 14:15:00+00:00
[2024-07-21T13:36:15.578+0000] {processor.py:183} INFO - Processing /opt/airflow/dags/fail_dags_monitor.py took 0.194 seconds
[2024-07-21T13:36:45.642+0000] {processor.py:161} INFO - Started process (PID=359) to work on /opt/airflow/dags/fail_dags_monitor.py
[2024-07-21T13:36:45.643+0000] {processor.py:830} INFO - Processing file /opt/airflow/dags/fail_dags_monitor.py for tasks to queue
[2024-07-21T13:36:45.644+0000] {logging_mixin.py:188} INFO - [2024-07-21T13:36:45.644+0000] {dagbag.py:545} INFO - Filling up the DagBag from /opt/airflow/dags/fail_dags_monitor.py
[2024-07-21T13:36:45.796+0000] {processor.py:840} INFO - DAG(s) 'Fail_Dags_Monitor' retrieved from /opt/airflow/dags/fail_dags_monitor.py
[2024-07-21T13:36:45.808+0000] {logging_mixin.py:188} INFO - [2024-07-21T13:36:45.808+0000] {dag.py:3096} INFO - Sync 1 DAGs
[2024-07-21T13:36:45.817+0000] {logging_mixin.py:188} INFO - [2024-07-21T13:36:45.817+0000] {dag.py:3954} INFO - Setting next_dagrun for Fail_Dags_Monitor to 2024-07-21 13:15:00+00:00, run_after=2024-07-21 14:15:00+00:00
[2024-07-21T13:36:45.825+0000] {processor.py:183} INFO - Processing /opt/airflow/dags/fail_dags_monitor.py took 0.189 seconds
[2024-07-21T13:37:16.064+0000] {processor.py:161} INFO - Started process (PID=387) to work on /opt/airflow/dags/fail_dags_monitor.py
[2024-07-21T13:37:16.066+0000] {processor.py:830} INFO - Processing file /opt/airflow/dags/fail_dags_monitor.py for tasks to queue
[2024-07-21T13:37:16.067+0000] {logging_mixin.py:188} INFO - [2024-07-21T13:37:16.067+0000] {dagbag.py:545} INFO - Filling up the DagBag from /opt/airflow/dags/fail_dags_monitor.py
[2024-07-21T13:37:16.246+0000] {processor.py:840} INFO - DAG(s) 'Fail_Dags_Monitor' retrieved from /opt/airflow/dags/fail_dags_monitor.py
[2024-07-21T13:37:16.258+0000] {logging_mixin.py:188} INFO - [2024-07-21T13:37:16.257+0000] {dag.py:3096} INFO - Sync 1 DAGs
[2024-07-21T13:37:16.267+0000] {logging_mixin.py:188} INFO - [2024-07-21T13:37:16.267+0000] {dag.py:3954} INFO - Setting next_dagrun for Fail_Dags_Monitor to 2024-07-21 13:15:00+00:00, run_after=2024-07-21 14:15:00+00:00
[2024-07-21T13:37:16.274+0000] {processor.py:183} INFO - Processing /opt/airflow/dags/fail_dags_monitor.py took 0.216 seconds
[2024-07-21T13:37:46.478+0000] {processor.py:161} INFO - Started process (PID=409) to work on /opt/airflow/dags/fail_dags_monitor.py
[2024-07-21T13:37:46.480+0000] {processor.py:830} INFO - Processing file /opt/airflow/dags/fail_dags_monitor.py for tasks to queue
[2024-07-21T13:37:46.481+0000] {logging_mixin.py:188} INFO - [2024-07-21T13:37:46.481+0000] {dagbag.py:545} INFO - Filling up the DagBag from /opt/airflow/dags/fail_dags_monitor.py
[2024-07-21T13:37:46.647+0000] {processor.py:840} INFO - DAG(s) 'Fail_Dags_Monitor' retrieved from /opt/airflow/dags/fail_dags_monitor.py
[2024-07-21T13:37:46.659+0000] {logging_mixin.py:188} INFO - [2024-07-21T13:37:46.659+0000] {dag.py:3096} INFO - Sync 1 DAGs
[2024-07-21T13:37:46.669+0000] {logging_mixin.py:188} INFO - [2024-07-21T13:37:46.669+0000] {dag.py:3954} INFO - Setting next_dagrun for Fail_Dags_Monitor to 2024-07-21 13:15:00+00:00, run_after=2024-07-21 14:15:00+00:00
[2024-07-21T13:37:46.678+0000] {processor.py:183} INFO - Processing /opt/airflow/dags/fail_dags_monitor.py took 0.206 seconds
[2024-07-21T13:38:16.930+0000] {processor.py:161} INFO - Started process (PID=437) to work on /opt/airflow/dags/fail_dags_monitor.py
[2024-07-21T13:38:16.932+0000] {processor.py:830} INFO - Processing file /opt/airflow/dags/fail_dags_monitor.py for tasks to queue
[2024-07-21T13:38:16.933+0000] {logging_mixin.py:188} INFO - [2024-07-21T13:38:16.933+0000] {dagbag.py:545} INFO - Filling up the DagBag from /opt/airflow/dags/fail_dags_monitor.py
[2024-07-21T13:38:17.112+0000] {processor.py:840} INFO - DAG(s) 'Fail_Dags_Monitor' retrieved from /opt/airflow/dags/fail_dags_monitor.py
[2024-07-21T13:38:17.124+0000] {logging_mixin.py:188} INFO - [2024-07-21T13:38:17.124+0000] {dag.py:3096} INFO - Sync 1 DAGs
[2024-07-21T13:38:17.263+0000] {logging_mixin.py:188} INFO - [2024-07-21T13:38:17.263+0000] {dag.py:3954} INFO - Setting next_dagrun for Fail_Dags_Monitor to 2024-07-21 13:15:00+00:00, run_after=2024-07-21 14:15:00+00:00
[2024-07-21T13:38:17.272+0000] {processor.py:183} INFO - Processing /opt/airflow/dags/fail_dags_monitor.py took 0.348 seconds
[2024-07-21T13:38:47.388+0000] {processor.py:161} INFO - Started process (PID=464) to work on /opt/airflow/dags/fail_dags_monitor.py
[2024-07-21T13:38:47.389+0000] {processor.py:830} INFO - Processing file /opt/airflow/dags/fail_dags_monitor.py for tasks to queue
[2024-07-21T13:38:47.391+0000] {logging_mixin.py:188} INFO - [2024-07-21T13:38:47.390+0000] {dagbag.py:545} INFO - Filling up the DagBag from /opt/airflow/dags/fail_dags_monitor.py
[2024-07-21T13:38:47.559+0000] {processor.py:840} INFO - DAG(s) 'Fail_Dags_Monitor' retrieved from /opt/airflow/dags/fail_dags_monitor.py
[2024-07-21T13:38:47.572+0000] {logging_mixin.py:188} INFO - [2024-07-21T13:38:47.572+0000] {dag.py:3096} INFO - Sync 1 DAGs
[2024-07-21T13:38:47.583+0000] {logging_mixin.py:188} INFO - [2024-07-21T13:38:47.583+0000] {dag.py:3954} INFO - Setting next_dagrun for Fail_Dags_Monitor to 2024-07-21 13:15:00+00:00, run_after=2024-07-21 14:15:00+00:00
[2024-07-21T13:38:47.591+0000] {processor.py:183} INFO - Processing /opt/airflow/dags/fail_dags_monitor.py took 0.208 seconds
[2024-07-21T13:39:17.740+0000] {processor.py:161} INFO - Started process (PID=492) to work on /opt/airflow/dags/fail_dags_monitor.py
[2024-07-21T13:39:17.741+0000] {processor.py:830} INFO - Processing file /opt/airflow/dags/fail_dags_monitor.py for tasks to queue
[2024-07-21T13:39:17.743+0000] {logging_mixin.py:188} INFO - [2024-07-21T13:39:17.743+0000] {dagbag.py:545} INFO - Filling up the DagBag from /opt/airflow/dags/fail_dags_monitor.py
[2024-07-21T13:39:17.921+0000] {processor.py:840} INFO - DAG(s) 'Fail_Dags_Monitor' retrieved from /opt/airflow/dags/fail_dags_monitor.py
[2024-07-21T13:39:17.933+0000] {logging_mixin.py:188} INFO - [2024-07-21T13:39:17.932+0000] {dag.py:3096} INFO - Sync 1 DAGs
[2024-07-21T13:39:17.942+0000] {logging_mixin.py:188} INFO - [2024-07-21T13:39:17.942+0000] {dag.py:3954} INFO - Setting next_dagrun for Fail_Dags_Monitor to 2024-07-21 13:15:00+00:00, run_after=2024-07-21 14:15:00+00:00
[2024-07-21T13:39:17.949+0000] {processor.py:183} INFO - Processing /opt/airflow/dags/fail_dags_monitor.py took 0.215 seconds
[2024-07-21T13:39:48.136+0000] {processor.py:161} INFO - Started process (PID=514) to work on /opt/airflow/dags/fail_dags_monitor.py
[2024-07-21T13:39:48.137+0000] {processor.py:830} INFO - Processing file /opt/airflow/dags/fail_dags_monitor.py for tasks to queue
[2024-07-21T13:39:48.139+0000] {logging_mixin.py:188} INFO - [2024-07-21T13:39:48.139+0000] {dagbag.py:545} INFO - Filling up the DagBag from /opt/airflow/dags/fail_dags_monitor.py
[2024-07-21T13:39:48.303+0000] {processor.py:840} INFO - DAG(s) 'Fail_Dags_Monitor' retrieved from /opt/airflow/dags/fail_dags_monitor.py
[2024-07-21T13:39:48.317+0000] {logging_mixin.py:188} INFO - [2024-07-21T13:39:48.316+0000] {dag.py:3096} INFO - Sync 1 DAGs
[2024-07-21T13:39:48.327+0000] {logging_mixin.py:188} INFO - [2024-07-21T13:39:48.327+0000] {dag.py:3954} INFO - Setting next_dagrun for Fail_Dags_Monitor to 2024-07-21 13:15:00+00:00, run_after=2024-07-21 14:15:00+00:00
[2024-07-21T13:39:48.335+0000] {processor.py:183} INFO - Processing /opt/airflow/dags/fail_dags_monitor.py took 0.206 seconds
[2024-07-21T13:40:18.687+0000] {processor.py:161} INFO - Started process (PID=542) to work on /opt/airflow/dags/fail_dags_monitor.py
[2024-07-21T13:40:18.688+0000] {processor.py:830} INFO - Processing file /opt/airflow/dags/fail_dags_monitor.py for tasks to queue
[2024-07-21T13:40:18.689+0000] {logging_mixin.py:188} INFO - [2024-07-21T13:40:18.689+0000] {dagbag.py:545} INFO - Filling up the DagBag from /opt/airflow/dags/fail_dags_monitor.py
[2024-07-21T13:40:18.867+0000] {processor.py:840} INFO - DAG(s) 'Fail_Dags_Monitor' retrieved from /opt/airflow/dags/fail_dags_monitor.py
[2024-07-21T13:40:18.880+0000] {logging_mixin.py:188} INFO - [2024-07-21T13:40:18.880+0000] {dag.py:3096} INFO - Sync 1 DAGs
[2024-07-21T13:40:18.974+0000] {logging_mixin.py:188} INFO - [2024-07-21T13:40:18.974+0000] {dag.py:3954} INFO - Setting next_dagrun for Fail_Dags_Monitor to 2024-07-21 13:15:00+00:00, run_after=2024-07-21 14:15:00+00:00
[2024-07-21T13:40:18.982+0000] {processor.py:183} INFO - Processing /opt/airflow/dags/fail_dags_monitor.py took 0.300 seconds
[2024-07-21T13:40:49.053+0000] {processor.py:161} INFO - Started process (PID=563) to work on /opt/airflow/dags/fail_dags_monitor.py
[2024-07-21T13:40:49.054+0000] {processor.py:830} INFO - Processing file /opt/airflow/dags/fail_dags_monitor.py for tasks to queue
[2024-07-21T13:40:49.056+0000] {logging_mixin.py:188} INFO - [2024-07-21T13:40:49.056+0000] {dagbag.py:545} INFO - Filling up the DagBag from /opt/airflow/dags/fail_dags_monitor.py
[2024-07-21T13:40:49.208+0000] {processor.py:840} INFO - DAG(s) 'Fail_Dags_Monitor' retrieved from /opt/airflow/dags/fail_dags_monitor.py
[2024-07-21T13:40:49.220+0000] {logging_mixin.py:188} INFO - [2024-07-21T13:40:49.220+0000] {dag.py:3096} INFO - Sync 1 DAGs
[2024-07-21T13:40:49.230+0000] {logging_mixin.py:188} INFO - [2024-07-21T13:40:49.229+0000] {dag.py:3954} INFO - Setting next_dagrun for Fail_Dags_Monitor to 2024-07-21 13:15:00+00:00, run_after=2024-07-21 14:15:00+00:00
[2024-07-21T13:40:49.236+0000] {processor.py:183} INFO - Processing /opt/airflow/dags/fail_dags_monitor.py took 0.189 seconds
[2024-07-21T13:41:19.479+0000] {processor.py:161} INFO - Started process (PID=591) to work on /opt/airflow/dags/fail_dags_monitor.py
[2024-07-21T13:41:19.480+0000] {processor.py:830} INFO - Processing file /opt/airflow/dags/fail_dags_monitor.py for tasks to queue
[2024-07-21T13:41:19.482+0000] {logging_mixin.py:188} INFO - [2024-07-21T13:41:19.481+0000] {dagbag.py:545} INFO - Filling up the DagBag from /opt/airflow/dags/fail_dags_monitor.py
[2024-07-21T13:41:19.637+0000] {processor.py:840} INFO - DAG(s) 'Fail_Dags_Monitor' retrieved from /opt/airflow/dags/fail_dags_monitor.py
[2024-07-21T13:41:19.650+0000] {logging_mixin.py:188} INFO - [2024-07-21T13:41:19.650+0000] {dag.py:3096} INFO - Sync 1 DAGs
[2024-07-21T13:41:19.660+0000] {logging_mixin.py:188} INFO - [2024-07-21T13:41:19.660+0000] {dag.py:3954} INFO - Setting next_dagrun for Fail_Dags_Monitor to 2024-07-21 13:15:00+00:00, run_after=2024-07-21 14:15:00+00:00
[2024-07-21T13:41:19.667+0000] {processor.py:183} INFO - Processing /opt/airflow/dags/fail_dags_monitor.py took 0.195 seconds
[2024-07-21T13:41:49.810+0000] {processor.py:161} INFO - Started process (PID=613) to work on /opt/airflow/dags/fail_dags_monitor.py
[2024-07-21T13:41:49.811+0000] {processor.py:830} INFO - Processing file /opt/airflow/dags/fail_dags_monitor.py for tasks to queue
[2024-07-21T13:41:49.813+0000] {logging_mixin.py:188} INFO - [2024-07-21T13:41:49.813+0000] {dagbag.py:545} INFO - Filling up the DagBag from /opt/airflow/dags/fail_dags_monitor.py
[2024-07-21T13:41:49.971+0000] {processor.py:840} INFO - DAG(s) 'Fail_Dags_Monitor' retrieved from /opt/airflow/dags/fail_dags_monitor.py
[2024-07-21T13:41:49.983+0000] {logging_mixin.py:188} INFO - [2024-07-21T13:41:49.983+0000] {dag.py:3096} INFO - Sync 1 DAGs
[2024-07-21T13:41:49.992+0000] {logging_mixin.py:188} INFO - [2024-07-21T13:41:49.992+0000] {dag.py:3954} INFO - Setting next_dagrun for Fail_Dags_Monitor to 2024-07-21 13:15:00+00:00, run_after=2024-07-21 14:15:00+00:00
[2024-07-21T13:41:50.000+0000] {processor.py:183} INFO - Processing /opt/airflow/dags/fail_dags_monitor.py took 0.197 seconds
[2024-07-21T13:42:20.230+0000] {processor.py:161} INFO - Started process (PID=641) to work on /opt/airflow/dags/fail_dags_monitor.py
[2024-07-21T13:42:20.231+0000] {processor.py:830} INFO - Processing file /opt/airflow/dags/fail_dags_monitor.py for tasks to queue
[2024-07-21T13:42:20.233+0000] {logging_mixin.py:188} INFO - [2024-07-21T13:42:20.232+0000] {dagbag.py:545} INFO - Filling up the DagBag from /opt/airflow/dags/fail_dags_monitor.py
[2024-07-21T13:42:20.408+0000] {processor.py:840} INFO - DAG(s) 'Fail_Dags_Monitor' retrieved from /opt/airflow/dags/fail_dags_monitor.py
[2024-07-21T13:42:20.420+0000] {logging_mixin.py:188} INFO - [2024-07-21T13:42:20.419+0000] {dag.py:3096} INFO - Sync 1 DAGs
[2024-07-21T13:42:20.515+0000] {logging_mixin.py:188} INFO - [2024-07-21T13:42:20.515+0000] {dag.py:3954} INFO - Setting next_dagrun for Fail_Dags_Monitor to 2024-07-21 13:15:00+00:00, run_after=2024-07-21 14:15:00+00:00
[2024-07-21T13:42:20.523+0000] {processor.py:183} INFO - Processing /opt/airflow/dags/fail_dags_monitor.py took 0.298 seconds
[2024-07-21T13:42:50.683+0000] {processor.py:161} INFO - Started process (PID=663) to work on /opt/airflow/dags/fail_dags_monitor.py
[2024-07-21T13:42:50.684+0000] {processor.py:830} INFO - Processing file /opt/airflow/dags/fail_dags_monitor.py for tasks to queue
[2024-07-21T13:42:50.686+0000] {logging_mixin.py:188} INFO - [2024-07-21T13:42:50.686+0000] {dagbag.py:545} INFO - Filling up the DagBag from /opt/airflow/dags/fail_dags_monitor.py
[2024-07-21T13:42:50.839+0000] {processor.py:840} INFO - DAG(s) 'Fail_Dags_Monitor' retrieved from /opt/airflow/dags/fail_dags_monitor.py
[2024-07-21T13:42:50.852+0000] {logging_mixin.py:188} INFO - [2024-07-21T13:42:50.851+0000] {dag.py:3096} INFO - Sync 1 DAGs
[2024-07-21T13:42:50.861+0000] {logging_mixin.py:188} INFO - [2024-07-21T13:42:50.861+0000] {dag.py:3954} INFO - Setting next_dagrun for Fail_Dags_Monitor to 2024-07-21 13:15:00+00:00, run_after=2024-07-21 14:15:00+00:00
[2024-07-21T13:42:50.868+0000] {processor.py:183} INFO - Processing /opt/airflow/dags/fail_dags_monitor.py took 0.191 seconds
[2024-07-21T13:43:21.042+0000] {processor.py:161} INFO - Started process (PID=691) to work on /opt/airflow/dags/fail_dags_monitor.py
[2024-07-21T13:43:21.043+0000] {processor.py:830} INFO - Processing file /opt/airflow/dags/fail_dags_monitor.py for tasks to queue
[2024-07-21T13:43:21.044+0000] {logging_mixin.py:188} INFO - [2024-07-21T13:43:21.044+0000] {dagbag.py:545} INFO - Filling up the DagBag from /opt/airflow/dags/fail_dags_monitor.py
[2024-07-21T13:43:21.207+0000] {processor.py:840} INFO - DAG(s) 'Fail_Dags_Monitor' retrieved from /opt/airflow/dags/fail_dags_monitor.py
[2024-07-21T13:43:21.219+0000] {logging_mixin.py:188} INFO - [2024-07-21T13:43:21.219+0000] {dag.py:3096} INFO - Sync 1 DAGs
[2024-07-21T13:43:21.228+0000] {logging_mixin.py:188} INFO - [2024-07-21T13:43:21.228+0000] {dag.py:3954} INFO - Setting next_dagrun for Fail_Dags_Monitor to 2024-07-21 13:15:00+00:00, run_after=2024-07-21 14:15:00+00:00
[2024-07-21T13:43:21.235+0000] {processor.py:183} INFO - Processing /opt/airflow/dags/fail_dags_monitor.py took 0.198 seconds
[2024-07-21T13:43:51.560+0000] {processor.py:161} INFO - Started process (PID=713) to work on /opt/airflow/dags/fail_dags_monitor.py
[2024-07-21T13:43:51.561+0000] {processor.py:830} INFO - Processing file /opt/airflow/dags/fail_dags_monitor.py for tasks to queue
[2024-07-21T13:43:51.563+0000] {logging_mixin.py:188} INFO - [2024-07-21T13:43:51.563+0000] {dagbag.py:545} INFO - Filling up the DagBag from /opt/airflow/dags/fail_dags_monitor.py
[2024-07-21T13:43:51.720+0000] {processor.py:840} INFO - DAG(s) 'Fail_Dags_Monitor' retrieved from /opt/airflow/dags/fail_dags_monitor.py
[2024-07-21T13:43:51.732+0000] {logging_mixin.py:188} INFO - [2024-07-21T13:43:51.732+0000] {dag.py:3096} INFO - Sync 1 DAGs
[2024-07-21T13:43:51.742+0000] {logging_mixin.py:188} INFO - [2024-07-21T13:43:51.742+0000] {dag.py:3954} INFO - Setting next_dagrun for Fail_Dags_Monitor to 2024-07-21 13:15:00+00:00, run_after=2024-07-21 14:15:00+00:00
[2024-07-21T13:43:51.750+0000] {processor.py:183} INFO - Processing /opt/airflow/dags/fail_dags_monitor.py took 0.196 seconds
[2024-07-21T13:44:22.019+0000] {processor.py:161} INFO - Started process (PID=741) to work on /opt/airflow/dags/fail_dags_monitor.py
[2024-07-21T13:44:22.020+0000] {processor.py:830} INFO - Processing file /opt/airflow/dags/fail_dags_monitor.py for tasks to queue
[2024-07-21T13:44:22.022+0000] {logging_mixin.py:188} INFO - [2024-07-21T13:44:22.022+0000] {dagbag.py:545} INFO - Filling up the DagBag from /opt/airflow/dags/fail_dags_monitor.py
[2024-07-21T13:44:22.196+0000] {processor.py:840} INFO - DAG(s) 'Fail_Dags_Monitor' retrieved from /opt/airflow/dags/fail_dags_monitor.py
[2024-07-21T13:44:22.208+0000] {logging_mixin.py:188} INFO - [2024-07-21T13:44:22.208+0000] {dag.py:3096} INFO - Sync 1 DAGs
[2024-07-21T13:44:22.297+0000] {logging_mixin.py:188} INFO - [2024-07-21T13:44:22.297+0000] {dag.py:3954} INFO - Setting next_dagrun for Fail_Dags_Monitor to 2024-07-21 13:15:00+00:00, run_after=2024-07-21 14:15:00+00:00
[2024-07-21T13:44:22.304+0000] {processor.py:183} INFO - Processing /opt/airflow/dags/fail_dags_monitor.py took 0.291 seconds
[2024-07-21T13:44:52.400+0000] {processor.py:161} INFO - Started process (PID=763) to work on /opt/airflow/dags/fail_dags_monitor.py
[2024-07-21T13:44:52.401+0000] {processor.py:830} INFO - Processing file /opt/airflow/dags/fail_dags_monitor.py for tasks to queue
[2024-07-21T13:44:52.402+0000] {logging_mixin.py:188} INFO - [2024-07-21T13:44:52.402+0000] {dagbag.py:545} INFO - Filling up the DagBag from /opt/airflow/dags/fail_dags_monitor.py
[2024-07-21T13:44:52.562+0000] {processor.py:840} INFO - DAG(s) 'Fail_Dags_Monitor' retrieved from /opt/airflow/dags/fail_dags_monitor.py
[2024-07-21T13:44:52.576+0000] {logging_mixin.py:188} INFO - [2024-07-21T13:44:52.576+0000] {dag.py:3096} INFO - Sync 1 DAGs
[2024-07-21T13:44:52.586+0000] {logging_mixin.py:188} INFO - [2024-07-21T13:44:52.586+0000] {dag.py:3954} INFO - Setting next_dagrun for Fail_Dags_Monitor to 2024-07-21 13:15:00+00:00, run_after=2024-07-21 14:15:00+00:00
[2024-07-21T13:44:52.593+0000] {processor.py:183} INFO - Processing /opt/airflow/dags/fail_dags_monitor.py took 0.197 seconds
[2024-07-21T13:45:22.745+0000] {processor.py:161} INFO - Started process (PID=791) to work on /opt/airflow/dags/fail_dags_monitor.py
[2024-07-21T13:45:22.747+0000] {processor.py:830} INFO - Processing file /opt/airflow/dags/fail_dags_monitor.py for tasks to queue
[2024-07-21T13:45:22.748+0000] {logging_mixin.py:188} INFO - [2024-07-21T13:45:22.748+0000] {dagbag.py:545} INFO - Filling up the DagBag from /opt/airflow/dags/fail_dags_monitor.py
[2024-07-21T13:45:22.916+0000] {processor.py:840} INFO - DAG(s) 'Fail_Dags_Monitor' retrieved from /opt/airflow/dags/fail_dags_monitor.py
[2024-07-21T13:45:22.929+0000] {logging_mixin.py:188} INFO - [2024-07-21T13:45:22.928+0000] {dag.py:3096} INFO - Sync 1 DAGs
[2024-07-21T13:45:22.938+0000] {logging_mixin.py:188} INFO - [2024-07-21T13:45:22.938+0000] {dag.py:3954} INFO - Setting next_dagrun for Fail_Dags_Monitor to 2024-07-21 13:15:00+00:00, run_after=2024-07-21 14:15:00+00:00
[2024-07-21T13:45:22.946+0000] {processor.py:183} INFO - Processing /opt/airflow/dags/fail_dags_monitor.py took 0.207 seconds
[2024-07-21T13:45:53.160+0000] {processor.py:161} INFO - Started process (PID=813) to work on /opt/airflow/dags/fail_dags_monitor.py
[2024-07-21T13:45:53.161+0000] {processor.py:830} INFO - Processing file /opt/airflow/dags/fail_dags_monitor.py for tasks to queue
[2024-07-21T13:45:53.163+0000] {logging_mixin.py:188} INFO - [2024-07-21T13:45:53.163+0000] {dagbag.py:545} INFO - Filling up the DagBag from /opt/airflow/dags/fail_dags_monitor.py
[2024-07-21T13:45:53.316+0000] {processor.py:840} INFO - DAG(s) 'Fail_Dags_Monitor' retrieved from /opt/airflow/dags/fail_dags_monitor.py
[2024-07-21T13:45:53.328+0000] {logging_mixin.py:188} INFO - [2024-07-21T13:45:53.328+0000] {dag.py:3096} INFO - Sync 1 DAGs
[2024-07-21T13:45:53.338+0000] {logging_mixin.py:188} INFO - [2024-07-21T13:45:53.338+0000] {dag.py:3954} INFO - Setting next_dagrun for Fail_Dags_Monitor to 2024-07-21 13:15:00+00:00, run_after=2024-07-21 14:15:00+00:00
[2024-07-21T13:45:53.346+0000] {processor.py:183} INFO - Processing /opt/airflow/dags/fail_dags_monitor.py took 0.192 seconds
[2024-07-21T13:46:23.568+0000] {processor.py:161} INFO - Started process (PID=841) to work on /opt/airflow/dags/fail_dags_monitor.py
[2024-07-21T13:46:23.570+0000] {processor.py:830} INFO - Processing file /opt/airflow/dags/fail_dags_monitor.py for tasks to queue
[2024-07-21T13:46:23.571+0000] {logging_mixin.py:188} INFO - [2024-07-21T13:46:23.571+0000] {dagbag.py:545} INFO - Filling up the DagBag from /opt/airflow/dags/fail_dags_monitor.py
[2024-07-21T13:46:23.753+0000] {processor.py:840} INFO - DAG(s) 'Fail_Dags_Monitor' retrieved from /opt/airflow/dags/fail_dags_monitor.py
[2024-07-21T13:46:23.767+0000] {logging_mixin.py:188} INFO - [2024-07-21T13:46:23.767+0000] {dag.py:3096} INFO - Sync 1 DAGs
[2024-07-21T13:46:23.865+0000] {logging_mixin.py:188} INFO - [2024-07-21T13:46:23.865+0000] {dag.py:3954} INFO - Setting next_dagrun for Fail_Dags_Monitor to 2024-07-21 13:15:00+00:00, run_after=2024-07-21 14:15:00+00:00
[2024-07-21T13:46:23.872+0000] {processor.py:183} INFO - Processing /opt/airflow/dags/fail_dags_monitor.py took 0.310 seconds
[2024-07-21T13:46:54.026+0000] {processor.py:161} INFO - Started process (PID=862) to work on /opt/airflow/dags/fail_dags_monitor.py
[2024-07-21T13:46:54.027+0000] {processor.py:830} INFO - Processing file /opt/airflow/dags/fail_dags_monitor.py for tasks to queue
[2024-07-21T13:46:54.029+0000] {logging_mixin.py:188} INFO - [2024-07-21T13:46:54.028+0000] {dagbag.py:545} INFO - Filling up the DagBag from /opt/airflow/dags/fail_dags_monitor.py
[2024-07-21T13:46:54.199+0000] {processor.py:840} INFO - DAG(s) 'Fail_Dags_Monitor' retrieved from /opt/airflow/dags/fail_dags_monitor.py
[2024-07-21T13:46:54.211+0000] {logging_mixin.py:188} INFO - [2024-07-21T13:46:54.211+0000] {dag.py:3096} INFO - Sync 1 DAGs
[2024-07-21T13:46:54.221+0000] {logging_mixin.py:188} INFO - [2024-07-21T13:46:54.221+0000] {dag.py:3954} INFO - Setting next_dagrun for Fail_Dags_Monitor to 2024-07-21 13:15:00+00:00, run_after=2024-07-21 14:15:00+00:00
[2024-07-21T13:46:54.228+0000] {processor.py:183} INFO - Processing /opt/airflow/dags/fail_dags_monitor.py took 0.206 seconds
[2024-07-21T13:47:24.605+0000] {processor.py:161} INFO - Started process (PID=890) to work on /opt/airflow/dags/fail_dags_monitor.py
[2024-07-21T13:47:24.607+0000] {processor.py:830} INFO - Processing file /opt/airflow/dags/fail_dags_monitor.py for tasks to queue
[2024-07-21T13:47:24.609+0000] {logging_mixin.py:188} INFO - [2024-07-21T13:47:24.608+0000] {dagbag.py:545} INFO - Filling up the DagBag from /opt/airflow/dags/fail_dags_monitor.py
[2024-07-21T13:47:24.800+0000] {processor.py:840} INFO - DAG(s) 'Fail_Dags_Monitor' retrieved from /opt/airflow/dags/fail_dags_monitor.py
[2024-07-21T13:47:24.812+0000] {logging_mixin.py:188} INFO - [2024-07-21T13:47:24.812+0000] {dag.py:3096} INFO - Sync 1 DAGs
[2024-07-21T13:47:24.823+0000] {logging_mixin.py:188} INFO - [2024-07-21T13:47:24.823+0000] {dag.py:3954} INFO - Setting next_dagrun for Fail_Dags_Monitor to 2024-07-21 13:15:00+00:00, run_after=2024-07-21 14:15:00+00:00
[2024-07-21T13:47:24.832+0000] {processor.py:183} INFO - Processing /opt/airflow/dags/fail_dags_monitor.py took 0.234 seconds
[2024-07-21T14:25:58.097+0000] {processor.py:161} INFO - Started process (PID=904) to work on /opt/airflow/dags/fail_dags_monitor.py
[2024-07-21T14:25:58.099+0000] {processor.py:830} INFO - Processing file /opt/airflow/dags/fail_dags_monitor.py for tasks to queue
[2024-07-21T14:25:58.106+0000] {logging_mixin.py:188} INFO - [2024-07-21T14:25:58.106+0000] {dagbag.py:545} INFO - Filling up the DagBag from /opt/airflow/dags/fail_dags_monitor.py
[2024-07-21T14:25:58.365+0000] {processor.py:840} INFO - DAG(s) 'Fail_Dags_Monitor' retrieved from /opt/airflow/dags/fail_dags_monitor.py
[2024-07-21T14:25:58.390+0000] {logging_mixin.py:188} INFO - [2024-07-21T14:25:58.390+0000] {dag.py:3096} INFO - Sync 1 DAGs
[2024-07-21T14:25:58.405+0000] {logging_mixin.py:188} INFO - [2024-07-21T14:25:58.405+0000] {dag.py:3954} INFO - Setting next_dagrun for Fail_Dags_Monitor to 2024-07-21 14:15:00+00:00, run_after=2024-07-21 15:15:00+00:00
[2024-07-21T14:25:58.420+0000] {processor.py:183} INFO - Processing /opt/airflow/dags/fail_dags_monitor.py took 0.327 seconds
[2024-07-21T15:01:15.180+0000] {processor.py:161} INFO - Started process (PID=956) to work on /opt/airflow/dags/fail_dags_monitor.py
[2024-07-21T15:01:15.181+0000] {processor.py:830} INFO - Processing file /opt/airflow/dags/fail_dags_monitor.py for tasks to queue
[2024-07-21T15:01:15.184+0000] {logging_mixin.py:188} INFO - [2024-07-21T15:01:15.183+0000] {dagbag.py:545} INFO - Filling up the DagBag from /opt/airflow/dags/fail_dags_monitor.py
[2024-07-21T15:01:15.429+0000] {processor.py:840} INFO - DAG(s) 'Fail_Dags_Monitor' retrieved from /opt/airflow/dags/fail_dags_monitor.py
[2024-07-21T15:01:15.451+0000] {logging_mixin.py:188} INFO - [2024-07-21T15:01:15.451+0000] {dag.py:3096} INFO - Sync 1 DAGs
[2024-07-21T15:01:15.464+0000] {logging_mixin.py:188} INFO - [2024-07-21T15:01:15.463+0000] {dag.py:3954} INFO - Setting next_dagrun for Fail_Dags_Monitor to 2024-07-21 14:15:00+00:00, run_after=2024-07-21 15:15:00+00:00
[2024-07-21T15:01:15.560+0000] {processor.py:183} INFO - Processing /opt/airflow/dags/fail_dags_monitor.py took 0.385 seconds
[2024-07-21T15:48:31.391+0000] {processor.py:161} INFO - Started process (PID=990) to work on /opt/airflow/dags/fail_dags_monitor.py
[2024-07-21T15:48:31.398+0000] {processor.py:830} INFO - Processing file /opt/airflow/dags/fail_dags_monitor.py for tasks to queue
[2024-07-21T15:48:31.401+0000] {logging_mixin.py:188} INFO - [2024-07-21T15:48:31.401+0000] {dagbag.py:545} INFO - Filling up the DagBag from /opt/airflow/dags/fail_dags_monitor.py
[2024-07-21T15:48:31.634+0000] {processor.py:840} INFO - DAG(s) 'Fail_Dags_Monitor' retrieved from /opt/airflow/dags/fail_dags_monitor.py
[2024-07-21T15:48:31.646+0000] {logging_mixin.py:188} INFO - [2024-07-21T15:48:31.646+0000] {dag.py:3096} INFO - Sync 1 DAGs
[2024-07-21T15:48:31.808+0000] {logging_mixin.py:188} INFO - [2024-07-21T15:48:31.808+0000] {dag.py:3954} INFO - Setting next_dagrun for Fail_Dags_Monitor to 2024-07-21 14:15:00+00:00, run_after=2024-07-21 15:15:00+00:00
[2024-07-21T15:48:31.827+0000] {processor.py:183} INFO - Processing /opt/airflow/dags/fail_dags_monitor.py took 0.446 seconds
[2024-07-21T16:49:20.692+0000] {processor.py:161} INFO - Started process (PID=1032) to work on /opt/airflow/dags/fail_dags_monitor.py
[2024-07-21T16:49:20.698+0000] {processor.py:830} INFO - Processing file /opt/airflow/dags/fail_dags_monitor.py for tasks to queue
[2024-07-21T16:49:20.704+0000] {logging_mixin.py:188} INFO - [2024-07-21T16:49:20.703+0000] {dagbag.py:545} INFO - Filling up the DagBag from /opt/airflow/dags/fail_dags_monitor.py
[2024-07-21T16:49:20.993+0000] {processor.py:840} INFO - DAG(s) 'Fail_Dags_Monitor' retrieved from /opt/airflow/dags/fail_dags_monitor.py
[2024-07-21T16:49:21.028+0000] {logging_mixin.py:188} INFO - [2024-07-21T16:49:21.027+0000] {dag.py:3096} INFO - Sync 1 DAGs
[2024-07-21T16:49:21.043+0000] {logging_mixin.py:188} INFO - [2024-07-21T16:49:21.043+0000] {dag.py:3954} INFO - Setting next_dagrun for Fail_Dags_Monitor to 2024-07-21 16:15:00+00:00, run_after=2024-07-21 17:15:00+00:00
[2024-07-21T16:49:21.068+0000] {processor.py:183} INFO - Processing /opt/airflow/dags/fail_dags_monitor.py took 0.390 seconds
[2024-07-21T18:07:57.075+0000] {processor.py:161} INFO - Started process (PID=1097) to work on /opt/airflow/dags/fail_dags_monitor.py
[2024-07-21T18:07:57.077+0000] {processor.py:830} INFO - Processing file /opt/airflow/dags/fail_dags_monitor.py for tasks to queue
[2024-07-21T18:07:57.080+0000] {logging_mixin.py:188} INFO - [2024-07-21T18:07:57.080+0000] {dagbag.py:545} INFO - Filling up the DagBag from /opt/airflow/dags/fail_dags_monitor.py
[2024-07-21T18:07:57.291+0000] {processor.py:840} INFO - DAG(s) 'Fail_Dags_Monitor' retrieved from /opt/airflow/dags/fail_dags_monitor.py
[2024-07-21T18:07:57.315+0000] {logging_mixin.py:188} INFO - [2024-07-21T18:07:57.315+0000] {dag.py:3096} INFO - Sync 1 DAGs
[2024-07-21T18:07:57.326+0000] {logging_mixin.py:188} INFO - [2024-07-21T18:07:57.326+0000] {dag.py:3954} INFO - Setting next_dagrun for Fail_Dags_Monitor to 2024-07-21 17:15:00+00:00, run_after=2024-07-21 18:15:00+00:00
[2024-07-21T18:07:57.334+0000] {processor.py:183} INFO - Processing /opt/airflow/dags/fail_dags_monitor.py took 0.264 seconds
[2024-07-21T19:47:02.465+0000] {processor.py:161} INFO - Started process (PID=1143) to work on /opt/airflow/dags/fail_dags_monitor.py
[2024-07-21T19:47:02.466+0000] {processor.py:830} INFO - Processing file /opt/airflow/dags/fail_dags_monitor.py for tasks to queue
[2024-07-21T19:47:02.468+0000] {logging_mixin.py:188} INFO - [2024-07-21T19:47:02.468+0000] {dagbag.py:545} INFO - Filling up the DagBag from /opt/airflow/dags/fail_dags_monitor.py
[2024-07-21T19:47:02.804+0000] {processor.py:840} INFO - DAG(s) 'Fail_Dags_Monitor' retrieved from /opt/airflow/dags/fail_dags_monitor.py
[2024-07-21T19:47:02.828+0000] {logging_mixin.py:188} INFO - [2024-07-21T19:47:02.828+0000] {dag.py:3096} INFO - Sync 1 DAGs
[2024-07-21T19:47:02.847+0000] {logging_mixin.py:188} INFO - [2024-07-21T19:47:02.847+0000] {dag.py:3954} INFO - Setting next_dagrun for Fail_Dags_Monitor to 2024-07-21 19:15:00+00:00, run_after=2024-07-21 20:15:00+00:00
[2024-07-21T19:47:03.061+0000] {processor.py:183} INFO - Processing /opt/airflow/dags/fail_dags_monitor.py took 0.605 seconds
[2024-07-21T21:13:17.988+0000] {processor.py:161} INFO - Started process (PID=1208) to work on /opt/airflow/dags/fail_dags_monitor.py
[2024-07-21T21:13:17.990+0000] {processor.py:830} INFO - Processing file /opt/airflow/dags/fail_dags_monitor.py for tasks to queue
[2024-07-21T21:13:17.992+0000] {logging_mixin.py:188} INFO - [2024-07-21T21:13:17.992+0000] {dagbag.py:545} INFO - Filling up the DagBag from /opt/airflow/dags/fail_dags_monitor.py
[2024-07-21T21:13:18.373+0000] {processor.py:840} INFO - DAG(s) 'Fail_Dags_Monitor' retrieved from /opt/airflow/dags/fail_dags_monitor.py
[2024-07-21T21:13:18.409+0000] {logging_mixin.py:188} INFO - [2024-07-21T21:13:18.409+0000] {dag.py:3096} INFO - Sync 1 DAGs
[2024-07-21T21:13:18.598+0000] {logging_mixin.py:188} INFO - [2024-07-21T21:13:18.598+0000] {dag.py:3954} INFO - Setting next_dagrun for Fail_Dags_Monitor to 2024-07-21 20:15:00+00:00, run_after=2024-07-21 21:15:00+00:00
[2024-07-21T21:13:18.618+0000] {processor.py:183} INFO - Processing /opt/airflow/dags/fail_dags_monitor.py took 0.635 seconds
[2024-07-21T22:18:52.250+0000] {processor.py:161} INFO - Started process (PID=1270) to work on /opt/airflow/dags/fail_dags_monitor.py
[2024-07-21T22:18:52.252+0000] {processor.py:830} INFO - Processing file /opt/airflow/dags/fail_dags_monitor.py for tasks to queue
[2024-07-21T22:18:52.257+0000] {logging_mixin.py:188} INFO - [2024-07-21T22:18:52.257+0000] {dagbag.py:545} INFO - Filling up the DagBag from /opt/airflow/dags/fail_dags_monitor.py
[2024-07-21T22:18:52.566+0000] {processor.py:840} INFO - DAG(s) 'Fail_Dags_Monitor' retrieved from /opt/airflow/dags/fail_dags_monitor.py
[2024-07-21T22:18:52.587+0000] {logging_mixin.py:188} INFO - [2024-07-21T22:18:52.587+0000] {dag.py:3096} INFO - Sync 1 DAGs
[2024-07-21T22:18:52.605+0000] {logging_mixin.py:188} INFO - [2024-07-21T22:18:52.605+0000] {dag.py:3954} INFO - Setting next_dagrun for Fail_Dags_Monitor to 2024-07-21 22:15:00+00:00, run_after=2024-07-21 23:15:00+00:00
[2024-07-21T22:18:52.623+0000] {processor.py:183} INFO - Processing /opt/airflow/dags/fail_dags_monitor.py took 0.383 seconds
[2024-07-21T23:31:02.155+0000] {processor.py:161} INFO - Started process (PID=1333) to work on /opt/airflow/dags/fail_dags_monitor.py
[2024-07-21T23:31:02.156+0000] {processor.py:830} INFO - Processing file /opt/airflow/dags/fail_dags_monitor.py for tasks to queue
[2024-07-21T23:31:02.159+0000] {logging_mixin.py:188} INFO - [2024-07-21T23:31:02.159+0000] {dagbag.py:545} INFO - Filling up the DagBag from /opt/airflow/dags/fail_dags_monitor.py
[2024-07-21T23:31:02.922+0000] {processor.py:840} INFO - DAG(s) 'Fail_Dags_Monitor' retrieved from /opt/airflow/dags/fail_dags_monitor.py
[2024-07-21T23:31:02.971+0000] {logging_mixin.py:188} INFO - [2024-07-21T23:31:02.970+0000] {dag.py:3096} INFO - Sync 1 DAGs
[2024-07-21T23:31:03.032+0000] {logging_mixin.py:188} INFO - [2024-07-21T23:31:03.031+0000] {dag.py:3954} INFO - Setting next_dagrun for Fail_Dags_Monitor to 2024-07-21 23:15:00+00:00, run_after=2024-07-22 00:15:00+00:00
[2024-07-21T23:31:03.066+0000] {processor.py:183} INFO - Processing /opt/airflow/dags/fail_dags_monitor.py took 0.915 seconds
