[2024-07-05T09:21:04.756+0000] {local_task_job_runner.py:120} INFO - ::group::Pre task execution logs
[2024-07-05T09:21:04.774+0000] {taskinstance.py:2076} INFO - Dependencies all met for dep_context=non-requeueable deps ti=<TaskInstance: Fail_Dags_Monitor.load scheduled__2024-07-04T21:15:00+00:00 [queued]>
[2024-07-05T09:21:04.779+0000] {taskinstance.py:2076} INFO - Dependencies all met for dep_context=requeueable deps ti=<TaskInstance: Fail_Dags_Monitor.load scheduled__2024-07-04T21:15:00+00:00 [queued]>
[2024-07-05T09:21:04.780+0000] {taskinstance.py:2306} INFO - Starting attempt 1 of 3
[2024-07-05T09:21:04.787+0000] {taskinstance.py:2330} INFO - Executing <Task(PythonOperator): load> on 2024-07-04 21:15:00+00:00
[2024-07-05T09:21:04.792+0000] {logging_mixin.py:188} WARNING - /home/***/.local/lib/python3.12/site-packages/***/task/task_runner/standard_task_runner.py:61 DeprecationWarning: This process (pid=50384) is multi-threaded, use of fork() may lead to deadlocks in the child.
[2024-07-05T09:21:04.793+0000] {standard_task_runner.py:63} INFO - Started process 50386 to run task
[2024-07-05T09:21:04.792+0000] {standard_task_runner.py:90} INFO - Running: ['***', 'tasks', 'run', 'Fail_Dags_Monitor', 'load', 'scheduled__2024-07-04T21:15:00+00:00', '--job-id', '621', '--raw', '--subdir', 'DAGS_FOLDER/fail_dags_monitor.py', '--cfg-path', '/tmp/tmpkdsbfp2t']
[2024-07-05T09:21:04.794+0000] {standard_task_runner.py:91} INFO - Job 621: Subtask load
[2024-07-05T09:21:04.820+0000] {task_command.py:426} INFO - Running <TaskInstance: Fail_Dags_Monitor.load scheduled__2024-07-04T21:15:00+00:00 [running]> on host 0b64c9d791b9
[2024-07-05T09:21:04.869+0000] {taskinstance.py:2648} INFO - Exporting env vars: AIRFLOW_CTX_DAG_OWNER='congminh.nguyen@onpoint.vn' AIRFLOW_CTX_DAG_ID='Fail_Dags_Monitor' AIRFLOW_CTX_TASK_ID='load' AIRFLOW_CTX_EXECUTION_DATE='2024-07-04T21:15:00+00:00' AIRFLOW_CTX_TRY_NUMBER='1' AIRFLOW_CTX_DAG_RUN_ID='scheduled__2024-07-04T21:15:00+00:00'
[2024-07-05T09:21:04.870+0000] {taskinstance.py:430} INFO - ::endgroup::
[2024-07-05T09:21:05.009+0000] {dagbag.py:545} INFO - Filling up the DagBag from /opt/***/dags
[2024-07-05T09:21:05.947+0000] {logging_mixin.py:188} INFO - Successfully connect to database!
[2024-07-05T09:21:06.332+0000] {logging_mixin.py:188} INFO - Insert time: 0.3847823143005371 seconds
[2024-07-05T09:21:06.334+0000] {python.py:237} INFO - Done. Returned value was: None
[2024-07-05T09:21:06.335+0000] {taskinstance.py:441} INFO - ::group::Post task execution logs
[2024-07-05T09:21:06.348+0000] {taskinstance.py:1206} INFO - Marking task as SUCCESS. dag_id=Fail_Dags_Monitor, task_id=load, run_id=scheduled__2024-07-04T21:15:00+00:00, execution_date=20240704T211500, start_date=20240705T092104, end_date=20240705T092106
[2024-07-05T09:21:06.411+0000] {local_task_job_runner.py:240} INFO - Task exited with return code 0
[2024-07-05T09:21:06.427+0000] {taskinstance.py:3503} INFO - 0 downstream tasks scheduled from follow-on schedule check
[2024-07-05T09:21:06.428+0000] {local_task_job_runner.py:222} INFO - ::endgroup::
